[0.009s] Invoking command in '/home/karroyabreu/ar4/build/mec_mobile_gazebo': CMAKE_PREFIX_PATH=${CMAKE_PREFIX_PATH}:/opt/ros/jazzy DEBUGINFOD_URLS=https://debuginfod.ubuntu.com /usr/bin/cmake /home/karroyabreu/ar4/src/mec_mobile/mec_mobile_gazebo -DCMAKE_INSTALL_PREFIX=/home/karroyabreu/ar4/install/mec_mobile_gazebo
[0.080s] -- The C compiler identification is GNU 13.3.0
[0.141s] -- The CXX compiler identification is GNU 13.3.0
[0.152s] -- Detecting C compiler ABI info
[0.223s] -- Detecting C compiler ABI info - done
[0.229s] -- Check for working C compiler: /usr/bin/cc - skipped
[0.229s] -- Detecting C compile features
[0.229s] -- Detecting C compile features - done
[0.235s] -- Detecting CXX compiler ABI info
[0.305s] -- Detecting CXX compiler ABI info - done
[0.311s] -- Check for working CXX compiler: /usr/bin/c++ - skipped
[0.311s] -- Detecting CXX compile features
[0.311s] -- Detecting CXX compile features - done
[0.315s] -- Found ament_cmake: 2.5.4 (/opt/ros/jazzy/share/ament_cmake/cmake)
[0.426s] -- Found Python3: /usr/bin/python3 (found version "3.12.3") found components: Interpreter 
[0.523s] -- Found ros_gz_sim: 1.0.16 (/home/karroyabreu/ar4/install/ros_gz_sim/share/ros_gz_sim/cmake)
[0.566s] -- Found rosidl_generator_c: 4.6.5 (/opt/ros/jazzy/share/rosidl_generator_c/cmake)
[0.578s] -- Found rosidl_generator_cpp: 4.6.5 (/opt/ros/jazzy/share/rosidl_generator_cpp/cmake)
[0.594s] -- Using all available rosidl_typesupport_c: rosidl_typesupport_fastrtps_c;rosidl_typesupport_introspection_c
[0.609s] -- Using all available rosidl_typesupport_cpp: rosidl_typesupport_fastrtps_cpp;rosidl_typesupport_introspection_cpp
[0.669s] -- Found rmw_implementation_cmake: 7.3.2 (/opt/ros/jazzy/share/rmw_implementation_cmake/cmake)
[0.673s] -- Found rmw_fastrtps_cpp: 8.4.2 (/opt/ros/jazzy/share/rmw_fastrtps_cpp/cmake)
[0.758s] -- Found OpenSSL: /usr/lib/x86_64-linux-gnu/libcrypto.so (found version "3.0.13")  
[0.774s] -- Found FastRTPS: /opt/ros/jazzy/include (Required is at least version "2.13") 
[0.794s] -- Using RMW implementation 'rmw_fastrtps_cpp' as default
[0.990s] -- Found ament_lint_auto: 0.17.2 (/opt/ros/jazzy/share/ament_lint_auto/cmake)
[1.078s] -- Added test 'flake8' to check Python code syntax and style conventions
[1.078s] -- Configured 'flake8' exclude dirs and/or files: 
[1.079s] -- Added test 'lint_cmake' to check CMake code style
[1.079s] -- Added test 'pep257' to check Python code against some of the docstring style conventions in PEP 257
[1.080s] -- Added test 'xmllint' to check XML markup files
[1.081s] -- Configuring done (1.1s)
[1.084s] -- Generating done (0.0s)
[1.085s] -- Build files have been written to: /home/karroyabreu/ar4/build/mec_mobile_gazebo
