[0.013s] Invoking command in '/home/karroyabreu/ar4/build/position_tracker': CMAKE_PREFIX_PATH=${CMAKE_PREFIX_PATH}:/home/karroyabreu/ar4/install/opencv_pkg:/home/karroyabreu/ar4/install/pose_gui:/opt/ros/jazzy DEBUGINFOD_URLS=https://debuginfod.ubuntu.com /usr/bin/cmake --build /home/karroyabreu/ar4/build/position_tracker -- -j22 -l22
[0.150s] -- Found ament_cmake: 2.5.4 (/opt/ros/jazzy/share/ament_cmake/cmake)
[0.150s] -- Found rclpy: 7.1.4 (/opt/ros/jazzy/share/rclpy/cmake)
[0.150s] -- Found std_msgs: 5.3.6 (/opt/ros/jazzy/share/std_msgs/cmake)
[0.150s] -- Found rosidl_generator_c: 4.6.5 (/opt/ros/jazzy/share/rosidl_generator_c/cmake)
[0.150s] -- Found rosidl_generator_cpp: 4.6.5 (/opt/ros/jazzy/share/rosidl_generator_cpp/cmake)
[0.150s] -- Using all available rosidl_typesupport_c: rosidl_typesupport_fastrtps_c;rosidl_typesupport_introspection_c
[0.150s] -- Using all available rosidl_typesupport_cpp: rosidl_typesupport_fastrtps_cpp;rosidl_typesupport_introspection_cpp
[0.157s] -- Found sensor_msgs: 5.3.6 (/opt/ros/jazzy/share/sensor_msgs/cmake)
[0.190s] -- Found rosidl_default_generators: 1.6.0 (/opt/ros/jazzy/share/rosidl_default_generators/cmake)
[0.195s] -- Found rosidl_adapter: 4.6.5 (/opt/ros/jazzy/share/rosidl_adapter/cmake)
[0.427s] -- Found ament_cmake_ros: 0.12.0 (/opt/ros/jazzy/share/ament_cmake_ros/cmake)
[0.653s] -- Using all available rosidl_typesupport_c: rosidl_typesupport_fastrtps_c;rosidl_typesupport_introspection_c
[0.747s] -- Using all available rosidl_typesupport_cpp: rosidl_typesupport_fastrtps_cpp;rosidl_typesupport_introspection_cpp
[0.748s] -- Found python_cmake_module: 0.11.1 (/opt/ros/jazzy/share/python_cmake_module/cmake)
[0.946s] -- Found Python3: /usr/bin/python3 (found version "3.12.3") found components: Interpreter Development NumPy Development.Module Development.Embed 
[0.976s] -- Configuring done (0.9s)
[0.999s] -- Generating done (0.0s)
[1.007s] -- Build files have been written to: /home/karroyabreu/ar4/build/position_tracker
[1.043s] [  2%] Built target position_tracker__rosidl_generator_type_description
[1.049s] [  2%] Built target ament_cmake_python_copy_position_tracker
[1.061s] [  5%] Built target position_tracker__cpp
[1.062s] [  8%] [32mBuilding C object CMakeFiles/position_tracker__rosidl_generator_c.dir/rosidl_generator_c/position_tracker/srv/detail/get_position__type_support.c.o[0m
[1.063s] [ 11%] [32mBuilding C object CMakeFiles/position_tracker__rosidl_generator_c.dir/rosidl_generator_c/position_tracker/srv/detail/get_position__description.c.o[0m
[1.064s] [ 14%] [32mBuilding C object CMakeFiles/position_tracker__rosidl_generator_c.dir/rosidl_generator_c/position_tracker/srv/detail/get_position__functions.c.o[0m
[1.112s] [ 17%] [32m[1mLinking C shared library libposition_tracker__rosidl_generator_c.so[0m
[1.143s] [ 20%] Built target position_tracker__rosidl_generator_c
[1.157s] [ 23%] [32mBuilding CXX object CMakeFiles/position_tracker__rosidl_typesupport_cpp.dir/rosidl_typesupport_cpp/position_tracker/srv/get_position__type_support.cpp.o[0m
[1.158s] [ 26%] [32mBuilding CXX object CMakeFiles/position_tracker__rosidl_typesupport_c.dir/rosidl_typesupport_c/position_tracker/srv/get_position__type_support.cpp.o[0m
[1.161s] [ 29%] [32mBuilding C object CMakeFiles/position_tracker__rosidl_typesupport_introspection_c.dir/rosidl_typesupport_introspection_c/position_tracker/srv/detail/get_position__type_support.c.o[0m
[1.162s] [ 32%] [32mBuilding CXX object CMakeFiles/position_tracker__rosidl_typesupport_fastrtps_c.dir/rosidl_typesupport_fastrtps_c/position_tracker/srv/detail/get_position__type_support_c.cpp.o[0m
[1.163s] [ 35%] [32mBuilding CXX object CMakeFiles/position_tracker__rosidl_typesupport_introspection_cpp.dir/rosidl_typesupport_introspection_cpp/position_tracker/srv/detail/get_position__type_support.cpp.o[0m
[1.165s] [ 38%] [32mBuilding CXX object CMakeFiles/position_tracker__rosidl_typesupport_fastrtps_cpp.dir/rosidl_typesupport_fastrtps_cpp/position_tracker/srv/detail/dds_fastrtps/get_position__type_support.cpp.o[0m
[1.189s] [ 41%] [32m[1mLinking CXX shared library libposition_tracker__rosidl_typesupport_c.so[0m
[1.192s] [ 44%] [32m[1mLinking C shared library libposition_tracker__rosidl_typesupport_introspection_c.so[0m
[1.204s] running egg_info
[1.217s] [ 47%] Built target position_tracker__rosidl_typesupport_introspection_c
[1.218s] writing position_tracker.egg-info/PKG-INFO
[1.218s] writing dependency_links to position_tracker.egg-info/dependency_links.txt
[1.218s] writing top-level names to position_tracker.egg-info/top_level.txt
[1.218s] [ 50%] Built target position_tracker__rosidl_typesupport_c
[1.259s] reading manifest file 'position_tracker.egg-info/SOURCES.txt'
[1.259s] writing manifest file 'position_tracker.egg-info/SOURCES.txt'
[1.283s] [ 50%] Built target ament_cmake_python_build_position_tracker_egg
[1.423s] [ 52%] [32m[1mLinking CXX shared library libposition_tracker__rosidl_typesupport_introspection_cpp.so[0m
[1.437s] [ 55%] [32m[1mLinking CXX shared library libposition_tracker__rosidl_typesupport_cpp.so[0m
[1.448s] [ 58%] [32m[1mLinking CXX shared library libposition_tracker__rosidl_typesupport_fastrtps_c.so[0m
[1.485s] [ 61%] Built target position_tracker__rosidl_typesupport_introspection_cpp
[1.490s] [ 64%] Built target position_tracker__rosidl_typesupport_cpp
[1.492s] [ 67%] Built target position_tracker__rosidl_typesupport_fastrtps_c
[1.527s] [ 70%] [32m[1mLinking CXX shared library libposition_tracker__rosidl_typesupport_fastrtps_cpp.so[0m
[1.583s] [ 73%] Built target position_tracker__rosidl_typesupport_fastrtps_cpp
[1.605s] [ 73%] Built target position_tracker
[1.628s] [ 76%] Built target position_tracker__py
[1.651s] [ 79%] [32mBuilding C object CMakeFiles/position_tracker__rosidl_generator_py.dir/rosidl_generator_py/position_tracker/srv/_get_position_s.c.o[0m
[1.784s] [ 82%] [32m[1mLinking C shared library libposition_tracker__rosidl_generator_py.so[0m
[1.833s] [ 82%] Built target position_tracker__rosidl_generator_py
[1.851s] [ 85%] [32mBuilding C object CMakeFiles/position_tracker_s__rosidl_typesupport_c.dir/rosidl_generator_py/position_tracker/_position_tracker_s.ep.rosidl_typesupport_c.c.o[0m
[1.855s] [ 88%] [32mBuilding C object CMakeFiles/position_tracker_s__rosidl_typesupport_fastrtps_c.dir/rosidl_generator_py/position_tracker/_position_tracker_s.ep.rosidl_typesupport_fastrtps_c.c.o[0m
[1.857s] [ 91%] [32mBuilding C object CMakeFiles/position_tracker_s__rosidl_typesupport_introspection_c.dir/rosidl_generator_py/position_tracker/_position_tracker_s.ep.rosidl_typesupport_introspection_c.c.o[0m
[1.926s] [ 94%] [32m[1mLinking C shared module rosidl_generator_py/position_tracker/position_tracker_s__rosidl_typesupport_c.so[0m
[1.927s] [ 97%] [32m[1mLinking C shared module rosidl_generator_py/position_tracker/position_tracker_s__rosidl_typesupport_fastrtps_c.so[0m
[1.952s] [ 97%] Built target position_tracker_s__rosidl_typesupport_fastrtps_c
[1.954s] [ 97%] Built target position_tracker_s__rosidl_typesupport_c
[1.960s] [100%] [32m[1mLinking C shared module rosidl_generator_py/position_tracker/position_tracker_s__rosidl_typesupport_introspection_c.so[0m
[1.990s] [100%] Built target position_tracker_s__rosidl_typesupport_introspection_c
[1.999s] Invoked command in '/home/karroyabreu/ar4/build/position_tracker' returned '0': CMAKE_PREFIX_PATH=${CMAKE_PREFIX_PATH}:/home/karroyabreu/ar4/install/opencv_pkg:/home/karroyabreu/ar4/install/pose_gui:/opt/ros/jazzy DEBUGINFOD_URLS=https://debuginfod.ubuntu.com /usr/bin/cmake --build /home/karroyabreu/ar4/build/position_tracker -- -j22 -l22
[2.000s] Invoking command in '/home/karroyabreu/ar4/build/position_tracker': CMAKE_PREFIX_PATH=${CMAKE_PREFIX_PATH}:/home/karroyabreu/ar4/install/opencv_pkg:/home/karroyabreu/ar4/install/pose_gui:/opt/ros/jazzy DEBUGINFOD_URLS=https://debuginfod.ubuntu.com /usr/bin/cmake --install /home/karroyabreu/ar4/build/position_tracker
[2.008s] -- Install configuration: ""
[2.008s] -- Up-to-date: /home/karroyabreu/ar4/install/position_tracker/share/ament_index/resource_index/rosidl_interfaces/position_tracker
[2.008s] -- Up-to-date: /home/karroyabreu/ar4/install/position_tracker/share/position_tracker/srv/GetPosition.json
[2.008s] -- Up-to-date: /home/karroyabreu/ar4/install/position_tracker/include/position_tracker/position_tracker
[2.008s] -- Up-to-date: /home/karroyabreu/ar4/install/position_tracker/include/position_tracker/position_tracker/srv
[2.008s] -- Up-to-date: /home/karroyabreu/ar4/install/position_tracker/include/position_tracker/position_tracker/srv/detail
[2.008s] -- Up-to-date: /home/karroyabreu/ar4/install/position_tracker/include/position_tracker/position_tracker/srv/detail/get_position__struct.h
[2.008s] -- Up-to-date: /home/karroyabreu/ar4/install/position_tracker/include/position_tracker/position_tracker/srv/detail/get_position__functions.h
[2.008s] -- Up-to-date: /home/karroyabreu/ar4/install/position_tracker/include/position_tracker/position_tracker/srv/detail/get_position__type_support.c
[2.009s] -- Up-to-date: /home/karroyabreu/ar4/install/position_tracker/include/position_tracker/position_tracker/srv/detail/get_position__functions.c
[2.009s] -- Up-to-date: /home/karroyabreu/ar4/install/position_tracker/include/position_tracker/position_tracker/srv/detail/get_position__description.c
[2.009s] -- Up-to-date: /home/karroyabreu/ar4/install/position_tracker/include/position_tracker/position_tracker/srv/detail/get_position__type_support.h
[2.009s] -- Up-to-date: /home/karroyabreu/ar4/install/position_tracker/include/position_tracker/position_tracker/srv/get_position.h
[2.009s] -- Up-to-date: /home/karroyabreu/ar4/install/position_tracker/include/position_tracker/position_tracker/msg
[2.009s] -- Up-to-date: /home/karroyabreu/ar4/install/position_tracker/include/position_tracker/position_tracker/msg/rosidl_generator_c__visibility_control.h
[2.009s] -- Up-to-date: /home/karroyabreu/ar4/install/position_tracker/share/position_tracker/environment/library_path.sh
[2.009s] -- Up-to-date: /home/karroyabreu/ar4/install/position_tracker/share/position_tracker/environment/library_path.dsv
[2.009s] -- Installing: /home/karroyabreu/ar4/install/position_tracker/lib/libposition_tracker__rosidl_generator_c.so
[2.009s] -- Set non-toolchain portion of runtime path of "/home/karroyabreu/ar4/install/position_tracker/lib/libposition_tracker__rosidl_generator_c.so" to ""
[2.009s] -- Up-to-date: /home/karroyabreu/ar4/install/position_tracker/include/position_tracker/position_tracker
[2.009s] -- Up-to-date: /home/karroyabreu/ar4/install/position_tracker/include/position_tracker/position_tracker/srv
[2.009s] -- Up-to-date: /home/karroyabreu/ar4/install/position_tracker/include/position_tracker/position_tracker/srv/detail
[2.009s] -- Up-to-date: /home/karroyabreu/ar4/install/position_tracker/include/position_tracker/position_tracker/srv/detail/get_position__rosidl_typesupport_fastrtps_c.h
[2.009s] -- Up-to-date: /home/karroyabreu/ar4/install/position_tracker/include/position_tracker/position_tracker/msg
[2.009s] -- Up-to-date: /home/karroyabreu/ar4/install/position_tracker/include/position_tracker/position_tracker/msg/rosidl_typesupport_fastrtps_c__visibility_control.h
[2.009s] -- Installing: /home/karroyabreu/ar4/install/position_tracker/lib/libposition_tracker__rosidl_typesupport_fastrtps_c.so
[2.009s] -- Set non-toolchain portion of runtime path of "/home/karroyabreu/ar4/install/position_tracker/lib/libposition_tracker__rosidl_typesupport_fastrtps_c.so" to ""
[2.009s] -- Up-to-date: /home/karroyabreu/ar4/install/position_tracker/include/position_tracker/position_tracker
[2.009s] -- Up-to-date: /home/karroyabreu/ar4/install/position_tracker/include/position_tracker/position_tracker/srv
[2.009s] -- Up-to-date: /home/karroyabreu/ar4/install/position_tracker/include/position_tracker/position_tracker/srv/get_position.hpp
[2.009s] -- Up-to-date: /home/karroyabreu/ar4/install/position_tracker/include/position_tracker/position_tracker/srv/detail
[2.009s] -- Up-to-date: /home/karroyabreu/ar4/install/position_tracker/include/position_tracker/position_tracker/srv/detail/get_position__builder.hpp
[2.009s] -- Up-to-date: /home/karroyabreu/ar4/install/position_tracker/include/position_tracker/position_tracker/srv/detail/get_position__type_support.hpp
[2.010s] -- Up-to-date: /home/karroyabreu/ar4/install/position_tracker/include/position_tracker/position_tracker/srv/detail/get_position__struct.hpp
[2.010s] -- Up-to-date: /home/karroyabreu/ar4/install/position_tracker/include/position_tracker/position_tracker/srv/detail/get_position__traits.hpp
[2.010s] -- Up-to-date: /home/karroyabreu/ar4/install/position_tracker/include/position_tracker/position_tracker/msg
[2.010s] -- Up-to-date: /home/karroyabreu/ar4/install/position_tracker/include/position_tracker/position_tracker/msg/rosidl_generator_cpp__visibility_control.hpp
[2.010s] -- Up-to-date: /home/karroyabreu/ar4/install/position_tracker/include/position_tracker/position_tracker
[2.010s] -- Up-to-date: /home/karroyabreu/ar4/install/position_tracker/include/position_tracker/position_tracker/srv
[2.010s] -- Up-to-date: /home/karroyabreu/ar4/install/position_tracker/include/position_tracker/position_tracker/srv/detail
[2.010s] -- Up-to-date: /home/karroyabreu/ar4/install/position_tracker/include/position_tracker/position_tracker/srv/detail/dds_fastrtps
[2.010s] -- Up-to-date: /home/karroyabreu/ar4/install/position_tracker/include/position_tracker/position_tracker/srv/detail/get_position__rosidl_typesupport_fastrtps_cpp.hpp
[2.010s] -- Up-to-date: /home/karroyabreu/ar4/install/position_tracker/include/position_tracker/position_tracker/msg
[2.010s] -- Up-to-date: /home/karroyabreu/ar4/install/position_tracker/include/position_tracker/position_tracker/msg/rosidl_typesupport_fastrtps_cpp__visibility_control.h
[2.010s] -- Installing: /home/karroyabreu/ar4/install/position_tracker/lib/libposition_tracker__rosidl_typesupport_fastrtps_cpp.so
[2.010s] -- Set non-toolchain portion of runtime path of "/home/karroyabreu/ar4/install/position_tracker/lib/libposition_tracker__rosidl_typesupport_fastrtps_cpp.so" to ""
[2.010s] -- Up-to-date: /home/karroyabreu/ar4/install/position_tracker/include/position_tracker/position_tracker
[2.010s] -- Up-to-date: /home/karroyabreu/ar4/install/position_tracker/include/position_tracker/position_tracker/srv
[2.010s] -- Up-to-date: /home/karroyabreu/ar4/install/position_tracker/include/position_tracker/position_tracker/srv/detail
[2.010s] -- Up-to-date: /home/karroyabreu/ar4/install/position_tracker/include/position_tracker/position_tracker/srv/detail/get_position__rosidl_typesupport_introspection_c.h
[2.010s] -- Up-to-date: /home/karroyabreu/ar4/install/position_tracker/include/position_tracker/position_tracker/srv/detail/get_position__type_support.c
[2.010s] -- Up-to-date: /home/karroyabreu/ar4/install/position_tracker/include/position_tracker/position_tracker/msg
[2.010s] -- Up-to-date: /home/karroyabreu/ar4/install/position_tracker/include/position_tracker/position_tracker/msg/rosidl_typesupport_introspection_c__visibility_control.h
[2.010s] -- Installing: /home/karroyabreu/ar4/install/position_tracker/lib/libposition_tracker__rosidl_typesupport_introspection_c.so
[2.010s] -- Set non-toolchain portion of runtime path of "/home/karroyabreu/ar4/install/position_tracker/lib/libposition_tracker__rosidl_typesupport_introspection_c.so" to ""
[2.010s] -- Installing: /home/karroyabreu/ar4/install/position_tracker/lib/libposition_tracker__rosidl_typesupport_c.so
[2.011s] -- Set non-toolchain portion of runtime path of "/home/karroyabreu/ar4/install/position_tracker/lib/libposition_tracker__rosidl_typesupport_c.so" to ""
[2.011s] -- Up-to-date: /home/karroyabreu/ar4/install/position_tracker/include/position_tracker/position_tracker
[2.011s] -- Up-to-date: /home/karroyabreu/ar4/install/position_tracker/include/position_tracker/position_tracker/srv
[2.011s] -- Up-to-date: /home/karroyabreu/ar4/install/position_tracker/include/position_tracker/position_tracker/srv/detail
[2.011s] -- Up-to-date: /home/karroyabreu/ar4/install/position_tracker/include/position_tracker/position_tracker/srv/detail/get_position__rosidl_typesupport_introspection_cpp.hpp
[2.011s] -- Up-to-date: /home/karroyabreu/ar4/install/position_tracker/include/position_tracker/position_tracker/srv/detail/get_position__type_support.cpp
[2.011s] -- Installing: /home/karroyabreu/ar4/install/position_tracker/lib/libposition_tracker__rosidl_typesupport_introspection_cpp.so
[2.011s] -- Set non-toolchain portion of runtime path of "/home/karroyabreu/ar4/install/position_tracker/lib/libposition_tracker__rosidl_typesupport_introspection_cpp.so" to ""
[2.011s] -- Installing: /home/karroyabreu/ar4/install/position_tracker/lib/libposition_tracker__rosidl_typesupport_cpp.so
[2.011s] -- Set non-toolchain portion of runtime path of "/home/karroyabreu/ar4/install/position_tracker/lib/libposition_tracker__rosidl_typesupport_cpp.so" to ""
[2.011s] -- Up-to-date: /home/karroyabreu/ar4/install/position_tracker/share/position_tracker/environment/pythonpath.sh
[2.011s] -- Up-to-date: /home/karroyabreu/ar4/install/position_tracker/share/position_tracker/environment/pythonpath.dsv
[2.011s] -- Up-to-date: /home/karroyabreu/ar4/install/position_tracker/lib/python3.12/site-packages/position_tracker-0.0.0-py3.12.egg-info
[2.011s] -- Installing: /home/karroyabreu/ar4/install/position_tracker/lib/python3.12/site-packages/position_tracker-0.0.0-py3.12.egg-info/top_level.txt
[2.011s] -- Installing: /home/karroyabreu/ar4/install/position_tracker/lib/python3.12/site-packages/position_tracker-0.0.0-py3.12.egg-info/SOURCES.txt
[2.011s] -- Installing: /home/karroyabreu/ar4/install/position_tracker/lib/python3.12/site-packages/position_tracker-0.0.0-py3.12.egg-info/dependency_links.txt
[2.011s] -- Installing: /home/karroyabreu/ar4/install/position_tracker/lib/python3.12/site-packages/position_tracker-0.0.0-py3.12.egg-info/PKG-INFO
[2.011s] -- Up-to-date: /home/karroyabreu/ar4/install/position_tracker/lib/python3.12/site-packages/position_tracker
[2.011s] -- Up-to-date: /home/karroyabreu/ar4/install/position_tracker/lib/python3.12/site-packages/position_tracker/_position_tracker_s.ep.rosidl_typesupport_c.c
[2.011s] -- Up-to-date: /home/karroyabreu/ar4/install/position_tracker/lib/python3.12/site-packages/position_tracker/srv
[2.012s] -- Up-to-date: /home/karroyabreu/ar4/install/position_tracker/lib/python3.12/site-packages/position_tracker/srv/_get_position_s.c
[2.012s] -- Up-to-date: /home/karroyabreu/ar4/install/position_tracker/lib/python3.12/site-packages/position_tracker/srv/__init__.py
[2.012s] -- Up-to-date: /home/karroyabreu/ar4/install/position_tracker/lib/python3.12/site-packages/position_tracker/srv/_get_position.py
[2.012s] -- Installing: /home/karroyabreu/ar4/install/position_tracker/lib/python3.12/site-packages/position_tracker/position_tracker_s__rosidl_typesupport_c.so
[2.012s] -- Installing: /home/karroyabreu/ar4/install/position_tracker/lib/python3.12/site-packages/position_tracker/position_tracker_s__rosidl_typesupport_introspection_c.so
[2.012s] -- Up-to-date: /home/karroyabreu/ar4/install/position_tracker/lib/python3.12/site-packages/position_tracker/_position_tracker_s.ep.rosidl_typesupport_introspection_c.c
[2.012s] -- Up-to-date: /home/karroyabreu/ar4/install/position_tracker/lib/python3.12/site-packages/position_tracker/_position_tracker_s.ep.rosidl_typesupport_fastrtps_c.c
[2.012s] -- Installing: /home/karroyabreu/ar4/install/position_tracker/lib/python3.12/site-packages/position_tracker/position_tracker_s__rosidl_typesupport_fastrtps_c.so
[2.012s] -- Installing: /home/karroyabreu/ar4/install/position_tracker/lib/python3.12/site-packages/position_tracker/__init__.py
[2.036s] Listing '/home/karroyabreu/ar4/install/position_tracker/lib/python3.12/site-packages/position_tracker'...
[2.036s] Compiling '/home/karroyabreu/ar4/install/position_tracker/lib/python3.12/site-packages/position_tracker/__init__.py'...
[2.036s] Listing '/home/karroyabreu/ar4/install/position_tracker/lib/python3.12/site-packages/position_tracker/srv'...
[2.039s] -- Installing: /home/karroyabreu/ar4/install/position_tracker/lib/python3.12/site-packages/position_tracker/position_tracker_s__rosidl_typesupport_fastrtps_c.so
[2.039s] -- Set non-toolchain portion of runtime path of "/home/karroyabreu/ar4/install/position_tracker/lib/python3.12/site-packages/position_tracker/position_tracker_s__rosidl_typesupport_fastrtps_c.so" to ""
[2.039s] -- Installing: /home/karroyabreu/ar4/install/position_tracker/lib/python3.12/site-packages/position_tracker/position_tracker_s__rosidl_typesupport_introspection_c.so
[2.040s] -- Set non-toolchain portion of runtime path of "/home/karroyabreu/ar4/install/position_tracker/lib/python3.12/site-packages/position_tracker/position_tracker_s__rosidl_typesupport_introspection_c.so" to ""
[2.040s] -- Installing: /home/karroyabreu/ar4/install/position_tracker/lib/python3.12/site-packages/position_tracker/position_tracker_s__rosidl_typesupport_c.so
[2.040s] -- Set non-toolchain portion of runtime path of "/home/karroyabreu/ar4/install/position_tracker/lib/python3.12/site-packages/position_tracker/position_tracker_s__rosidl_typesupport_c.so" to ""
[2.040s] -- Installing: /home/karroyabreu/ar4/install/position_tracker/lib/libposition_tracker__rosidl_generator_py.so
[2.040s] -- Set non-toolchain portion of runtime path of "/home/karroyabreu/ar4/install/position_tracker/lib/libposition_tracker__rosidl_generator_py.so" to ""
[2.040s] -- Up-to-date: /home/karroyabreu/ar4/install/position_tracker/share/position_tracker/srv/GetPosition.idl
[2.040s] -- Up-to-date: /home/karroyabreu/ar4/install/position_tracker/share/position_tracker/srv/GetPosition.srv
[2.040s] -- Up-to-date: /home/karroyabreu/ar4/install/position_tracker/share/ament_index/resource_index/package_run_dependencies/position_tracker
[2.040s] -- Up-to-date: /home/karroyabreu/ar4/install/position_tracker/share/ament_index/resource_index/parent_prefix_path/position_tracker
[2.040s] -- Up-to-date: /home/karroyabreu/ar4/install/position_tracker/share/position_tracker/environment/ament_prefix_path.sh
[2.040s] -- Up-to-date: /home/karroyabreu/ar4/install/position_tracker/share/position_tracker/environment/ament_prefix_path.dsv
[2.040s] -- Up-to-date: /home/karroyabreu/ar4/install/position_tracker/share/position_tracker/environment/path.sh
[2.041s] -- Up-to-date: /home/karroyabreu/ar4/install/position_tracker/share/position_tracker/environment/path.dsv
[2.041s] -- Up-to-date: /home/karroyabreu/ar4/install/position_tracker/share/position_tracker/local_setup.bash
[2.041s] -- Up-to-date: /home/karroyabreu/ar4/install/position_tracker/share/position_tracker/local_setup.sh
[2.041s] -- Up-to-date: /home/karroyabreu/ar4/install/position_tracker/share/position_tracker/local_setup.zsh
[2.041s] -- Up-to-date: /home/karroyabreu/ar4/install/position_tracker/share/position_tracker/local_setup.dsv
[2.041s] -- Installing: /home/karroyabreu/ar4/install/position_tracker/share/position_tracker/package.dsv
[2.041s] -- Up-to-date: /home/karroyabreu/ar4/install/position_tracker/share/ament_index/resource_index/packages/position_tracker
[2.041s] -- Old export file "/home/karroyabreu/ar4/install/position_tracker/share/position_tracker/cmake/export_position_tracker__rosidl_generator_cExport.cmake" will be replaced.  Removing files [/home/karroyabreu/ar4/install/position_tracker/share/position_tracker/cmake/export_position_tracker__rosidl_generator_cExport-noconfig.cmake].
[2.041s] -- Installing: /home/karroyabreu/ar4/install/position_tracker/share/position_tracker/cmake/export_position_tracker__rosidl_generator_cExport.cmake
[2.042s] -- Installing: /home/karroyabreu/ar4/install/position_tracker/share/position_tracker/cmake/export_position_tracker__rosidl_generator_cExport-noconfig.cmake
[2.042s] -- Old export file "/home/karroyabreu/ar4/install/position_tracker/share/position_tracker/cmake/export_position_tracker__rosidl_typesupport_fastrtps_cExport.cmake" will be replaced.  Removing files [/home/karroyabreu/ar4/install/position_tracker/share/position_tracker/cmake/export_position_tracker__rosidl_typesupport_fastrtps_cExport-noconfig.cmake].
[2.042s] -- Installing: /home/karroyabreu/ar4/install/position_tracker/share/position_tracker/cmake/export_position_tracker__rosidl_typesupport_fastrtps_cExport.cmake
[2.042s] -- Installing: /home/karroyabreu/ar4/install/position_tracker/share/position_tracker/cmake/export_position_tracker__rosidl_typesupport_fastrtps_cExport-noconfig.cmake
[2.042s] -- Installing: /home/karroyabreu/ar4/install/position_tracker/share/position_tracker/cmake/export_position_tracker__rosidl_generator_cppExport.cmake
[2.042s] -- Old export file "/home/karroyabreu/ar4/install/position_tracker/share/position_tracker/cmake/export_position_tracker__rosidl_typesupport_fastrtps_cppExport.cmake" will be replaced.  Removing files [/home/karroyabreu/ar4/install/position_tracker/share/position_tracker/cmake/export_position_tracker__rosidl_typesupport_fastrtps_cppExport-noconfig.cmake].
[2.042s] -- Installing: /home/karroyabreu/ar4/install/position_tracker/share/position_tracker/cmake/export_position_tracker__rosidl_typesupport_fastrtps_cppExport.cmake
[2.042s] -- Installing: /home/karroyabreu/ar4/install/position_tracker/share/position_tracker/cmake/export_position_tracker__rosidl_typesupport_fastrtps_cppExport-noconfig.cmake
[2.042s] -- Old export file "/home/karroyabreu/ar4/install/position_tracker/share/position_tracker/cmake/position_tracker__rosidl_typesupport_introspection_cExport.cmake" will be replaced.  Removing files [/home/karroyabreu/ar4/install/position_tracker/share/position_tracker/cmake/position_tracker__rosidl_typesupport_introspection_cExport-noconfig.cmake].
[2.043s] -- Installing: /home/karroyabreu/ar4/install/position_tracker/share/position_tracker/cmake/position_tracker__rosidl_typesupport_introspection_cExport.cmake
[2.043s] -- Installing: /home/karroyabreu/ar4/install/position_tracker/share/position_tracker/cmake/position_tracker__rosidl_typesupport_introspection_cExport-noconfig.cmake
[2.043s] -- Old export file "/home/karroyabreu/ar4/install/position_tracker/share/position_tracker/cmake/position_tracker__rosidl_typesupport_cExport.cmake" will be replaced.  Removing files [/home/karroyabreu/ar4/install/position_tracker/share/position_tracker/cmake/position_tracker__rosidl_typesupport_cExport-noconfig.cmake].
[2.043s] -- Installing: /home/karroyabreu/ar4/install/position_tracker/share/position_tracker/cmake/position_tracker__rosidl_typesupport_cExport.cmake
[2.043s] -- Installing: /home/karroyabreu/ar4/install/position_tracker/share/position_tracker/cmake/position_tracker__rosidl_typesupport_cExport-noconfig.cmake
[2.043s] -- Old export file "/home/karroyabreu/ar4/install/position_tracker/share/position_tracker/cmake/position_tracker__rosidl_typesupport_introspection_cppExport.cmake" will be replaced.  Removing files [/home/karroyabreu/ar4/install/position_tracker/share/position_tracker/cmake/position_tracker__rosidl_typesupport_introspection_cppExport-noconfig.cmake].
[2.043s] -- Installing: /home/karroyabreu/ar4/install/position_tracker/share/position_tracker/cmake/position_tracker__rosidl_typesupport_introspection_cppExport.cmake
[2.044s] -- Installing: /home/karroyabreu/ar4/install/position_tracker/share/position_tracker/cmake/position_tracker__rosidl_typesupport_introspection_cppExport-noconfig.cmake
[2.044s] -- Old export file "/home/karroyabreu/ar4/install/position_tracker/share/position_tracker/cmake/position_tracker__rosidl_typesupport_cppExport.cmake" will be replaced.  Removing files [/home/karroyabreu/ar4/install/position_tracker/share/position_tracker/cmake/position_tracker__rosidl_typesupport_cppExport-noconfig.cmake].
[2.044s] -- Installing: /home/karroyabreu/ar4/install/position_tracker/share/position_tracker/cmake/position_tracker__rosidl_typesupport_cppExport.cmake
[2.044s] -- Installing: /home/karroyabreu/ar4/install/position_tracker/share/position_tracker/cmake/position_tracker__rosidl_typesupport_cppExport-noconfig.cmake
[2.044s] -- Up-to-date: /home/karroyabreu/ar4/install/position_tracker/share/position_tracker/cmake/export_position_tracker__rosidl_generator_pyExport.cmake
[2.045s] -- Installing: /home/karroyabreu/ar4/install/position_tracker/share/position_tracker/cmake/export_position_tracker__rosidl_generator_pyExport-noconfig.cmake
[2.045s] -- Up-to-date: /home/karroyabreu/ar4/install/position_tracker/share/position_tracker/cmake/rosidl_cmake-extras.cmake
[2.045s] -- Installing: /home/karroyabreu/ar4/install/position_tracker/share/position_tracker/cmake/ament_cmake_export_dependencies-extras.cmake
[2.045s] -- Up-to-date: /home/karroyabreu/ar4/install/position_tracker/share/position_tracker/cmake/ament_cmake_export_include_directories-extras.cmake
[2.045s] -- Up-to-date: /home/karroyabreu/ar4/install/position_tracker/share/position_tracker/cmake/ament_cmake_export_libraries-extras.cmake
[2.045s] -- Installing: /home/karroyabreu/ar4/install/position_tracker/share/position_tracker/cmake/ament_cmake_export_targets-extras.cmake
[2.045s] -- Installing: /home/karroyabreu/ar4/install/position_tracker/share/position_tracker/cmake/rosidl_cmake_export_typesupport_targets-extras.cmake
[2.045s] -- Up-to-date: /home/karroyabreu/ar4/install/position_tracker/share/position_tracker/cmake/rosidl_cmake_export_typesupport_libraries-extras.cmake
[2.045s] -- Up-to-date: /home/karroyabreu/ar4/install/position_tracker/share/position_tracker/cmake/position_trackerConfig.cmake
[2.045s] -- Up-to-date: /home/karroyabreu/ar4/install/position_tracker/share/position_tracker/cmake/position_trackerConfig-version.cmake
[2.045s] -- Up-to-date: /home/karroyabreu/ar4/install/position_tracker/share/position_tracker/package.xml
[2.046s] Invoked command in '/home/karroyabreu/ar4/build/position_tracker' returned '0': CMAKE_PREFIX_PATH=${CMAKE_PREFIX_PATH}:/home/karroyabreu/ar4/install/opencv_pkg:/home/karroyabreu/ar4/install/pose_gui:/opt/ros/jazzy DEBUGINFOD_URLS=https://debuginfod.ubuntu.com /usr/bin/cmake --install /home/karroyabreu/ar4/build/position_tracker
