[100%] Built target prog1
[100%] Built target pickObject
-- Install configuration: ""
-- Up-to-date: /home/karroyabreu/ar4/install/programs_cpp/lib/programs_cpp/prog1
-- Up-to-date: /home/karroyabreu/ar4/install/programs_cpp/lib/programs_cpp/pickObject
-- Up-to-date: /home/karroyabreu/ar4/install/programs_cpp/share/ament_index/resource_index/package_run_dependencies/programs_cpp
-- Up-to-date: /home/karroyabreu/ar4/install/programs_cpp/share/ament_index/resource_index/parent_prefix_path/programs_cpp
-- Up-to-date: /home/karroyabreu/ar4/install/programs_cpp/share/programs_cpp/environment/ament_prefix_path.sh
-- Up-to-date: /home/karroyabreu/ar4/install/programs_cpp/share/programs_cpp/environment/ament_prefix_path.dsv
-- Up-to-date: /home/karroyabreu/ar4/install/programs_cpp/share/programs_cpp/environment/path.sh
-- Up-to-date: /home/karroyabreu/ar4/install/programs_cpp/share/programs_cpp/environment/path.dsv
-- Up-to-date: /home/karroyabreu/ar4/install/programs_cpp/share/programs_cpp/local_setup.bash
-- Up-to-date: /home/karroyabreu/ar4/install/programs_cpp/share/programs_cpp/local_setup.sh
-- Up-to-date: /home/karroyabreu/ar4/install/programs_cpp/share/programs_cpp/local_setup.zsh
-- Up-to-date: /home/karroyabreu/ar4/install/programs_cpp/share/programs_cpp/local_setup.dsv
-- Installing: /home/karroyabreu/ar4/install/programs_cpp/share/programs_cpp/package.dsv
-- Up-to-date: /home/karroyabreu/ar4/install/programs_cpp/share/ament_index/resource_index/packages/programs_cpp
-- Up-to-date: /home/karroyabreu/ar4/install/programs_cpp/share/programs_cpp/cmake/programs_cppConfig.cmake
-- Up-to-date: /home/karroyabreu/ar4/install/programs_cpp/share/programs_cpp/cmake/programs_cppConfig-version.cmake
-- Up-to-date: /home/karroyabreu/ar4/install/programs_cpp/share/programs_cpp/package.xml
