[0.564s] Invoking command in '/home/karroyabreu/ar4/src/pose_gui': DEBUGINFOD_URLS=https://debuginfod.ubuntu.com PYTHONPATH=/home/karroyabreu/ar4/build/pose_gui/prefix_override:/usr/lib/python3/dist-packages/colcon_core/task/python/colcon_distutils_commands:/home/karroyabreu/ar4/install/pose_gui/lib/python3.12/site-packages:${PYTHONPATH} /usr/bin/python3 -W ignore:setup.py install is deprecated -W ignore:easy_install command is deprecated setup.py egg_info --egg-base ../../build/pose_gui build --build-base /home/karroyabreu/ar4/build/pose_gui/build install --record /home/karroyabreu/ar4/build/pose_gui/install.log --single-version-externally-managed install_data
[0.741s] running egg_info
[0.741s] creating ../../build/pose_gui/pose_gui.egg-info
[0.755s] writing ../../build/pose_gui/pose_gui.egg-info/PKG-INFO
[0.755s] writing dependency_links to ../../build/pose_gui/pose_gui.egg-info/dependency_links.txt
[0.755s] writing entry points to ../../build/pose_gui/pose_gui.egg-info/entry_points.txt
[0.755s] writing requirements to ../../build/pose_gui/pose_gui.egg-info/requires.txt
[0.755s] writing top-level names to ../../build/pose_gui/pose_gui.egg-info/top_level.txt
[0.755s] writing manifest file '../../build/pose_gui/pose_gui.egg-info/SOURCES.txt'
[0.783s] reading manifest file '../../build/pose_gui/pose_gui.egg-info/SOURCES.txt'
[0.783s] writing manifest file '../../build/pose_gui/pose_gui.egg-info/SOURCES.txt'
[0.783s] running build
[0.783s] running build_py
[0.783s] creating /home/karroyabreu/ar4/build/pose_gui/build
[0.783s] creating /home/karroyabreu/ar4/build/pose_gui/build/lib
[0.783s] creating /home/karroyabreu/ar4/build/pose_gui/build/lib/pose_gui
[0.783s] copying pose_gui/pose_gui.py -> /home/karroyabreu/ar4/build/pose_gui/build/lib/pose_gui
[0.783s] copying pose_gui/__init__.py -> /home/karroyabreu/ar4/build/pose_gui/build/lib/pose_gui
[0.783s] running install
[0.788s] running install_lib
[0.801s] creating /home/karroyabreu/ar4/install/pose_gui/lib/python3.12/site-packages/pose_gui
[0.801s] copying /home/karroyabreu/ar4/build/pose_gui/build/lib/pose_gui/pose_gui.py -> /home/karroyabreu/ar4/install/pose_gui/lib/python3.12/site-packages/pose_gui
[0.801s] copying /home/karroyabreu/ar4/build/pose_gui/build/lib/pose_gui/__init__.py -> /home/karroyabreu/ar4/install/pose_gui/lib/python3.12/site-packages/pose_gui
[0.801s] byte-compiling /home/karroyabreu/ar4/install/pose_gui/lib/python3.12/site-packages/pose_gui/pose_gui.py to pose_gui.cpython-312.pyc
[0.803s] byte-compiling /home/karroyabreu/ar4/install/pose_gui/lib/python3.12/site-packages/pose_gui/__init__.py to __init__.cpython-312.pyc
[0.803s] running install_data
[0.803s] creating /home/karroyabreu/ar4/install/pose_gui/share/ament_index
[0.803s] creating /home/karroyabreu/ar4/install/pose_gui/share/ament_index/resource_index
[0.803s] creating /home/karroyabreu/ar4/install/pose_gui/share/ament_index/resource_index/packages
[0.803s] copying resource/pose_gui -> /home/karroyabreu/ar4/install/pose_gui/share/ament_index/resource_index/packages
[0.803s] copying package.xml -> /home/karroyabreu/ar4/install/pose_gui/share/pose_gui
[0.804s] running install_egg_info
[0.817s] Copying ../../build/pose_gui/pose_gui.egg-info to /home/karroyabreu/ar4/install/pose_gui/lib/python3.12/site-packages/pose_gui-0.0.0-py3.12.egg-info
[0.817s] running install_scripts
[0.909s] Installing pose_gui script to /home/karroyabreu/ar4/install/pose_gui/lib/pose_gui
[0.909s] writing list of installed files to '/home/karroyabreu/ar4/build/pose_gui/install.log'
[0.931s] Invoked command in '/home/karroyabreu/ar4/src/pose_gui' returned '0': DEBUGINFOD_URLS=https://debuginfod.ubuntu.com PYTHONPATH=/home/karroyabreu/ar4/build/pose_gui/prefix_override:/usr/lib/python3/dist-packages/colcon_core/task/python/colcon_distutils_commands:/home/karroyabreu/ar4/install/pose_gui/lib/python3.12/site-packages:${PYTHONPATH} /usr/bin/python3 -W ignore:setup.py install is deprecated -W ignore:easy_install command is deprecated setup.py egg_info --egg-base ../../build/pose_gui build --build-base /home/karroyabreu/ar4/build/pose_gui/build install --record /home/karroyabreu/ar4/build/pose_gui/install.log --single-version-externally-managed install_data
