[0.008s] Invoking command in '/home/karroyabreu/ar4/build/programs_cpp': CMAKE_PREFIX_PATH=${CMAKE_PREFIX_PATH}:/opt/ros/jazzy DEBUGINFOD_URLS=https://debuginfod.ubuntu.com /usr/bin/cmake --build /home/karroyabreu/ar4/build/programs_cpp -- -j22 -l22
[0.026s] -- Found ament_cmake: 2.5.4 (/opt/ros/jazzy/share/ament_cmake/cmake)
[0.183s] -- Found rclcpp: 28.1.10 (/opt/ros/jazzy/share/rclcpp/cmake)
[0.201s] -- Found rosidl_generator_c: 4.6.5 (/opt/ros/jazzy/share/rosidl_generator_c/cmake)
[0.206s] -- Found rosidl_generator_cpp: 4.6.5 (/opt/ros/jazzy/share/rosidl_generator_cpp/cmake)
[0.214s] -- Using all available rosidl_typesupport_c: rosidl_typesupport_fastrtps_c;rosidl_typesupport_introspection_c
[0.223s] -- Using all available rosidl_typesupport_cpp: rosidl_typesupport_fastrtps_cpp;rosidl_typesupport_introspection_cpp
[0.262s] -- Found rmw_implementation_cmake: 7.3.2 (/opt/ros/jazzy/share/rmw_implementation_cmake/cmake)
[0.263s] -- Found rmw_fastrtps_cpp: 8.4.2 (/opt/ros/jazzy/share/rmw_fastrtps_cpp/cmake)
[0.306s] -- Using RMW implementation 'rmw_fastrtps_cpp' as default
[0.354s] -- Found moveit_ros_planning_interface: 2.12.3 (/opt/ros/jazzy/share/moveit_ros_planning_interface/cmake)
[0.363s] -- Found Boost: /usr/lib/x86_64-linux-gnu/cmake/Boost-1.83.0/BoostConfig.cmake (found version "1.83.0") found components: date_time filesystem program_options system thread 
[0.552s] -- Found Boost: /usr/lib/x86_64-linux-gnu/cmake/Boost-1.83.0/BoostConfig.cmake (found version "1.83.0") found components: chrono date_time filesystem iostreams program_options regex serialization system thread 
[0.574s] -- Found parameter_traits: 0.5.0 (/opt/ros/jazzy/share/parameter_traits/cmake)
[0.578s] -- Found rclcpp_lifecycle: 28.1.10 (/opt/ros/jazzy/share/rclcpp_lifecycle/cmake)
[0.605s] -- Found Boost: /usr/lib/x86_64-linux-gnu/cmake/Boost-1.83.0/BoostConfig.cmake (found version "1.83.0") found components: filesystem 
[0.637s] -- Ensuring Eigen3 include directory is part of orocos-kdl CMake target
[0.715s] -- Found Boost: /usr/lib/x86_64-linux-gnu/cmake/Boost-1.83.0/BoostConfig.cmake (found version "1.83.0") found components: system filesystem date_time program_options thread chrono 
[0.746s] -- Found Boost: /usr/lib/x86_64-linux-gnu/cmake/Boost-1.83.0/BoostConfig.cmake (found version "1.83.0") found components: thread system filesystem regex date_time program_options 
[0.765s] -- Found Boost: /usr/lib/x86_64-linux-gnu/cmake/Boost-1.83.0/BoostConfig.cmake (found version "1.83.0") found components: system filesystem date_time program_options thread 
[0.793s] -- Found ament_lint_auto: 0.17.2 (/opt/ros/jazzy/share/ament_lint_auto/cmake)
[0.863s] -- Added test 'cppcheck' to perform static code analysis on C / C++ code
[0.864s] -- Configured cppcheck include dirs: 
[0.864s] -- Configured cppcheck exclude dirs and/or files: 
[0.864s] -- Added test 'lint_cmake' to check CMake code style
[0.864s] -- Added test 'uncrustify' to check C / C++ code style
[0.864s] -- Configured uncrustify additional arguments: 
[0.864s] -- Added test 'xmllint' to check XML markup files
[0.865s] -- Configuring done (0.8s)
[0.884s] -- Generating done (0.0s)
[0.888s] -- Build files have been written to: /home/karroyabreu/ar4/build/programs_cpp
[0.920s] [ 50%] [32mBuilding CXX object CMakeFiles/prog1.dir/src/program1.cpp.o[0m
[7.943s] [100%] [32m[1mLinking CXX executable prog1[0m
[8.142s] [100%] Built target prog1
[8.153s] Invoked command in '/home/karroyabreu/ar4/build/programs_cpp' returned '0': CMAKE_PREFIX_PATH=${CMAKE_PREFIX_PATH}:/opt/ros/jazzy DEBUGINFOD_URLS=https://debuginfod.ubuntu.com /usr/bin/cmake --build /home/karroyabreu/ar4/build/programs_cpp -- -j22 -l22
[8.154s] Invoking command in '/home/karroyabreu/ar4/build/programs_cpp': CMAKE_PREFIX_PATH=${CMAKE_PREFIX_PATH}:/opt/ros/jazzy DEBUGINFOD_URLS=https://debuginfod.ubuntu.com /usr/bin/cmake --install /home/karroyabreu/ar4/build/programs_cpp
[8.160s] -- Install configuration: ""
[8.160s] -- Installing: /home/karroyabreu/ar4/install/programs_cpp/lib/programs_cpp/prog1
[8.160s] -- Set non-toolchain portion of runtime path of "/home/karroyabreu/ar4/install/programs_cpp/lib/programs_cpp/prog1" to ""
[8.160s] -- Up-to-date: /home/karroyabreu/ar4/install/programs_cpp/share/ament_index/resource_index/package_run_dependencies/programs_cpp
[8.160s] -- Installing: /home/karroyabreu/ar4/install/programs_cpp/share/ament_index/resource_index/parent_prefix_path/programs_cpp
[8.161s] -- Up-to-date: /home/karroyabreu/ar4/install/programs_cpp/share/programs_cpp/environment/ament_prefix_path.sh
[8.161s] -- Up-to-date: /home/karroyabreu/ar4/install/programs_cpp/share/programs_cpp/environment/ament_prefix_path.dsv
[8.161s] -- Up-to-date: /home/karroyabreu/ar4/install/programs_cpp/share/programs_cpp/environment/path.sh
[8.161s] -- Up-to-date: /home/karroyabreu/ar4/install/programs_cpp/share/programs_cpp/environment/path.dsv
[8.161s] -- Up-to-date: /home/karroyabreu/ar4/install/programs_cpp/share/programs_cpp/local_setup.bash
[8.161s] -- Up-to-date: /home/karroyabreu/ar4/install/programs_cpp/share/programs_cpp/local_setup.sh
[8.161s] -- Up-to-date: /home/karroyabreu/ar4/install/programs_cpp/share/programs_cpp/local_setup.zsh
[8.161s] -- Up-to-date: /home/karroyabreu/ar4/install/programs_cpp/share/programs_cpp/local_setup.dsv
[8.161s] -- Installing: /home/karroyabreu/ar4/install/programs_cpp/share/programs_cpp/package.dsv
[8.161s] -- Up-to-date: /home/karroyabreu/ar4/install/programs_cpp/share/ament_index/resource_index/packages/programs_cpp
[8.161s] -- Up-to-date: /home/karroyabreu/ar4/install/programs_cpp/share/programs_cpp/cmake/programs_cppConfig.cmake
[8.161s] -- Up-to-date: /home/karroyabreu/ar4/install/programs_cpp/share/programs_cpp/cmake/programs_cppConfig-version.cmake
[8.161s] -- Up-to-date: /home/karroyabreu/ar4/install/programs_cpp/share/programs_cpp/package.xml
[8.163s] Invoked command in '/home/karroyabreu/ar4/build/programs_cpp' returned '0': CMAKE_PREFIX_PATH=${CMAKE_PREFIX_PATH}:/opt/ros/jazzy DEBUGINFOD_URLS=https://debuginfod.ubuntu.com /usr/bin/cmake --install /home/karroyabreu/ar4/build/programs_cpp
