[0.081s] DEBUG:colcon:Command line arguments: ['/usr/bin/colcon', 'build']
[0.081s] DEBUG:colcon:Parsed command line arguments: Namespace(log_base=None, log_level=None, verb_name='build', build_base='build', install_base='install', merge_install=False, symlink_install=False, test_result_base=None, continue_on_error=False, executor='parallel', parallel_workers=22, event_handlers=None, ignore_user_meta=False, metas=['./colcon.meta'], base_paths=['.'], packages_ignore=None, packages_ignore_regex=None, paths=None, packages_up_to=None, packages_up_to_regex=None, packages_above=None, packages_above_and_dependencies=None, packages_above_depth=None, packages_select_by_dep=None, packages_skip_by_dep=None, packages_skip_up_to=None, packages_select_build_failed=False, packages_skip_build_finished=False, packages_select_test_failures=False, packages_skip_test_passed=False, packages_select=None, packages_skip=None, packages_select_regex=None, packages_skip_regex=None, packages_start=None, packages_end=None, allow_overriding=[], cmake_args=None, cmake_target=None, cmake_target_skip_unavailable=False, cmake_clean_cache=False, cmake_clean_first=False, cmake_force_configure=False, ament_cmake_args=None, catkin_cmake_args=None, catkin_skip_building_tests=False, mixin_files=None, mixin=None, verb_parser=<colcon_mixin.mixin.mixin_argument.MixinArgumentDecorator object at 0x7802fa892a20>, verb_extension=<colcon_core.verb.build.BuildVerb object at 0x7802fa892270>, main=<bound method BuildVerb.main of <colcon_core.verb.build.BuildVerb object at 0x7802fa892270>>, mixin_verb=('build',))
[0.111s] Level 1:colcon.colcon_core.package_discovery:discover_packages(colcon_meta) check parameters
[0.111s] Level 1:colcon.colcon_core.package_discovery:discover_packages(recursive) check parameters
[0.111s] Level 1:colcon.colcon_core.package_discovery:discover_packages(ignore) check parameters
[0.111s] Level 1:colcon.colcon_core.package_discovery:discover_packages(path) check parameters
[0.111s] Level 1:colcon.colcon_core.package_discovery:discover_packages(colcon_meta) discover
[0.111s] Level 1:colcon.colcon_core.package_discovery:discover_packages(recursive) discover
[0.111s] INFO:colcon.colcon_core.package_discovery:Crawling recursively for packages in '/home/karroyabreu/ar4'
[0.111s] Level 1:colcon.colcon_core.package_identification:_identify(.) by extensions ['ignore', 'ignore_ament_install']
[0.111s] Level 1:colcon.colcon_core.package_identification:_identify(.) by extension 'ignore'
[0.111s] Level 1:colcon.colcon_core.package_identification:_identify(.) by extension 'ignore_ament_install'
[0.111s] Level 1:colcon.colcon_core.package_identification:_identify(.) by extensions ['colcon_pkg']
[0.111s] Level 1:colcon.colcon_core.package_identification:_identify(.) by extension 'colcon_pkg'
[0.112s] Level 1:colcon.colcon_core.package_identification:_identify(.) by extensions ['colcon_meta']
[0.112s] Level 1:colcon.colcon_core.package_identification:_identify(.) by extension 'colcon_meta'
[0.112s] Level 1:colcon.colcon_core.package_identification:_identify(.) by extensions ['ros']
[0.112s] Level 1:colcon.colcon_core.package_identification:_identify(.) by extension 'ros'
[0.130s] Level 1:colcon.colcon_core.package_identification:_identify(.) by extensions ['cmake', 'python']
[0.130s] Level 1:colcon.colcon_core.package_identification:_identify(.) by extension 'cmake'
[0.130s] Level 1:colcon.colcon_core.package_identification:_identify(.) by extension 'python'
[0.130s] Level 1:colcon.colcon_core.package_identification:_identify(.) by extensions ['python_setup_py']
[0.130s] Level 1:colcon.colcon_core.package_identification:_identify(.) by extension 'python_setup_py'
[0.130s] Level 1:colcon.colcon_core.package_identification:_identify(build) by extensions ['ignore', 'ignore_ament_install']
[0.130s] Level 1:colcon.colcon_core.package_identification:_identify(build) by extension 'ignore'
[0.130s] Level 1:colcon.colcon_core.package_identification:_identify(build) ignored
[0.130s] Level 1:colcon.colcon_core.package_identification:_identify(install) by extensions ['ignore', 'ignore_ament_install']
[0.130s] Level 1:colcon.colcon_core.package_identification:_identify(install) by extension 'ignore'
[0.130s] Level 1:colcon.colcon_core.package_identification:_identify(install) ignored
[0.130s] Level 1:colcon.colcon_core.package_identification:_identify(log) by extensions ['ignore', 'ignore_ament_install']
[0.130s] Level 1:colcon.colcon_core.package_identification:_identify(log) by extension 'ignore'
[0.130s] Level 1:colcon.colcon_core.package_identification:_identify(log) ignored
[0.131s] Level 1:colcon.colcon_core.package_identification:_identify(src) by extensions ['ignore', 'ignore_ament_install']
[0.131s] Level 1:colcon.colcon_core.package_identification:_identify(src) by extension 'ignore'
[0.131s] Level 1:colcon.colcon_core.package_identification:_identify(src) by extension 'ignore_ament_install'
[0.131s] Level 1:colcon.colcon_core.package_identification:_identify(src) by extensions ['colcon_pkg']
[0.131s] Level 1:colcon.colcon_core.package_identification:_identify(src) by extension 'colcon_pkg'
[0.131s] Level 1:colcon.colcon_core.package_identification:_identify(src) by extensions ['colcon_meta']
[0.131s] Level 1:colcon.colcon_core.package_identification:_identify(src) by extension 'colcon_meta'
[0.131s] Level 1:colcon.colcon_core.package_identification:_identify(src) by extensions ['ros']
[0.131s] Level 1:colcon.colcon_core.package_identification:_identify(src) by extension 'ros'
[0.131s] Level 1:colcon.colcon_core.package_identification:_identify(src) by extensions ['cmake', 'python']
[0.131s] Level 1:colcon.colcon_core.package_identification:_identify(src) by extension 'cmake'
[0.131s] Level 1:colcon.colcon_core.package_identification:_identify(src) by extension 'python'
[0.131s] Level 1:colcon.colcon_core.package_identification:_identify(src) by extensions ['python_setup_py']
[0.131s] Level 1:colcon.colcon_core.package_identification:_identify(src) by extension 'python_setup_py'
[0.131s] Level 1:colcon.colcon_core.package_identification:_identify(src/ar4_ros_driver) by extensions ['ignore', 'ignore_ament_install']
[0.131s] Level 1:colcon.colcon_core.package_identification:_identify(src/ar4_ros_driver) by extension 'ignore'
[0.131s] Level 1:colcon.colcon_core.package_identification:_identify(src/ar4_ros_driver) by extension 'ignore_ament_install'
[0.131s] Level 1:colcon.colcon_core.package_identification:_identify(src/ar4_ros_driver) by extensions ['colcon_pkg']
[0.131s] Level 1:colcon.colcon_core.package_identification:_identify(src/ar4_ros_driver) by extension 'colcon_pkg'
[0.131s] Level 1:colcon.colcon_core.package_identification:_identify(src/ar4_ros_driver) by extensions ['colcon_meta']
[0.131s] Level 1:colcon.colcon_core.package_identification:_identify(src/ar4_ros_driver) by extension 'colcon_meta'
[0.131s] Level 1:colcon.colcon_core.package_identification:_identify(src/ar4_ros_driver) by extensions ['ros']
[0.131s] Level 1:colcon.colcon_core.package_identification:_identify(src/ar4_ros_driver) by extension 'ros'
[0.131s] Level 1:colcon.colcon_core.package_identification:_identify(src/ar4_ros_driver) by extensions ['cmake', 'python']
[0.131s] Level 1:colcon.colcon_core.package_identification:_identify(src/ar4_ros_driver) by extension 'cmake'
[0.131s] Level 1:colcon.colcon_core.package_identification:_identify(src/ar4_ros_driver) by extension 'python'
[0.131s] Level 1:colcon.colcon_core.package_identification:_identify(src/ar4_ros_driver) by extensions ['python_setup_py']
[0.131s] Level 1:colcon.colcon_core.package_identification:_identify(src/ar4_ros_driver) by extension 'python_setup_py'
[0.131s] Level 1:colcon.colcon_core.package_identification:_identify(src/ar4_ros_driver/annin_ar4_description) by extensions ['ignore', 'ignore_ament_install']
[0.131s] Level 1:colcon.colcon_core.package_identification:_identify(src/ar4_ros_driver/annin_ar4_description) by extension 'ignore'
[0.132s] Level 1:colcon.colcon_core.package_identification:_identify(src/ar4_ros_driver/annin_ar4_description) by extension 'ignore_ament_install'
[0.132s] Level 1:colcon.colcon_core.package_identification:_identify(src/ar4_ros_driver/annin_ar4_description) by extensions ['colcon_pkg']
[0.132s] Level 1:colcon.colcon_core.package_identification:_identify(src/ar4_ros_driver/annin_ar4_description) by extension 'colcon_pkg'
[0.132s] Level 1:colcon.colcon_core.package_identification:_identify(src/ar4_ros_driver/annin_ar4_description) by extensions ['colcon_meta']
[0.132s] Level 1:colcon.colcon_core.package_identification:_identify(src/ar4_ros_driver/annin_ar4_description) by extension 'colcon_meta'
[0.132s] Level 1:colcon.colcon_core.package_identification:_identify(src/ar4_ros_driver/annin_ar4_description) by extensions ['ros']
[0.132s] Level 1:colcon.colcon_core.package_identification:_identify(src/ar4_ros_driver/annin_ar4_description) by extension 'ros'
[0.134s] DEBUG:colcon.colcon_core.package_identification:Package 'src/ar4_ros_driver/annin_ar4_description' with type 'ros.ament_cmake' and name 'annin_ar4_description'
[0.134s] Level 1:colcon.colcon_core.package_identification:_identify(src/ar4_ros_driver/annin_ar4_driver) by extensions ['ignore', 'ignore_ament_install']
[0.135s] Level 1:colcon.colcon_core.package_identification:_identify(src/ar4_ros_driver/annin_ar4_driver) by extension 'ignore'
[0.135s] Level 1:colcon.colcon_core.package_identification:_identify(src/ar4_ros_driver/annin_ar4_driver) by extension 'ignore_ament_install'
[0.135s] Level 1:colcon.colcon_core.package_identification:_identify(src/ar4_ros_driver/annin_ar4_driver) by extensions ['colcon_pkg']
[0.135s] Level 1:colcon.colcon_core.package_identification:_identify(src/ar4_ros_driver/annin_ar4_driver) by extension 'colcon_pkg'
[0.135s] Level 1:colcon.colcon_core.package_identification:_identify(src/ar4_ros_driver/annin_ar4_driver) by extensions ['colcon_meta']
[0.135s] Level 1:colcon.colcon_core.package_identification:_identify(src/ar4_ros_driver/annin_ar4_driver) by extension 'colcon_meta'
[0.135s] Level 1:colcon.colcon_core.package_identification:_identify(src/ar4_ros_driver/annin_ar4_driver) by extensions ['ros']
[0.135s] Level 1:colcon.colcon_core.package_identification:_identify(src/ar4_ros_driver/annin_ar4_driver) by extension 'ros'
[0.136s] DEBUG:colcon.colcon_core.package_identification:Package 'src/ar4_ros_driver/annin_ar4_driver' with type 'ros.ament_cmake' and name 'annin_ar4_driver'
[0.136s] Level 1:colcon.colcon_core.package_identification:_identify(src/ar4_ros_driver/annin_ar4_firmware) by extensions ['ignore', 'ignore_ament_install']
[0.136s] Level 1:colcon.colcon_core.package_identification:_identify(src/ar4_ros_driver/annin_ar4_firmware) by extension 'ignore'
[0.136s] Level 1:colcon.colcon_core.package_identification:_identify(src/ar4_ros_driver/annin_ar4_firmware) by extension 'ignore_ament_install'
[0.136s] Level 1:colcon.colcon_core.package_identification:_identify(src/ar4_ros_driver/annin_ar4_firmware) by extensions ['colcon_pkg']
[0.136s] Level 1:colcon.colcon_core.package_identification:_identify(src/ar4_ros_driver/annin_ar4_firmware) by extension 'colcon_pkg'
[0.136s] Level 1:colcon.colcon_core.package_identification:_identify(src/ar4_ros_driver/annin_ar4_firmware) by extensions ['colcon_meta']
[0.136s] Level 1:colcon.colcon_core.package_identification:_identify(src/ar4_ros_driver/annin_ar4_firmware) by extension 'colcon_meta'
[0.136s] Level 1:colcon.colcon_core.package_identification:_identify(src/ar4_ros_driver/annin_ar4_firmware) by extensions ['ros']
[0.136s] Level 1:colcon.colcon_core.package_identification:_identify(src/ar4_ros_driver/annin_ar4_firmware) by extension 'ros'
[0.136s] Level 1:colcon.colcon_core.package_identification:_identify(src/ar4_ros_driver/annin_ar4_firmware) by extensions ['cmake', 'python']
[0.136s] Level 1:colcon.colcon_core.package_identification:_identify(src/ar4_ros_driver/annin_ar4_firmware) by extension 'cmake'
[0.136s] Level 1:colcon.colcon_core.package_identification:_identify(src/ar4_ros_driver/annin_ar4_firmware) by extension 'python'
[0.136s] Level 1:colcon.colcon_core.package_identification:_identify(src/ar4_ros_driver/annin_ar4_firmware) by extensions ['python_setup_py']
[0.136s] Level 1:colcon.colcon_core.package_identification:_identify(src/ar4_ros_driver/annin_ar4_firmware) by extension 'python_setup_py'
[0.136s] Level 1:colcon.colcon_core.package_identification:_identify(src/ar4_ros_driver/annin_ar4_firmware/AR4_nano) by extensions ['ignore', 'ignore_ament_install']
[0.137s] Level 1:colcon.colcon_core.package_identification:_identify(src/ar4_ros_driver/annin_ar4_firmware/AR4_nano) by extension 'ignore'
[0.137s] Level 1:colcon.colcon_core.package_identification:_identify(src/ar4_ros_driver/annin_ar4_firmware/AR4_nano) by extension 'ignore_ament_install'
[0.137s] Level 1:colcon.colcon_core.package_identification:_identify(src/ar4_ros_driver/annin_ar4_firmware/AR4_nano) by extensions ['colcon_pkg']
[0.137s] Level 1:colcon.colcon_core.package_identification:_identify(src/ar4_ros_driver/annin_ar4_firmware/AR4_nano) by extension 'colcon_pkg'
[0.137s] Level 1:colcon.colcon_core.package_identification:_identify(src/ar4_ros_driver/annin_ar4_firmware/AR4_nano) by extensions ['colcon_meta']
[0.137s] Level 1:colcon.colcon_core.package_identification:_identify(src/ar4_ros_driver/annin_ar4_firmware/AR4_nano) by extension 'colcon_meta'
[0.137s] Level 1:colcon.colcon_core.package_identification:_identify(src/ar4_ros_driver/annin_ar4_firmware/AR4_nano) by extensions ['ros']
[0.137s] Level 1:colcon.colcon_core.package_identification:_identify(src/ar4_ros_driver/annin_ar4_firmware/AR4_nano) by extension 'ros'
[0.137s] Level 1:colcon.colcon_core.package_identification:_identify(src/ar4_ros_driver/annin_ar4_firmware/AR4_nano) by extensions ['cmake', 'python']
[0.137s] Level 1:colcon.colcon_core.package_identification:_identify(src/ar4_ros_driver/annin_ar4_firmware/AR4_nano) by extension 'cmake'
[0.137s] Level 1:colcon.colcon_core.package_identification:_identify(src/ar4_ros_driver/annin_ar4_firmware/AR4_nano) by extension 'python'
[0.137s] Level 1:colcon.colcon_core.package_identification:_identify(src/ar4_ros_driver/annin_ar4_firmware/AR4_nano) by extensions ['python_setup_py']
[0.137s] Level 1:colcon.colcon_core.package_identification:_identify(src/ar4_ros_driver/annin_ar4_firmware/AR4_nano) by extension 'python_setup_py'
[0.137s] Level 1:colcon.colcon_core.package_identification:_identify(src/ar4_ros_driver/annin_ar4_firmware/AR4_teensy) by extensions ['ignore', 'ignore_ament_install']
[0.137s] Level 1:colcon.colcon_core.package_identification:_identify(src/ar4_ros_driver/annin_ar4_firmware/AR4_teensy) by extension 'ignore'
[0.137s] Level 1:colcon.colcon_core.package_identification:_identify(src/ar4_ros_driver/annin_ar4_firmware/AR4_teensy) by extension 'ignore_ament_install'
[0.137s] Level 1:colcon.colcon_core.package_identification:_identify(src/ar4_ros_driver/annin_ar4_firmware/AR4_teensy) by extensions ['colcon_pkg']
[0.137s] Level 1:colcon.colcon_core.package_identification:_identify(src/ar4_ros_driver/annin_ar4_firmware/AR4_teensy) by extension 'colcon_pkg'
[0.137s] Level 1:colcon.colcon_core.package_identification:_identify(src/ar4_ros_driver/annin_ar4_firmware/AR4_teensy) by extensions ['colcon_meta']
[0.137s] Level 1:colcon.colcon_core.package_identification:_identify(src/ar4_ros_driver/annin_ar4_firmware/AR4_teensy) by extension 'colcon_meta'
[0.137s] Level 1:colcon.colcon_core.package_identification:_identify(src/ar4_ros_driver/annin_ar4_firmware/AR4_teensy) by extensions ['ros']
[0.137s] Level 1:colcon.colcon_core.package_identification:_identify(src/ar4_ros_driver/annin_ar4_firmware/AR4_teensy) by extension 'ros'
[0.137s] Level 1:colcon.colcon_core.package_identification:_identify(src/ar4_ros_driver/annin_ar4_firmware/AR4_teensy) by extensions ['cmake', 'python']
[0.137s] Level 1:colcon.colcon_core.package_identification:_identify(src/ar4_ros_driver/annin_ar4_firmware/AR4_teensy) by extension 'cmake'
[0.137s] Level 1:colcon.colcon_core.package_identification:_identify(src/ar4_ros_driver/annin_ar4_firmware/AR4_teensy) by extension 'python'
[0.138s] Level 1:colcon.colcon_core.package_identification:_identify(src/ar4_ros_driver/annin_ar4_firmware/AR4_teensy) by extensions ['python_setup_py']
[0.138s] Level 1:colcon.colcon_core.package_identification:_identify(src/ar4_ros_driver/annin_ar4_firmware/AR4_teensy) by extension 'python_setup_py'
[0.138s] Level 1:colcon.colcon_core.package_identification:_identify(src/ar4_ros_driver/annin_ar4_gazebo) by extensions ['ignore', 'ignore_ament_install']
[0.138s] Level 1:colcon.colcon_core.package_identification:_identify(src/ar4_ros_driver/annin_ar4_gazebo) by extension 'ignore'
[0.138s] Level 1:colcon.colcon_core.package_identification:_identify(src/ar4_ros_driver/annin_ar4_gazebo) by extension 'ignore_ament_install'
[0.138s] Level 1:colcon.colcon_core.package_identification:_identify(src/ar4_ros_driver/annin_ar4_gazebo) by extensions ['colcon_pkg']
[0.138s] Level 1:colcon.colcon_core.package_identification:_identify(src/ar4_ros_driver/annin_ar4_gazebo) by extension 'colcon_pkg'
[0.138s] Level 1:colcon.colcon_core.package_identification:_identify(src/ar4_ros_driver/annin_ar4_gazebo) by extensions ['colcon_meta']
[0.138s] Level 1:colcon.colcon_core.package_identification:_identify(src/ar4_ros_driver/annin_ar4_gazebo) by extension 'colcon_meta'
[0.138s] Level 1:colcon.colcon_core.package_identification:_identify(src/ar4_ros_driver/annin_ar4_gazebo) by extensions ['ros']
[0.138s] Level 1:colcon.colcon_core.package_identification:_identify(src/ar4_ros_driver/annin_ar4_gazebo) by extension 'ros'
[0.138s] DEBUG:colcon.colcon_core.package_identification:Package 'src/ar4_ros_driver/annin_ar4_gazebo' with type 'ros.ament_cmake' and name 'annin_ar4_gazebo'
[0.138s] Level 1:colcon.colcon_core.package_identification:_identify(src/ar4_ros_driver/annin_ar4_moveit_config) by extensions ['ignore', 'ignore_ament_install']
[0.138s] Level 1:colcon.colcon_core.package_identification:_identify(src/ar4_ros_driver/annin_ar4_moveit_config) by extension 'ignore'
[0.138s] Level 1:colcon.colcon_core.package_identification:_identify(src/ar4_ros_driver/annin_ar4_moveit_config) by extension 'ignore_ament_install'
[0.138s] Level 1:colcon.colcon_core.package_identification:_identify(src/ar4_ros_driver/annin_ar4_moveit_config) by extensions ['colcon_pkg']
[0.138s] Level 1:colcon.colcon_core.package_identification:_identify(src/ar4_ros_driver/annin_ar4_moveit_config) by extension 'colcon_pkg'
[0.138s] Level 1:colcon.colcon_core.package_identification:_identify(src/ar4_ros_driver/annin_ar4_moveit_config) by extensions ['colcon_meta']
[0.138s] Level 1:colcon.colcon_core.package_identification:_identify(src/ar4_ros_driver/annin_ar4_moveit_config) by extension 'colcon_meta'
[0.139s] Level 1:colcon.colcon_core.package_identification:_identify(src/ar4_ros_driver/annin_ar4_moveit_config) by extensions ['ros']
[0.139s] Level 1:colcon.colcon_core.package_identification:_identify(src/ar4_ros_driver/annin_ar4_moveit_config) by extension 'ros'
[0.139s] DEBUG:colcon.colcon_core.package_identification:Package 'src/ar4_ros_driver/annin_ar4_moveit_config' with type 'ros.ament_cmake' and name 'annin_ar4_moveit_config'
[0.139s] Level 1:colcon.colcon_core.package_identification:_identify(src/ar4_ros_driver/docs) by extensions ['ignore', 'ignore_ament_install']
[0.139s] Level 1:colcon.colcon_core.package_identification:_identify(src/ar4_ros_driver/docs) by extension 'ignore'
[0.139s] Level 1:colcon.colcon_core.package_identification:_identify(src/ar4_ros_driver/docs) by extension 'ignore_ament_install'
[0.139s] Level 1:colcon.colcon_core.package_identification:_identify(src/ar4_ros_driver/docs) by extensions ['colcon_pkg']
[0.139s] Level 1:colcon.colcon_core.package_identification:_identify(src/ar4_ros_driver/docs) by extension 'colcon_pkg'
[0.139s] Level 1:colcon.colcon_core.package_identification:_identify(src/ar4_ros_driver/docs) by extensions ['colcon_meta']
[0.139s] Level 1:colcon.colcon_core.package_identification:_identify(src/ar4_ros_driver/docs) by extension 'colcon_meta'
[0.139s] Level 1:colcon.colcon_core.package_identification:_identify(src/ar4_ros_driver/docs) by extensions ['ros']
[0.139s] Level 1:colcon.colcon_core.package_identification:_identify(src/ar4_ros_driver/docs) by extension 'ros'
[0.139s] Level 1:colcon.colcon_core.package_identification:_identify(src/ar4_ros_driver/docs) by extensions ['cmake', 'python']
[0.139s] Level 1:colcon.colcon_core.package_identification:_identify(src/ar4_ros_driver/docs) by extension 'cmake'
[0.139s] Level 1:colcon.colcon_core.package_identification:_identify(src/ar4_ros_driver/docs) by extension 'python'
[0.139s] Level 1:colcon.colcon_core.package_identification:_identify(src/ar4_ros_driver/docs) by extensions ['python_setup_py']
[0.139s] Level 1:colcon.colcon_core.package_identification:_identify(src/ar4_ros_driver/docs) by extension 'python_setup_py'
[0.139s] Level 1:colcon.colcon_core.package_identification:_identify(src/pose_gui) by extensions ['ignore', 'ignore_ament_install']
[0.139s] Level 1:colcon.colcon_core.package_identification:_identify(src/pose_gui) by extension 'ignore'
[0.139s] Level 1:colcon.colcon_core.package_identification:_identify(src/pose_gui) by extension 'ignore_ament_install'
[0.139s] Level 1:colcon.colcon_core.package_identification:_identify(src/pose_gui) by extensions ['colcon_pkg']
[0.139s] Level 1:colcon.colcon_core.package_identification:_identify(src/pose_gui) by extension 'colcon_pkg'
[0.139s] Level 1:colcon.colcon_core.package_identification:_identify(src/pose_gui) by extensions ['colcon_meta']
[0.139s] Level 1:colcon.colcon_core.package_identification:_identify(src/pose_gui) by extension 'colcon_meta'
[0.139s] Level 1:colcon.colcon_core.package_identification:_identify(src/pose_gui) by extensions ['ros']
[0.139s] Level 1:colcon.colcon_core.package_identification:_identify(src/pose_gui) by extension 'ros'
[0.140s] DEBUG:colcon.colcon_core.package_identification:Package 'src/pose_gui' with type 'ros.ament_python' and name 'pose_gui'
[0.140s] Level 1:colcon.colcon_core.package_identification:_identify(src/programs_cpp) by extensions ['ignore', 'ignore_ament_install']
[0.140s] Level 1:colcon.colcon_core.package_identification:_identify(src/programs_cpp) by extension 'ignore'
[0.140s] Level 1:colcon.colcon_core.package_identification:_identify(src/programs_cpp) by extension 'ignore_ament_install'
[0.140s] Level 1:colcon.colcon_core.package_identification:_identify(src/programs_cpp) by extensions ['colcon_pkg']
[0.140s] Level 1:colcon.colcon_core.package_identification:_identify(src/programs_cpp) by extension 'colcon_pkg'
[0.140s] Level 1:colcon.colcon_core.package_identification:_identify(src/programs_cpp) by extensions ['colcon_meta']
[0.140s] Level 1:colcon.colcon_core.package_identification:_identify(src/programs_cpp) by extension 'colcon_meta'
[0.140s] Level 1:colcon.colcon_core.package_identification:_identify(src/programs_cpp) by extensions ['ros']
[0.140s] Level 1:colcon.colcon_core.package_identification:_identify(src/programs_cpp) by extension 'ros'
[0.141s] DEBUG:colcon.colcon_core.package_identification:Package 'src/programs_cpp' with type 'ros.ament_cmake' and name 'programs_cpp'
[0.141s] Level 1:colcon.colcon_core.package_discovery:discover_packages(recursive) using defaults
[0.141s] Level 1:colcon.colcon_core.package_discovery:discover_packages(ignore) discover
[0.141s] Level 1:colcon.colcon_core.package_discovery:discover_packages(ignore) using defaults
[0.141s] Level 1:colcon.colcon_core.package_discovery:discover_packages(path) discover
[0.141s] Level 1:colcon.colcon_core.package_discovery:discover_packages(path) using defaults
[0.155s] Level 1:colcon.colcon_core.package_discovery:discover_packages(prefix_path) check parameters
[0.156s] Level 1:colcon.colcon_core.package_discovery:discover_packages(prefix_path) discover
[0.157s] DEBUG:colcon.colcon_installed_package_information.package_discovery:Found 15 installed packages in /home/karroyabreu/ar4/install
[0.158s] DEBUG:colcon.colcon_installed_package_information.package_discovery:Found 16 installed packages in /home/karroyabreu/workspace/install
[0.159s] DEBUG:colcon.colcon_installed_package_information.package_discovery:Found 437 installed packages in /opt/ros/jazzy
[0.160s] Level 1:colcon.colcon_core.package_discovery:discover_packages(prefix_path) using defaults
[0.200s] Level 5:colcon.colcon_core.verb:set package 'annin_ar4_description' build argument 'cmake_args' from command line to 'None'
[0.200s] Level 5:colcon.colcon_core.verb:set package 'annin_ar4_description' build argument 'cmake_target' from command line to 'None'
[0.200s] Level 5:colcon.colcon_core.verb:set package 'annin_ar4_description' build argument 'cmake_target_skip_unavailable' from command line to 'False'
[0.200s] Level 5:colcon.colcon_core.verb:set package 'annin_ar4_description' build argument 'cmake_clean_cache' from command line to 'False'
[0.200s] Level 5:colcon.colcon_core.verb:set package 'annin_ar4_description' build argument 'cmake_clean_first' from command line to 'False'
[0.200s] Level 5:colcon.colcon_core.verb:set package 'annin_ar4_description' build argument 'cmake_force_configure' from command line to 'False'
[0.200s] Level 5:colcon.colcon_core.verb:set package 'annin_ar4_description' build argument 'ament_cmake_args' from command line to 'None'
[0.200s] Level 5:colcon.colcon_core.verb:set package 'annin_ar4_description' build argument 'catkin_cmake_args' from command line to 'None'
[0.200s] Level 5:colcon.colcon_core.verb:set package 'annin_ar4_description' build argument 'catkin_skip_building_tests' from command line to 'False'
[0.200s] DEBUG:colcon.colcon_core.verb:Building package 'annin_ar4_description' with the following arguments: {'ament_cmake_args': None, 'build_base': '/home/karroyabreu/ar4/build/annin_ar4_description', 'catkin_cmake_args': None, 'catkin_skip_building_tests': False, 'cmake_args': None, 'cmake_clean_cache': False, 'cmake_clean_first': False, 'cmake_force_configure': False, 'cmake_target': None, 'cmake_target_skip_unavailable': False, 'install_base': '/home/karroyabreu/ar4/install/annin_ar4_description', 'merge_install': False, 'path': '/home/karroyabreu/ar4/src/ar4_ros_driver/annin_ar4_description', 'symlink_install': False, 'test_result_base': None}
[0.200s] Level 5:colcon.colcon_core.verb:set package 'pose_gui' build argument 'cmake_args' from command line to 'None'
[0.200s] Level 5:colcon.colcon_core.verb:set package 'pose_gui' build argument 'cmake_target' from command line to 'None'
[0.200s] Level 5:colcon.colcon_core.verb:set package 'pose_gui' build argument 'cmake_target_skip_unavailable' from command line to 'False'
[0.200s] Level 5:colcon.colcon_core.verb:set package 'pose_gui' build argument 'cmake_clean_cache' from command line to 'False'
[0.200s] Level 5:colcon.colcon_core.verb:set package 'pose_gui' build argument 'cmake_clean_first' from command line to 'False'
[0.200s] Level 5:colcon.colcon_core.verb:set package 'pose_gui' build argument 'cmake_force_configure' from command line to 'False'
[0.200s] Level 5:colcon.colcon_core.verb:set package 'pose_gui' build argument 'ament_cmake_args' from command line to 'None'
[0.200s] Level 5:colcon.colcon_core.verb:set package 'pose_gui' build argument 'catkin_cmake_args' from command line to 'None'
[0.200s] Level 5:colcon.colcon_core.verb:set package 'pose_gui' build argument 'catkin_skip_building_tests' from command line to 'False'
[0.200s] DEBUG:colcon.colcon_core.verb:Building package 'pose_gui' with the following arguments: {'ament_cmake_args': None, 'build_base': '/home/karroyabreu/ar4/build/pose_gui', 'catkin_cmake_args': None, 'catkin_skip_building_tests': False, 'cmake_args': None, 'cmake_clean_cache': False, 'cmake_clean_first': False, 'cmake_force_configure': False, 'cmake_target': None, 'cmake_target_skip_unavailable': False, 'install_base': '/home/karroyabreu/ar4/install/pose_gui', 'merge_install': False, 'path': '/home/karroyabreu/ar4/src/pose_gui', 'symlink_install': False, 'test_result_base': None}
[0.200s] Level 5:colcon.colcon_core.verb:set package 'programs_cpp' build argument 'cmake_args' from command line to 'None'
[0.200s] Level 5:colcon.colcon_core.verb:set package 'programs_cpp' build argument 'cmake_target' from command line to 'None'
[0.200s] Level 5:colcon.colcon_core.verb:set package 'programs_cpp' build argument 'cmake_target_skip_unavailable' from command line to 'False'
[0.200s] Level 5:colcon.colcon_core.verb:set package 'programs_cpp' build argument 'cmake_clean_cache' from command line to 'False'
[0.200s] Level 5:colcon.colcon_core.verb:set package 'programs_cpp' build argument 'cmake_clean_first' from command line to 'False'
[0.200s] Level 5:colcon.colcon_core.verb:set package 'programs_cpp' build argument 'cmake_force_configure' from command line to 'False'
[0.201s] Level 5:colcon.colcon_core.verb:set package 'programs_cpp' build argument 'ament_cmake_args' from command line to 'None'
[0.201s] Level 5:colcon.colcon_core.verb:set package 'programs_cpp' build argument 'catkin_cmake_args' from command line to 'None'
[0.201s] Level 5:colcon.colcon_core.verb:set package 'programs_cpp' build argument 'catkin_skip_building_tests' from command line to 'False'
[0.201s] DEBUG:colcon.colcon_core.verb:Building package 'programs_cpp' with the following arguments: {'ament_cmake_args': None, 'build_base': '/home/karroyabreu/ar4/build/programs_cpp', 'catkin_cmake_args': None, 'catkin_skip_building_tests': False, 'cmake_args': None, 'cmake_clean_cache': False, 'cmake_clean_first': False, 'cmake_force_configure': False, 'cmake_target': None, 'cmake_target_skip_unavailable': False, 'install_base': '/home/karroyabreu/ar4/install/programs_cpp', 'merge_install': False, 'path': '/home/karroyabreu/ar4/src/programs_cpp', 'symlink_install': False, 'test_result_base': None}
[0.201s] Level 5:colcon.colcon_core.verb:set package 'annin_ar4_driver' build argument 'cmake_args' from command line to 'None'
[0.201s] Level 5:colcon.colcon_core.verb:set package 'annin_ar4_driver' build argument 'cmake_target' from command line to 'None'
[0.201s] Level 5:colcon.colcon_core.verb:set package 'annin_ar4_driver' build argument 'cmake_target_skip_unavailable' from command line to 'False'
[0.201s] Level 5:colcon.colcon_core.verb:set package 'annin_ar4_driver' build argument 'cmake_clean_cache' from command line to 'False'
[0.201s] Level 5:colcon.colcon_core.verb:set package 'annin_ar4_driver' build argument 'cmake_clean_first' from command line to 'False'
[0.201s] Level 5:colcon.colcon_core.verb:set package 'annin_ar4_driver' build argument 'cmake_force_configure' from command line to 'False'
[0.201s] Level 5:colcon.colcon_core.verb:set package 'annin_ar4_driver' build argument 'ament_cmake_args' from command line to 'None'
[0.201s] Level 5:colcon.colcon_core.verb:set package 'annin_ar4_driver' build argument 'catkin_cmake_args' from command line to 'None'
[0.201s] Level 5:colcon.colcon_core.verb:set package 'annin_ar4_driver' build argument 'catkin_skip_building_tests' from command line to 'False'
[0.201s] DEBUG:colcon.colcon_core.verb:Building package 'annin_ar4_driver' with the following arguments: {'ament_cmake_args': None, 'build_base': '/home/karroyabreu/ar4/build/annin_ar4_driver', 'catkin_cmake_args': None, 'catkin_skip_building_tests': False, 'cmake_args': None, 'cmake_clean_cache': False, 'cmake_clean_first': False, 'cmake_force_configure': False, 'cmake_target': None, 'cmake_target_skip_unavailable': False, 'install_base': '/home/karroyabreu/ar4/install/annin_ar4_driver', 'merge_install': False, 'path': '/home/karroyabreu/ar4/src/ar4_ros_driver/annin_ar4_driver', 'symlink_install': False, 'test_result_base': None}
[0.201s] Level 5:colcon.colcon_core.verb:set package 'annin_ar4_moveit_config' build argument 'cmake_args' from command line to 'None'
[0.201s] Level 5:colcon.colcon_core.verb:set package 'annin_ar4_moveit_config' build argument 'cmake_target' from command line to 'None'
[0.201s] Level 5:colcon.colcon_core.verb:set package 'annin_ar4_moveit_config' build argument 'cmake_target_skip_unavailable' from command line to 'False'
[0.201s] Level 5:colcon.colcon_core.verb:set package 'annin_ar4_moveit_config' build argument 'cmake_clean_cache' from command line to 'False'
[0.201s] Level 5:colcon.colcon_core.verb:set package 'annin_ar4_moveit_config' build argument 'cmake_clean_first' from command line to 'False'
[0.201s] Level 5:colcon.colcon_core.verb:set package 'annin_ar4_moveit_config' build argument 'cmake_force_configure' from command line to 'False'
[0.201s] Level 5:colcon.colcon_core.verb:set package 'annin_ar4_moveit_config' build argument 'ament_cmake_args' from command line to 'None'
[0.201s] Level 5:colcon.colcon_core.verb:set package 'annin_ar4_moveit_config' build argument 'catkin_cmake_args' from command line to 'None'
[0.201s] Level 5:colcon.colcon_core.verb:set package 'annin_ar4_moveit_config' build argument 'catkin_skip_building_tests' from command line to 'False'
[0.201s] DEBUG:colcon.colcon_core.verb:Building package 'annin_ar4_moveit_config' with the following arguments: {'ament_cmake_args': None, 'build_base': '/home/karroyabreu/ar4/build/annin_ar4_moveit_config', 'catkin_cmake_args': None, 'catkin_skip_building_tests': False, 'cmake_args': None, 'cmake_clean_cache': False, 'cmake_clean_first': False, 'cmake_force_configure': False, 'cmake_target': None, 'cmake_target_skip_unavailable': False, 'install_base': '/home/karroyabreu/ar4/install/annin_ar4_moveit_config', 'merge_install': False, 'path': '/home/karroyabreu/ar4/src/ar4_ros_driver/annin_ar4_moveit_config', 'symlink_install': False, 'test_result_base': None}
[0.201s] Level 5:colcon.colcon_core.verb:set package 'annin_ar4_gazebo' build argument 'cmake_args' from command line to 'None'
[0.201s] Level 5:colcon.colcon_core.verb:set package 'annin_ar4_gazebo' build argument 'cmake_target' from command line to 'None'
[0.201s] Level 5:colcon.colcon_core.verb:set package 'annin_ar4_gazebo' build argument 'cmake_target_skip_unavailable' from command line to 'False'
[0.201s] Level 5:colcon.colcon_core.verb:set package 'annin_ar4_gazebo' build argument 'cmake_clean_cache' from command line to 'False'
[0.201s] Level 5:colcon.colcon_core.verb:set package 'annin_ar4_gazebo' build argument 'cmake_clean_first' from command line to 'False'
[0.201s] Level 5:colcon.colcon_core.verb:set package 'annin_ar4_gazebo' build argument 'cmake_force_configure' from command line to 'False'
[0.201s] Level 5:colcon.colcon_core.verb:set package 'annin_ar4_gazebo' build argument 'ament_cmake_args' from command line to 'None'
[0.201s] Level 5:colcon.colcon_core.verb:set package 'annin_ar4_gazebo' build argument 'catkin_cmake_args' from command line to 'None'
[0.201s] Level 5:colcon.colcon_core.verb:set package 'annin_ar4_gazebo' build argument 'catkin_skip_building_tests' from command line to 'False'
[0.201s] DEBUG:colcon.colcon_core.verb:Building package 'annin_ar4_gazebo' with the following arguments: {'ament_cmake_args': None, 'build_base': '/home/karroyabreu/ar4/build/annin_ar4_gazebo', 'catkin_cmake_args': None, 'catkin_skip_building_tests': False, 'cmake_args': None, 'cmake_clean_cache': False, 'cmake_clean_first': False, 'cmake_force_configure': False, 'cmake_target': None, 'cmake_target_skip_unavailable': False, 'install_base': '/home/karroyabreu/ar4/install/annin_ar4_gazebo', 'merge_install': False, 'path': '/home/karroyabreu/ar4/src/ar4_ros_driver/annin_ar4_gazebo', 'symlink_install': False, 'test_result_base': None}
[0.201s] INFO:colcon.colcon_core.executor:Executing jobs using 'parallel' executor
[0.202s] DEBUG:colcon.colcon_parallel_executor.executor.parallel:run_until_complete
[0.202s] INFO:colcon.colcon_ros.task.ament_cmake.build:Building ROS package in '/home/karroyabreu/ar4/src/ar4_ros_driver/annin_ar4_description' with build type 'ament_cmake'
[0.202s] INFO:colcon.colcon_cmake.task.cmake.build:Building CMake package in '/home/karroyabreu/ar4/src/ar4_ros_driver/annin_ar4_description'
[0.204s] INFO:colcon.colcon_core.plugin_system:Skipping extension 'colcon_core.shell.bat': Not used on non-Windows systems
[0.204s] INFO:colcon.colcon_core.shell:Skip shell extension 'powershell' for command environment: Not usable outside of PowerShell
[0.204s] DEBUG:colcon.colcon_core.shell:Skip shell extension 'dsv' for command environment
[0.207s] INFO:colcon.colcon_ros.task.ament_python.build:Building ROS package in '/home/karroyabreu/ar4/src/pose_gui' with build type 'ament_python'
[0.207s] Level 1:colcon.colcon_core.shell:create_environment_hook('pose_gui', 'ament_prefix_path')
[0.207s] INFO:colcon.colcon_core.shell:Creating environment hook '/home/karroyabreu/ar4/install/pose_gui/share/pose_gui/hook/ament_prefix_path.ps1'
[0.208s] INFO:colcon.colcon_core.shell:Creating environment descriptor '/home/karroyabreu/ar4/install/pose_gui/share/pose_gui/hook/ament_prefix_path.dsv'
[0.208s] INFO:colcon.colcon_core.shell:Creating environment hook '/home/karroyabreu/ar4/install/pose_gui/share/pose_gui/hook/ament_prefix_path.sh'
[0.208s] INFO:colcon.colcon_core.shell:Skip shell extension 'powershell' for command environment: Not usable outside of PowerShell
[0.208s] DEBUG:colcon.colcon_core.shell:Skip shell extension 'dsv' for command environment
[0.211s] INFO:colcon.colcon_ros.task.ament_cmake.build:Building ROS package in '/home/karroyabreu/ar4/src/programs_cpp' with build type 'ament_cmake'
[0.211s] INFO:colcon.colcon_cmake.task.cmake.build:Building CMake package in '/home/karroyabreu/ar4/src/programs_cpp'
[0.211s] INFO:colcon.colcon_core.shell:Skip shell extension 'powershell' for command environment: Not usable outside of PowerShell
[0.211s] DEBUG:colcon.colcon_core.shell:Skip shell extension 'dsv' for command environment
[0.217s] DEBUG:colcon.colcon_core.event_handler.log_command:Invoking command in '/home/karroyabreu/ar4/build/annin_ar4_description': CMAKE_PREFIX_PATH=${CMAKE_PREFIX_PATH}:/home/karroyabreu/ar4/install/pose_gui:/opt/ros/jazzy DEBUGINFOD_URLS=https://debuginfod.ubuntu.com /usr/bin/cmake --build /home/karroyabreu/ar4/build/annin_ar4_description -- -j22 -l22
[0.389s] INFO:colcon.colcon_core.task.python.build:Building Python package in '/home/karroyabreu/ar4/src/pose_gui'
[0.389s] INFO:colcon.colcon_core.shell:Skip shell extension 'powershell' for command environment: Not usable outside of PowerShell
[0.389s] DEBUG:colcon.colcon_core.shell:Skip shell extension 'dsv' for command environment
[0.394s] DEBUG:colcon.colcon_core.event_handler.log_command:Invoked command in '/home/karroyabreu/ar4/build/annin_ar4_description' returned '0': CMAKE_PREFIX_PATH=${CMAKE_PREFIX_PATH}:/home/karroyabreu/ar4/install/pose_gui:/opt/ros/jazzy DEBUGINFOD_URLS=https://debuginfod.ubuntu.com /usr/bin/cmake --build /home/karroyabreu/ar4/build/annin_ar4_description -- -j22 -l22
[0.403s] DEBUG:colcon.colcon_core.event_handler.log_command:Invoking command in '/home/karroyabreu/ar4/build/annin_ar4_description': CMAKE_PREFIX_PATH=${CMAKE_PREFIX_PATH}:/home/karroyabreu/ar4/install/pose_gui:/opt/ros/jazzy DEBUGINFOD_URLS=https://debuginfod.ubuntu.com /usr/bin/cmake --install /home/karroyabreu/ar4/build/annin_ar4_description
[0.405s] DEBUG:colcon.colcon_core.event_handler.log_command:Invoking command in '/home/karroyabreu/ar4/build/programs_cpp': CMAKE_PREFIX_PATH=${CMAKE_PREFIX_PATH}:/home/karroyabreu/ar4/install/pose_gui:/opt/ros/jazzy DEBUGINFOD_URLS=https://debuginfod.ubuntu.com /usr/bin/cmake --build /home/karroyabreu/ar4/build/programs_cpp -- -j22 -l22
[0.412s] Level 1:colcon.colcon_core.environment:create_environment_scripts_only(annin_ar4_description)
[0.413s] DEBUG:colcon.colcon_core.event_handler.log_command:Invoked command in '/home/karroyabreu/ar4/build/annin_ar4_description' returned '0': CMAKE_PREFIX_PATH=${CMAKE_PREFIX_PATH}:/home/karroyabreu/ar4/install/pose_gui:/opt/ros/jazzy DEBUGINFOD_URLS=https://debuginfod.ubuntu.com /usr/bin/cmake --install /home/karroyabreu/ar4/build/annin_ar4_description
[0.414s] Level 1:colcon.colcon_core.environment:checking '/home/karroyabreu/ar4/install/annin_ar4_description' for CMake module files
[0.414s] Level 1:colcon.colcon_core.environment:checking '/home/karroyabreu/ar4/install/annin_ar4_description' for CMake config files
[0.414s] Level 1:colcon.colcon_core.shell:create_environment_hook('annin_ar4_description', 'cmake_prefix_path')
[0.414s] INFO:colcon.colcon_core.shell:Creating environment hook '/home/karroyabreu/ar4/install/annin_ar4_description/share/annin_ar4_description/hook/cmake_prefix_path.ps1'
[0.415s] INFO:colcon.colcon_core.shell:Creating environment descriptor '/home/karroyabreu/ar4/install/annin_ar4_description/share/annin_ar4_description/hook/cmake_prefix_path.dsv'
[0.415s] INFO:colcon.colcon_core.shell:Creating environment hook '/home/karroyabreu/ar4/install/annin_ar4_description/share/annin_ar4_description/hook/cmake_prefix_path.sh'
[0.416s] Level 1:colcon.colcon_core.environment:checking '/home/karroyabreu/ar4/install/annin_ar4_description/bin'
[0.416s] Level 1:colcon.colcon_core.environment:checking '/home/karroyabreu/ar4/install/annin_ar4_description/lib/pkgconfig/annin_ar4_description.pc'
[0.416s] Level 1:colcon.colcon_core.environment:checking '/home/karroyabreu/ar4/install/annin_ar4_description/lib/python3.12/site-packages'
[0.416s] Level 1:colcon.colcon_core.environment:checking '/home/karroyabreu/ar4/install/annin_ar4_description/bin'
[0.416s] INFO:colcon.colcon_core.shell:Creating package script '/home/karroyabreu/ar4/install/annin_ar4_description/share/annin_ar4_description/package.ps1'
[0.417s] INFO:colcon.colcon_core.shell:Creating package descriptor '/home/karroyabreu/ar4/install/annin_ar4_description/share/annin_ar4_description/package.dsv'
[0.417s] INFO:colcon.colcon_core.shell:Creating package script '/home/karroyabreu/ar4/install/annin_ar4_description/share/annin_ar4_description/package.sh'
[0.417s] INFO:colcon.colcon_core.shell:Creating package script '/home/karroyabreu/ar4/install/annin_ar4_description/share/annin_ar4_description/package.bash'
[0.418s] INFO:colcon.colcon_core.shell:Creating package script '/home/karroyabreu/ar4/install/annin_ar4_description/share/annin_ar4_description/package.zsh'
[0.418s] Level 1:colcon.colcon_core.environment:create_file_with_runtime_dependencies(/home/karroyabreu/ar4/install/annin_ar4_description/share/colcon-core/packages/annin_ar4_description)
[0.419s] Level 1:colcon.colcon_core.environment:create_environment_scripts_only(annin_ar4_description)
[0.419s] Level 1:colcon.colcon_core.environment:checking '/home/karroyabreu/ar4/install/annin_ar4_description' for CMake module files
[0.419s] Level 1:colcon.colcon_core.environment:checking '/home/karroyabreu/ar4/install/annin_ar4_description' for CMake config files
[0.419s] Level 1:colcon.colcon_core.shell:create_environment_hook('annin_ar4_description', 'cmake_prefix_path')
[0.419s] INFO:colcon.colcon_core.shell:Creating environment hook '/home/karroyabreu/ar4/install/annin_ar4_description/share/annin_ar4_description/hook/cmake_prefix_path.ps1'
[0.419s] INFO:colcon.colcon_core.shell:Creating environment descriptor '/home/karroyabreu/ar4/install/annin_ar4_description/share/annin_ar4_description/hook/cmake_prefix_path.dsv'
[0.419s] INFO:colcon.colcon_core.shell:Creating environment hook '/home/karroyabreu/ar4/install/annin_ar4_description/share/annin_ar4_description/hook/cmake_prefix_path.sh'
[0.420s] Level 1:colcon.colcon_core.environment:checking '/home/karroyabreu/ar4/install/annin_ar4_description/bin'
[0.420s] Level 1:colcon.colcon_core.environment:checking '/home/karroyabreu/ar4/install/annin_ar4_description/lib/pkgconfig/annin_ar4_description.pc'
[0.420s] Level 1:colcon.colcon_core.environment:checking '/home/karroyabreu/ar4/install/annin_ar4_description/lib/python3.12/site-packages'
[0.420s] Level 1:colcon.colcon_core.environment:checking '/home/karroyabreu/ar4/install/annin_ar4_description/bin'
[0.420s] INFO:colcon.colcon_core.shell:Creating package script '/home/karroyabreu/ar4/install/annin_ar4_description/share/annin_ar4_description/package.ps1'
[0.421s] INFO:colcon.colcon_core.shell:Creating package descriptor '/home/karroyabreu/ar4/install/annin_ar4_description/share/annin_ar4_description/package.dsv'
[0.421s] INFO:colcon.colcon_core.shell:Creating package script '/home/karroyabreu/ar4/install/annin_ar4_description/share/annin_ar4_description/package.sh'
[0.421s] INFO:colcon.colcon_core.shell:Creating package script '/home/karroyabreu/ar4/install/annin_ar4_description/share/annin_ar4_description/package.bash'
[0.421s] INFO:colcon.colcon_core.shell:Creating package script '/home/karroyabreu/ar4/install/annin_ar4_description/share/annin_ar4_description/package.zsh'
[0.421s] Level 1:colcon.colcon_core.environment:create_file_with_runtime_dependencies(/home/karroyabreu/ar4/install/annin_ar4_description/share/colcon-core/packages/annin_ar4_description)
[0.422s] INFO:colcon.colcon_ros.task.ament_cmake.build:Building ROS package in '/home/karroyabreu/ar4/src/ar4_ros_driver/annin_ar4_driver' with build type 'ament_cmake'
[0.422s] INFO:colcon.colcon_cmake.task.cmake.build:Building CMake package in '/home/karroyabreu/ar4/src/ar4_ros_driver/annin_ar4_driver'
[0.422s] INFO:colcon.colcon_core.shell:Skip shell extension 'powershell' for command environment: Not usable outside of PowerShell
[0.422s] DEBUG:colcon.colcon_core.shell:Skip shell extension 'dsv' for command environment
[0.425s] INFO:colcon.colcon_ros.task.ament_cmake.build:Building ROS package in '/home/karroyabreu/ar4/src/ar4_ros_driver/annin_ar4_moveit_config' with build type 'ament_cmake'
[0.425s] INFO:colcon.colcon_cmake.task.cmake.build:Building CMake package in '/home/karroyabreu/ar4/src/ar4_ros_driver/annin_ar4_moveit_config'
[0.425s] INFO:colcon.colcon_core.shell:Skip shell extension 'powershell' for command environment: Not usable outside of PowerShell
[0.425s] DEBUG:colcon.colcon_core.shell:Skip shell extension 'dsv' for command environment
[0.431s] DEBUG:colcon.colcon_core.event_handler.log_command:Invoking command in '/home/karroyabreu/ar4/build/annin_ar4_driver': CMAKE_PREFIX_PATH=/home/karroyabreu/ar4/install/annin_ar4_description:/home/karroyabreu/ar4/install/programs_cpp:/usr/local:/home/karroyabreu/ar4/install/test_ros_gz_bridge:/home/karroyabreu/ar4/install/ros_gz:/home/karroyabreu/ar4/install/ros_gz_sim_demos:/home/karroyabreu/ar4/install/mec_mobile_gazebo:/home/karroyabreu/ar4/install/annin_ar4_gazebo:/home/karroyabreu/ar4/install/ros_gz_sim:/home/karroyabreu/ar4/install/ros_gz_image:/home/karroyabreu/ar4/install/ros_gz_bridge:/home/karroyabreu/ar4/install/ros_gz_interfaces:/home/karroyabreu/ar4/install/annin_ar4_moveit_config:/home/karroyabreu/ar4/install/annin_ar4_driver:/home/karroyabreu/workspace/install:/opt/ros/jazzy/opt/gz_sim_vendor:/opt/ros/jazzy/opt/gz_sensors_vendor:/opt/ros/jazzy/opt/gz_physics_vendor:/opt/ros/jazzy/opt/sdformat_vendor:/opt/ros/jazzy/opt/gz_gui_vendor:/opt/ros/jazzy/opt/gz_transport_vendor:/opt/ros/jazzy/opt/gz_rendering_vendor:/opt/ros/jazzy/opt/gz_plugin_vendor:/opt/ros/jazzy/opt/gz_fuel_tools_vendor:/opt/ros/jazzy/opt/gz_msgs_vendor:/opt/ros/jazzy/opt/gz_common_vendor:/opt/ros/jazzy/opt/gz_math_vendor:/opt/ros/jazzy/opt/gz_utils_vendor:/opt/ros/jazzy/opt/gz_tools_vendor:/opt/ros/jazzy/opt/gz_ogre_next_vendor:/opt/ros/jazzy/opt/gz_dartsim_vendor:/opt/ros/jazzy/opt/gz_cmake_vendor:/home/karroyabreu/ar4/install/pose_gui:/opt/ros/jazzy DEBUGINFOD_URLS=https://debuginfod.ubuntu.com /usr/bin/cmake --build /home/karroyabreu/ar4/build/annin_ar4_driver -- -j22 -l22
[0.433s] DEBUG:colcon.colcon_core.event_handler.log_command:Invoking command in '/home/karroyabreu/ar4/build/annin_ar4_moveit_config': CMAKE_PREFIX_PATH=/home/karroyabreu/ar4/install/annin_ar4_description:/home/karroyabreu/ar4/install/programs_cpp:/usr/local:/home/karroyabreu/ar4/install/test_ros_gz_bridge:/home/karroyabreu/ar4/install/ros_gz:/home/karroyabreu/ar4/install/ros_gz_sim_demos:/home/karroyabreu/ar4/install/mec_mobile_gazebo:/home/karroyabreu/ar4/install/annin_ar4_gazebo:/home/karroyabreu/ar4/install/ros_gz_sim:/home/karroyabreu/ar4/install/ros_gz_image:/home/karroyabreu/ar4/install/ros_gz_bridge:/home/karroyabreu/ar4/install/ros_gz_interfaces:/home/karroyabreu/ar4/install/annin_ar4_moveit_config:/home/karroyabreu/ar4/install/annin_ar4_driver:/home/karroyabreu/workspace/install:/opt/ros/jazzy/opt/gz_sim_vendor:/opt/ros/jazzy/opt/gz_sensors_vendor:/opt/ros/jazzy/opt/gz_physics_vendor:/opt/ros/jazzy/opt/sdformat_vendor:/opt/ros/jazzy/opt/gz_gui_vendor:/opt/ros/jazzy/opt/gz_transport_vendor:/opt/ros/jazzy/opt/gz_rendering_vendor:/opt/ros/jazzy/opt/gz_plugin_vendor:/opt/ros/jazzy/opt/gz_fuel_tools_vendor:/opt/ros/jazzy/opt/gz_msgs_vendor:/opt/ros/jazzy/opt/gz_common_vendor:/opt/ros/jazzy/opt/gz_math_vendor:/opt/ros/jazzy/opt/gz_utils_vendor:/opt/ros/jazzy/opt/gz_tools_vendor:/opt/ros/jazzy/opt/gz_ogre_next_vendor:/opt/ros/jazzy/opt/gz_dartsim_vendor:/opt/ros/jazzy/opt/gz_cmake_vendor:/home/karroyabreu/ar4/install/pose_gui:/opt/ros/jazzy DEBUGINFOD_URLS=https://debuginfod.ubuntu.com /usr/bin/cmake --build /home/karroyabreu/ar4/build/annin_ar4_moveit_config -- -j22 -l22
[0.466s] DEBUG:colcon.colcon_core.event_handler.log_command:Invoked command in '/home/karroyabreu/ar4/build/annin_ar4_moveit_config' returned '0': CMAKE_PREFIX_PATH=/home/karroyabreu/ar4/install/annin_ar4_description:/home/karroyabreu/ar4/install/programs_cpp:/usr/local:/home/karroyabreu/ar4/install/test_ros_gz_bridge:/home/karroyabreu/ar4/install/ros_gz:/home/karroyabreu/ar4/install/ros_gz_sim_demos:/home/karroyabreu/ar4/install/mec_mobile_gazebo:/home/karroyabreu/ar4/install/annin_ar4_gazebo:/home/karroyabreu/ar4/install/ros_gz_sim:/home/karroyabreu/ar4/install/ros_gz_image:/home/karroyabreu/ar4/install/ros_gz_bridge:/home/karroyabreu/ar4/install/ros_gz_interfaces:/home/karroyabreu/ar4/install/annin_ar4_moveit_config:/home/karroyabreu/ar4/install/annin_ar4_driver:/home/karroyabreu/workspace/install:/opt/ros/jazzy/opt/gz_sim_vendor:/opt/ros/jazzy/opt/gz_sensors_vendor:/opt/ros/jazzy/opt/gz_physics_vendor:/opt/ros/jazzy/opt/sdformat_vendor:/opt/ros/jazzy/opt/gz_gui_vendor:/opt/ros/jazzy/opt/gz_transport_vendor:/opt/ros/jazzy/opt/gz_rendering_vendor:/opt/ros/jazzy/opt/gz_plugin_vendor:/opt/ros/jazzy/opt/gz_fuel_tools_vendor:/opt/ros/jazzy/opt/gz_msgs_vendor:/opt/ros/jazzy/opt/gz_common_vendor:/opt/ros/jazzy/opt/gz_math_vendor:/opt/ros/jazzy/opt/gz_utils_vendor:/opt/ros/jazzy/opt/gz_tools_vendor:/opt/ros/jazzy/opt/gz_ogre_next_vendor:/opt/ros/jazzy/opt/gz_dartsim_vendor:/opt/ros/jazzy/opt/gz_cmake_vendor:/home/karroyabreu/ar4/install/pose_gui:/opt/ros/jazzy DEBUGINFOD_URLS=https://debuginfod.ubuntu.com /usr/bin/cmake --build /home/karroyabreu/ar4/build/annin_ar4_moveit_config -- -j22 -l22
[0.467s] DEBUG:colcon.colcon_core.event_handler.log_command:Invoking command in '/home/karroyabreu/ar4/build/annin_ar4_moveit_config': CMAKE_PREFIX_PATH=/home/karroyabreu/ar4/install/annin_ar4_description:/home/karroyabreu/ar4/install/programs_cpp:/usr/local:/home/karroyabreu/ar4/install/test_ros_gz_bridge:/home/karroyabreu/ar4/install/ros_gz:/home/karroyabreu/ar4/install/ros_gz_sim_demos:/home/karroyabreu/ar4/install/mec_mobile_gazebo:/home/karroyabreu/ar4/install/annin_ar4_gazebo:/home/karroyabreu/ar4/install/ros_gz_sim:/home/karroyabreu/ar4/install/ros_gz_image:/home/karroyabreu/ar4/install/ros_gz_bridge:/home/karroyabreu/ar4/install/ros_gz_interfaces:/home/karroyabreu/ar4/install/annin_ar4_moveit_config:/home/karroyabreu/ar4/install/annin_ar4_driver:/home/karroyabreu/workspace/install:/opt/ros/jazzy/opt/gz_sim_vendor:/opt/ros/jazzy/opt/gz_sensors_vendor:/opt/ros/jazzy/opt/gz_physics_vendor:/opt/ros/jazzy/opt/sdformat_vendor:/opt/ros/jazzy/opt/gz_gui_vendor:/opt/ros/jazzy/opt/gz_transport_vendor:/opt/ros/jazzy/opt/gz_rendering_vendor:/opt/ros/jazzy/opt/gz_plugin_vendor:/opt/ros/jazzy/opt/gz_fuel_tools_vendor:/opt/ros/jazzy/opt/gz_msgs_vendor:/opt/ros/jazzy/opt/gz_common_vendor:/opt/ros/jazzy/opt/gz_math_vendor:/opt/ros/jazzy/opt/gz_utils_vendor:/opt/ros/jazzy/opt/gz_tools_vendor:/opt/ros/jazzy/opt/gz_ogre_next_vendor:/opt/ros/jazzy/opt/gz_dartsim_vendor:/opt/ros/jazzy/opt/gz_cmake_vendor:/home/karroyabreu/ar4/install/pose_gui:/opt/ros/jazzy DEBUGINFOD_URLS=https://debuginfod.ubuntu.com /usr/bin/cmake --install /home/karroyabreu/ar4/build/annin_ar4_moveit_config
[0.475s] Level 1:colcon.colcon_core.environment:create_environment_scripts_only(annin_ar4_moveit_config)
[0.475s] Level 1:colcon.colcon_core.environment:checking '/home/karroyabreu/ar4/install/annin_ar4_moveit_config' for CMake module files
[0.475s] DEBUG:colcon.colcon_core.event_handler.log_command:Invoked command in '/home/karroyabreu/ar4/build/annin_ar4_moveit_config' returned '0': CMAKE_PREFIX_PATH=/home/karroyabreu/ar4/install/annin_ar4_description:/home/karroyabreu/ar4/install/programs_cpp:/usr/local:/home/karroyabreu/ar4/install/test_ros_gz_bridge:/home/karroyabreu/ar4/install/ros_gz:/home/karroyabreu/ar4/install/ros_gz_sim_demos:/home/karroyabreu/ar4/install/mec_mobile_gazebo:/home/karroyabreu/ar4/install/annin_ar4_gazebo:/home/karroyabreu/ar4/install/ros_gz_sim:/home/karroyabreu/ar4/install/ros_gz_image:/home/karroyabreu/ar4/install/ros_gz_bridge:/home/karroyabreu/ar4/install/ros_gz_interfaces:/home/karroyabreu/ar4/install/annin_ar4_moveit_config:/home/karroyabreu/ar4/install/annin_ar4_driver:/home/karroyabreu/workspace/install:/opt/ros/jazzy/opt/gz_sim_vendor:/opt/ros/jazzy/opt/gz_sensors_vendor:/opt/ros/jazzy/opt/gz_physics_vendor:/opt/ros/jazzy/opt/sdformat_vendor:/opt/ros/jazzy/opt/gz_gui_vendor:/opt/ros/jazzy/opt/gz_transport_vendor:/opt/ros/jazzy/opt/gz_rendering_vendor:/opt/ros/jazzy/opt/gz_plugin_vendor:/opt/ros/jazzy/opt/gz_fuel_tools_vendor:/opt/ros/jazzy/opt/gz_msgs_vendor:/opt/ros/jazzy/opt/gz_common_vendor:/opt/ros/jazzy/opt/gz_math_vendor:/opt/ros/jazzy/opt/gz_utils_vendor:/opt/ros/jazzy/opt/gz_tools_vendor:/opt/ros/jazzy/opt/gz_ogre_next_vendor:/opt/ros/jazzy/opt/gz_dartsim_vendor:/opt/ros/jazzy/opt/gz_cmake_vendor:/home/karroyabreu/ar4/install/pose_gui:/opt/ros/jazzy DEBUGINFOD_URLS=https://debuginfod.ubuntu.com /usr/bin/cmake --install /home/karroyabreu/ar4/build/annin_ar4_moveit_config
[0.476s] Level 1:colcon.colcon_core.environment:checking '/home/karroyabreu/ar4/install/annin_ar4_moveit_config' for CMake config files
[0.476s] Level 1:colcon.colcon_core.shell:create_environment_hook('annin_ar4_moveit_config', 'cmake_prefix_path')
[0.476s] INFO:colcon.colcon_core.shell:Creating environment hook '/home/karroyabreu/ar4/install/annin_ar4_moveit_config/share/annin_ar4_moveit_config/hook/cmake_prefix_path.ps1'
[0.477s] INFO:colcon.colcon_core.shell:Creating environment descriptor '/home/karroyabreu/ar4/install/annin_ar4_moveit_config/share/annin_ar4_moveit_config/hook/cmake_prefix_path.dsv'
[0.477s] INFO:colcon.colcon_core.shell:Creating environment hook '/home/karroyabreu/ar4/install/annin_ar4_moveit_config/share/annin_ar4_moveit_config/hook/cmake_prefix_path.sh'
[0.477s] Level 1:colcon.colcon_core.environment:checking '/home/karroyabreu/ar4/install/annin_ar4_moveit_config/bin'
[0.477s] Level 1:colcon.colcon_core.environment:checking '/home/karroyabreu/ar4/install/annin_ar4_moveit_config/lib/pkgconfig/annin_ar4_moveit_config.pc'
[0.478s] Level 1:colcon.colcon_core.environment:checking '/home/karroyabreu/ar4/install/annin_ar4_moveit_config/lib/python3.12/site-packages'
[0.478s] Level 1:colcon.colcon_core.environment:checking '/home/karroyabreu/ar4/install/annin_ar4_moveit_config/bin'
[0.478s] INFO:colcon.colcon_core.shell:Creating package script '/home/karroyabreu/ar4/install/annin_ar4_moveit_config/share/annin_ar4_moveit_config/package.ps1'
[0.478s] INFO:colcon.colcon_core.shell:Creating package descriptor '/home/karroyabreu/ar4/install/annin_ar4_moveit_config/share/annin_ar4_moveit_config/package.dsv'
[0.479s] INFO:colcon.colcon_core.shell:Creating package script '/home/karroyabreu/ar4/install/annin_ar4_moveit_config/share/annin_ar4_moveit_config/package.sh'
[0.479s] INFO:colcon.colcon_core.shell:Creating package script '/home/karroyabreu/ar4/install/annin_ar4_moveit_config/share/annin_ar4_moveit_config/package.bash'
[0.479s] INFO:colcon.colcon_core.shell:Creating package script '/home/karroyabreu/ar4/install/annin_ar4_moveit_config/share/annin_ar4_moveit_config/package.zsh'
[0.479s] Level 1:colcon.colcon_core.environment:create_file_with_runtime_dependencies(/home/karroyabreu/ar4/install/annin_ar4_moveit_config/share/colcon-core/packages/annin_ar4_moveit_config)
[0.480s] Level 1:colcon.colcon_core.environment:create_environment_scripts_only(annin_ar4_moveit_config)
[0.480s] Level 1:colcon.colcon_core.environment:checking '/home/karroyabreu/ar4/install/annin_ar4_moveit_config' for CMake module files
[0.481s] Level 1:colcon.colcon_core.environment:checking '/home/karroyabreu/ar4/install/annin_ar4_moveit_config' for CMake config files
[0.481s] Level 1:colcon.colcon_core.shell:create_environment_hook('annin_ar4_moveit_config', 'cmake_prefix_path')
[0.481s] INFO:colcon.colcon_core.shell:Creating environment hook '/home/karroyabreu/ar4/install/annin_ar4_moveit_config/share/annin_ar4_moveit_config/hook/cmake_prefix_path.ps1'
[0.481s] INFO:colcon.colcon_core.shell:Creating environment descriptor '/home/karroyabreu/ar4/install/annin_ar4_moveit_config/share/annin_ar4_moveit_config/hook/cmake_prefix_path.dsv'
[0.482s] INFO:colcon.colcon_core.shell:Creating environment hook '/home/karroyabreu/ar4/install/annin_ar4_moveit_config/share/annin_ar4_moveit_config/hook/cmake_prefix_path.sh'
[0.482s] Level 1:colcon.colcon_core.environment:checking '/home/karroyabreu/ar4/install/annin_ar4_moveit_config/bin'
[0.482s] Level 1:colcon.colcon_core.environment:checking '/home/karroyabreu/ar4/install/annin_ar4_moveit_config/lib/pkgconfig/annin_ar4_moveit_config.pc'
[0.483s] Level 1:colcon.colcon_core.environment:checking '/home/karroyabreu/ar4/install/annin_ar4_moveit_config/lib/python3.12/site-packages'
[0.483s] Level 1:colcon.colcon_core.environment:checking '/home/karroyabreu/ar4/install/annin_ar4_moveit_config/bin'
[0.483s] INFO:colcon.colcon_core.shell:Creating package script '/home/karroyabreu/ar4/install/annin_ar4_moveit_config/share/annin_ar4_moveit_config/package.ps1'
[0.483s] INFO:colcon.colcon_core.shell:Creating package descriptor '/home/karroyabreu/ar4/install/annin_ar4_moveit_config/share/annin_ar4_moveit_config/package.dsv'
[0.484s] INFO:colcon.colcon_core.shell:Creating package script '/home/karroyabreu/ar4/install/annin_ar4_moveit_config/share/annin_ar4_moveit_config/package.sh'
[0.484s] INFO:colcon.colcon_core.shell:Creating package script '/home/karroyabreu/ar4/install/annin_ar4_moveit_config/share/annin_ar4_moveit_config/package.bash'
[0.484s] INFO:colcon.colcon_core.shell:Creating package script '/home/karroyabreu/ar4/install/annin_ar4_moveit_config/share/annin_ar4_moveit_config/package.zsh'
[0.485s] Level 1:colcon.colcon_core.environment:create_file_with_runtime_dependencies(/home/karroyabreu/ar4/install/annin_ar4_moveit_config/share/colcon-core/packages/annin_ar4_moveit_config)
[0.486s] DEBUG:colcon.colcon_core.event_handler.log_command:Invoked command in '/home/karroyabreu/ar4/build/programs_cpp' returned '0': CMAKE_PREFIX_PATH=${CMAKE_PREFIX_PATH}:/home/karroyabreu/ar4/install/pose_gui:/opt/ros/jazzy DEBUGINFOD_URLS=https://debuginfod.ubuntu.com /usr/bin/cmake --build /home/karroyabreu/ar4/build/programs_cpp -- -j22 -l22
[0.486s] DEBUG:colcon.colcon_core.event_handler.log_command:Invoking command in '/home/karroyabreu/ar4/build/programs_cpp': CMAKE_PREFIX_PATH=${CMAKE_PREFIX_PATH}:/home/karroyabreu/ar4/install/pose_gui:/opt/ros/jazzy DEBUGINFOD_URLS=https://debuginfod.ubuntu.com /usr/bin/cmake --install /home/karroyabreu/ar4/build/programs_cpp
[0.495s] Level 1:colcon.colcon_core.environment:create_environment_scripts_only(programs_cpp)
[0.495s] Level 1:colcon.colcon_core.environment:checking '/home/karroyabreu/ar4/install/programs_cpp' for CMake module files
[0.496s] DEBUG:colcon.colcon_core.event_handler.log_command:Invoked command in '/home/karroyabreu/ar4/build/programs_cpp' returned '0': CMAKE_PREFIX_PATH=${CMAKE_PREFIX_PATH}:/home/karroyabreu/ar4/install/pose_gui:/opt/ros/jazzy DEBUGINFOD_URLS=https://debuginfod.ubuntu.com /usr/bin/cmake --install /home/karroyabreu/ar4/build/programs_cpp
[0.496s] Level 1:colcon.colcon_core.environment:checking '/home/karroyabreu/ar4/install/programs_cpp' for CMake config files
[0.496s] Level 1:colcon.colcon_core.shell:create_environment_hook('programs_cpp', 'cmake_prefix_path')
[0.497s] INFO:colcon.colcon_core.shell:Creating environment hook '/home/karroyabreu/ar4/install/programs_cpp/share/programs_cpp/hook/cmake_prefix_path.ps1'
[0.497s] INFO:colcon.colcon_core.shell:Creating environment descriptor '/home/karroyabreu/ar4/install/programs_cpp/share/programs_cpp/hook/cmake_prefix_path.dsv'
[0.497s] INFO:colcon.colcon_core.shell:Creating environment hook '/home/karroyabreu/ar4/install/programs_cpp/share/programs_cpp/hook/cmake_prefix_path.sh'
[0.498s] Level 1:colcon.colcon_core.environment:checking '/home/karroyabreu/ar4/install/programs_cpp/lib'
[0.499s] Level 1:colcon.colcon_core.environment:checking '/home/karroyabreu/ar4/install/programs_cpp/bin'
[0.499s] Level 1:colcon.colcon_core.environment:checking '/home/karroyabreu/ar4/install/programs_cpp/lib/pkgconfig/programs_cpp.pc'
[0.499s] Level 1:colcon.colcon_core.environment:checking '/home/karroyabreu/ar4/install/programs_cpp/lib/python3.12/site-packages'
[0.499s] Level 1:colcon.colcon_core.environment:checking '/home/karroyabreu/ar4/install/programs_cpp/bin'
[0.499s] INFO:colcon.colcon_core.shell:Creating package script '/home/karroyabreu/ar4/install/programs_cpp/share/programs_cpp/package.ps1'
[0.500s] INFO:colcon.colcon_core.shell:Creating package descriptor '/home/karroyabreu/ar4/install/programs_cpp/share/programs_cpp/package.dsv'
[0.500s] INFO:colcon.colcon_core.shell:Creating package script '/home/karroyabreu/ar4/install/programs_cpp/share/programs_cpp/package.sh'
[0.500s] INFO:colcon.colcon_core.shell:Creating package script '/home/karroyabreu/ar4/install/programs_cpp/share/programs_cpp/package.bash'
[0.500s] INFO:colcon.colcon_core.shell:Creating package script '/home/karroyabreu/ar4/install/programs_cpp/share/programs_cpp/package.zsh'
[0.501s] Level 1:colcon.colcon_core.environment:create_file_with_runtime_dependencies(/home/karroyabreu/ar4/install/programs_cpp/share/colcon-core/packages/programs_cpp)
[0.502s] Level 1:colcon.colcon_core.environment:create_environment_scripts_only(programs_cpp)
[0.502s] Level 1:colcon.colcon_core.environment:checking '/home/karroyabreu/ar4/install/programs_cpp' for CMake module files
[0.503s] Level 1:colcon.colcon_core.environment:checking '/home/karroyabreu/ar4/install/programs_cpp' for CMake config files
[0.503s] Level 1:colcon.colcon_core.shell:create_environment_hook('programs_cpp', 'cmake_prefix_path')
[0.503s] INFO:colcon.colcon_core.shell:Creating environment hook '/home/karroyabreu/ar4/install/programs_cpp/share/programs_cpp/hook/cmake_prefix_path.ps1'
[0.504s] INFO:colcon.colcon_core.shell:Creating environment descriptor '/home/karroyabreu/ar4/install/programs_cpp/share/programs_cpp/hook/cmake_prefix_path.dsv'
[0.504s] INFO:colcon.colcon_core.shell:Creating environment hook '/home/karroyabreu/ar4/install/programs_cpp/share/programs_cpp/hook/cmake_prefix_path.sh'
[0.504s] Level 1:colcon.colcon_core.environment:checking '/home/karroyabreu/ar4/install/programs_cpp/lib'
[0.504s] Level 1:colcon.colcon_core.environment:checking '/home/karroyabreu/ar4/install/programs_cpp/bin'
[0.505s] Level 1:colcon.colcon_core.environment:checking '/home/karroyabreu/ar4/install/programs_cpp/lib/pkgconfig/programs_cpp.pc'
[0.505s] Level 1:colcon.colcon_core.environment:checking '/home/karroyabreu/ar4/install/programs_cpp/lib/python3.12/site-packages'
[0.505s] Level 1:colcon.colcon_core.environment:checking '/home/karroyabreu/ar4/install/programs_cpp/bin'
[0.505s] INFO:colcon.colcon_core.shell:Creating package script '/home/karroyabreu/ar4/install/programs_cpp/share/programs_cpp/package.ps1'
[0.505s] INFO:colcon.colcon_core.shell:Creating package descriptor '/home/karroyabreu/ar4/install/programs_cpp/share/programs_cpp/package.dsv'
[0.505s] INFO:colcon.colcon_core.shell:Creating package script '/home/karroyabreu/ar4/install/programs_cpp/share/programs_cpp/package.sh'
[0.506s] INFO:colcon.colcon_core.shell:Creating package script '/home/karroyabreu/ar4/install/programs_cpp/share/programs_cpp/package.bash'
[0.506s] INFO:colcon.colcon_core.shell:Creating package script '/home/karroyabreu/ar4/install/programs_cpp/share/programs_cpp/package.zsh'
[0.506s] Level 1:colcon.colcon_core.environment:create_file_with_runtime_dependencies(/home/karroyabreu/ar4/install/programs_cpp/share/colcon-core/packages/programs_cpp)
[0.538s] DEBUG:colcon.colcon_core.event_handler.log_command:Invoked command in '/home/karroyabreu/ar4/build/annin_ar4_driver' returned '0': CMAKE_PREFIX_PATH=/home/karroyabreu/ar4/install/annin_ar4_description:/home/karroyabreu/ar4/install/programs_cpp:/usr/local:/home/karroyabreu/ar4/install/test_ros_gz_bridge:/home/karroyabreu/ar4/install/ros_gz:/home/karroyabreu/ar4/install/ros_gz_sim_demos:/home/karroyabreu/ar4/install/mec_mobile_gazebo:/home/karroyabreu/ar4/install/annin_ar4_gazebo:/home/karroyabreu/ar4/install/ros_gz_sim:/home/karroyabreu/ar4/install/ros_gz_image:/home/karroyabreu/ar4/install/ros_gz_bridge:/home/karroyabreu/ar4/install/ros_gz_interfaces:/home/karroyabreu/ar4/install/annin_ar4_moveit_config:/home/karroyabreu/ar4/install/annin_ar4_driver:/home/karroyabreu/workspace/install:/opt/ros/jazzy/opt/gz_sim_vendor:/opt/ros/jazzy/opt/gz_sensors_vendor:/opt/ros/jazzy/opt/gz_physics_vendor:/opt/ros/jazzy/opt/sdformat_vendor:/opt/ros/jazzy/opt/gz_gui_vendor:/opt/ros/jazzy/opt/gz_transport_vendor:/opt/ros/jazzy/opt/gz_rendering_vendor:/opt/ros/jazzy/opt/gz_plugin_vendor:/opt/ros/jazzy/opt/gz_fuel_tools_vendor:/opt/ros/jazzy/opt/gz_msgs_vendor:/opt/ros/jazzy/opt/gz_common_vendor:/opt/ros/jazzy/opt/gz_math_vendor:/opt/ros/jazzy/opt/gz_utils_vendor:/opt/ros/jazzy/opt/gz_tools_vendor:/opt/ros/jazzy/opt/gz_ogre_next_vendor:/opt/ros/jazzy/opt/gz_dartsim_vendor:/opt/ros/jazzy/opt/gz_cmake_vendor:/home/karroyabreu/ar4/install/pose_gui:/opt/ros/jazzy DEBUGINFOD_URLS=https://debuginfod.ubuntu.com /usr/bin/cmake --build /home/karroyabreu/ar4/build/annin_ar4_driver -- -j22 -l22
[0.539s] DEBUG:colcon.colcon_core.event_handler.log_command:Invoking command in '/home/karroyabreu/ar4/build/annin_ar4_driver': CMAKE_PREFIX_PATH=/home/karroyabreu/ar4/install/annin_ar4_description:/home/karroyabreu/ar4/install/programs_cpp:/usr/local:/home/karroyabreu/ar4/install/test_ros_gz_bridge:/home/karroyabreu/ar4/install/ros_gz:/home/karroyabreu/ar4/install/ros_gz_sim_demos:/home/karroyabreu/ar4/install/mec_mobile_gazebo:/home/karroyabreu/ar4/install/annin_ar4_gazebo:/home/karroyabreu/ar4/install/ros_gz_sim:/home/karroyabreu/ar4/install/ros_gz_image:/home/karroyabreu/ar4/install/ros_gz_bridge:/home/karroyabreu/ar4/install/ros_gz_interfaces:/home/karroyabreu/ar4/install/annin_ar4_moveit_config:/home/karroyabreu/ar4/install/annin_ar4_driver:/home/karroyabreu/workspace/install:/opt/ros/jazzy/opt/gz_sim_vendor:/opt/ros/jazzy/opt/gz_sensors_vendor:/opt/ros/jazzy/opt/gz_physics_vendor:/opt/ros/jazzy/opt/sdformat_vendor:/opt/ros/jazzy/opt/gz_gui_vendor:/opt/ros/jazzy/opt/gz_transport_vendor:/opt/ros/jazzy/opt/gz_rendering_vendor:/opt/ros/jazzy/opt/gz_plugin_vendor:/opt/ros/jazzy/opt/gz_fuel_tools_vendor:/opt/ros/jazzy/opt/gz_msgs_vendor:/opt/ros/jazzy/opt/gz_common_vendor:/opt/ros/jazzy/opt/gz_math_vendor:/opt/ros/jazzy/opt/gz_utils_vendor:/opt/ros/jazzy/opt/gz_tools_vendor:/opt/ros/jazzy/opt/gz_ogre_next_vendor:/opt/ros/jazzy/opt/gz_dartsim_vendor:/opt/ros/jazzy/opt/gz_cmake_vendor:/home/karroyabreu/ar4/install/pose_gui:/opt/ros/jazzy DEBUGINFOD_URLS=https://debuginfod.ubuntu.com /usr/bin/cmake --install /home/karroyabreu/ar4/build/annin_ar4_driver
[0.551s] Level 1:colcon.colcon_core.environment:create_environment_scripts_only(annin_ar4_driver)
[0.551s] Level 1:colcon.colcon_core.environment:checking '/home/karroyabreu/ar4/install/annin_ar4_driver' for CMake module files
[0.552s] DEBUG:colcon.colcon_core.event_handler.log_command:Invoked command in '/home/karroyabreu/ar4/build/annin_ar4_driver' returned '0': CMAKE_PREFIX_PATH=/home/karroyabreu/ar4/install/annin_ar4_description:/home/karroyabreu/ar4/install/programs_cpp:/usr/local:/home/karroyabreu/ar4/install/test_ros_gz_bridge:/home/karroyabreu/ar4/install/ros_gz:/home/karroyabreu/ar4/install/ros_gz_sim_demos:/home/karroyabreu/ar4/install/mec_mobile_gazebo:/home/karroyabreu/ar4/install/annin_ar4_gazebo:/home/karroyabreu/ar4/install/ros_gz_sim:/home/karroyabreu/ar4/install/ros_gz_image:/home/karroyabreu/ar4/install/ros_gz_bridge:/home/karroyabreu/ar4/install/ros_gz_interfaces:/home/karroyabreu/ar4/install/annin_ar4_moveit_config:/home/karroyabreu/ar4/install/annin_ar4_driver:/home/karroyabreu/workspace/install:/opt/ros/jazzy/opt/gz_sim_vendor:/opt/ros/jazzy/opt/gz_sensors_vendor:/opt/ros/jazzy/opt/gz_physics_vendor:/opt/ros/jazzy/opt/sdformat_vendor:/opt/ros/jazzy/opt/gz_gui_vendor:/opt/ros/jazzy/opt/gz_transport_vendor:/opt/ros/jazzy/opt/gz_rendering_vendor:/opt/ros/jazzy/opt/gz_plugin_vendor:/opt/ros/jazzy/opt/gz_fuel_tools_vendor:/opt/ros/jazzy/opt/gz_msgs_vendor:/opt/ros/jazzy/opt/gz_common_vendor:/opt/ros/jazzy/opt/gz_math_vendor:/opt/ros/jazzy/opt/gz_utils_vendor:/opt/ros/jazzy/opt/gz_tools_vendor:/opt/ros/jazzy/opt/gz_ogre_next_vendor:/opt/ros/jazzy/opt/gz_dartsim_vendor:/opt/ros/jazzy/opt/gz_cmake_vendor:/home/karroyabreu/ar4/install/pose_gui:/opt/ros/jazzy DEBUGINFOD_URLS=https://debuginfod.ubuntu.com /usr/bin/cmake --install /home/karroyabreu/ar4/build/annin_ar4_driver
[0.552s] Level 1:colcon.colcon_core.environment:checking '/home/karroyabreu/ar4/install/annin_ar4_driver' for CMake config files
[0.552s] Level 1:colcon.colcon_core.shell:create_environment_hook('annin_ar4_driver', 'cmake_prefix_path')
[0.553s] INFO:colcon.colcon_core.shell:Creating environment hook '/home/karroyabreu/ar4/install/annin_ar4_driver/share/annin_ar4_driver/hook/cmake_prefix_path.ps1'
[0.553s] INFO:colcon.colcon_core.shell:Creating environment descriptor '/home/karroyabreu/ar4/install/annin_ar4_driver/share/annin_ar4_driver/hook/cmake_prefix_path.dsv'
[0.553s] INFO:colcon.colcon_core.shell:Creating environment hook '/home/karroyabreu/ar4/install/annin_ar4_driver/share/annin_ar4_driver/hook/cmake_prefix_path.sh'
[0.554s] Level 1:colcon.colcon_core.environment:checking '/home/karroyabreu/ar4/install/annin_ar4_driver/lib'
[0.554s] Level 1:colcon.colcon_core.shell:create_environment_hook('annin_ar4_driver', 'ld_library_path_lib')
[0.554s] INFO:colcon.colcon_core.shell:Creating environment hook '/home/karroyabreu/ar4/install/annin_ar4_driver/share/annin_ar4_driver/hook/ld_library_path_lib.ps1'
[0.554s] INFO:colcon.colcon_core.shell:Creating environment descriptor '/home/karroyabreu/ar4/install/annin_ar4_driver/share/annin_ar4_driver/hook/ld_library_path_lib.dsv'
[0.554s] INFO:colcon.colcon_core.shell:Creating environment hook '/home/karroyabreu/ar4/install/annin_ar4_driver/share/annin_ar4_driver/hook/ld_library_path_lib.sh'
[0.555s] Level 1:colcon.colcon_core.environment:checking '/home/karroyabreu/ar4/install/annin_ar4_driver/bin'
[0.555s] Level 1:colcon.colcon_core.environment:checking '/home/karroyabreu/ar4/install/annin_ar4_driver/lib/pkgconfig/annin_ar4_driver.pc'
[0.555s] Level 1:colcon.colcon_core.environment:checking '/home/karroyabreu/ar4/install/annin_ar4_driver/lib/python3.12/site-packages'
[0.555s] Level 1:colcon.colcon_core.environment:checking '/home/karroyabreu/ar4/install/annin_ar4_driver/bin'
[0.555s] INFO:colcon.colcon_core.shell:Creating package script '/home/karroyabreu/ar4/install/annin_ar4_driver/share/annin_ar4_driver/package.ps1'
[0.555s] INFO:colcon.colcon_core.shell:Creating package descriptor '/home/karroyabreu/ar4/install/annin_ar4_driver/share/annin_ar4_driver/package.dsv'
[0.556s] INFO:colcon.colcon_core.shell:Creating package script '/home/karroyabreu/ar4/install/annin_ar4_driver/share/annin_ar4_driver/package.sh'
[0.556s] INFO:colcon.colcon_core.shell:Creating package script '/home/karroyabreu/ar4/install/annin_ar4_driver/share/annin_ar4_driver/package.bash'
[0.556s] INFO:colcon.colcon_core.shell:Creating package script '/home/karroyabreu/ar4/install/annin_ar4_driver/share/annin_ar4_driver/package.zsh'
[0.557s] Level 1:colcon.colcon_core.environment:create_file_with_runtime_dependencies(/home/karroyabreu/ar4/install/annin_ar4_driver/share/colcon-core/packages/annin_ar4_driver)
[0.557s] Level 1:colcon.colcon_core.environment:create_environment_scripts_only(annin_ar4_driver)
[0.557s] Level 1:colcon.colcon_core.environment:checking '/home/karroyabreu/ar4/install/annin_ar4_driver' for CMake module files
[0.557s] Level 1:colcon.colcon_core.environment:checking '/home/karroyabreu/ar4/install/annin_ar4_driver' for CMake config files
[0.557s] Level 1:colcon.colcon_core.shell:create_environment_hook('annin_ar4_driver', 'cmake_prefix_path')
[0.558s] INFO:colcon.colcon_core.shell:Creating environment hook '/home/karroyabreu/ar4/install/annin_ar4_driver/share/annin_ar4_driver/hook/cmake_prefix_path.ps1'
[0.558s] INFO:colcon.colcon_core.shell:Creating environment descriptor '/home/karroyabreu/ar4/install/annin_ar4_driver/share/annin_ar4_driver/hook/cmake_prefix_path.dsv'
[0.558s] INFO:colcon.colcon_core.shell:Creating environment hook '/home/karroyabreu/ar4/install/annin_ar4_driver/share/annin_ar4_driver/hook/cmake_prefix_path.sh'
[0.558s] Level 1:colcon.colcon_core.environment:checking '/home/karroyabreu/ar4/install/annin_ar4_driver/lib'
[0.558s] Level 1:colcon.colcon_core.shell:create_environment_hook('annin_ar4_driver', 'ld_library_path_lib')
[0.559s] INFO:colcon.colcon_core.shell:Creating environment hook '/home/karroyabreu/ar4/install/annin_ar4_driver/share/annin_ar4_driver/hook/ld_library_path_lib.ps1'
[0.559s] INFO:colcon.colcon_core.shell:Creating environment descriptor '/home/karroyabreu/ar4/install/annin_ar4_driver/share/annin_ar4_driver/hook/ld_library_path_lib.dsv'
[0.559s] INFO:colcon.colcon_core.shell:Creating environment hook '/home/karroyabreu/ar4/install/annin_ar4_driver/share/annin_ar4_driver/hook/ld_library_path_lib.sh'
[0.569s] Level 1:colcon.colcon_core.environment:checking '/home/karroyabreu/ar4/install/annin_ar4_driver/bin'
[0.569s] Level 1:colcon.colcon_core.environment:checking '/home/karroyabreu/ar4/install/annin_ar4_driver/lib/pkgconfig/annin_ar4_driver.pc'
[0.569s] Level 1:colcon.colcon_core.environment:checking '/home/karroyabreu/ar4/install/annin_ar4_driver/lib/python3.12/site-packages'
[0.569s] Level 1:colcon.colcon_core.environment:checking '/home/karroyabreu/ar4/install/annin_ar4_driver/bin'
[0.569s] INFO:colcon.colcon_core.shell:Creating package script '/home/karroyabreu/ar4/install/annin_ar4_driver/share/annin_ar4_driver/package.ps1'
[0.570s] INFO:colcon.colcon_core.shell:Creating package descriptor '/home/karroyabreu/ar4/install/annin_ar4_driver/share/annin_ar4_driver/package.dsv'
[0.570s] INFO:colcon.colcon_core.shell:Creating package script '/home/karroyabreu/ar4/install/annin_ar4_driver/share/annin_ar4_driver/package.sh'
[0.570s] INFO:colcon.colcon_core.shell:Creating package script '/home/karroyabreu/ar4/install/annin_ar4_driver/share/annin_ar4_driver/package.bash'
[0.571s] INFO:colcon.colcon_core.shell:Creating package script '/home/karroyabreu/ar4/install/annin_ar4_driver/share/annin_ar4_driver/package.zsh'
[0.571s] Level 1:colcon.colcon_core.environment:create_file_with_runtime_dependencies(/home/karroyabreu/ar4/install/annin_ar4_driver/share/colcon-core/packages/annin_ar4_driver)
[0.572s] INFO:colcon.colcon_ros.task.ament_cmake.build:Building ROS package in '/home/karroyabreu/ar4/src/ar4_ros_driver/annin_ar4_gazebo' with build type 'ament_cmake'
[0.572s] INFO:colcon.colcon_cmake.task.cmake.build:Building CMake package in '/home/karroyabreu/ar4/src/ar4_ros_driver/annin_ar4_gazebo'
[0.572s] INFO:colcon.colcon_core.shell:Skip shell extension 'powershell' for command environment: Not usable outside of PowerShell
[0.572s] DEBUG:colcon.colcon_core.shell:Skip shell extension 'dsv' for command environment
[0.584s] DEBUG:colcon.colcon_core.event_handler.log_command:Invoking command in '/home/karroyabreu/ar4/build/annin_ar4_gazebo': CMAKE_PREFIX_PATH=/home/karroyabreu/ar4/install/annin_ar4_driver:/home/karroyabreu/ar4/install/annin_ar4_description:/home/karroyabreu/ar4/install/programs_cpp:/usr/local:/home/karroyabreu/ar4/install/test_ros_gz_bridge:/home/karroyabreu/ar4/install/ros_gz:/home/karroyabreu/ar4/install/ros_gz_sim_demos:/home/karroyabreu/ar4/install/mec_mobile_gazebo:/home/karroyabreu/ar4/install/annin_ar4_gazebo:/home/karroyabreu/ar4/install/ros_gz_sim:/home/karroyabreu/ar4/install/ros_gz_image:/home/karroyabreu/ar4/install/ros_gz_bridge:/home/karroyabreu/ar4/install/ros_gz_interfaces:/home/karroyabreu/ar4/install/annin_ar4_moveit_config:/home/karroyabreu/workspace/install:/opt/ros/jazzy/opt/gz_sim_vendor:/opt/ros/jazzy/opt/gz_sensors_vendor:/opt/ros/jazzy/opt/gz_physics_vendor:/opt/ros/jazzy/opt/sdformat_vendor:/opt/ros/jazzy/opt/gz_gui_vendor:/opt/ros/jazzy/opt/gz_transport_vendor:/opt/ros/jazzy/opt/gz_rendering_vendor:/opt/ros/jazzy/opt/gz_plugin_vendor:/opt/ros/jazzy/opt/gz_fuel_tools_vendor:/opt/ros/jazzy/opt/gz_msgs_vendor:/opt/ros/jazzy/opt/gz_common_vendor:/opt/ros/jazzy/opt/gz_math_vendor:/opt/ros/jazzy/opt/gz_utils_vendor:/opt/ros/jazzy/opt/gz_tools_vendor:/opt/ros/jazzy/opt/gz_ogre_next_vendor:/opt/ros/jazzy/opt/gz_dartsim_vendor:/opt/ros/jazzy/opt/gz_cmake_vendor:/home/karroyabreu/ar4/install/pose_gui:/opt/ros/jazzy DEBUGINFOD_URLS=https://debuginfod.ubuntu.com LD_LIBRARY_PATH=/home/karroyabreu/ar4/install/annin_ar4_driver/lib:/home/karroyabreu/workspace/install/lib:/usr/local/lib:/home/karroyabreu/ar4/install/ros_gz_sim/lib:/home/karroyabreu/ar4/install/ros_gz_bridge/lib:/home/karroyabreu/ar4/install/ros_gz_interfaces/lib:/home/karroyabreu/workspace/install/lib:/opt/ros/jazzy/opt/gz_sim_vendor/lib:/opt/ros/jazzy/opt/gz_sensors_vendor/lib:/opt/ros/jazzy/opt/gz_physics_vendor/lib:/opt/ros/jazzy/opt/sdformat_vendor/lib:/opt/ros/jazzy/opt/rviz_ogre_vendor/lib:/opt/ros/jazzy/lib/x86_64-linux-gnu:/opt/ros/jazzy/opt/gz_gui_vendor/lib:/opt/ros/jazzy/opt/gz_transport_vendor/lib:/opt/ros/jazzy/opt/gz_rendering_vendor/lib:/opt/ros/jazzy/opt/gz_plugin_vendor/lib:/opt/ros/jazzy/opt/gz_fuel_tools_vendor/lib:/opt/ros/jazzy/opt/gz_msgs_vendor/lib:/opt/ros/jazzy/opt/gz_common_vendor/lib:/opt/ros/jazzy/opt/gz_math_vendor/lib:/opt/ros/jazzy/opt/gz_utils_vendor/lib:/opt/ros/jazzy/opt/gz_tools_vendor/lib:/opt/ros/jazzy/opt/gz_ogre_next_vendor/lib:/opt/ros/jazzy/opt/gz_dartsim_vendor/lib:/opt/ros/jazzy/opt/gz_cmake_vendor/lib:/opt/ros/jazzy/lib /usr/bin/cmake --build /home/karroyabreu/ar4/build/annin_ar4_gazebo -- -j22 -l22
[0.620s] DEBUG:colcon.colcon_core.event_handler.log_command:Invoked command in '/home/karroyabreu/ar4/build/annin_ar4_gazebo' returned '0': CMAKE_PREFIX_PATH=/home/karroyabreu/ar4/install/annin_ar4_driver:/home/karroyabreu/ar4/install/annin_ar4_description:/home/karroyabreu/ar4/install/programs_cpp:/usr/local:/home/karroyabreu/ar4/install/test_ros_gz_bridge:/home/karroyabreu/ar4/install/ros_gz:/home/karroyabreu/ar4/install/ros_gz_sim_demos:/home/karroyabreu/ar4/install/mec_mobile_gazebo:/home/karroyabreu/ar4/install/annin_ar4_gazebo:/home/karroyabreu/ar4/install/ros_gz_sim:/home/karroyabreu/ar4/install/ros_gz_image:/home/karroyabreu/ar4/install/ros_gz_bridge:/home/karroyabreu/ar4/install/ros_gz_interfaces:/home/karroyabreu/ar4/install/annin_ar4_moveit_config:/home/karroyabreu/workspace/install:/opt/ros/jazzy/opt/gz_sim_vendor:/opt/ros/jazzy/opt/gz_sensors_vendor:/opt/ros/jazzy/opt/gz_physics_vendor:/opt/ros/jazzy/opt/sdformat_vendor:/opt/ros/jazzy/opt/gz_gui_vendor:/opt/ros/jazzy/opt/gz_transport_vendor:/opt/ros/jazzy/opt/gz_rendering_vendor:/opt/ros/jazzy/opt/gz_plugin_vendor:/opt/ros/jazzy/opt/gz_fuel_tools_vendor:/opt/ros/jazzy/opt/gz_msgs_vendor:/opt/ros/jazzy/opt/gz_common_vendor:/opt/ros/jazzy/opt/gz_math_vendor:/opt/ros/jazzy/opt/gz_utils_vendor:/opt/ros/jazzy/opt/gz_tools_vendor:/opt/ros/jazzy/opt/gz_ogre_next_vendor:/opt/ros/jazzy/opt/gz_dartsim_vendor:/opt/ros/jazzy/opt/gz_cmake_vendor:/home/karroyabreu/ar4/install/pose_gui:/opt/ros/jazzy DEBUGINFOD_URLS=https://debuginfod.ubuntu.com LD_LIBRARY_PATH=/home/karroyabreu/ar4/install/annin_ar4_driver/lib:/home/karroyabreu/workspace/install/lib:/usr/local/lib:/home/karroyabreu/ar4/install/ros_gz_sim/lib:/home/karroyabreu/ar4/install/ros_gz_bridge/lib:/home/karroyabreu/ar4/install/ros_gz_interfaces/lib:/home/karroyabreu/workspace/install/lib:/opt/ros/jazzy/opt/gz_sim_vendor/lib:/opt/ros/jazzy/opt/gz_sensors_vendor/lib:/opt/ros/jazzy/opt/gz_physics_vendor/lib:/opt/ros/jazzy/opt/sdformat_vendor/lib:/opt/ros/jazzy/opt/rviz_ogre_vendor/lib:/opt/ros/jazzy/lib/x86_64-linux-gnu:/opt/ros/jazzy/opt/gz_gui_vendor/lib:/opt/ros/jazzy/opt/gz_transport_vendor/lib:/opt/ros/jazzy/opt/gz_rendering_vendor/lib:/opt/ros/jazzy/opt/gz_plugin_vendor/lib:/opt/ros/jazzy/opt/gz_fuel_tools_vendor/lib:/opt/ros/jazzy/opt/gz_msgs_vendor/lib:/opt/ros/jazzy/opt/gz_common_vendor/lib:/opt/ros/jazzy/opt/gz_math_vendor/lib:/opt/ros/jazzy/opt/gz_utils_vendor/lib:/opt/ros/jazzy/opt/gz_tools_vendor/lib:/opt/ros/jazzy/opt/gz_ogre_next_vendor/lib:/opt/ros/jazzy/opt/gz_dartsim_vendor/lib:/opt/ros/jazzy/opt/gz_cmake_vendor/lib:/opt/ros/jazzy/lib /usr/bin/cmake --build /home/karroyabreu/ar4/build/annin_ar4_gazebo -- -j22 -l22
[0.621s] DEBUG:colcon.colcon_core.event_handler.log_command:Invoking command in '/home/karroyabreu/ar4/build/annin_ar4_gazebo': CMAKE_PREFIX_PATH=/home/karroyabreu/ar4/install/annin_ar4_driver:/home/karroyabreu/ar4/install/annin_ar4_description:/home/karroyabreu/ar4/install/programs_cpp:/usr/local:/home/karroyabreu/ar4/install/test_ros_gz_bridge:/home/karroyabreu/ar4/install/ros_gz:/home/karroyabreu/ar4/install/ros_gz_sim_demos:/home/karroyabreu/ar4/install/mec_mobile_gazebo:/home/karroyabreu/ar4/install/annin_ar4_gazebo:/home/karroyabreu/ar4/install/ros_gz_sim:/home/karroyabreu/ar4/install/ros_gz_image:/home/karroyabreu/ar4/install/ros_gz_bridge:/home/karroyabreu/ar4/install/ros_gz_interfaces:/home/karroyabreu/ar4/install/annin_ar4_moveit_config:/home/karroyabreu/workspace/install:/opt/ros/jazzy/opt/gz_sim_vendor:/opt/ros/jazzy/opt/gz_sensors_vendor:/opt/ros/jazzy/opt/gz_physics_vendor:/opt/ros/jazzy/opt/sdformat_vendor:/opt/ros/jazzy/opt/gz_gui_vendor:/opt/ros/jazzy/opt/gz_transport_vendor:/opt/ros/jazzy/opt/gz_rendering_vendor:/opt/ros/jazzy/opt/gz_plugin_vendor:/opt/ros/jazzy/opt/gz_fuel_tools_vendor:/opt/ros/jazzy/opt/gz_msgs_vendor:/opt/ros/jazzy/opt/gz_common_vendor:/opt/ros/jazzy/opt/gz_math_vendor:/opt/ros/jazzy/opt/gz_utils_vendor:/opt/ros/jazzy/opt/gz_tools_vendor:/opt/ros/jazzy/opt/gz_ogre_next_vendor:/opt/ros/jazzy/opt/gz_dartsim_vendor:/opt/ros/jazzy/opt/gz_cmake_vendor:/home/karroyabreu/ar4/install/pose_gui:/opt/ros/jazzy DEBUGINFOD_URLS=https://debuginfod.ubuntu.com LD_LIBRARY_PATH=/home/karroyabreu/ar4/install/annin_ar4_driver/lib:/home/karroyabreu/workspace/install/lib:/usr/local/lib:/home/karroyabreu/ar4/install/ros_gz_sim/lib:/home/karroyabreu/ar4/install/ros_gz_bridge/lib:/home/karroyabreu/ar4/install/ros_gz_interfaces/lib:/home/karroyabreu/workspace/install/lib:/opt/ros/jazzy/opt/gz_sim_vendor/lib:/opt/ros/jazzy/opt/gz_sensors_vendor/lib:/opt/ros/jazzy/opt/gz_physics_vendor/lib:/opt/ros/jazzy/opt/sdformat_vendor/lib:/opt/ros/jazzy/opt/rviz_ogre_vendor/lib:/opt/ros/jazzy/lib/x86_64-linux-gnu:/opt/ros/jazzy/opt/gz_gui_vendor/lib:/opt/ros/jazzy/opt/gz_transport_vendor/lib:/opt/ros/jazzy/opt/gz_rendering_vendor/lib:/opt/ros/jazzy/opt/gz_plugin_vendor/lib:/opt/ros/jazzy/opt/gz_fuel_tools_vendor/lib:/opt/ros/jazzy/opt/gz_msgs_vendor/lib:/opt/ros/jazzy/opt/gz_common_vendor/lib:/opt/ros/jazzy/opt/gz_math_vendor/lib:/opt/ros/jazzy/opt/gz_utils_vendor/lib:/opt/ros/jazzy/opt/gz_tools_vendor/lib:/opt/ros/jazzy/opt/gz_ogre_next_vendor/lib:/opt/ros/jazzy/opt/gz_dartsim_vendor/lib:/opt/ros/jazzy/opt/gz_cmake_vendor/lib:/opt/ros/jazzy/lib /usr/bin/cmake --install /home/karroyabreu/ar4/build/annin_ar4_gazebo
[0.630s] Level 1:colcon.colcon_core.environment:create_environment_scripts_only(annin_ar4_gazebo)
[0.630s] Level 1:colcon.colcon_core.environment:checking '/home/karroyabreu/ar4/install/annin_ar4_gazebo' for CMake module files
[0.630s] DEBUG:colcon.colcon_core.event_handler.log_command:Invoked command in '/home/karroyabreu/ar4/build/annin_ar4_gazebo' returned '0': CMAKE_PREFIX_PATH=/home/karroyabreu/ar4/install/annin_ar4_driver:/home/karroyabreu/ar4/install/annin_ar4_description:/home/karroyabreu/ar4/install/programs_cpp:/usr/local:/home/karroyabreu/ar4/install/test_ros_gz_bridge:/home/karroyabreu/ar4/install/ros_gz:/home/karroyabreu/ar4/install/ros_gz_sim_demos:/home/karroyabreu/ar4/install/mec_mobile_gazebo:/home/karroyabreu/ar4/install/annin_ar4_gazebo:/home/karroyabreu/ar4/install/ros_gz_sim:/home/karroyabreu/ar4/install/ros_gz_image:/home/karroyabreu/ar4/install/ros_gz_bridge:/home/karroyabreu/ar4/install/ros_gz_interfaces:/home/karroyabreu/ar4/install/annin_ar4_moveit_config:/home/karroyabreu/workspace/install:/opt/ros/jazzy/opt/gz_sim_vendor:/opt/ros/jazzy/opt/gz_sensors_vendor:/opt/ros/jazzy/opt/gz_physics_vendor:/opt/ros/jazzy/opt/sdformat_vendor:/opt/ros/jazzy/opt/gz_gui_vendor:/opt/ros/jazzy/opt/gz_transport_vendor:/opt/ros/jazzy/opt/gz_rendering_vendor:/opt/ros/jazzy/opt/gz_plugin_vendor:/opt/ros/jazzy/opt/gz_fuel_tools_vendor:/opt/ros/jazzy/opt/gz_msgs_vendor:/opt/ros/jazzy/opt/gz_common_vendor:/opt/ros/jazzy/opt/gz_math_vendor:/opt/ros/jazzy/opt/gz_utils_vendor:/opt/ros/jazzy/opt/gz_tools_vendor:/opt/ros/jazzy/opt/gz_ogre_next_vendor:/opt/ros/jazzy/opt/gz_dartsim_vendor:/opt/ros/jazzy/opt/gz_cmake_vendor:/home/karroyabreu/ar4/install/pose_gui:/opt/ros/jazzy DEBUGINFOD_URLS=https://debuginfod.ubuntu.com LD_LIBRARY_PATH=/home/karroyabreu/ar4/install/annin_ar4_driver/lib:/home/karroyabreu/workspace/install/lib:/usr/local/lib:/home/karroyabreu/ar4/install/ros_gz_sim/lib:/home/karroyabreu/ar4/install/ros_gz_bridge/lib:/home/karroyabreu/ar4/install/ros_gz_interfaces/lib:/home/karroyabreu/workspace/install/lib:/opt/ros/jazzy/opt/gz_sim_vendor/lib:/opt/ros/jazzy/opt/gz_sensors_vendor/lib:/opt/ros/jazzy/opt/gz_physics_vendor/lib:/opt/ros/jazzy/opt/sdformat_vendor/lib:/opt/ros/jazzy/opt/rviz_ogre_vendor/lib:/opt/ros/jazzy/lib/x86_64-linux-gnu:/opt/ros/jazzy/opt/gz_gui_vendor/lib:/opt/ros/jazzy/opt/gz_transport_vendor/lib:/opt/ros/jazzy/opt/gz_rendering_vendor/lib:/opt/ros/jazzy/opt/gz_plugin_vendor/lib:/opt/ros/jazzy/opt/gz_fuel_tools_vendor/lib:/opt/ros/jazzy/opt/gz_msgs_vendor/lib:/opt/ros/jazzy/opt/gz_common_vendor/lib:/opt/ros/jazzy/opt/gz_math_vendor/lib:/opt/ros/jazzy/opt/gz_utils_vendor/lib:/opt/ros/jazzy/opt/gz_tools_vendor/lib:/opt/ros/jazzy/opt/gz_ogre_next_vendor/lib:/opt/ros/jazzy/opt/gz_dartsim_vendor/lib:/opt/ros/jazzy/opt/gz_cmake_vendor/lib:/opt/ros/jazzy/lib /usr/bin/cmake --install /home/karroyabreu/ar4/build/annin_ar4_gazebo
[0.630s] Level 1:colcon.colcon_core.environment:checking '/home/karroyabreu/ar4/install/annin_ar4_gazebo' for CMake config files
[0.631s] Level 1:colcon.colcon_core.shell:create_environment_hook('annin_ar4_gazebo', 'cmake_prefix_path')
[0.631s] INFO:colcon.colcon_core.shell:Creating environment hook '/home/karroyabreu/ar4/install/annin_ar4_gazebo/share/annin_ar4_gazebo/hook/cmake_prefix_path.ps1'
[0.631s] INFO:colcon.colcon_core.shell:Creating environment descriptor '/home/karroyabreu/ar4/install/annin_ar4_gazebo/share/annin_ar4_gazebo/hook/cmake_prefix_path.dsv'
[0.631s] INFO:colcon.colcon_core.shell:Creating environment hook '/home/karroyabreu/ar4/install/annin_ar4_gazebo/share/annin_ar4_gazebo/hook/cmake_prefix_path.sh'
[0.632s] Level 1:colcon.colcon_core.environment:checking '/home/karroyabreu/ar4/install/annin_ar4_gazebo/bin'
[0.632s] Level 1:colcon.colcon_core.environment:checking '/home/karroyabreu/ar4/install/annin_ar4_gazebo/lib/pkgconfig/annin_ar4_gazebo.pc'
[0.632s] Level 1:colcon.colcon_core.environment:checking '/home/karroyabreu/ar4/install/annin_ar4_gazebo/lib/python3.12/site-packages'
[0.632s] Level 1:colcon.colcon_core.environment:checking '/home/karroyabreu/ar4/install/annin_ar4_gazebo/bin'
[0.633s] INFO:colcon.colcon_core.shell:Creating package script '/home/karroyabreu/ar4/install/annin_ar4_gazebo/share/annin_ar4_gazebo/package.ps1'
[0.633s] INFO:colcon.colcon_core.shell:Creating package descriptor '/home/karroyabreu/ar4/install/annin_ar4_gazebo/share/annin_ar4_gazebo/package.dsv'
[0.633s] INFO:colcon.colcon_core.shell:Creating package script '/home/karroyabreu/ar4/install/annin_ar4_gazebo/share/annin_ar4_gazebo/package.sh'
[0.634s] INFO:colcon.colcon_core.shell:Creating package script '/home/karroyabreu/ar4/install/annin_ar4_gazebo/share/annin_ar4_gazebo/package.bash'
[0.634s] INFO:colcon.colcon_core.shell:Creating package script '/home/karroyabreu/ar4/install/annin_ar4_gazebo/share/annin_ar4_gazebo/package.zsh'
[0.634s] Level 1:colcon.colcon_core.environment:create_file_with_runtime_dependencies(/home/karroyabreu/ar4/install/annin_ar4_gazebo/share/colcon-core/packages/annin_ar4_gazebo)
[0.634s] Level 1:colcon.colcon_core.environment:create_environment_scripts_only(annin_ar4_gazebo)
[0.635s] Level 1:colcon.colcon_core.environment:checking '/home/karroyabreu/ar4/install/annin_ar4_gazebo' for CMake module files
[0.635s] Level 1:colcon.colcon_core.environment:checking '/home/karroyabreu/ar4/install/annin_ar4_gazebo' for CMake config files
[0.635s] Level 1:colcon.colcon_core.shell:create_environment_hook('annin_ar4_gazebo', 'cmake_prefix_path')
[0.635s] INFO:colcon.colcon_core.shell:Creating environment hook '/home/karroyabreu/ar4/install/annin_ar4_gazebo/share/annin_ar4_gazebo/hook/cmake_prefix_path.ps1'
[0.636s] INFO:colcon.colcon_core.shell:Creating environment descriptor '/home/karroyabreu/ar4/install/annin_ar4_gazebo/share/annin_ar4_gazebo/hook/cmake_prefix_path.dsv'
[0.636s] INFO:colcon.colcon_core.shell:Creating environment hook '/home/karroyabreu/ar4/install/annin_ar4_gazebo/share/annin_ar4_gazebo/hook/cmake_prefix_path.sh'
[0.636s] Level 1:colcon.colcon_core.environment:checking '/home/karroyabreu/ar4/install/annin_ar4_gazebo/bin'
[0.637s] Level 1:colcon.colcon_core.environment:checking '/home/karroyabreu/ar4/install/annin_ar4_gazebo/lib/pkgconfig/annin_ar4_gazebo.pc'
[0.637s] Level 1:colcon.colcon_core.environment:checking '/home/karroyabreu/ar4/install/annin_ar4_gazebo/lib/python3.12/site-packages'
[0.637s] Level 1:colcon.colcon_core.environment:checking '/home/karroyabreu/ar4/install/annin_ar4_gazebo/bin'
[0.637s] INFO:colcon.colcon_core.shell:Creating package script '/home/karroyabreu/ar4/install/annin_ar4_gazebo/share/annin_ar4_gazebo/package.ps1'
[0.638s] INFO:colcon.colcon_core.shell:Creating package descriptor '/home/karroyabreu/ar4/install/annin_ar4_gazebo/share/annin_ar4_gazebo/package.dsv'
[0.638s] INFO:colcon.colcon_core.shell:Creating package script '/home/karroyabreu/ar4/install/annin_ar4_gazebo/share/annin_ar4_gazebo/package.sh'
[0.639s] INFO:colcon.colcon_core.shell:Creating package script '/home/karroyabreu/ar4/install/annin_ar4_gazebo/share/annin_ar4_gazebo/package.bash'
[0.639s] INFO:colcon.colcon_core.shell:Creating package script '/home/karroyabreu/ar4/install/annin_ar4_gazebo/share/annin_ar4_gazebo/package.zsh'
[0.639s] Level 1:colcon.colcon_core.environment:create_file_with_runtime_dependencies(/home/karroyabreu/ar4/install/annin_ar4_gazebo/share/colcon-core/packages/annin_ar4_gazebo)
[0.908s] DEBUG:colcon.colcon_core.event_handler.log_command:Invoking command in '/home/karroyabreu/ar4/src/pose_gui': DEBUGINFOD_URLS=https://debuginfod.ubuntu.com PYTHONPATH=/home/karroyabreu/ar4/build/pose_gui/prefix_override:/usr/lib/python3/dist-packages/colcon_core/task/python/colcon_distutils_commands:/home/karroyabreu/ar4/install/pose_gui/lib/python3.12/site-packages:${PYTHONPATH} /usr/bin/python3 -W ignore:setup.py install is deprecated -W ignore:easy_install command is deprecated setup.py egg_info --egg-base ../../build/pose_gui build --build-base /home/karroyabreu/ar4/build/pose_gui/build install --record /home/karroyabreu/ar4/build/pose_gui/install.log --single-version-externally-managed install_data
[1.366s] Level 1:colcon.colcon_core.environment:checking '/home/karroyabreu/ar4/install/pose_gui' for CMake module files
[1.366s] DEBUG:colcon.colcon_core.event_handler.log_command:Invoked command in '/home/karroyabreu/ar4/src/pose_gui' returned '0': DEBUGINFOD_URLS=https://debuginfod.ubuntu.com PYTHONPATH=/home/karroyabreu/ar4/build/pose_gui/prefix_override:/usr/lib/python3/dist-packages/colcon_core/task/python/colcon_distutils_commands:/home/karroyabreu/ar4/install/pose_gui/lib/python3.12/site-packages:${PYTHONPATH} /usr/bin/python3 -W ignore:setup.py install is deprecated -W ignore:easy_install command is deprecated setup.py egg_info --egg-base ../../build/pose_gui build --build-base /home/karroyabreu/ar4/build/pose_gui/build install --record /home/karroyabreu/ar4/build/pose_gui/install.log --single-version-externally-managed install_data
[1.367s] Level 1:colcon.colcon_core.environment:checking '/home/karroyabreu/ar4/install/pose_gui' for CMake config files
[1.367s] Level 1:colcon.colcon_core.environment:checking '/home/karroyabreu/ar4/install/pose_gui/lib'
[1.367s] Level 1:colcon.colcon_core.environment:checking '/home/karroyabreu/ar4/install/pose_gui/bin'
[1.367s] Level 1:colcon.colcon_core.environment:checking '/home/karroyabreu/ar4/install/pose_gui/lib/pkgconfig/pose_gui.pc'
[1.367s] Level 1:colcon.colcon_core.environment:checking '/home/karroyabreu/ar4/install/pose_gui/lib/python3.12/site-packages'
[1.368s] Level 1:colcon.colcon_core.shell:create_environment_hook('pose_gui', 'pythonpath')
[1.368s] INFO:colcon.colcon_core.shell:Creating environment hook '/home/karroyabreu/ar4/install/pose_gui/share/pose_gui/hook/pythonpath.ps1'
[1.368s] INFO:colcon.colcon_core.shell:Creating environment descriptor '/home/karroyabreu/ar4/install/pose_gui/share/pose_gui/hook/pythonpath.dsv'
[1.368s] INFO:colcon.colcon_core.shell:Creating environment hook '/home/karroyabreu/ar4/install/pose_gui/share/pose_gui/hook/pythonpath.sh'
[1.369s] Level 1:colcon.colcon_core.environment:checking '/home/karroyabreu/ar4/install/pose_gui/bin'
[1.369s] Level 1:colcon.colcon_core.environment:create_environment_scripts_only(pose_gui)
[1.369s] INFO:colcon.colcon_core.shell:Creating package script '/home/karroyabreu/ar4/install/pose_gui/share/pose_gui/package.ps1'
[1.370s] INFO:colcon.colcon_core.shell:Creating package descriptor '/home/karroyabreu/ar4/install/pose_gui/share/pose_gui/package.dsv'
[1.370s] INFO:colcon.colcon_core.shell:Creating package script '/home/karroyabreu/ar4/install/pose_gui/share/pose_gui/package.sh'
[1.370s] INFO:colcon.colcon_core.shell:Creating package script '/home/karroyabreu/ar4/install/pose_gui/share/pose_gui/package.bash'
[1.370s] INFO:colcon.colcon_core.shell:Creating package script '/home/karroyabreu/ar4/install/pose_gui/share/pose_gui/package.zsh'
[1.371s] Level 1:colcon.colcon_core.environment:create_file_with_runtime_dependencies(/home/karroyabreu/ar4/install/pose_gui/share/colcon-core/packages/pose_gui)
[1.371s] DEBUG:colcon.colcon_parallel_executor.executor.parallel:closing loop
[1.371s] DEBUG:colcon.colcon_parallel_executor.executor.parallel:loop closed
[1.371s] DEBUG:colcon.colcon_parallel_executor.executor.parallel:run_until_complete finished with '0'
[1.371s] DEBUG:colcon.colcon_core.event_reactor:joining thread
[1.375s] INFO:colcon.colcon_core.plugin_system:Skipping extension 'colcon_notification.desktop_notification.terminal_notifier': Not used on non-Darwin systems
[1.375s] INFO:colcon.colcon_core.plugin_system:Skipping extension 'colcon_notification.desktop_notification.win32': Not used on non-Windows systems
[1.375s] INFO:colcon.colcon_notification.desktop_notification:Sending desktop notification using 'notify2'
[1.387s] DEBUG:colcon.colcon_core.event_reactor:joined thread
[1.387s] INFO:colcon.colcon_core.shell:Creating prefix script '/home/karroyabreu/ar4/install/local_setup.ps1'
[1.388s] INFO:colcon.colcon_core.shell:Creating prefix util module '/home/karroyabreu/ar4/install/_local_setup_util_ps1.py'
[1.389s] INFO:colcon.colcon_core.shell:Creating prefix chain script '/home/karroyabreu/ar4/install/setup.ps1'
[1.390s] INFO:colcon.colcon_core.shell:Creating prefix script '/home/karroyabreu/ar4/install/local_setup.sh'
[1.390s] INFO:colcon.colcon_core.shell:Creating prefix util module '/home/karroyabreu/ar4/install/_local_setup_util_sh.py'
[1.390s] INFO:colcon.colcon_core.shell:Creating prefix chain script '/home/karroyabreu/ar4/install/setup.sh'
[1.391s] INFO:colcon.colcon_core.shell:Creating prefix script '/home/karroyabreu/ar4/install/local_setup.bash'
[1.392s] INFO:colcon.colcon_core.shell:Creating prefix chain script '/home/karroyabreu/ar4/install/setup.bash'
[1.393s] INFO:colcon.colcon_core.shell:Creating prefix script '/home/karroyabreu/ar4/install/local_setup.zsh'
[1.393s] INFO:colcon.colcon_core.shell:Creating prefix chain script '/home/karroyabreu/ar4/install/setup.zsh'
