[0.008s] Invoking command in '/home/karroyabreu/ar4/build/programs_cpp': CMAKE_PREFIX_PATH=${CMAKE_PREFIX_PATH}:/opt/ros/jazzy DEBUGINFOD_URLS=https://debuginfod.ubuntu.com /usr/bin/cmake /home/karroyabreu/ar4/src/programs_cpp -DCMAKE_INSTALL_PREFIX=/home/karroyabreu/ar4/install/programs_cpp
[0.017s] -- Found ament_cmake: 2.5.4 (/opt/ros/jazzy/share/ament_cmake/cmake)
[0.152s] -- Found rclcpp: 28.1.10 (/opt/ros/jazzy/share/rclcpp/cmake)
[0.168s] -- Found rosidl_generator_c: 4.6.5 (/opt/ros/jazzy/share/rosidl_generator_c/cmake)
[0.173s] -- Found rosidl_generator_cpp: 4.6.5 (/opt/ros/jazzy/share/rosidl_generator_cpp/cmake)
[0.179s] -- Using all available rosidl_typesupport_c: rosidl_typesupport_fastrtps_c;rosidl_typesupport_introspection_c
[0.187s] -- Using all available rosidl_typesupport_cpp: rosidl_typesupport_fastrtps_cpp;rosidl_typesupport_introspection_cpp
[0.221s] -- Found rmw_implementation_cmake: 7.3.2 (/opt/ros/jazzy/share/rmw_implementation_cmake/cmake)
[0.222s] -- Found rmw_fastrtps_cpp: 8.4.2 (/opt/ros/jazzy/share/rmw_fastrtps_cpp/cmake)
[0.263s] -- Using RMW implementation 'rmw_fastrtps_cpp' as default
[0.298s] -- Found moveit_ros_planning_interface: 2.12.3 (/opt/ros/jazzy/share/moveit_ros_planning_interface/cmake)
[0.304s] -- Found Boost: /usr/lib/x86_64-linux-gnu/cmake/Boost-1.83.0/BoostConfig.cmake (found version "1.83.0") found components: date_time filesystem program_options system thread 
[0.454s] -- Found Boost: /usr/lib/x86_64-linux-gnu/cmake/Boost-1.83.0/BoostConfig.cmake (found version "1.83.0") found components: chrono date_time filesystem iostreams program_options regex serialization system thread 
[0.471s] -- Found parameter_traits: 0.5.0 (/opt/ros/jazzy/share/parameter_traits/cmake)
[0.475s] -- Found rclcpp_lifecycle: 28.1.10 (/opt/ros/jazzy/share/rclcpp_lifecycle/cmake)
[0.493s] -- Found Boost: /usr/lib/x86_64-linux-gnu/cmake/Boost-1.83.0/BoostConfig.cmake (found version "1.83.0") found components: filesystem 
[0.518s] -- Ensuring Eigen3 include directory is part of orocos-kdl CMake target
[0.589s] -- Found Boost: /usr/lib/x86_64-linux-gnu/cmake/Boost-1.83.0/BoostConfig.cmake (found version "1.83.0") found components: system filesystem date_time program_options thread chrono 
[0.617s] -- Found Boost: /usr/lib/x86_64-linux-gnu/cmake/Boost-1.83.0/BoostConfig.cmake (found version "1.83.0") found components: thread system filesystem regex date_time program_options 
[0.631s] -- Found Boost: /usr/lib/x86_64-linux-gnu/cmake/Boost-1.83.0/BoostConfig.cmake (found version "1.83.0") found components: system filesystem date_time program_options thread 
[0.652s] -- Found ament_lint_auto: 0.17.2 (/opt/ros/jazzy/share/ament_lint_auto/cmake)
[0.707s] -- Added test 'cppcheck' to perform static code analysis on C / C++ code
[0.707s] -- Configured cppcheck include dirs: 
[0.707s] -- Configured cppcheck exclude dirs and/or files: 
[0.707s] -- Added test 'lint_cmake' to check CMake code style
[0.707s] -- Added test 'uncrustify' to check C / C++ code style
[0.707s] -- Configured uncrustify additional arguments: 
[0.708s] -- Added test 'xmllint' to check XML markup files
[0.708s] -- Configuring done (0.7s)
[0.731s] -- Generating done (0.0s)
[0.735s] -- Build files have been written to: /home/karroyabreu/ar4/build/programs_cpp
[0.746s] Invoked command in '/home/karroyabreu/ar4/build/programs_cpp' returned '0': CMAKE_PREFIX_PATH=${CMAKE_PREFIX_PATH}:/opt/ros/jazzy DEBUGINFOD_URLS=https://debuginfod.ubuntu.com /usr/bin/cmake /home/karroyabreu/ar4/src/programs_cpp -DCMAKE_INSTALL_PREFIX=/home/karroyabreu/ar4/install/programs_cpp
[0.747s] Invoking command in '/home/karroyabreu/ar4/build/programs_cpp': CMAKE_PREFIX_PATH=${CMAKE_PREFIX_PATH}:/opt/ros/jazzy DEBUGINFOD_URLS=https://debuginfod.ubuntu.com /usr/bin/cmake --build /home/karroyabreu/ar4/build/programs_cpp -- -j22 -l22
[0.795s] [ 50%] [32mBuilding CXX object CMakeFiles/programs_cpp.dir/src/program1.cpp.o[0m
[2.561s] In file included from [01m[K/home/karroyabreu/ar4/src/programs_cpp/src/program1.cpp:3[m[K:
[2.562s] [01m[K/opt/ros/jazzy/include/moveit_ros_planning_interface/moveit/move_group_interface/move_group_interface.h:51:77:[m[K [01;36m[Knote: [m[K‘[01m[K#pragma message: .h header is obsolete. Please use the .hpp header instead.[m[K’
[2.562s]    51 | a message(".h header is obsolete. Please use the .hpp header instead."[01;36m[K)[m[K
[2.562s]       |                                                                       [01;36m[K^[m[K
[2.562s] 
[3.667s] In file included from [01m[K/home/karroyabreu/ar4/src/programs_cpp/src/program1.cpp:4[m[K:
[3.667s] [01m[K/opt/ros/jazzy/include/moveit_ros_planning_interface/moveit/planning_scene_interface/planning_scene_interface.h:50:77:[m[K [01;36m[Knote: [m[K‘[01m[K#pragma message: .h header is obsolete. Please use the .hpp header instead.[m[K’
[3.667s]    50 | a message(".h header is obsolete. Please use the .hpp header instead."[01;36m[K)[m[K
[3.667s]       |                                                                       [01;36m[K^[m[K
[3.667s] 
[3.675s] In file included from [01m[K/home/karroyabreu/ar4/src/programs_cpp/src/program1.cpp:5[m[K:
[3.675s] [01m[K/opt/ros/jazzy/include/moveit_ros_planning/moveit/moveit_cpp/planning_component.h:51:77:[m[K [01;36m[Knote: [m[K‘[01m[K#pragma message: .h header is obsolete. Please use the .hpp header instead.[m[K’
[3.675s]    51 | a message(".h header is obsolete. Please use the .hpp header instead."[01;36m[K)[m[K
[3.675s]       |                                                                       [01;36m[K^[m[K
[3.675s] 
[6.811s] [100%] [32m[1mLinking CXX executable programs_cpp[0m
[7.067s] [100%] Built target programs_cpp
[7.077s] Invoked command in '/home/karroyabreu/ar4/build/programs_cpp' returned '0': CMAKE_PREFIX_PATH=${CMAKE_PREFIX_PATH}:/opt/ros/jazzy DEBUGINFOD_URLS=https://debuginfod.ubuntu.com /usr/bin/cmake --build /home/karroyabreu/ar4/build/programs_cpp -- -j22 -l22
[7.088s] Invoking command in '/home/karroyabreu/ar4/build/programs_cpp': CMAKE_PREFIX_PATH=${CMAKE_PREFIX_PATH}:/opt/ros/jazzy DEBUGINFOD_URLS=https://debuginfod.ubuntu.com /usr/bin/cmake --install /home/karroyabreu/ar4/build/programs_cpp
[7.094s] -- Install configuration: ""
[7.094s] -- Installing: /home/karroyabreu/ar4/install/programs_cpp/lib/programs_cpp/programs_cpp
[7.095s] -- Set non-toolchain portion of runtime path of "/home/karroyabreu/ar4/install/programs_cpp/lib/programs_cpp/programs_cpp" to ""
[7.095s] -- Installing: /home/karroyabreu/ar4/install/programs_cpp/share/ament_index/resource_index/package_run_dependencies/programs_cpp
[7.095s] -- Installing: /home/karroyabreu/ar4/install/programs_cpp/share/ament_index/resource_index/parent_prefix_path/programs_cpp
[7.095s] -- Installing: /home/karroyabreu/ar4/install/programs_cpp/share/programs_cpp/environment/ament_prefix_path.sh
[7.095s] -- Installing: /home/karroyabreu/ar4/install/programs_cpp/share/programs_cpp/environment/ament_prefix_path.dsv
[7.095s] -- Installing: /home/karroyabreu/ar4/install/programs_cpp/share/programs_cpp/environment/path.sh
[7.095s] -- Installing: /home/karroyabreu/ar4/install/programs_cpp/share/programs_cpp/environment/path.dsv
[7.095s] -- Installing: /home/karroyabreu/ar4/install/programs_cpp/share/programs_cpp/local_setup.bash
[7.096s] -- Installing: /home/karroyabreu/ar4/install/programs_cpp/share/programs_cpp/local_setup.sh
[7.096s] -- Installing: /home/karroyabreu/ar4/install/programs_cpp/share/programs_cpp/local_setup.zsh
[7.096s] -- Installing: /home/karroyabreu/ar4/install/programs_cpp/share/programs_cpp/local_setup.dsv
[7.096s] -- Installing: /home/karroyabreu/ar4/install/programs_cpp/share/programs_cpp/package.dsv
[7.096s] -- Installing: /home/karroyabreu/ar4/install/programs_cpp/share/ament_index/resource_index/packages/programs_cpp
[7.096s] -- Installing: /home/karroyabreu/ar4/install/programs_cpp/share/programs_cpp/cmake/programs_cppConfig.cmake
[7.096s] -- Installing: /home/karroyabreu/ar4/install/programs_cpp/share/programs_cpp/cmake/programs_cppConfig-version.cmake
[7.096s] -- Installing: /home/karroyabreu/ar4/install/programs_cpp/share/programs_cpp/package.xml
[7.097s] Invoked command in '/home/karroyabreu/ar4/build/programs_cpp' returned '0': CMAKE_PREFIX_PATH=${CMAKE_PREFIX_PATH}:/opt/ros/jazzy DEBUGINFOD_URLS=https://debuginfod.ubuntu.com /usr/bin/cmake --install /home/karroyabreu/ar4/build/programs_cpp
