[ 75%] Built target annin_ar4_driver
[100%] Built target run_arduino_nano
-- Install configuration: ""
-- Up-to-date: /home/karroyabreu/ar4/install/annin_ar4_driver/lib/annin_ar4_driver/run_arduino_nano
-- Up-to-date: /home/karroyabreu/ar4/install/annin_ar4_driver/share/annin_ar4_driver/hardware_interface_plugin.xml
-- Up-to-date: /home/karroyabreu/ar4/install/annin_ar4_driver/lib/libannin_ar4_driver.so
-- Up-to-date: /home/karroyabreu/ar4/install/annin_ar4_driver/include/annin_ar4_driver
-- Up-to-date: /home/karroyabreu/ar4/install/annin_ar4_driver/include/annin_ar4_driver/annin_ar4_driver
-- Up-to-date: /home/karroyabreu/ar4/install/annin_ar4_driver/include/annin_ar4_driver/annin_ar4_driver/teensy_driver.hpp
-- Up-to-date: /home/karroyabreu/ar4/install/annin_ar4_driver/include/annin_ar4_driver/annin_ar4_driver/arduino_nano_driver.hpp
-- Up-to-date: /home/karroyabreu/ar4/install/annin_ar4_driver/include/annin_ar4_driver/annin_ar4_driver/gripper_overcurrent_protection.hpp
-- Up-to-date: /home/karroyabreu/ar4/install/annin_ar4_driver/include/annin_ar4_driver/annin_ar4_driver/ar_servo_gripper_hw_interface.hpp
-- Up-to-date: /home/karroyabreu/ar4/install/annin_ar4_driver/include/annin_ar4_driver/annin_ar4_driver/ar_hardware_interface.hpp
-- Up-to-date: /home/karroyabreu/ar4/install/annin_ar4_driver/share/annin_ar4_driver/config
-- Up-to-date: /home/karroyabreu/ar4/install/annin_ar4_driver/share/annin_ar4_driver/config/controllers.yaml
-- Up-to-date: /home/karroyabreu/ar4/install/annin_ar4_driver/share/annin_ar4_driver/config/driver.yaml
-- Up-to-date: /home/karroyabreu/ar4/install/annin_ar4_driver/share/annin_ar4_driver/config/joint_offsets
-- Up-to-date: /home/karroyabreu/ar4/install/annin_ar4_driver/share/annin_ar4_driver/config/joint_offsets/mk1.yaml
-- Up-to-date: /home/karroyabreu/ar4/install/annin_ar4_driver/share/annin_ar4_driver/config/joint_offsets/mk2.yaml
-- Installing: /home/karroyabreu/ar4/install/annin_ar4_driver/share/annin_ar4_driver/config/joint_offsets/mk3.yaml
-- Installing: /home/karroyabreu/ar4/install/annin_ar4_driver/share/annin_ar4_driver/config/gripper_driver.yaml
-- Up-to-date: /home/karroyabreu/ar4/install/annin_ar4_driver/share/annin_ar4_driver/launch
-- Up-to-date: /home/karroyabreu/ar4/install/annin_ar4_driver/share/annin_ar4_driver/launch/driver.launch.py
-- Up-to-date: /home/karroyabreu/ar4/install/annin_ar4_driver/share/annin_ar4_driver/urdf
-- Up-to-date: /home/karroyabreu/ar4/install/annin_ar4_driver/share/annin_ar4_driver/urdf/ar.urdf.xacro
-- Up-to-date: /home/karroyabreu/ar4/install/annin_ar4_driver/lib/annin_ar4_driver/reset_estop.sh
-- Up-to-date: /home/karroyabreu/ar4/install/annin_ar4_driver/share/annin_ar4_driver/environment/library_path.sh
-- Up-to-date: /home/karroyabreu/ar4/install/annin_ar4_driver/share/annin_ar4_driver/environment/library_path.dsv
-- Up-to-date: /home/karroyabreu/ar4/install/annin_ar4_driver/share/ament_index/resource_index/package_run_dependencies/annin_ar4_driver
-- Up-to-date: /home/karroyabreu/ar4/install/annin_ar4_driver/share/ament_index/resource_index/parent_prefix_path/annin_ar4_driver
-- Up-to-date: /home/karroyabreu/ar4/install/annin_ar4_driver/share/annin_ar4_driver/environment/ament_prefix_path.sh
-- Up-to-date: /home/karroyabreu/ar4/install/annin_ar4_driver/share/annin_ar4_driver/environment/ament_prefix_path.dsv
-- Up-to-date: /home/karroyabreu/ar4/install/annin_ar4_driver/share/annin_ar4_driver/environment/path.sh
-- Up-to-date: /home/karroyabreu/ar4/install/annin_ar4_driver/share/annin_ar4_driver/environment/path.dsv
-- Up-to-date: /home/karroyabreu/ar4/install/annin_ar4_driver/share/annin_ar4_driver/local_setup.bash
-- Up-to-date: /home/karroyabreu/ar4/install/annin_ar4_driver/share/annin_ar4_driver/local_setup.sh
-- Up-to-date: /home/karroyabreu/ar4/install/annin_ar4_driver/share/annin_ar4_driver/local_setup.zsh
-- Up-to-date: /home/karroyabreu/ar4/install/annin_ar4_driver/share/annin_ar4_driver/local_setup.dsv
-- Installing: /home/karroyabreu/ar4/install/annin_ar4_driver/share/annin_ar4_driver/package.dsv
-- Up-to-date: /home/karroyabreu/ar4/install/annin_ar4_driver/share/ament_index/resource_index/packages/annin_ar4_driver
-- Up-to-date: /home/karroyabreu/ar4/install/annin_ar4_driver/share/ament_index/resource_index/hardware_interface__pluginlib__plugin/annin_ar4_driver
-- Up-to-date: /home/karroyabreu/ar4/install/annin_ar4_driver/share/annin_ar4_driver/cmake/export_annin_ar4_driverExport.cmake
-- Up-to-date: /home/karroyabreu/ar4/install/annin_ar4_driver/share/annin_ar4_driver/cmake/export_annin_ar4_driverExport-noconfig.cmake
-- Up-to-date: /home/karroyabreu/ar4/install/annin_ar4_driver/share/annin_ar4_driver/cmake/ament_cmake_export_targets-extras.cmake
-- Up-to-date: /home/karroyabreu/ar4/install/annin_ar4_driver/share/annin_ar4_driver/cmake/ament_cmake_export_dependencies-extras.cmake
-- Up-to-date: /home/karroyabreu/ar4/install/annin_ar4_driver/share/annin_ar4_driver/cmake/annin_ar4_driverConfig.cmake
-- Up-to-date: /home/karroyabreu/ar4/install/annin_ar4_driver/share/annin_ar4_driver/cmake/annin_ar4_driverConfig-version.cmake
-- Up-to-date: /home/karroyabreu/ar4/install/annin_ar4_driver/share/annin_ar4_driver/package.xml
