-- The C compiler identification is GNU 13.3.0
-- The CXX compiler identification is GNU 13.3.0
-- Detecting C compiler ABI info
-- Detecting C compiler ABI info - done
-- Check for working C compiler: /usr/bin/cc - skipped
-- Detecting C compile features
-- Detecting C compile features - done
-- Detecting CXX compiler ABI info
-- Detecting CXX compiler ABI info - done
-- Check for working CXX compiler: /usr/bin/c++ - skipped
-- Detecting CXX compile features
-- Detecting CXX compile features - done
-- Found ament_cmake: 2.5.4 (/opt/ros/jazzy/share/ament_cmake/cmake)
-- Found Python3: /usr/bin/python3 (found version "3.12.3") found components: Interpreter 
-- Found ament_lint_auto: 0.17.2 (/opt/ros/jazzy/share/ament_lint_auto/cmake)
-- Added test 'copyright' to check source files copyright and LICENSE
-- Added test 'flake8' to check Python code syntax and style conventions
-- Configured 'flake8' exclude dirs and/or files: 
-- Added test 'lint_cmake' to check CMake code style
-- Added test 'pep257' to check Python code against some of the docstring style conventions in PEP 257
-- Added test 'xmllint' to check XML markup files
-- Configuring done (0.6s)
-- Generating done (0.0s)
-- Build files have been written to: /home/karroyabreu/ar4/build/ros_gz_sim_demos
-- Install configuration: ""
-- Installing: /home/karroyabreu/ar4/install/ros_gz_sim_demos/share/ros_gz_sim_demos/launch
-- Installing: /home/karroyabreu/ar4/install/ros_gz_sim_demos/share/ros_gz_sim_demos/launch/image_bridge.launch.py
-- Installing: /home/karroyabreu/ar4/install/ros_gz_sim_demos/share/ros_gz_sim_demos/launch/camera.launch.py
-- Installing: /home/karroyabreu/ar4/install/ros_gz_sim_demos/share/ros_gz_sim_demos/launch/joint_states.launch.py
-- Installing: /home/karroyabreu/ar4/install/ros_gz_sim_demos/share/ros_gz_sim_demos/launch/magnetometer.launch.py
-- Installing: /home/karroyabreu/ar4/install/ros_gz_sim_demos/share/ros_gz_sim_demos/launch/imu.launch.py
-- Installing: /home/karroyabreu/ar4/install/ros_gz_sim_demos/share/ros_gz_sim_demos/launch/robot_description_publisher.launch.py
-- Installing: /home/karroyabreu/ar4/install/ros_gz_sim_demos/share/ros_gz_sim_demos/launch/triggered_camera.launch.py
-- Installing: /home/karroyabreu/ar4/install/ros_gz_sim_demos/share/ros_gz_sim_demos/launch/navsat_gpsfix.launch.py
-- Installing: /home/karroyabreu/ar4/install/ros_gz_sim_demos/share/ros_gz_sim_demos/launch/navsat.launch.py
-- Installing: /home/karroyabreu/ar4/install/ros_gz_sim_demos/share/ros_gz_sim_demos/launch/depth_camera.launch.py
-- Installing: /home/karroyabreu/ar4/install/ros_gz_sim_demos/share/ros_gz_sim_demos/launch/rgbd_camera_bridge.launch.py
-- Installing: /home/karroyabreu/ar4/install/ros_gz_sim_demos/share/ros_gz_sim_demos/launch/gpu_lidar_bridge.launch.py
-- Installing: /home/karroyabreu/ar4/install/ros_gz_sim_demos/share/ros_gz_sim_demos/launch/sdf_parser.launch.py
-- Installing: /home/karroyabreu/ar4/install/ros_gz_sim_demos/share/ros_gz_sim_demos/launch/gpu_lidar.launch.py
-- Installing: /home/karroyabreu/ar4/install/ros_gz_sim_demos/share/ros_gz_sim_demos/launch/tf_bridge.launch.py
-- Installing: /home/karroyabreu/ar4/install/ros_gz_sim_demos/share/ros_gz_sim_demos/launch/rgbd_camera.launch.py
-- Installing: /home/karroyabreu/ar4/install/ros_gz_sim_demos/share/ros_gz_sim_demos/launch/battery.launch.py
-- Installing: /home/karroyabreu/ar4/install/ros_gz_sim_demos/share/ros_gz_sim_demos/launch/diff_drive.launch.py
-- Installing: /home/karroyabreu/ar4/install/ros_gz_sim_demos/share/ros_gz_sim_demos/launch/air_pressure.launch.py
-- Installing: /home/karroyabreu/ar4/install/ros_gz_sim_demos/share/ros_gz_sim_demos/rviz
-- Installing: /home/karroyabreu/ar4/install/ros_gz_sim_demos/share/ros_gz_sim_demos/rviz/gpu_lidar_bridge.rviz
-- Installing: /home/karroyabreu/ar4/install/ros_gz_sim_demos/share/ros_gz_sim_demos/rviz/joint_states.rviz
-- Installing: /home/karroyabreu/ar4/install/ros_gz_sim_demos/share/ros_gz_sim_demos/rviz/imu.rviz
-- Installing: /home/karroyabreu/ar4/install/ros_gz_sim_demos/share/ros_gz_sim_demos/rviz/diff_drive.rviz
-- Installing: /home/karroyabreu/ar4/install/ros_gz_sim_demos/share/ros_gz_sim_demos/rviz/camera.rviz
-- Installing: /home/karroyabreu/ar4/install/ros_gz_sim_demos/share/ros_gz_sim_demos/rviz/rgbd_camera.rviz
-- Installing: /home/karroyabreu/ar4/install/ros_gz_sim_demos/share/ros_gz_sim_demos/rviz/robot_description_publisher.rviz
-- Installing: /home/karroyabreu/ar4/install/ros_gz_sim_demos/share/ros_gz_sim_demos/rviz/vehicle.rviz
-- Installing: /home/karroyabreu/ar4/install/ros_gz_sim_demos/share/ros_gz_sim_demos/rviz/rgbd_camera_bridge.rviz
-- Installing: /home/karroyabreu/ar4/install/ros_gz_sim_demos/share/ros_gz_sim_demos/rviz/tf_bridge.rviz
-- Installing: /home/karroyabreu/ar4/install/ros_gz_sim_demos/share/ros_gz_sim_demos/rviz/depth_camera.rviz
-- Installing: /home/karroyabreu/ar4/install/ros_gz_sim_demos/share/ros_gz_sim_demos/rviz/gpu_lidar.rviz
-- Installing: /home/karroyabreu/ar4/install/ros_gz_sim_demos/share/ros_gz_sim_demos/models
-- Installing: /home/karroyabreu/ar4/install/ros_gz_sim_demos/share/ros_gz_sim_demos/models/vehicle
-- Installing: /home/karroyabreu/ar4/install/ros_gz_sim_demos/share/ros_gz_sim_demos/models/vehicle/model.sdf
-- Installing: /home/karroyabreu/ar4/install/ros_gz_sim_demos/share/ros_gz_sim_demos/models/vehicle/model.config
-- Installing: /home/karroyabreu/ar4/install/ros_gz_sim_demos/share/ros_gz_sim_demos/models/rrbot.xacro
-- Installing: /home/karroyabreu/ar4/install/ros_gz_sim_demos/share/ros_gz_sim_demos/models/cardboard_box
-- Installing: /home/karroyabreu/ar4/install/ros_gz_sim_demos/share/ros_gz_sim_demos/models/cardboard_box/model.sdf
-- Installing: /home/karroyabreu/ar4/install/ros_gz_sim_demos/share/ros_gz_sim_demos/models/cardboard_box/thumbnails
-- Installing: /home/karroyabreu/ar4/install/ros_gz_sim_demos/share/ros_gz_sim_demos/models/cardboard_box/thumbnails/1.png
-- Installing: /home/karroyabreu/ar4/install/ros_gz_sim_demos/share/ros_gz_sim_demos/models/cardboard_box/thumbnails/2.png
-- Installing: /home/karroyabreu/ar4/install/ros_gz_sim_demos/share/ros_gz_sim_demos/models/cardboard_box/thumbnails/3.png
-- Installing: /home/karroyabreu/ar4/install/ros_gz_sim_demos/share/ros_gz_sim_demos/models/cardboard_box/thumbnails/5.png
-- Installing: /home/karroyabreu/ar4/install/ros_gz_sim_demos/share/ros_gz_sim_demos/models/cardboard_box/thumbnails/4.png
-- Installing: /home/karroyabreu/ar4/install/ros_gz_sim_demos/share/ros_gz_sim_demos/models/cardboard_box/materials
-- Installing: /home/karroyabreu/ar4/install/ros_gz_sim_demos/share/ros_gz_sim_demos/models/cardboard_box/materials/textures
-- Installing: /home/karroyabreu/ar4/install/ros_gz_sim_demos/share/ros_gz_sim_demos/models/cardboard_box/materials/textures/cardboard_box.png
-- Installing: /home/karroyabreu/ar4/install/ros_gz_sim_demos/share/ros_gz_sim_demos/models/cardboard_box/model.config
-- Installing: /home/karroyabreu/ar4/install/ros_gz_sim_demos/share/ros_gz_sim_demos/models/cardboard_box/meshes
-- Installing: /home/karroyabreu/ar4/install/ros_gz_sim_demos/share/ros_gz_sim_demos/models/cardboard_box/meshes/cardboard_box.dae
-- Installing: /home/karroyabreu/ar4/install/ros_gz_sim_demos/share/ros_gz_sim_demos/models/double_pendulum_model.sdf
-- Installing: /home/karroyabreu/ar4/install/ros_gz_sim_demos/share/ros_gz_sim_demos/worlds
-- Installing: /home/karroyabreu/ar4/install/ros_gz_sim_demos/share/ros_gz_sim_demos/worlds/default.sdf
-- Installing: /home/karroyabreu/ar4/install/ros_gz_sim_demos/share/ros_gz_sim_demos/worlds/vehicle.sdf
-- Installing: /home/karroyabreu/ar4/install/ros_gz_sim_demos/share/ros_gz_sim_demos/environment/ros_gz_sim_demos.dsv
-- Installing: /home/karroyabreu/ar4/install/ros_gz_sim_demos/share/ament_index/resource_index/package_run_dependencies/ros_gz_sim_demos
-- Installing: /home/karroyabreu/ar4/install/ros_gz_sim_demos/share/ament_index/resource_index/parent_prefix_path/ros_gz_sim_demos
-- Installing: /home/karroyabreu/ar4/install/ros_gz_sim_demos/share/ros_gz_sim_demos/environment/ament_prefix_path.sh
-- Installing: /home/karroyabreu/ar4/install/ros_gz_sim_demos/share/ros_gz_sim_demos/environment/ament_prefix_path.dsv
-- Installing: /home/karroyabreu/ar4/install/ros_gz_sim_demos/share/ros_gz_sim_demos/environment/path.sh
-- Installing: /home/karroyabreu/ar4/install/ros_gz_sim_demos/share/ros_gz_sim_demos/environment/path.dsv
-- Installing: /home/karroyabreu/ar4/install/ros_gz_sim_demos/share/ros_gz_sim_demos/local_setup.bash
-- Installing: /home/karroyabreu/ar4/install/ros_gz_sim_demos/share/ros_gz_sim_demos/local_setup.sh
-- Installing: /home/karroyabreu/ar4/install/ros_gz_sim_demos/share/ros_gz_sim_demos/local_setup.zsh
-- Installing: /home/karroyabreu/ar4/install/ros_gz_sim_demos/share/ros_gz_sim_demos/local_setup.dsv
-- Installing: /home/karroyabreu/ar4/install/ros_gz_sim_demos/share/ros_gz_sim_demos/package.dsv
-- Installing: /home/karroyabreu/ar4/install/ros_gz_sim_demos/share/ament_index/resource_index/packages/ros_gz_sim_demos
-- Installing: /home/karroyabreu/ar4/install/ros_gz_sim_demos/share/ros_gz_sim_demos/cmake/ros_gz_sim_demosConfig.cmake
-- Installing: /home/karroyabreu/ar4/install/ros_gz_sim_demos/share/ros_gz_sim_demos/cmake/ros_gz_sim_demosConfig-version.cmake
-- Installing: /home/karroyabreu/ar4/install/ros_gz_sim_demos/share/ros_gz_sim_demos/package.xml
