[0.013s] Invoking command in '/home/karroyabreu/ar4/build/ros_gz_sim_demos': AMENT_PREFIX_PATH=/home/karroyabreu/ar4/install/ros_gz_image:/home/karroyabreu/ar4/install/ros_gz_sim:/home/karroyabreu/ar4/install/ros_gz_bridge:/home/karroyabreu/ar4/install/ros_gz_interfaces:${AMENT_PREFIX_PATH} CMAKE_PREFIX_PATH=/home/karroyabreu/ar4/install/ros_gz_image:/home/karroyabreu/ar4/install/ros_gz_sim:/home/karroyabreu/ar4/install/ros_gz_bridge:/home/karroyabreu/ar4/install/ros_gz_interfaces:/usr/local:/home/karroyabreu/ar4/install/annin_ar4_moveit_config:/home/karroyabreu/ar4/install/annin_ar4_gazebo:/home/karroyabreu/ar4/install/annin_ar4_driver:/home/karroyabreu/ar4/install/annin_ar4_description:/opt/ros/jazzy/opt/gz_sim_vendor:/opt/ros/jazzy/opt/gz_sensors_vendor:/opt/ros/jazzy/opt/gz_physics_vendor:/opt/ros/jazzy/opt/sdformat_vendor:/opt/ros/jazzy/opt/gz_gui_vendor:/opt/ros/jazzy/opt/gz_transport_vendor:/opt/ros/jazzy/opt/gz_rendering_vendor:/opt/ros/jazzy/opt/gz_plugin_vendor:/opt/ros/jazzy/opt/gz_fuel_tools_vendor:/opt/ros/jazzy/opt/gz_msgs_vendor:/opt/ros/jazzy/opt/gz_common_vendor:/opt/ros/jazzy/opt/gz_math_vendor:/opt/ros/jazzy/opt/gz_utils_vendor:/opt/ros/jazzy/opt/gz_tools_vendor:/opt/ros/jazzy/opt/gz_ogre_next_vendor:/opt/ros/jazzy/opt/gz_dartsim_vendor:/opt/ros/jazzy/opt/gz_cmake_vendor:/opt/ros/jazzy DEBUGINFOD_URLS=https://debuginfod.ubuntu.com LD_LIBRARY_PATH=/home/karroyabreu/ar4/install/ros_gz_sim/lib:/home/karroyabreu/ar4/install/ros_gz_bridge/lib:/home/karroyabreu/ar4/install/ros_gz_interfaces/lib:${LD_LIBRARY_PATH} PYTHONPATH=/home/karroyabreu/ar4/install/ros_gz_sim/lib/python3.12/site-packages:/home/karroyabreu/ar4/install/ros_gz_bridge/lib/python3.12/site-packages:/home/karroyabreu/ar4/install/ros_gz_interfaces/lib/python3.12/site-packages:${PYTHONPATH} /usr/bin/cmake /home/karroyabreu/ar4/src/ros_gz/ros_gz_sim_demos -DCMAKE_INSTALL_PREFIX=/home/karroyabreu/ar4/install/ros_gz_sim_demos
[0.062s] -- The C compiler identification is GNU 13.3.0
[0.099s] -- The CXX compiler identification is GNU 13.3.0
[0.114s] -- Detecting C compiler ABI info
[0.194s] -- Detecting C compiler ABI info - done
[0.203s] -- Check for working C compiler: /usr/bin/cc - skipped
[0.204s] -- Detecting C compile features
[0.204s] -- Detecting C compile features - done
[0.212s] -- Detecting CXX compiler ABI info
[0.297s] -- Detecting CXX compiler ABI info - done
[0.302s] -- Check for working CXX compiler: /usr/bin/c++ - skipped
[0.302s] -- Detecting CXX compile features
[0.303s] -- Detecting CXX compile features - done
[0.306s] -- Found ament_cmake: 2.5.4 (/opt/ros/jazzy/share/ament_cmake/cmake)
[0.419s] -- Found Python3: /usr/bin/python3 (found version "3.12.3") found components: Interpreter 
[0.513s] -- Found ament_lint_auto: 0.17.2 (/opt/ros/jazzy/share/ament_lint_auto/cmake)
[0.589s] -- Added test 'copyright' to check source files copyright and LICENSE
[0.592s] -- Added test 'flake8' to check Python code syntax and style conventions
[0.592s] -- Configured 'flake8' exclude dirs and/or files: 
[0.592s] -- Added test 'lint_cmake' to check CMake code style
[0.593s] -- Added test 'pep257' to check Python code against some of the docstring style conventions in PEP 257
[0.595s] -- Added test 'xmllint' to check XML markup files
[0.596s] -- Configuring done (0.6s)
[0.597s] -- Generating done (0.0s)
[0.598s] -- Build files have been written to: /home/karroyabreu/ar4/build/ros_gz_sim_demos
[0.603s] Invoked command in '/home/karroyabreu/ar4/build/ros_gz_sim_demos' returned '0': AMENT_PREFIX_PATH=/home/karroyabreu/ar4/install/ros_gz_image:/home/karroyabreu/ar4/install/ros_gz_sim:/home/karroyabreu/ar4/install/ros_gz_bridge:/home/karroyabreu/ar4/install/ros_gz_interfaces:${AMENT_PREFIX_PATH} CMAKE_PREFIX_PATH=/home/karroyabreu/ar4/install/ros_gz_image:/home/karroyabreu/ar4/install/ros_gz_sim:/home/karroyabreu/ar4/install/ros_gz_bridge:/home/karroyabreu/ar4/install/ros_gz_interfaces:/usr/local:/home/karroyabreu/ar4/install/annin_ar4_moveit_config:/home/karroyabreu/ar4/install/annin_ar4_gazebo:/home/karroyabreu/ar4/install/annin_ar4_driver:/home/karroyabreu/ar4/install/annin_ar4_description:/opt/ros/jazzy/opt/gz_sim_vendor:/opt/ros/jazzy/opt/gz_sensors_vendor:/opt/ros/jazzy/opt/gz_physics_vendor:/opt/ros/jazzy/opt/sdformat_vendor:/opt/ros/jazzy/opt/gz_gui_vendor:/opt/ros/jazzy/opt/gz_transport_vendor:/opt/ros/jazzy/opt/gz_rendering_vendor:/opt/ros/jazzy/opt/gz_plugin_vendor:/opt/ros/jazzy/opt/gz_fuel_tools_vendor:/opt/ros/jazzy/opt/gz_msgs_vendor:/opt/ros/jazzy/opt/gz_common_vendor:/opt/ros/jazzy/opt/gz_math_vendor:/opt/ros/jazzy/opt/gz_utils_vendor:/opt/ros/jazzy/opt/gz_tools_vendor:/opt/ros/jazzy/opt/gz_ogre_next_vendor:/opt/ros/jazzy/opt/gz_dartsim_vendor:/opt/ros/jazzy/opt/gz_cmake_vendor:/opt/ros/jazzy DEBUGINFOD_URLS=https://debuginfod.ubuntu.com LD_LIBRARY_PATH=/home/karroyabreu/ar4/install/ros_gz_sim/lib:/home/karroyabreu/ar4/install/ros_gz_bridge/lib:/home/karroyabreu/ar4/install/ros_gz_interfaces/lib:${LD_LIBRARY_PATH} PYTHONPATH=/home/karroyabreu/ar4/install/ros_gz_sim/lib/python3.12/site-packages:/home/karroyabreu/ar4/install/ros_gz_bridge/lib/python3.12/site-packages:/home/karroyabreu/ar4/install/ros_gz_interfaces/lib/python3.12/site-packages:${PYTHONPATH} /usr/bin/cmake /home/karroyabreu/ar4/src/ros_gz/ros_gz_sim_demos -DCMAKE_INSTALL_PREFIX=/home/karroyabreu/ar4/install/ros_gz_sim_demos
[0.604s] Invoking command in '/home/karroyabreu/ar4/build/ros_gz_sim_demos': AMENT_PREFIX_PATH=/home/karroyabreu/ar4/install/ros_gz_image:/home/karroyabreu/ar4/install/ros_gz_sim:/home/karroyabreu/ar4/install/ros_gz_bridge:/home/karroyabreu/ar4/install/ros_gz_interfaces:${AMENT_PREFIX_PATH} CMAKE_PREFIX_PATH=/home/karroyabreu/ar4/install/ros_gz_image:/home/karroyabreu/ar4/install/ros_gz_sim:/home/karroyabreu/ar4/install/ros_gz_bridge:/home/karroyabreu/ar4/install/ros_gz_interfaces:/usr/local:/home/karroyabreu/ar4/install/annin_ar4_moveit_config:/home/karroyabreu/ar4/install/annin_ar4_gazebo:/home/karroyabreu/ar4/install/annin_ar4_driver:/home/karroyabreu/ar4/install/annin_ar4_description:/opt/ros/jazzy/opt/gz_sim_vendor:/opt/ros/jazzy/opt/gz_sensors_vendor:/opt/ros/jazzy/opt/gz_physics_vendor:/opt/ros/jazzy/opt/sdformat_vendor:/opt/ros/jazzy/opt/gz_gui_vendor:/opt/ros/jazzy/opt/gz_transport_vendor:/opt/ros/jazzy/opt/gz_rendering_vendor:/opt/ros/jazzy/opt/gz_plugin_vendor:/opt/ros/jazzy/opt/gz_fuel_tools_vendor:/opt/ros/jazzy/opt/gz_msgs_vendor:/opt/ros/jazzy/opt/gz_common_vendor:/opt/ros/jazzy/opt/gz_math_vendor:/opt/ros/jazzy/opt/gz_utils_vendor:/opt/ros/jazzy/opt/gz_tools_vendor:/opt/ros/jazzy/opt/gz_ogre_next_vendor:/opt/ros/jazzy/opt/gz_dartsim_vendor:/opt/ros/jazzy/opt/gz_cmake_vendor:/opt/ros/jazzy DEBUGINFOD_URLS=https://debuginfod.ubuntu.com LD_LIBRARY_PATH=/home/karroyabreu/ar4/install/ros_gz_sim/lib:/home/karroyabreu/ar4/install/ros_gz_bridge/lib:/home/karroyabreu/ar4/install/ros_gz_interfaces/lib:${LD_LIBRARY_PATH} PYTHONPATH=/home/karroyabreu/ar4/install/ros_gz_sim/lib/python3.12/site-packages:/home/karroyabreu/ar4/install/ros_gz_bridge/lib/python3.12/site-packages:/home/karroyabreu/ar4/install/ros_gz_interfaces/lib/python3.12/site-packages:${PYTHONPATH} /usr/bin/cmake --build /home/karroyabreu/ar4/build/ros_gz_sim_demos -- -j22 -l22
[0.644s] Invoked command in '/home/karroyabreu/ar4/build/ros_gz_sim_demos' returned '0': AMENT_PREFIX_PATH=/home/karroyabreu/ar4/install/ros_gz_image:/home/karroyabreu/ar4/install/ros_gz_sim:/home/karroyabreu/ar4/install/ros_gz_bridge:/home/karroyabreu/ar4/install/ros_gz_interfaces:${AMENT_PREFIX_PATH} CMAKE_PREFIX_PATH=/home/karroyabreu/ar4/install/ros_gz_image:/home/karroyabreu/ar4/install/ros_gz_sim:/home/karroyabreu/ar4/install/ros_gz_bridge:/home/karroyabreu/ar4/install/ros_gz_interfaces:/usr/local:/home/karroyabreu/ar4/install/annin_ar4_moveit_config:/home/karroyabreu/ar4/install/annin_ar4_gazebo:/home/karroyabreu/ar4/install/annin_ar4_driver:/home/karroyabreu/ar4/install/annin_ar4_description:/opt/ros/jazzy/opt/gz_sim_vendor:/opt/ros/jazzy/opt/gz_sensors_vendor:/opt/ros/jazzy/opt/gz_physics_vendor:/opt/ros/jazzy/opt/sdformat_vendor:/opt/ros/jazzy/opt/gz_gui_vendor:/opt/ros/jazzy/opt/gz_transport_vendor:/opt/ros/jazzy/opt/gz_rendering_vendor:/opt/ros/jazzy/opt/gz_plugin_vendor:/opt/ros/jazzy/opt/gz_fuel_tools_vendor:/opt/ros/jazzy/opt/gz_msgs_vendor:/opt/ros/jazzy/opt/gz_common_vendor:/opt/ros/jazzy/opt/gz_math_vendor:/opt/ros/jazzy/opt/gz_utils_vendor:/opt/ros/jazzy/opt/gz_tools_vendor:/opt/ros/jazzy/opt/gz_ogre_next_vendor:/opt/ros/jazzy/opt/gz_dartsim_vendor:/opt/ros/jazzy/opt/gz_cmake_vendor:/opt/ros/jazzy DEBUGINFOD_URLS=https://debuginfod.ubuntu.com LD_LIBRARY_PATH=/home/karroyabreu/ar4/install/ros_gz_sim/lib:/home/karroyabreu/ar4/install/ros_gz_bridge/lib:/home/karroyabreu/ar4/install/ros_gz_interfaces/lib:${LD_LIBRARY_PATH} PYTHONPATH=/home/karroyabreu/ar4/install/ros_gz_sim/lib/python3.12/site-packages:/home/karroyabreu/ar4/install/ros_gz_bridge/lib/python3.12/site-packages:/home/karroyabreu/ar4/install/ros_gz_interfaces/lib/python3.12/site-packages:${PYTHONPATH} /usr/bin/cmake --build /home/karroyabreu/ar4/build/ros_gz_sim_demos -- -j22 -l22
[0.645s] Invoking command in '/home/karroyabreu/ar4/build/ros_gz_sim_demos': AMENT_PREFIX_PATH=/home/karroyabreu/ar4/install/ros_gz_image:/home/karroyabreu/ar4/install/ros_gz_sim:/home/karroyabreu/ar4/install/ros_gz_bridge:/home/karroyabreu/ar4/install/ros_gz_interfaces:${AMENT_PREFIX_PATH} CMAKE_PREFIX_PATH=/home/karroyabreu/ar4/install/ros_gz_image:/home/karroyabreu/ar4/install/ros_gz_sim:/home/karroyabreu/ar4/install/ros_gz_bridge:/home/karroyabreu/ar4/install/ros_gz_interfaces:/usr/local:/home/karroyabreu/ar4/install/annin_ar4_moveit_config:/home/karroyabreu/ar4/install/annin_ar4_gazebo:/home/karroyabreu/ar4/install/annin_ar4_driver:/home/karroyabreu/ar4/install/annin_ar4_description:/opt/ros/jazzy/opt/gz_sim_vendor:/opt/ros/jazzy/opt/gz_sensors_vendor:/opt/ros/jazzy/opt/gz_physics_vendor:/opt/ros/jazzy/opt/sdformat_vendor:/opt/ros/jazzy/opt/gz_gui_vendor:/opt/ros/jazzy/opt/gz_transport_vendor:/opt/ros/jazzy/opt/gz_rendering_vendor:/opt/ros/jazzy/opt/gz_plugin_vendor:/opt/ros/jazzy/opt/gz_fuel_tools_vendor:/opt/ros/jazzy/opt/gz_msgs_vendor:/opt/ros/jazzy/opt/gz_common_vendor:/opt/ros/jazzy/opt/gz_math_vendor:/opt/ros/jazzy/opt/gz_utils_vendor:/opt/ros/jazzy/opt/gz_tools_vendor:/opt/ros/jazzy/opt/gz_ogre_next_vendor:/opt/ros/jazzy/opt/gz_dartsim_vendor:/opt/ros/jazzy/opt/gz_cmake_vendor:/opt/ros/jazzy DEBUGINFOD_URLS=https://debuginfod.ubuntu.com LD_LIBRARY_PATH=/home/karroyabreu/ar4/install/ros_gz_sim/lib:/home/karroyabreu/ar4/install/ros_gz_bridge/lib:/home/karroyabreu/ar4/install/ros_gz_interfaces/lib:${LD_LIBRARY_PATH} PYTHONPATH=/home/karroyabreu/ar4/install/ros_gz_sim/lib/python3.12/site-packages:/home/karroyabreu/ar4/install/ros_gz_bridge/lib/python3.12/site-packages:/home/karroyabreu/ar4/install/ros_gz_interfaces/lib/python3.12/site-packages:${PYTHONPATH} /usr/bin/cmake --install /home/karroyabreu/ar4/build/ros_gz_sim_demos
[0.653s] -- Install configuration: ""
[0.653s] -- Installing: /home/karroyabreu/ar4/install/ros_gz_sim_demos/share/ros_gz_sim_demos/launch
[0.654s] -- Installing: /home/karroyabreu/ar4/install/ros_gz_sim_demos/share/ros_gz_sim_demos/launch/image_bridge.launch.py
[0.654s] -- Installing: /home/karroyabreu/ar4/install/ros_gz_sim_demos/share/ros_gz_sim_demos/launch/camera.launch.py
[0.654s] -- Installing: /home/karroyabreu/ar4/install/ros_gz_sim_demos/share/ros_gz_sim_demos/launch/joint_states.launch.py
[0.654s] -- Installing: /home/karroyabreu/ar4/install/ros_gz_sim_demos/share/ros_gz_sim_demos/launch/magnetometer.launch.py
[0.654s] -- Installing: /home/karroyabreu/ar4/install/ros_gz_sim_demos/share/ros_gz_sim_demos/launch/imu.launch.py
[0.654s] -- Installing: /home/karroyabreu/ar4/install/ros_gz_sim_demos/share/ros_gz_sim_demos/launch/robot_description_publisher.launch.py
[0.654s] -- Installing: /home/karroyabreu/ar4/install/ros_gz_sim_demos/share/ros_gz_sim_demos/launch/triggered_camera.launch.py
[0.654s] -- Installing: /home/karroyabreu/ar4/install/ros_gz_sim_demos/share/ros_gz_sim_demos/launch/navsat_gpsfix.launch.py
[0.654s] -- Installing: /home/karroyabreu/ar4/install/ros_gz_sim_demos/share/ros_gz_sim_demos/launch/navsat.launch.py
[0.655s] -- Installing: /home/karroyabreu/ar4/install/ros_gz_sim_demos/share/ros_gz_sim_demos/launch/depth_camera.launch.py
[0.655s] -- Installing: /home/karroyabreu/ar4/install/ros_gz_sim_demos/share/ros_gz_sim_demos/launch/rgbd_camera_bridge.launch.py
[0.655s] -- Installing: /home/karroyabreu/ar4/install/ros_gz_sim_demos/share/ros_gz_sim_demos/launch/gpu_lidar_bridge.launch.py
[0.655s] -- Installing: /home/karroyabreu/ar4/install/ros_gz_sim_demos/share/ros_gz_sim_demos/launch/sdf_parser.launch.py
[0.655s] -- Installing: /home/karroyabreu/ar4/install/ros_gz_sim_demos/share/ros_gz_sim_demos/launch/gpu_lidar.launch.py
[0.655s] -- Installing: /home/karroyabreu/ar4/install/ros_gz_sim_demos/share/ros_gz_sim_demos/launch/tf_bridge.launch.py
[0.655s] -- Installing: /home/karroyabreu/ar4/install/ros_gz_sim_demos/share/ros_gz_sim_demos/launch/rgbd_camera.launch.py
[0.655s] -- Installing: /home/karroyabreu/ar4/install/ros_gz_sim_demos/share/ros_gz_sim_demos/launch/battery.launch.py
[0.655s] -- Installing: /home/karroyabreu/ar4/install/ros_gz_sim_demos/share/ros_gz_sim_demos/launch/diff_drive.launch.py
[0.656s] -- Installing: /home/karroyabreu/ar4/install/ros_gz_sim_demos/share/ros_gz_sim_demos/launch/air_pressure.launch.py
[0.656s] -- Installing: /home/karroyabreu/ar4/install/ros_gz_sim_demos/share/ros_gz_sim_demos/rviz
[0.656s] -- Installing: /home/karroyabreu/ar4/install/ros_gz_sim_demos/share/ros_gz_sim_demos/rviz/gpu_lidar_bridge.rviz
[0.656s] -- Installing: /home/karroyabreu/ar4/install/ros_gz_sim_demos/share/ros_gz_sim_demos/rviz/joint_states.rviz
[0.656s] -- Installing: /home/karroyabreu/ar4/install/ros_gz_sim_demos/share/ros_gz_sim_demos/rviz/imu.rviz
[0.656s] -- Installing: /home/karroyabreu/ar4/install/ros_gz_sim_demos/share/ros_gz_sim_demos/rviz/diff_drive.rviz
[0.656s] -- Installing: /home/karroyabreu/ar4/install/ros_gz_sim_demos/share/ros_gz_sim_demos/rviz/camera.rviz
[0.656s] -- Installing: /home/karroyabreu/ar4/install/ros_gz_sim_demos/share/ros_gz_sim_demos/rviz/rgbd_camera.rviz
[0.656s] -- Installing: /home/karroyabreu/ar4/install/ros_gz_sim_demos/share/ros_gz_sim_demos/rviz/robot_description_publisher.rviz
[0.656s] -- Installing: /home/karroyabreu/ar4/install/ros_gz_sim_demos/share/ros_gz_sim_demos/rviz/vehicle.rviz
[0.656s] -- Installing: /home/karroyabreu/ar4/install/ros_gz_sim_demos/share/ros_gz_sim_demos/rviz/rgbd_camera_bridge.rviz
[0.656s] -- Installing: /home/karroyabreu/ar4/install/ros_gz_sim_demos/share/ros_gz_sim_demos/rviz/tf_bridge.rviz
[0.657s] -- Installing: /home/karroyabreu/ar4/install/ros_gz_sim_demos/share/ros_gz_sim_demos/rviz/depth_camera.rviz
[0.657s] -- Installing: /home/karroyabreu/ar4/install/ros_gz_sim_demos/share/ros_gz_sim_demos/rviz/gpu_lidar.rviz
[0.657s] -- Installing: /home/karroyabreu/ar4/install/ros_gz_sim_demos/share/ros_gz_sim_demos/models
[0.657s] -- Installing: /home/karroyabreu/ar4/install/ros_gz_sim_demos/share/ros_gz_sim_demos/models/vehicle
[0.657s] -- Installing: /home/karroyabreu/ar4/install/ros_gz_sim_demos/share/ros_gz_sim_demos/models/vehicle/model.sdf
[0.657s] -- Installing: /home/karroyabreu/ar4/install/ros_gz_sim_demos/share/ros_gz_sim_demos/models/vehicle/model.config
[0.657s] -- Installing: /home/karroyabreu/ar4/install/ros_gz_sim_demos/share/ros_gz_sim_demos/models/rrbot.xacro
[0.657s] -- Installing: /home/karroyabreu/ar4/install/ros_gz_sim_demos/share/ros_gz_sim_demos/models/cardboard_box
[0.657s] -- Installing: /home/karroyabreu/ar4/install/ros_gz_sim_demos/share/ros_gz_sim_demos/models/cardboard_box/model.sdf
[0.657s] -- Installing: /home/karroyabreu/ar4/install/ros_gz_sim_demos/share/ros_gz_sim_demos/models/cardboard_box/thumbnails
[0.657s] -- Installing: /home/karroyabreu/ar4/install/ros_gz_sim_demos/share/ros_gz_sim_demos/models/cardboard_box/thumbnails/1.png
[0.657s] -- Installing: /home/karroyabreu/ar4/install/ros_gz_sim_demos/share/ros_gz_sim_demos/models/cardboard_box/thumbnails/2.png
[0.658s] -- Installing: /home/karroyabreu/ar4/install/ros_gz_sim_demos/share/ros_gz_sim_demos/models/cardboard_box/thumbnails/3.png
[0.658s] -- Installing: /home/karroyabreu/ar4/install/ros_gz_sim_demos/share/ros_gz_sim_demos/models/cardboard_box/thumbnails/5.png
[0.658s] -- Installing: /home/karroyabreu/ar4/install/ros_gz_sim_demos/share/ros_gz_sim_demos/models/cardboard_box/thumbnails/4.png
[0.658s] -- Installing: /home/karroyabreu/ar4/install/ros_gz_sim_demos/share/ros_gz_sim_demos/models/cardboard_box/materials
[0.658s] -- Installing: /home/karroyabreu/ar4/install/ros_gz_sim_demos/share/ros_gz_sim_demos/models/cardboard_box/materials/textures
[0.658s] -- Installing: /home/karroyabreu/ar4/install/ros_gz_sim_demos/share/ros_gz_sim_demos/models/cardboard_box/materials/textures/cardboard_box.png
[0.658s] -- Installing: /home/karroyabreu/ar4/install/ros_gz_sim_demos/share/ros_gz_sim_demos/models/cardboard_box/model.config
[0.658s] -- Installing: /home/karroyabreu/ar4/install/ros_gz_sim_demos/share/ros_gz_sim_demos/models/cardboard_box/meshes
[0.658s] -- Installing: /home/karroyabreu/ar4/install/ros_gz_sim_demos/share/ros_gz_sim_demos/models/cardboard_box/meshes/cardboard_box.dae
[0.658s] -- Installing: /home/karroyabreu/ar4/install/ros_gz_sim_demos/share/ros_gz_sim_demos/models/double_pendulum_model.sdf
[0.658s] -- Installing: /home/karroyabreu/ar4/install/ros_gz_sim_demos/share/ros_gz_sim_demos/worlds
[0.658s] -- Installing: /home/karroyabreu/ar4/install/ros_gz_sim_demos/share/ros_gz_sim_demos/worlds/default.sdf
[0.658s] -- Installing: /home/karroyabreu/ar4/install/ros_gz_sim_demos/share/ros_gz_sim_demos/worlds/vehicle.sdf
[0.658s] -- Installing: /home/karroyabreu/ar4/install/ros_gz_sim_demos/share/ros_gz_sim_demos/environment/ros_gz_sim_demos.dsv
[0.658s] -- Installing: /home/karroyabreu/ar4/install/ros_gz_sim_demos/share/ament_index/resource_index/package_run_dependencies/ros_gz_sim_demos
[0.658s] -- Installing: /home/karroyabreu/ar4/install/ros_gz_sim_demos/share/ament_index/resource_index/parent_prefix_path/ros_gz_sim_demos
[0.658s] -- Installing: /home/karroyabreu/ar4/install/ros_gz_sim_demos/share/ros_gz_sim_demos/environment/ament_prefix_path.sh
[0.658s] -- Installing: /home/karroyabreu/ar4/install/ros_gz_sim_demos/share/ros_gz_sim_demos/environment/ament_prefix_path.dsv
[0.659s] -- Installing: /home/karroyabreu/ar4/install/ros_gz_sim_demos/share/ros_gz_sim_demos/environment/path.sh
[0.659s] -- Installing: /home/karroyabreu/ar4/install/ros_gz_sim_demos/share/ros_gz_sim_demos/environment/path.dsv
[0.659s] -- Installing: /home/karroyabreu/ar4/install/ros_gz_sim_demos/share/ros_gz_sim_demos/local_setup.bash
[0.659s] -- Installing: /home/karroyabreu/ar4/install/ros_gz_sim_demos/share/ros_gz_sim_demos/local_setup.sh
[0.659s] -- Installing: /home/karroyabreu/ar4/install/ros_gz_sim_demos/share/ros_gz_sim_demos/local_setup.zsh
[0.659s] -- Installing: /home/karroyabreu/ar4/install/ros_gz_sim_demos/share/ros_gz_sim_demos/local_setup.dsv
[0.659s] -- Installing: /home/karroyabreu/ar4/install/ros_gz_sim_demos/share/ros_gz_sim_demos/package.dsv
[0.659s] -- Installing: /home/karroyabreu/ar4/install/ros_gz_sim_demos/share/ament_index/resource_index/packages/ros_gz_sim_demos
[0.659s] -- Installing: /home/karroyabreu/ar4/install/ros_gz_sim_demos/share/ros_gz_sim_demos/cmake/ros_gz_sim_demosConfig.cmake
[0.659s] -- Installing: /home/karroyabreu/ar4/install/ros_gz_sim_demos/share/ros_gz_sim_demos/cmake/ros_gz_sim_demosConfig-version.cmake
[0.659s] -- Installing: /home/karroyabreu/ar4/install/ros_gz_sim_demos/share/ros_gz_sim_demos/package.xml
[0.660s] Invoked command in '/home/karroyabreu/ar4/build/ros_gz_sim_demos' returned '0': AMENT_PREFIX_PATH=/home/karroyabreu/ar4/install/ros_gz_image:/home/karroyabreu/ar4/install/ros_gz_sim:/home/karroyabreu/ar4/install/ros_gz_bridge:/home/karroyabreu/ar4/install/ros_gz_interfaces:${AMENT_PREFIX_PATH} CMAKE_PREFIX_PATH=/home/karroyabreu/ar4/install/ros_gz_image:/home/karroyabreu/ar4/install/ros_gz_sim:/home/karroyabreu/ar4/install/ros_gz_bridge:/home/karroyabreu/ar4/install/ros_gz_interfaces:/usr/local:/home/karroyabreu/ar4/install/annin_ar4_moveit_config:/home/karroyabreu/ar4/install/annin_ar4_gazebo:/home/karroyabreu/ar4/install/annin_ar4_driver:/home/karroyabreu/ar4/install/annin_ar4_description:/opt/ros/jazzy/opt/gz_sim_vendor:/opt/ros/jazzy/opt/gz_sensors_vendor:/opt/ros/jazzy/opt/gz_physics_vendor:/opt/ros/jazzy/opt/sdformat_vendor:/opt/ros/jazzy/opt/gz_gui_vendor:/opt/ros/jazzy/opt/gz_transport_vendor:/opt/ros/jazzy/opt/gz_rendering_vendor:/opt/ros/jazzy/opt/gz_plugin_vendor:/opt/ros/jazzy/opt/gz_fuel_tools_vendor:/opt/ros/jazzy/opt/gz_msgs_vendor:/opt/ros/jazzy/opt/gz_common_vendor:/opt/ros/jazzy/opt/gz_math_vendor:/opt/ros/jazzy/opt/gz_utils_vendor:/opt/ros/jazzy/opt/gz_tools_vendor:/opt/ros/jazzy/opt/gz_ogre_next_vendor:/opt/ros/jazzy/opt/gz_dartsim_vendor:/opt/ros/jazzy/opt/gz_cmake_vendor:/opt/ros/jazzy DEBUGINFOD_URLS=https://debuginfod.ubuntu.com LD_LIBRARY_PATH=/home/karroyabreu/ar4/install/ros_gz_sim/lib:/home/karroyabreu/ar4/install/ros_gz_bridge/lib:/home/karroyabreu/ar4/install/ros_gz_interfaces/lib:${LD_LIBRARY_PATH} PYTHONPATH=/home/karroyabreu/ar4/install/ros_gz_sim/lib/python3.12/site-packages:/home/karroyabreu/ar4/install/ros_gz_bridge/lib/python3.12/site-packages:/home/karroyabreu/ar4/install/ros_gz_interfaces/lib/python3.12/site-packages:${PYTHONPATH} /usr/bin/cmake --install /home/karroyabreu/ar4/build/ros_gz_sim_demos
