[0.008s] Invoking command in '/home/karroyabreu/ar4/build/position_tracker': CMAKE_PREFIX_PATH=${CMAKE_PREFIX_PATH}:/home/karroyabreu/ar4/install/opencv_pkg:/home/karroyabreu/ar4/install/pose_gui:/opt/ros/jazzy DEBUGINFOD_URLS=https://debuginfod.ubuntu.com /usr/bin/cmake --build /home/karroyabreu/ar4/build/position_tracker -- -j22 -l22
[0.027s] -- Found ament_cmake: 2.5.4 (/opt/ros/jazzy/share/ament_cmake/cmake)
[0.046s] -- Found Python3: /usr/bin/python3 (found version "3.12.3") found components: Interpreter 
[0.095s] -- Found rclpy: 7.1.4 (/opt/ros/jazzy/share/rclpy/cmake)
[0.096s] -- Found std_msgs: 5.3.6 (/opt/ros/jazzy/share/std_msgs/cmake)
[0.113s] -- Found rosidl_generator_c: 4.6.5 (/opt/ros/jazzy/share/rosidl_generator_c/cmake)
[0.119s] -- Found rosidl_generator_cpp: 4.6.5 (/opt/ros/jazzy/share/rosidl_generator_cpp/cmake)
[0.125s] -- Using all available rosidl_typesupport_c: rosidl_typesupport_fastrtps_c;rosidl_typesupport_introspection_c
[0.133s] -- Using all available rosidl_typesupport_cpp: rosidl_typesupport_fastrtps_cpp;rosidl_typesupport_introspection_cpp
[0.150s] -- Found sensor_msgs: 5.3.6 (/opt/ros/jazzy/share/sensor_msgs/cmake)
[0.180s] -- Found rosidl_default_generators: 1.6.0 (/opt/ros/jazzy/share/rosidl_default_generators/cmake)
[0.186s] -- Found rosidl_adapter: 4.6.5 (/opt/ros/jazzy/share/rosidl_adapter/cmake)
[0.389s] -- Found ament_cmake_ros: 0.12.0 (/opt/ros/jazzy/share/ament_cmake_ros/cmake)
[0.613s] -- Using all available rosidl_typesupport_c: rosidl_typesupport_fastrtps_c;rosidl_typesupport_introspection_c
[0.704s] -- Using all available rosidl_typesupport_cpp: rosidl_typesupport_fastrtps_cpp;rosidl_typesupport_introspection_cpp
[0.705s] -- Found python_cmake_module: 0.11.1 (/opt/ros/jazzy/share/python_cmake_module/cmake)
[0.880s] -- Found Python3: /usr/bin/python3 (found version "3.12.3") found components: Interpreter Development NumPy Development.Module Development.Embed 
[0.912s] -- Configuring done (0.9s)
[0.935s] -- Generating done (0.0s)
[0.942s] -- Build files have been written to: /home/karroyabreu/ar4/build/position_tracker
[0.977s] [  2%] [34m[1mGenerating type hashes for ROS interfaces[0m
[0.989s] [  2%] Built target ament_cmake_python_copy_position_tracker
[1.099s] [  2%] Built target position_tracker__rosidl_generator_type_description
[1.109s] [  5%] [34m[1mGenerating C code for ROS interfaces[0m
[1.121s] [  8%] [34m[1mGenerating C++ code for ROS interfaces[0m
[1.130s] running egg_info
[1.142s] writing position_tracker.egg-info/PKG-INFO
[1.142s] writing dependency_links to position_tracker.egg-info/dependency_links.txt
[1.142s] writing top-level names to position_tracker.egg-info/top_level.txt
[1.180s] reading manifest file 'position_tracker.egg-info/SOURCES.txt'
[1.180s] writing manifest file 'position_tracker.egg-info/SOURCES.txt'
[1.201s] [  8%] Built target ament_cmake_python_build_position_tracker_egg
[1.301s] [  8%] Built target position_tracker__cpp
[1.302s] [ 14%] [32mBuilding C object CMakeFiles/position_tracker__rosidl_generator_c.dir/rosidl_generator_c/position_tracker/srv/detail/get_position__functions.c.o[0m
[1.302s] [ 14%] [32mBuilding C object CMakeFiles/position_tracker__rosidl_generator_c.dir/rosidl_generator_c/position_tracker/srv/detail/get_position__type_support.c.o[0m
[1.304s] [ 17%] [32mBuilding C object CMakeFiles/position_tracker__rosidl_generator_c.dir/rosidl_generator_c/position_tracker/srv/detail/get_position__description.c.o[0m
[1.345s] [ 20%] [32m[1mLinking C shared library libposition_tracker__rosidl_generator_c.so[0m
[1.373s] [ 20%] Built target position_tracker__rosidl_generator_c
[1.382s] [ 23%] [34m[1mGenerating C introspection for ROS interfaces[0m
[1.383s] [ 26%] [34m[1mGenerating C type support for eProsima Fast-RTPS[0m
[1.383s] [ 32%] [34m[1mGenerating C++ type support for eProsima Fast-RTPS[0m
[1.383s] [ 35%] [34m[1mGenerating C++ introspection for ROS interfaces[0m
[1.383s] [ 35%] [34m[1mGenerating C type support dispatch for ROS interfaces[0m
[1.384s] [ 38%] [34m[1mGenerating C++ type support dispatch for ROS interfaces[0m
[1.537s] [ 41%] [32mBuilding CXX object CMakeFiles/position_tracker__rosidl_typesupport_c.dir/rosidl_typesupport_c/position_tracker/srv/get_position__type_support.cpp.o[0m
[1.539s] [ 44%] [32mBuilding CXX object CMakeFiles/position_tracker__rosidl_typesupport_cpp.dir/rosidl_typesupport_cpp/position_tracker/srv/get_position__type_support.cpp.o[0m
[1.557s] [ 47%] [32mBuilding CXX object CMakeFiles/position_tracker__rosidl_typesupport_introspection_cpp.dir/rosidl_typesupport_introspection_cpp/position_tracker/srv/detail/get_position__type_support.cpp.o[0m
[1.566s] [ 50%] [32mBuilding CXX object CMakeFiles/position_tracker__rosidl_typesupport_fastrtps_cpp.dir/rosidl_typesupport_fastrtps_cpp/position_tracker/srv/detail/dds_fastrtps/get_position__type_support.cpp.o[0m
[1.570s] [ 52%] [32m[1mLinking CXX shared library libposition_tracker__rosidl_typesupport_c.so[0m
[1.577s] [ 55%] [32mBuilding C object CMakeFiles/position_tracker__rosidl_typesupport_introspection_c.dir/rosidl_typesupport_introspection_c/position_tracker/srv/detail/get_position__type_support.c.o[0m
[1.577s] [ 58%] [32mBuilding CXX object CMakeFiles/position_tracker__rosidl_typesupport_fastrtps_c.dir/rosidl_typesupport_fastrtps_c/position_tracker/srv/detail/get_position__type_support_c.cpp.o[0m
[1.606s] [ 58%] Built target position_tracker__rosidl_typesupport_c
[1.612s] [ 61%] [32m[1mLinking C shared library libposition_tracker__rosidl_typesupport_introspection_c.so[0m
[1.642s] [ 61%] Built target position_tracker__rosidl_typesupport_introspection_c
[1.757s] [ 64%] [32m[1mLinking CXX shared library libposition_tracker__rosidl_typesupport_cpp.so[0m
[1.804s] [ 67%] [32m[1mLinking CXX shared library libposition_tracker__rosidl_typesupport_introspection_cpp.so[0m
[1.815s] [ 67%] Built target position_tracker__rosidl_typesupport_cpp
[1.862s] [ 67%] Built target position_tracker__rosidl_typesupport_introspection_cpp
[1.870s] [ 70%] [32m[1mLinking CXX shared library libposition_tracker__rosidl_typesupport_fastrtps_c.so[0m
[1.904s] [ 70%] Built target position_tracker__rosidl_typesupport_fastrtps_c
[1.932s] [ 73%] [32m[1mLinking CXX shared library libposition_tracker__rosidl_typesupport_fastrtps_cpp.so[0m
[1.986s] [ 73%] Built target position_tracker__rosidl_typesupport_fastrtps_cpp
[2.003s] [ 73%] Built target position_tracker
[2.021s] [ 76%] [34m[1mGenerating Python code for ROS interfaces[0m
[2.232s] [ 76%] Built target position_tracker__py
[2.250s] [ 79%] [32mBuilding C object CMakeFiles/position_tracker__rosidl_generator_py.dir/rosidl_generator_py/position_tracker/srv/_get_position_s.c.o[0m
[2.337s] [ 82%] [32m[1mLinking C shared library libposition_tracker__rosidl_generator_py.so[0m
[2.370s] [ 82%] Built target position_tracker__rosidl_generator_py
[2.392s] [ 85%] [32mBuilding C object CMakeFiles/position_tracker_s__rosidl_typesupport_c.dir/rosidl_generator_py/position_tracker/_position_tracker_s.ep.rosidl_typesupport_c.c.o[0m
[2.392s] [ 88%] [32mBuilding C object CMakeFiles/position_tracker_s__rosidl_typesupport_fastrtps_c.dir/rosidl_generator_py/position_tracker/_position_tracker_s.ep.rosidl_typesupport_fastrtps_c.c.o[0m
[2.392s] [ 91%] [32mBuilding C object CMakeFiles/position_tracker_s__rosidl_typesupport_introspection_c.dir/rosidl_generator_py/position_tracker/_position_tracker_s.ep.rosidl_typesupport_introspection_c.c.o[0m
[2.458s] [ 94%] [32m[1mLinking C shared module rosidl_generator_py/position_tracker/position_tracker_s__rosidl_typesupport_c.so[0m
[2.459s] [ 97%] [32m[1mLinking C shared module rosidl_generator_py/position_tracker/position_tracker_s__rosidl_typesupport_introspection_c.so[0m
[2.459s] [100%] [32m[1mLinking C shared module rosidl_generator_py/position_tracker/position_tracker_s__rosidl_typesupport_fastrtps_c.so[0m
[2.481s] [100%] Built target position_tracker_s__rosidl_typesupport_fastrtps_c
[2.483s] [100%] Built target position_tracker_s__rosidl_typesupport_c
[2.483s] [100%] Built target position_tracker_s__rosidl_typesupport_introspection_c
[2.491s] Invoked command in '/home/karroyabreu/ar4/build/position_tracker' returned '0': CMAKE_PREFIX_PATH=${CMAKE_PREFIX_PATH}:/home/karroyabreu/ar4/install/opencv_pkg:/home/karroyabreu/ar4/install/pose_gui:/opt/ros/jazzy DEBUGINFOD_URLS=https://debuginfod.ubuntu.com /usr/bin/cmake --build /home/karroyabreu/ar4/build/position_tracker -- -j22 -l22
[2.492s] Invoking command in '/home/karroyabreu/ar4/build/position_tracker': CMAKE_PREFIX_PATH=${CMAKE_PREFIX_PATH}:/home/karroyabreu/ar4/install/opencv_pkg:/home/karroyabreu/ar4/install/pose_gui:/opt/ros/jazzy DEBUGINFOD_URLS=https://debuginfod.ubuntu.com /usr/bin/cmake --install /home/karroyabreu/ar4/build/position_tracker
[2.499s] -- Install configuration: ""
[2.499s] -- Up-to-date: /home/karroyabreu/ar4/install/position_tracker/share/ament_index/resource_index/rosidl_interfaces/position_tracker
[2.499s] -- Installing: /home/karroyabreu/ar4/install/position_tracker/share/position_tracker/srv/GetPosition.json
[2.499s] -- Up-to-date: /home/karroyabreu/ar4/install/position_tracker/include/position_tracker/position_tracker
[2.499s] -- Up-to-date: /home/karroyabreu/ar4/install/position_tracker/include/position_tracker/position_tracker/srv
[2.499s] -- Up-to-date: /home/karroyabreu/ar4/install/position_tracker/include/position_tracker/position_tracker/srv/detail
[2.499s] -- Installing: /home/karroyabreu/ar4/install/position_tracker/include/position_tracker/position_tracker/srv/detail/get_position__struct.h
[2.500s] -- Installing: /home/karroyabreu/ar4/install/position_tracker/include/position_tracker/position_tracker/srv/detail/get_position__functions.h
[2.500s] -- Installing: /home/karroyabreu/ar4/install/position_tracker/include/position_tracker/position_tracker/srv/detail/get_position__type_support.c
[2.500s] -- Installing: /home/karroyabreu/ar4/install/position_tracker/include/position_tracker/position_tracker/srv/detail/get_position__functions.c
[2.500s] -- Installing: /home/karroyabreu/ar4/install/position_tracker/include/position_tracker/position_tracker/srv/detail/get_position__description.c
[2.500s] -- Installing: /home/karroyabreu/ar4/install/position_tracker/include/position_tracker/position_tracker/srv/detail/get_position__type_support.h
[2.500s] -- Installing: /home/karroyabreu/ar4/install/position_tracker/include/position_tracker/position_tracker/srv/get_position.h
[2.500s] -- Up-to-date: /home/karroyabreu/ar4/install/position_tracker/include/position_tracker/position_tracker/msg
[2.500s] -- Up-to-date: /home/karroyabreu/ar4/install/position_tracker/include/position_tracker/position_tracker/msg/rosidl_generator_c__visibility_control.h
[2.500s] -- Up-to-date: /home/karroyabreu/ar4/install/position_tracker/share/position_tracker/environment/library_path.sh
[2.500s] -- Up-to-date: /home/karroyabreu/ar4/install/position_tracker/share/position_tracker/environment/library_path.dsv
[2.500s] -- Installing: /home/karroyabreu/ar4/install/position_tracker/lib/libposition_tracker__rosidl_generator_c.so
[2.500s] -- Set non-toolchain portion of runtime path of "/home/karroyabreu/ar4/install/position_tracker/lib/libposition_tracker__rosidl_generator_c.so" to ""
[2.500s] -- Up-to-date: /home/karroyabreu/ar4/install/position_tracker/include/position_tracker/position_tracker
[2.500s] -- Up-to-date: /home/karroyabreu/ar4/install/position_tracker/include/position_tracker/position_tracker/srv
[2.500s] -- Up-to-date: /home/karroyabreu/ar4/install/position_tracker/include/position_tracker/position_tracker/srv/detail
[2.500s] -- Installing: /home/karroyabreu/ar4/install/position_tracker/include/position_tracker/position_tracker/srv/detail/get_position__rosidl_typesupport_fastrtps_c.h
[2.500s] -- Up-to-date: /home/karroyabreu/ar4/install/position_tracker/include/position_tracker/position_tracker/msg
[2.500s] -- Up-to-date: /home/karroyabreu/ar4/install/position_tracker/include/position_tracker/position_tracker/msg/rosidl_typesupport_fastrtps_c__visibility_control.h
[2.500s] -- Installing: /home/karroyabreu/ar4/install/position_tracker/lib/libposition_tracker__rosidl_typesupport_fastrtps_c.so
[2.500s] -- Set non-toolchain portion of runtime path of "/home/karroyabreu/ar4/install/position_tracker/lib/libposition_tracker__rosidl_typesupport_fastrtps_c.so" to ""
[2.501s] -- Up-to-date: /home/karroyabreu/ar4/install/position_tracker/include/position_tracker/position_tracker
[2.501s] -- Up-to-date: /home/karroyabreu/ar4/install/position_tracker/include/position_tracker/position_tracker/srv
[2.501s] -- Installing: /home/karroyabreu/ar4/install/position_tracker/include/position_tracker/position_tracker/srv/get_position.hpp
[2.501s] -- Up-to-date: /home/karroyabreu/ar4/install/position_tracker/include/position_tracker/position_tracker/srv/detail
[2.501s] -- Installing: /home/karroyabreu/ar4/install/position_tracker/include/position_tracker/position_tracker/srv/detail/get_position__builder.hpp
[2.501s] -- Installing: /home/karroyabreu/ar4/install/position_tracker/include/position_tracker/position_tracker/srv/detail/get_position__type_support.hpp
[2.501s] -- Installing: /home/karroyabreu/ar4/install/position_tracker/include/position_tracker/position_tracker/srv/detail/get_position__struct.hpp
[2.501s] -- Installing: /home/karroyabreu/ar4/install/position_tracker/include/position_tracker/position_tracker/srv/detail/get_position__traits.hpp
[2.501s] -- Up-to-date: /home/karroyabreu/ar4/install/position_tracker/include/position_tracker/position_tracker/msg
[2.501s] -- Installing: /home/karroyabreu/ar4/install/position_tracker/include/position_tracker/position_tracker/msg/rosidl_generator_cpp__visibility_control.hpp
[2.501s] -- Up-to-date: /home/karroyabreu/ar4/install/position_tracker/include/position_tracker/position_tracker
[2.501s] -- Up-to-date: /home/karroyabreu/ar4/install/position_tracker/include/position_tracker/position_tracker/srv
[2.501s] -- Up-to-date: /home/karroyabreu/ar4/install/position_tracker/include/position_tracker/position_tracker/srv/detail
[2.501s] -- Up-to-date: /home/karroyabreu/ar4/install/position_tracker/include/position_tracker/position_tracker/srv/detail/dds_fastrtps
[2.501s] -- Installing: /home/karroyabreu/ar4/install/position_tracker/include/position_tracker/position_tracker/srv/detail/get_position__rosidl_typesupport_fastrtps_cpp.hpp
[2.501s] -- Up-to-date: /home/karroyabreu/ar4/install/position_tracker/include/position_tracker/position_tracker/msg
[2.501s] -- Up-to-date: /home/karroyabreu/ar4/install/position_tracker/include/position_tracker/position_tracker/msg/rosidl_typesupport_fastrtps_cpp__visibility_control.h
[2.501s] -- Installing: /home/karroyabreu/ar4/install/position_tracker/lib/libposition_tracker__rosidl_typesupport_fastrtps_cpp.so
[2.501s] -- Set non-toolchain portion of runtime path of "/home/karroyabreu/ar4/install/position_tracker/lib/libposition_tracker__rosidl_typesupport_fastrtps_cpp.so" to ""
[2.502s] -- Up-to-date: /home/karroyabreu/ar4/install/position_tracker/include/position_tracker/position_tracker
[2.502s] -- Up-to-date: /home/karroyabreu/ar4/install/position_tracker/include/position_tracker/position_tracker/srv
[2.502s] -- Up-to-date: /home/karroyabreu/ar4/install/position_tracker/include/position_tracker/position_tracker/srv/detail
[2.502s] -- Installing: /home/karroyabreu/ar4/install/position_tracker/include/position_tracker/position_tracker/srv/detail/get_position__rosidl_typesupport_introspection_c.h
[2.502s] -- Up-to-date: /home/karroyabreu/ar4/install/position_tracker/include/position_tracker/position_tracker/srv/detail/get_position__type_support.c
[2.502s] -- Up-to-date: /home/karroyabreu/ar4/install/position_tracker/include/position_tracker/position_tracker/msg
[2.502s] -- Up-to-date: /home/karroyabreu/ar4/install/position_tracker/include/position_tracker/position_tracker/msg/rosidl_typesupport_introspection_c__visibility_control.h
[2.502s] -- Installing: /home/karroyabreu/ar4/install/position_tracker/lib/libposition_tracker__rosidl_typesupport_introspection_c.so
[2.502s] -- Set non-toolchain portion of runtime path of "/home/karroyabreu/ar4/install/position_tracker/lib/libposition_tracker__rosidl_typesupport_introspection_c.so" to ""
[2.502s] -- Installing: /home/karroyabreu/ar4/install/position_tracker/lib/libposition_tracker__rosidl_typesupport_c.so
[2.502s] -- Set non-toolchain portion of runtime path of "/home/karroyabreu/ar4/install/position_tracker/lib/libposition_tracker__rosidl_typesupport_c.so" to ""
[2.502s] -- Up-to-date: /home/karroyabreu/ar4/install/position_tracker/include/position_tracker/position_tracker
[2.502s] -- Up-to-date: /home/karroyabreu/ar4/install/position_tracker/include/position_tracker/position_tracker/srv
[2.502s] -- Up-to-date: /home/karroyabreu/ar4/install/position_tracker/include/position_tracker/position_tracker/srv/detail
[2.502s] -- Installing: /home/karroyabreu/ar4/install/position_tracker/include/position_tracker/position_tracker/srv/detail/get_position__rosidl_typesupport_introspection_cpp.hpp
[2.502s] -- Installing: /home/karroyabreu/ar4/install/position_tracker/include/position_tracker/position_tracker/srv/detail/get_position__type_support.cpp
[2.502s] -- Installing: /home/karroyabreu/ar4/install/position_tracker/lib/libposition_tracker__rosidl_typesupport_introspection_cpp.so
[2.503s] -- Set non-toolchain portion of runtime path of "/home/karroyabreu/ar4/install/position_tracker/lib/libposition_tracker__rosidl_typesupport_introspection_cpp.so" to ""
[2.503s] -- Installing: /home/karroyabreu/ar4/install/position_tracker/lib/libposition_tracker__rosidl_typesupport_cpp.so
[2.503s] -- Set non-toolchain portion of runtime path of "/home/karroyabreu/ar4/install/position_tracker/lib/libposition_tracker__rosidl_typesupport_cpp.so" to ""
[2.503s] -- Up-to-date: /home/karroyabreu/ar4/install/position_tracker/share/position_tracker/environment/pythonpath.sh
[2.503s] -- Up-to-date: /home/karroyabreu/ar4/install/position_tracker/share/position_tracker/environment/pythonpath.dsv
[2.503s] -- Up-to-date: /home/karroyabreu/ar4/install/position_tracker/lib/python3.12/site-packages/position_tracker-0.0.0-py3.12.egg-info
[2.503s] -- Installing: /home/karroyabreu/ar4/install/position_tracker/lib/python3.12/site-packages/position_tracker-0.0.0-py3.12.egg-info/top_level.txt
[2.503s] -- Installing: /home/karroyabreu/ar4/install/position_tracker/lib/python3.12/site-packages/position_tracker-0.0.0-py3.12.egg-info/SOURCES.txt
[2.504s] -- Installing: /home/karroyabreu/ar4/install/position_tracker/lib/python3.12/site-packages/position_tracker-0.0.0-py3.12.egg-info/dependency_links.txt
[2.504s] -- Installing: /home/karroyabreu/ar4/install/position_tracker/lib/python3.12/site-packages/position_tracker-0.0.0-py3.12.egg-info/PKG-INFO
[2.504s] -- Up-to-date: /home/karroyabreu/ar4/install/position_tracker/lib/python3.12/site-packages/position_tracker
[2.504s] -- Installing: /home/karroyabreu/ar4/install/position_tracker/lib/python3.12/site-packages/position_tracker/_position_tracker_s.ep.rosidl_typesupport_c.c
[2.504s] -- Up-to-date: /home/karroyabreu/ar4/install/position_tracker/lib/python3.12/site-packages/position_tracker/srv
[2.504s] -- Installing: /home/karroyabreu/ar4/install/position_tracker/lib/python3.12/site-packages/position_tracker/srv/_get_position_s.c
[2.504s] -- Installing: /home/karroyabreu/ar4/install/position_tracker/lib/python3.12/site-packages/position_tracker/srv/__init__.py
[2.504s] -- Installing: /home/karroyabreu/ar4/install/position_tracker/lib/python3.12/site-packages/position_tracker/srv/_get_position.py
[2.504s] -- Installing: /home/karroyabreu/ar4/install/position_tracker/lib/python3.12/site-packages/position_tracker/position_tracker_s__rosidl_typesupport_c.so
[2.504s] -- Installing: /home/karroyabreu/ar4/install/position_tracker/lib/python3.12/site-packages/position_tracker/position_tracker_s__rosidl_typesupport_introspection_c.so
[2.504s] -- Installing: /home/karroyabreu/ar4/install/position_tracker/lib/python3.12/site-packages/position_tracker/_position_tracker_s.ep.rosidl_typesupport_introspection_c.c
[2.504s] -- Installing: /home/karroyabreu/ar4/install/position_tracker/lib/python3.12/site-packages/position_tracker/_position_tracker_s.ep.rosidl_typesupport_fastrtps_c.c
[2.505s] -- Installing: /home/karroyabreu/ar4/install/position_tracker/lib/python3.12/site-packages/position_tracker/position_tracker_s__rosidl_typesupport_fastrtps_c.so
[2.505s] -- Installing: /home/karroyabreu/ar4/install/position_tracker/lib/python3.12/site-packages/position_tracker/__init__.py
[2.531s] Listing '/home/karroyabreu/ar4/install/position_tracker/lib/python3.12/site-packages/position_tracker'...
[2.531s] Compiling '/home/karroyabreu/ar4/install/position_tracker/lib/python3.12/site-packages/position_tracker/__init__.py'...
[2.531s] Listing '/home/karroyabreu/ar4/install/position_tracker/lib/python3.12/site-packages/position_tracker/srv'...
[2.531s] Compiling '/home/karroyabreu/ar4/install/position_tracker/lib/python3.12/site-packages/position_tracker/srv/__init__.py'...
[2.531s] Compiling '/home/karroyabreu/ar4/install/position_tracker/lib/python3.12/site-packages/position_tracker/srv/_get_position.py'...
[2.535s] -- Installing: /home/karroyabreu/ar4/install/position_tracker/lib/python3.12/site-packages/position_tracker/position_tracker_s__rosidl_typesupport_fastrtps_c.so
[2.535s] -- Set non-toolchain portion of runtime path of "/home/karroyabreu/ar4/install/position_tracker/lib/python3.12/site-packages/position_tracker/position_tracker_s__rosidl_typesupport_fastrtps_c.so" to ""
[2.535s] -- Installing: /home/karroyabreu/ar4/install/position_tracker/lib/python3.12/site-packages/position_tracker/position_tracker_s__rosidl_typesupport_introspection_c.so
[2.536s] -- Set non-toolchain portion of runtime path of "/home/karroyabreu/ar4/install/position_tracker/lib/python3.12/site-packages/position_tracker/position_tracker_s__rosidl_typesupport_introspection_c.so" to ""
[2.536s] -- Installing: /home/karroyabreu/ar4/install/position_tracker/lib/python3.12/site-packages/position_tracker/position_tracker_s__rosidl_typesupport_c.so
[2.536s] -- Set non-toolchain portion of runtime path of "/home/karroyabreu/ar4/install/position_tracker/lib/python3.12/site-packages/position_tracker/position_tracker_s__rosidl_typesupport_c.so" to ""
[2.536s] -- Installing: /home/karroyabreu/ar4/install/position_tracker/lib/libposition_tracker__rosidl_generator_py.so
[2.536s] -- Set non-toolchain portion of runtime path of "/home/karroyabreu/ar4/install/position_tracker/lib/libposition_tracker__rosidl_generator_py.so" to ""
[2.536s] -- Installing: /home/karroyabreu/ar4/install/position_tracker/share/position_tracker/srv/GetPosition.idl
[2.536s] -- Installing: /home/karroyabreu/ar4/install/position_tracker/share/position_tracker/srv/GetPosition.srv
[2.537s] -- Up-to-date: /home/karroyabreu/ar4/install/position_tracker/share/ament_index/resource_index/package_run_dependencies/position_tracker
[2.537s] -- Up-to-date: /home/karroyabreu/ar4/install/position_tracker/share/ament_index/resource_index/parent_prefix_path/position_tracker
[2.537s] -- Up-to-date: /home/karroyabreu/ar4/install/position_tracker/share/position_tracker/environment/ament_prefix_path.sh
[2.537s] -- Up-to-date: /home/karroyabreu/ar4/install/position_tracker/share/position_tracker/environment/ament_prefix_path.dsv
[2.537s] -- Up-to-date: /home/karroyabreu/ar4/install/position_tracker/share/position_tracker/environment/path.sh
[2.537s] -- Up-to-date: /home/karroyabreu/ar4/install/position_tracker/share/position_tracker/environment/path.dsv
[2.537s] -- Up-to-date: /home/karroyabreu/ar4/install/position_tracker/share/position_tracker/local_setup.bash
[2.537s] -- Up-to-date: /home/karroyabreu/ar4/install/position_tracker/share/position_tracker/local_setup.sh
[2.537s] -- Up-to-date: /home/karroyabreu/ar4/install/position_tracker/share/position_tracker/local_setup.zsh
[2.537s] -- Up-to-date: /home/karroyabreu/ar4/install/position_tracker/share/position_tracker/local_setup.dsv
[2.537s] -- Installing: /home/karroyabreu/ar4/install/position_tracker/share/position_tracker/package.dsv
[2.537s] -- Up-to-date: /home/karroyabreu/ar4/install/position_tracker/share/ament_index/resource_index/packages/position_tracker
[2.537s] -- Up-to-date: /home/karroyabreu/ar4/install/position_tracker/share/position_tracker/cmake/export_position_tracker__rosidl_generator_cExport.cmake
[2.537s] -- Up-to-date: /home/karroyabreu/ar4/install/position_tracker/share/position_tracker/cmake/export_position_tracker__rosidl_generator_cExport-noconfig.cmake
[2.537s] -- Up-to-date: /home/karroyabreu/ar4/install/position_tracker/share/position_tracker/cmake/export_position_tracker__rosidl_typesupport_fastrtps_cExport.cmake
[2.537s] -- Up-to-date: /home/karroyabreu/ar4/install/position_tracker/share/position_tracker/cmake/export_position_tracker__rosidl_typesupport_fastrtps_cExport-noconfig.cmake
[2.537s] -- Up-to-date: /home/karroyabreu/ar4/install/position_tracker/share/position_tracker/cmake/export_position_tracker__rosidl_generator_cppExport.cmake
[2.537s] -- Up-to-date: /home/karroyabreu/ar4/install/position_tracker/share/position_tracker/cmake/export_position_tracker__rosidl_typesupport_fastrtps_cppExport.cmake
[2.537s] -- Up-to-date: /home/karroyabreu/ar4/install/position_tracker/share/position_tracker/cmake/export_position_tracker__rosidl_typesupport_fastrtps_cppExport-noconfig.cmake
[2.537s] -- Up-to-date: /home/karroyabreu/ar4/install/position_tracker/share/position_tracker/cmake/position_tracker__rosidl_typesupport_introspection_cExport.cmake
[2.537s] -- Up-to-date: /home/karroyabreu/ar4/install/position_tracker/share/position_tracker/cmake/position_tracker__rosidl_typesupport_introspection_cExport-noconfig.cmake
[2.537s] -- Up-to-date: /home/karroyabreu/ar4/install/position_tracker/share/position_tracker/cmake/position_tracker__rosidl_typesupport_cExport.cmake
[2.538s] -- Up-to-date: /home/karroyabreu/ar4/install/position_tracker/share/position_tracker/cmake/position_tracker__rosidl_typesupport_cExport-noconfig.cmake
[2.538s] -- Up-to-date: /home/karroyabreu/ar4/install/position_tracker/share/position_tracker/cmake/position_tracker__rosidl_typesupport_introspection_cppExport.cmake
[2.538s] -- Up-to-date: /home/karroyabreu/ar4/install/position_tracker/share/position_tracker/cmake/position_tracker__rosidl_typesupport_introspection_cppExport-noconfig.cmake
[2.538s] -- Up-to-date: /home/karroyabreu/ar4/install/position_tracker/share/position_tracker/cmake/position_tracker__rosidl_typesupport_cppExport.cmake
[2.538s] -- Up-to-date: /home/karroyabreu/ar4/install/position_tracker/share/position_tracker/cmake/position_tracker__rosidl_typesupport_cppExport-noconfig.cmake
[2.538s] -- Up-to-date: /home/karroyabreu/ar4/install/position_tracker/share/position_tracker/cmake/export_position_tracker__rosidl_generator_pyExport.cmake
[2.538s] -- Up-to-date: /home/karroyabreu/ar4/install/position_tracker/share/position_tracker/cmake/export_position_tracker__rosidl_generator_pyExport-noconfig.cmake
[2.538s] -- Up-to-date: /home/karroyabreu/ar4/install/position_tracker/share/position_tracker/cmake/rosidl_cmake-extras.cmake
[2.538s] -- Up-to-date: /home/karroyabreu/ar4/install/position_tracker/share/position_tracker/cmake/ament_cmake_export_dependencies-extras.cmake
[2.538s] -- Up-to-date: /home/karroyabreu/ar4/install/position_tracker/share/position_tracker/cmake/ament_cmake_export_include_directories-extras.cmake
[2.538s] -- Up-to-date: /home/karroyabreu/ar4/install/position_tracker/share/position_tracker/cmake/ament_cmake_export_libraries-extras.cmake
[2.538s] -- Up-to-date: /home/karroyabreu/ar4/install/position_tracker/share/position_tracker/cmake/ament_cmake_export_targets-extras.cmake
[2.538s] -- Up-to-date: /home/karroyabreu/ar4/install/position_tracker/share/position_tracker/cmake/rosidl_cmake_export_typesupport_targets-extras.cmake
[2.538s] -- Up-to-date: /home/karroyabreu/ar4/install/position_tracker/share/position_tracker/cmake/rosidl_cmake_export_typesupport_libraries-extras.cmake
[2.538s] -- Up-to-date: /home/karroyabreu/ar4/install/position_tracker/share/position_tracker/cmake/position_trackerConfig.cmake
[2.538s] -- Up-to-date: /home/karroyabreu/ar4/install/position_tracker/share/position_tracker/cmake/position_trackerConfig-version.cmake
[2.538s] -- Up-to-date: /home/karroyabreu/ar4/install/position_tracker/share/position_tracker/package.xml
[2.539s] Invoked command in '/home/karroyabreu/ar4/build/position_tracker' returned '0': CMAKE_PREFIX_PATH=${CMAKE_PREFIX_PATH}:/home/karroyabreu/ar4/install/opencv_pkg:/home/karroyabreu/ar4/install/pose_gui:/opt/ros/jazzy DEBUGINFOD_URLS=https://debuginfod.ubuntu.com /usr/bin/cmake --install /home/karroyabreu/ar4/build/position_tracker
