[0.006s] Invoking command in '/home/karroyabreu/ar4/build/annin_ar4_moveit_config': AMENT_PREFIX_PATH=/home/karroyabreu/ar4/install/annin_ar4_description:${AMENT_PREFIX_PATH} CMAKE_PREFIX_PATH=/home/karroyabreu/ar4/install/annin_ar4_description:/usr/local:/home/karroyabreu/ar4/install/opencv:/home/karroyabreu/workspace/install:/opt/ros/jazzy/opt/gz_sim_vendor:/opt/ros/jazzy/opt/gz_sensors_vendor:/opt/ros/jazzy/opt/gz_physics_vendor:/opt/ros/jazzy/opt/sdformat_vendor:/opt/ros/jazzy/opt/gz_gui_vendor:/opt/ros/jazzy/opt/gz_transport_vendor:/opt/ros/jazzy/opt/gz_rendering_vendor:/opt/ros/jazzy/opt/gz_plugin_vendor:/opt/ros/jazzy/opt/gz_fuel_tools_vendor:/opt/ros/jazzy/opt/gz_msgs_vendor:/opt/ros/jazzy/opt/gz_common_vendor:/opt/ros/jazzy/opt/gz_math_vendor:/opt/ros/jazzy/opt/gz_utils_vendor:/opt/ros/jazzy/opt/gz_tools_vendor:/opt/ros/jazzy/opt/gz_ogre_next_vendor:/opt/ros/jazzy/opt/gz_dartsim_vendor:/opt/ros/jazzy/opt/gz_cmake_vendor:/home/karroyabreu/ar4/install/opencv_pkg:/opt/ros/jazzy DEBUGINFOD_URLS=https://debuginfod.ubuntu.com /usr/bin/cmake /home/karroyabreu/ar4/src/ar4_ros_driver/annin_ar4_moveit_config -DCMAKE_INSTALL_PREFIX=/home/karroyabreu/ar4/install/annin_ar4_moveit_config
[0.053s] -- The C compiler identification is GNU 13.3.0
[0.094s] -- The CXX compiler identification is GNU 13.3.0
[0.107s] -- Detecting C compiler ABI info
[0.179s] -- Detecting C compiler ABI info - done
[0.186s] -- Check for working C compiler: /usr/bin/cc - skipped
[0.186s] -- Detecting C compile features
[0.186s] -- Detecting C compile features - done
[0.193s] -- Detecting CXX compiler ABI info
[0.265s] -- Detecting CXX compiler ABI info - done
[0.271s] -- Check for working CXX compiler: /usr/bin/c++ - skipped
[0.272s] -- Detecting CXX compile features
[0.272s] -- Detecting CXX compile features - done
[0.275s] -- Found ament_cmake: 2.5.4 (/opt/ros/jazzy/share/ament_cmake/cmake)
[0.379s] -- Found Python3: /usr/bin/python3 (found version "3.12.3") found components: Interpreter 
[0.540s] -- Configuring done (0.5s)
[0.542s] -- Generating done (0.0s)
[0.542s] -- Build files have been written to: /home/karroyabreu/ar4/build/annin_ar4_moveit_config
[0.547s] Invoked command in '/home/karroyabreu/ar4/build/annin_ar4_moveit_config' returned '0': AMENT_PREFIX_PATH=/home/karroyabreu/ar4/install/annin_ar4_description:${AMENT_PREFIX_PATH} CMAKE_PREFIX_PATH=/home/karroyabreu/ar4/install/annin_ar4_description:/usr/local:/home/karroyabreu/ar4/install/opencv:/home/karroyabreu/workspace/install:/opt/ros/jazzy/opt/gz_sim_vendor:/opt/ros/jazzy/opt/gz_sensors_vendor:/opt/ros/jazzy/opt/gz_physics_vendor:/opt/ros/jazzy/opt/sdformat_vendor:/opt/ros/jazzy/opt/gz_gui_vendor:/opt/ros/jazzy/opt/gz_transport_vendor:/opt/ros/jazzy/opt/gz_rendering_vendor:/opt/ros/jazzy/opt/gz_plugin_vendor:/opt/ros/jazzy/opt/gz_fuel_tools_vendor:/opt/ros/jazzy/opt/gz_msgs_vendor:/opt/ros/jazzy/opt/gz_common_vendor:/opt/ros/jazzy/opt/gz_math_vendor:/opt/ros/jazzy/opt/gz_utils_vendor:/opt/ros/jazzy/opt/gz_tools_vendor:/opt/ros/jazzy/opt/gz_ogre_next_vendor:/opt/ros/jazzy/opt/gz_dartsim_vendor:/opt/ros/jazzy/opt/gz_cmake_vendor:/home/karroyabreu/ar4/install/opencv_pkg:/opt/ros/jazzy DEBUGINFOD_URLS=https://debuginfod.ubuntu.com /usr/bin/cmake /home/karroyabreu/ar4/src/ar4_ros_driver/annin_ar4_moveit_config -DCMAKE_INSTALL_PREFIX=/home/karroyabreu/ar4/install/annin_ar4_moveit_config
[0.548s] Invoking command in '/home/karroyabreu/ar4/build/annin_ar4_moveit_config': AMENT_PREFIX_PATH=/home/karroyabreu/ar4/install/annin_ar4_description:${AMENT_PREFIX_PATH} CMAKE_PREFIX_PATH=/home/karroyabreu/ar4/install/annin_ar4_description:/usr/local:/home/karroyabreu/ar4/install/opencv:/home/karroyabreu/workspace/install:/opt/ros/jazzy/opt/gz_sim_vendor:/opt/ros/jazzy/opt/gz_sensors_vendor:/opt/ros/jazzy/opt/gz_physics_vendor:/opt/ros/jazzy/opt/sdformat_vendor:/opt/ros/jazzy/opt/gz_gui_vendor:/opt/ros/jazzy/opt/gz_transport_vendor:/opt/ros/jazzy/opt/gz_rendering_vendor:/opt/ros/jazzy/opt/gz_plugin_vendor:/opt/ros/jazzy/opt/gz_fuel_tools_vendor:/opt/ros/jazzy/opt/gz_msgs_vendor:/opt/ros/jazzy/opt/gz_common_vendor:/opt/ros/jazzy/opt/gz_math_vendor:/opt/ros/jazzy/opt/gz_utils_vendor:/opt/ros/jazzy/opt/gz_tools_vendor:/opt/ros/jazzy/opt/gz_ogre_next_vendor:/opt/ros/jazzy/opt/gz_dartsim_vendor:/opt/ros/jazzy/opt/gz_cmake_vendor:/home/karroyabreu/ar4/install/opencv_pkg:/opt/ros/jazzy DEBUGINFOD_URLS=https://debuginfod.ubuntu.com /usr/bin/cmake --build /home/karroyabreu/ar4/build/annin_ar4_moveit_config -- -j22 -l22
[0.583s] Invoked command in '/home/karroyabreu/ar4/build/annin_ar4_moveit_config' returned '0': AMENT_PREFIX_PATH=/home/karroyabreu/ar4/install/annin_ar4_description:${AMENT_PREFIX_PATH} CMAKE_PREFIX_PATH=/home/karroyabreu/ar4/install/annin_ar4_description:/usr/local:/home/karroyabreu/ar4/install/opencv:/home/karroyabreu/workspace/install:/opt/ros/jazzy/opt/gz_sim_vendor:/opt/ros/jazzy/opt/gz_sensors_vendor:/opt/ros/jazzy/opt/gz_physics_vendor:/opt/ros/jazzy/opt/sdformat_vendor:/opt/ros/jazzy/opt/gz_gui_vendor:/opt/ros/jazzy/opt/gz_transport_vendor:/opt/ros/jazzy/opt/gz_rendering_vendor:/opt/ros/jazzy/opt/gz_plugin_vendor:/opt/ros/jazzy/opt/gz_fuel_tools_vendor:/opt/ros/jazzy/opt/gz_msgs_vendor:/opt/ros/jazzy/opt/gz_common_vendor:/opt/ros/jazzy/opt/gz_math_vendor:/opt/ros/jazzy/opt/gz_utils_vendor:/opt/ros/jazzy/opt/gz_tools_vendor:/opt/ros/jazzy/opt/gz_ogre_next_vendor:/opt/ros/jazzy/opt/gz_dartsim_vendor:/opt/ros/jazzy/opt/gz_cmake_vendor:/home/karroyabreu/ar4/install/opencv_pkg:/opt/ros/jazzy DEBUGINFOD_URLS=https://debuginfod.ubuntu.com /usr/bin/cmake --build /home/karroyabreu/ar4/build/annin_ar4_moveit_config -- -j22 -l22
[0.584s] Invoking command in '/home/karroyabreu/ar4/build/annin_ar4_moveit_config': AMENT_PREFIX_PATH=/home/karroyabreu/ar4/install/annin_ar4_description:${AMENT_PREFIX_PATH} CMAKE_PREFIX_PATH=/home/karroyabreu/ar4/install/annin_ar4_description:/usr/local:/home/karroyabreu/ar4/install/opencv:/home/karroyabreu/workspace/install:/opt/ros/jazzy/opt/gz_sim_vendor:/opt/ros/jazzy/opt/gz_sensors_vendor:/opt/ros/jazzy/opt/gz_physics_vendor:/opt/ros/jazzy/opt/sdformat_vendor:/opt/ros/jazzy/opt/gz_gui_vendor:/opt/ros/jazzy/opt/gz_transport_vendor:/opt/ros/jazzy/opt/gz_rendering_vendor:/opt/ros/jazzy/opt/gz_plugin_vendor:/opt/ros/jazzy/opt/gz_fuel_tools_vendor:/opt/ros/jazzy/opt/gz_msgs_vendor:/opt/ros/jazzy/opt/gz_common_vendor:/opt/ros/jazzy/opt/gz_math_vendor:/opt/ros/jazzy/opt/gz_utils_vendor:/opt/ros/jazzy/opt/gz_tools_vendor:/opt/ros/jazzy/opt/gz_ogre_next_vendor:/opt/ros/jazzy/opt/gz_dartsim_vendor:/opt/ros/jazzy/opt/gz_cmake_vendor:/home/karroyabreu/ar4/install/opencv_pkg:/opt/ros/jazzy DEBUGINFOD_URLS=https://debuginfod.ubuntu.com /usr/bin/cmake --install /home/karroyabreu/ar4/build/annin_ar4_moveit_config
[0.589s] -- Install configuration: ""
[0.589s] -- Installing: /home/karroyabreu/ar4/install/annin_ar4_moveit_config/share/annin_ar4_moveit_config/config
[0.590s] -- Installing: /home/karroyabreu/ar4/install/annin_ar4_moveit_config/share/annin_ar4_moveit_config/config/joint_limits.yaml
[0.590s] -- Installing: /home/karroyabreu/ar4/install/annin_ar4_moveit_config/share/annin_ar4_moveit_config/config/ompl_planning.yaml
[0.590s] -- Installing: /home/karroyabreu/ar4/install/annin_ar4_moveit_config/share/annin_ar4_moveit_config/config/pilz_planning.yaml
[0.590s] -- Installing: /home/karroyabreu/ar4/install/annin_ar4_moveit_config/share/annin_ar4_moveit_config/config/controllers.yaml
[0.590s] -- Installing: /home/karroyabreu/ar4/install/annin_ar4_moveit_config/share/annin_ar4_moveit_config/config/kinematics.yaml
[0.590s] -- Installing: /home/karroyabreu/ar4/install/annin_ar4_moveit_config/share/annin_ar4_moveit_config/config/moveit_servo.yaml
[0.590s] -- Installing: /home/karroyabreu/ar4/install/annin_ar4_moveit_config/share/annin_ar4_moveit_config/launch
[0.590s] -- Installing: /home/karroyabreu/ar4/install/annin_ar4_moveit_config/share/annin_ar4_moveit_config/launch/moveit.launch.py
[0.590s] -- Installing: /home/karroyabreu/ar4/install/annin_ar4_moveit_config/share/annin_ar4_moveit_config/launch/demo.launch.py
[0.590s] -- Installing: /home/karroyabreu/ar4/install/annin_ar4_moveit_config/share/annin_ar4_moveit_config/rviz
[0.590s] -- Installing: /home/karroyabreu/ar4/install/annin_ar4_moveit_config/share/annin_ar4_moveit_config/rviz/moveit_with_camera.rviz
[0.590s] -- Installing: /home/karroyabreu/ar4/install/annin_ar4_moveit_config/share/annin_ar4_moveit_config/rviz/moveit.rviz
[0.590s] -- Installing: /home/karroyabreu/ar4/install/annin_ar4_moveit_config/share/annin_ar4_moveit_config/srdf
[0.591s] -- Installing: /home/karroyabreu/ar4/install/annin_ar4_moveit_config/share/annin_ar4_moveit_config/srdf/ar_macro.srdf.xacro
[0.591s] -- Installing: /home/karroyabreu/ar4/install/annin_ar4_moveit_config/share/annin_ar4_moveit_config/srdf/ar.srdf.xacro
[0.591s] -- Installing: /home/karroyabreu/ar4/install/annin_ar4_moveit_config/share/annin_ar4_moveit_config/srdf/ar_gripper_macro.srdf.xacro
[0.591s] -- Installing: /home/karroyabreu/ar4/install/annin_ar4_moveit_config/share/annin_ar4_moveit_config/urdf
[0.591s] -- Installing: /home/karroyabreu/ar4/install/annin_ar4_moveit_config/share/annin_ar4_moveit_config/urdf/fake_ar.urdf.xacro
[0.591s] -- Installing: /home/karroyabreu/ar4/install/annin_ar4_moveit_config/share/ament_index/resource_index/package_run_dependencies/annin_ar4_moveit_config
[0.591s] -- Installing: /home/karroyabreu/ar4/install/annin_ar4_moveit_config/share/ament_index/resource_index/parent_prefix_path/annin_ar4_moveit_config
[0.591s] -- Installing: /home/karroyabreu/ar4/install/annin_ar4_moveit_config/share/annin_ar4_moveit_config/environment/ament_prefix_path.sh
[0.591s] -- Installing: /home/karroyabreu/ar4/install/annin_ar4_moveit_config/share/annin_ar4_moveit_config/environment/ament_prefix_path.dsv
[0.591s] -- Installing: /home/karroyabreu/ar4/install/annin_ar4_moveit_config/share/annin_ar4_moveit_config/environment/path.sh
[0.591s] -- Installing: /home/karroyabreu/ar4/install/annin_ar4_moveit_config/share/annin_ar4_moveit_config/environment/path.dsv
[0.591s] -- Installing: /home/karroyabreu/ar4/install/annin_ar4_moveit_config/share/annin_ar4_moveit_config/local_setup.bash
[0.592s] -- Installing: /home/karroyabreu/ar4/install/annin_ar4_moveit_config/share/annin_ar4_moveit_config/local_setup.sh
[0.592s] -- Installing: /home/karroyabreu/ar4/install/annin_ar4_moveit_config/share/annin_ar4_moveit_config/local_setup.zsh
[0.592s] -- Installing: /home/karroyabreu/ar4/install/annin_ar4_moveit_config/share/annin_ar4_moveit_config/local_setup.dsv
[0.592s] -- Installing: /home/karroyabreu/ar4/install/annin_ar4_moveit_config/share/annin_ar4_moveit_config/package.dsv
[0.592s] -- Installing: /home/karroyabreu/ar4/install/annin_ar4_moveit_config/share/ament_index/resource_index/packages/annin_ar4_moveit_config
[0.592s] -- Installing: /home/karroyabreu/ar4/install/annin_ar4_moveit_config/share/annin_ar4_moveit_config/cmake/annin_ar4_moveit_configConfig.cmake
[0.592s] -- Installing: /home/karroyabreu/ar4/install/annin_ar4_moveit_config/share/annin_ar4_moveit_config/cmake/annin_ar4_moveit_configConfig-version.cmake
[0.592s] -- Installing: /home/karroyabreu/ar4/install/annin_ar4_moveit_config/share/annin_ar4_moveit_config/package.xml
[0.593s] Invoked command in '/home/karroyabreu/ar4/build/annin_ar4_moveit_config' returned '0': AMENT_PREFIX_PATH=/home/karroyabreu/ar4/install/annin_ar4_description:${AMENT_PREFIX_PATH} CMAKE_PREFIX_PATH=/home/karroyabreu/ar4/install/annin_ar4_description:/usr/local:/home/karroyabreu/ar4/install/opencv:/home/karroyabreu/workspace/install:/opt/ros/jazzy/opt/gz_sim_vendor:/opt/ros/jazzy/opt/gz_sensors_vendor:/opt/ros/jazzy/opt/gz_physics_vendor:/opt/ros/jazzy/opt/sdformat_vendor:/opt/ros/jazzy/opt/gz_gui_vendor:/opt/ros/jazzy/opt/gz_transport_vendor:/opt/ros/jazzy/opt/gz_rendering_vendor:/opt/ros/jazzy/opt/gz_plugin_vendor:/opt/ros/jazzy/opt/gz_fuel_tools_vendor:/opt/ros/jazzy/opt/gz_msgs_vendor:/opt/ros/jazzy/opt/gz_common_vendor:/opt/ros/jazzy/opt/gz_math_vendor:/opt/ros/jazzy/opt/gz_utils_vendor:/opt/ros/jazzy/opt/gz_tools_vendor:/opt/ros/jazzy/opt/gz_ogre_next_vendor:/opt/ros/jazzy/opt/gz_dartsim_vendor:/opt/ros/jazzy/opt/gz_cmake_vendor:/home/karroyabreu/ar4/install/opencv_pkg:/opt/ros/jazzy DEBUGINFOD_URLS=https://debuginfod.ubuntu.com /usr/bin/cmake --install /home/karroyabreu/ar4/build/annin_ar4_moveit_config
