-- Install configuration: ""
-- Up-to-date: /home/karroyabreu/ar4/install/annin_ar4_description/share/annin_ar4_description/meshes
-- Up-to-date: /home/karroyabreu/ar4/install/annin_ar4_description/share/annin_ar4_description/meshes/ar4
-- Up-to-date: /home/karroyabreu/ar4/install/annin_ar4_description/share/annin_ar4_description/meshes/ar4/link_4.STL
-- Up-to-date: /home/karroyabreu/ar4/install/annin_ar4_description/share/annin_ar4_description/meshes/ar4/link_2.STL
-- Up-to-date: /home/karroyabreu/ar4/install/annin_ar4_description/share/annin_ar4_description/meshes/ar4/link_5.STL
-- Up-to-date: /home/karroyabreu/ar4/install/annin_ar4_description/share/annin_ar4_description/meshes/ar4/base_link.STL
-- Up-to-date: /home/karroyabreu/ar4/install/annin_ar4_description/share/annin_ar4_description/meshes/ar4/link_6.STL
-- Up-to-date: /home/karroyabreu/ar4/install/annin_ar4_description/share/annin_ar4_description/meshes/ar4/link_3.STL
-- Up-to-date: /home/karroyabreu/ar4/install/annin_ar4_description/share/annin_ar4_description/meshes/ar4/link_1.STL
-- Up-to-date: /home/karroyabreu/ar4/install/annin_ar4_description/share/annin_ar4_description/meshes/ar4_mk3
-- Up-to-date: /home/karroyabreu/ar4/install/annin_ar4_description/share/annin_ar4_description/meshes/ar4_mk3/link_4.STL
-- Up-to-date: /home/karroyabreu/ar4/install/annin_ar4_description/share/annin_ar4_description/meshes/ar4_mk3/link_2.STL
-- Up-to-date: /home/karroyabreu/ar4/install/annin_ar4_description/share/annin_ar4_description/meshes/ar4_mk3/link_5.STL
-- Up-to-date: /home/karroyabreu/ar4/install/annin_ar4_description/share/annin_ar4_description/meshes/ar4_mk3/base_link.STL
-- Up-to-date: /home/karroyabreu/ar4/install/annin_ar4_description/share/annin_ar4_description/meshes/ar4_mk3/link_6.STL
-- Up-to-date: /home/karroyabreu/ar4/install/annin_ar4_description/share/annin_ar4_description/meshes/ar4_mk3/link_3.STL
-- Up-to-date: /home/karroyabreu/ar4/install/annin_ar4_description/share/annin_ar4_description/meshes/ar4_mk3/link_1.STL
-- Up-to-date: /home/karroyabreu/ar4/install/annin_ar4_description/share/annin_ar4_description/meshes/ar4_gripper
-- Up-to-date: /home/karroyabreu/ar4/install/annin_ar4_description/share/annin_ar4_description/meshes/ar4_gripper/gripper_base_link.stl
-- Up-to-date: /home/karroyabreu/ar4/install/annin_ar4_description/share/annin_ar4_description/meshes/ar4_gripper/gripper_jaw1_link.stl
-- Up-to-date: /home/karroyabreu/ar4/install/annin_ar4_description/share/annin_ar4_description/meshes/ar4_gripper/gripper_jaw2_link.stl
-- Up-to-date: /home/karroyabreu/ar4/install/annin_ar4_description/share/annin_ar4_description/urdf
-- Up-to-date: /home/karroyabreu/ar4/install/annin_ar4_description/share/annin_ar4_description/urdf/ar_gripper_macro.xacro
-- Up-to-date: /home/karroyabreu/ar4/install/annin_ar4_description/share/annin_ar4_description/urdf/ar_gripper.ros2_control.xacro
-- Up-to-date: /home/karroyabreu/ar4/install/annin_ar4_description/share/annin_ar4_description/urdf/ar.ros2_control.xacro
-- Up-to-date: /home/karroyabreu/ar4/install/annin_ar4_description/share/annin_ar4_description/urdf/ar_macro.xacro
-- Up-to-date: /home/karroyabreu/ar4/install/annin_ar4_description/share/annin_ar4_description/urdf/camera.xacro
-- Up-to-date: /home/karroyabreu/ar4/install/annin_ar4_description/share/annin_ar4_description/urdf/ar_gazebo.urdf.xacro
-- Installing: /home/karroyabreu/ar4/install/annin_ar4_description/share/annin_ar4_description/urdf/ar.urdf.xacro
-- Up-to-date: /home/karroyabreu/ar4/install/annin_ar4_description/share/annin_ar4_description/config
-- Up-to-date: /home/karroyabreu/ar4/install/annin_ar4_description/share/annin_ar4_description/config/mk1.yaml
-- Up-to-date: /home/karroyabreu/ar4/install/annin_ar4_description/share/annin_ar4_description/config/mk2.yaml
-- Up-to-date: /home/karroyabreu/ar4/install/annin_ar4_description/share/annin_ar4_description/config/mk3.yaml
-- Up-to-date: /home/karroyabreu/ar4/install/annin_ar4_description/share/ament_index/resource_index/package_run_dependencies/annin_ar4_description
-- Up-to-date: /home/karroyabreu/ar4/install/annin_ar4_description/share/ament_index/resource_index/parent_prefix_path/annin_ar4_description
-- Up-to-date: /home/karroyabreu/ar4/install/annin_ar4_description/share/annin_ar4_description/environment/ament_prefix_path.sh
-- Up-to-date: /home/karroyabreu/ar4/install/annin_ar4_description/share/annin_ar4_description/environment/ament_prefix_path.dsv
-- Up-to-date: /home/karroyabreu/ar4/install/annin_ar4_description/share/annin_ar4_description/environment/path.sh
-- Up-to-date: /home/karroyabreu/ar4/install/annin_ar4_description/share/annin_ar4_description/environment/path.dsv
-- Up-to-date: /home/karroyabreu/ar4/install/annin_ar4_description/share/annin_ar4_description/local_setup.bash
-- Up-to-date: /home/karroyabreu/ar4/install/annin_ar4_description/share/annin_ar4_description/local_setup.sh
-- Up-to-date: /home/karroyabreu/ar4/install/annin_ar4_description/share/annin_ar4_description/local_setup.zsh
-- Up-to-date: /home/karroyabreu/ar4/install/annin_ar4_description/share/annin_ar4_description/local_setup.dsv
-- Installing: /home/karroyabreu/ar4/install/annin_ar4_description/share/annin_ar4_description/package.dsv
-- Up-to-date: /home/karroyabreu/ar4/install/annin_ar4_description/share/ament_index/resource_index/packages/annin_ar4_description
-- Up-to-date: /home/karroyabreu/ar4/install/annin_ar4_description/share/annin_ar4_description/cmake/annin_ar4_descriptionConfig.cmake
-- Up-to-date: /home/karroyabreu/ar4/install/annin_ar4_description/share/annin_ar4_description/cmake/annin_ar4_descriptionConfig-version.cmake
-- Up-to-date: /home/karroyabreu/ar4/install/annin_ar4_description/share/annin_ar4_description/package.xml
