[0.009s] Invoking command in '/home/karroyabreu/ar4/build/opencv': CMAKE_PREFIX_PATH=${CMAKE_PREFIX_PATH}:/home/karroyabreu/ar4/install/pose_gui:/opt/ros/jazzy DEBUGINFOD_URLS=https://debuginfod.ubuntu.com /usr/bin/cmake --build /home/karroyabreu/ar4/build/opencv -- -j22 -l22
[0.028s] -- Project name is opencv
[0.028s] -- Found ament_cmake: 2.5.4 (/opt/ros/jazzy/share/ament_cmake/cmake)
[0.171s] -- Found rclcpp: 28.1.10 (/opt/ros/jazzy/share/rclcpp/cmake)
[0.187s] -- Found rosidl_generator_c: 4.6.5 (/opt/ros/jazzy/share/rosidl_generator_c/cmake)
[0.192s] -- Found rosidl_generator_cpp: 4.6.5 (/opt/ros/jazzy/share/rosidl_generator_cpp/cmake)
[0.198s] -- Using all available rosidl_typesupport_c: rosidl_typesupport_fastrtps_c;rosidl_typesupport_introspection_c
[0.207s] -- Using all available rosidl_typesupport_cpp: rosidl_typesupport_fastrtps_cpp;rosidl_typesupport_introspection_cpp
[0.256s] -- Found rmw_implementation_cmake: 7.3.2 (/opt/ros/jazzy/share/rmw_implementation_cmake/cmake)
[0.256s] -- Found rmw_fastrtps_cpp: 8.4.2 (/opt/ros/jazzy/share/rmw_fastrtps_cpp/cmake)
[0.306s] -- Using RMW implementation 'rmw_fastrtps_cpp' as default
[0.351s] -- Found rclpy: 7.1.4 (/opt/ros/jazzy/share/rclpy/cmake)
[0.409s] [31mCMake Error at /opt/ros/jazzy/share/ament_cmake_python/cmake/ament_python_install_package.cmake:66 (message):
[0.409s]   ament_python_install_package() the Python package folder
[0.409s]   '/home/karroyabreu/ar4/src/opencv/src/opencv/opencv' doesn't contain an
[0.409s]   '__init__.py' file
[0.409s] Call Stack (most recent call first):
[0.410s]   /opt/ros/jazzy/share/ament_cmake_python/cmake/ament_python_install_package.cmake:39 (_ament_cmake_python_install_package)
[0.410s]   CMakeLists.txt:17 (ament_python_install_package)
[0.410s] 
[0.410s] [0m
[0.410s] -- Configuring incomplete, errors occurred!
[0.417s] gmake: *** [Makefile:254: cmake_check_build_system] Error 1
[0.420s] Invoked command in '/home/karroyabreu/ar4/build/opencv' returned '2': CMAKE_PREFIX_PATH=${CMAKE_PREFIX_PATH}:/home/karroyabreu/ar4/install/pose_gui:/opt/ros/jazzy DEBUGINFOD_URLS=https://debuginfod.ubuntu.com /usr/bin/cmake --build /home/karroyabreu/ar4/build/opencv -- -j22 -l22
