[0.008s] Invoking command in '/home/karroyabreu/ar4/build/position_tracker': CMAKE_PREFIX_PATH=${CMAKE_PREFIX_PATH}:/home/karroyabreu/ar4/install/opencv_pkg:/home/karroyabreu/ar4/install/pose_gui:/opt/ros/jazzy DEBUGINFOD_URLS=https://debuginfod.ubuntu.com /usr/bin/cmake --build /home/karroyabreu/ar4/build/position_tracker -- -j22 -l22
[0.028s] -- Found ament_cmake: 2.5.4 (/opt/ros/jazzy/share/ament_cmake/cmake)
[0.048s] -- Found Python3: /usr/bin/python3 (found version "3.12.3") found components: Interpreter 
[0.105s] -- Found rclpy: 7.1.4 (/opt/ros/jazzy/share/rclpy/cmake)
[0.105s] -- Found std_msgs: 5.3.6 (/opt/ros/jazzy/share/std_msgs/cmake)
[0.123s] -- Found rosidl_generator_c: 4.6.5 (/opt/ros/jazzy/share/rosidl_generator_c/cmake)
[0.128s] -- Found rosidl_generator_cpp: 4.6.5 (/opt/ros/jazzy/share/rosidl_generator_cpp/cmake)
[0.135s] -- Using all available rosidl_typesupport_c: rosidl_typesupport_fastrtps_c;rosidl_typesupport_introspection_c
[0.145s] -- Using all available rosidl_typesupport_cpp: rosidl_typesupport_fastrtps_cpp;rosidl_typesupport_introspection_cpp
[0.163s] -- Found sensor_msgs: 5.3.6 (/opt/ros/jazzy/share/sensor_msgs/cmake)
[0.194s] -- Found rosidl_default_generators: 1.6.0 (/opt/ros/jazzy/share/rosidl_default_generators/cmake)
[0.199s] -- Found rosidl_adapter: 4.6.5 (/opt/ros/jazzy/share/rosidl_adapter/cmake)
[0.415s] -- Found ament_cmake_ros: 0.12.0 (/opt/ros/jazzy/share/ament_cmake_ros/cmake)
[0.649s] -- Using all available rosidl_typesupport_c: rosidl_typesupport_fastrtps_c;rosidl_typesupport_introspection_c
[0.737s] -- Using all available rosidl_typesupport_cpp: rosidl_typesupport_fastrtps_cpp;rosidl_typesupport_introspection_cpp
[0.738s] -- Found python_cmake_module: 0.11.1 (/opt/ros/jazzy/share/python_cmake_module/cmake)
[0.940s] -- Found Python3: /usr/bin/python3 (found version "3.12.3") found components: Interpreter Development NumPy Development.Module Development.Embed 
[0.973s] -- Configuring done (0.9s)
[0.999s] -- Generating done (0.0s)
[1.010s] -- Build files have been written to: /home/karroyabreu/ar4/build/position_tracker
[1.038s] [  2%] Built target position_tracker__rosidl_generator_type_description
[1.046s] [  2%] Built target ament_cmake_python_copy_position_tracker
[1.054s] [  5%] Built target position_tracker__cpp
[1.055s] [ 20%] Built target position_tracker__rosidl_generator_c
[1.073s] [ 47%] Built target position_tracker__rosidl_typesupport_cpp
[1.073s] [ 47%] Built target position_tracker__rosidl_typesupport_introspection_c
[1.073s] [ 47%] Built target position_tracker__rosidl_typesupport_introspection_cpp
[1.075s] [ 55%] Built target position_tracker__rosidl_typesupport_fastrtps_c
[1.077s] [ 73%] Built target position_tracker__rosidl_typesupport_fastrtps_cpp
[1.077s] [ 73%] Built target position_tracker__rosidl_typesupport_c
[1.095s] [ 73%] Built target position_tracker
[1.111s] [ 76%] Built target position_tracker__py
[1.129s] [ 82%] Built target position_tracker__rosidl_generator_py
[1.146s] [ 88%] Built target position_tracker_s__rosidl_typesupport_c
[1.147s] [ 94%] Built target position_tracker_s__rosidl_typesupport_fastrtps_c
[1.149s] [100%] Built target position_tracker_s__rosidl_typesupport_introspection_c
[1.215s] running egg_info
[1.229s] writing position_tracker.egg-info/PKG-INFO
[1.229s] writing dependency_links to position_tracker.egg-info/dependency_links.txt
[1.230s] writing top-level names to position_tracker.egg-info/top_level.txt
[1.272s] reading manifest file 'position_tracker.egg-info/SOURCES.txt'
[1.273s] writing manifest file 'position_tracker.egg-info/SOURCES.txt'
[1.296s] [100%] Built target ament_cmake_python_build_position_tracker_egg
[1.306s] Invoked command in '/home/karroyabreu/ar4/build/position_tracker' returned '0': CMAKE_PREFIX_PATH=${CMAKE_PREFIX_PATH}:/home/karroyabreu/ar4/install/opencv_pkg:/home/karroyabreu/ar4/install/pose_gui:/opt/ros/jazzy DEBUGINFOD_URLS=https://debuginfod.ubuntu.com /usr/bin/cmake --build /home/karroyabreu/ar4/build/position_tracker -- -j22 -l22
[1.316s] Invoking command in '/home/karroyabreu/ar4/build/position_tracker': CMAKE_PREFIX_PATH=${CMAKE_PREFIX_PATH}:/home/karroyabreu/ar4/install/opencv_pkg:/home/karroyabreu/ar4/install/pose_gui:/opt/ros/jazzy DEBUGINFOD_URLS=https://debuginfod.ubuntu.com /usr/bin/cmake --install /home/karroyabreu/ar4/build/position_tracker
[1.323s] -- Install configuration: ""
[1.323s] -- Up-to-date: /home/karroyabreu/ar4/install/position_tracker/share/ament_index/resource_index/rosidl_interfaces/position_tracker
[1.323s] -- Up-to-date: /home/karroyabreu/ar4/install/position_tracker/share/position_tracker/srv/GetPosition.json
[1.323s] -- Up-to-date: /home/karroyabreu/ar4/install/position_tracker/include/position_tracker/position_tracker
[1.323s] -- Up-to-date: /home/karroyabreu/ar4/install/position_tracker/include/position_tracker/position_tracker/srv
[1.323s] -- Up-to-date: /home/karroyabreu/ar4/install/position_tracker/include/position_tracker/position_tracker/srv/detail
[1.323s] -- Up-to-date: /home/karroyabreu/ar4/install/position_tracker/include/position_tracker/position_tracker/srv/detail/get_position__struct.h
[1.323s] -- Up-to-date: /home/karroyabreu/ar4/install/position_tracker/include/position_tracker/position_tracker/srv/detail/get_position__functions.h
[1.324s] -- Up-to-date: /home/karroyabreu/ar4/install/position_tracker/include/position_tracker/position_tracker/srv/detail/get_position__type_support.c
[1.324s] -- Up-to-date: /home/karroyabreu/ar4/install/position_tracker/include/position_tracker/position_tracker/srv/detail/get_position__functions.c
[1.324s] -- Up-to-date: /home/karroyabreu/ar4/install/position_tracker/include/position_tracker/position_tracker/srv/detail/get_position__description.c
[1.324s] -- Up-to-date: /home/karroyabreu/ar4/install/position_tracker/include/position_tracker/position_tracker/srv/detail/get_position__type_support.h
[1.324s] -- Up-to-date: /home/karroyabreu/ar4/install/position_tracker/include/position_tracker/position_tracker/srv/get_position.h
[1.324s] -- Up-to-date: /home/karroyabreu/ar4/install/position_tracker/include/position_tracker/position_tracker/msg
[1.324s] -- Up-to-date: /home/karroyabreu/ar4/install/position_tracker/include/position_tracker/position_tracker/msg/rosidl_generator_c__visibility_control.h
[1.324s] -- Up-to-date: /home/karroyabreu/ar4/install/position_tracker/share/position_tracker/environment/library_path.sh
[1.324s] -- Up-to-date: /home/karroyabreu/ar4/install/position_tracker/share/position_tracker/environment/library_path.dsv
[1.324s] -- Up-to-date: /home/karroyabreu/ar4/install/position_tracker/lib/libposition_tracker__rosidl_generator_c.so
[1.324s] -- Up-to-date: /home/karroyabreu/ar4/install/position_tracker/include/position_tracker/position_tracker
[1.324s] -- Up-to-date: /home/karroyabreu/ar4/install/position_tracker/include/position_tracker/position_tracker/srv
[1.324s] -- Up-to-date: /home/karroyabreu/ar4/install/position_tracker/include/position_tracker/position_tracker/srv/detail
[1.324s] -- Up-to-date: /home/karroyabreu/ar4/install/position_tracker/include/position_tracker/position_tracker/srv/detail/get_position__rosidl_typesupport_fastrtps_c.h
[1.324s] -- Up-to-date: /home/karroyabreu/ar4/install/position_tracker/include/position_tracker/position_tracker/msg
[1.324s] -- Up-to-date: /home/karroyabreu/ar4/install/position_tracker/include/position_tracker/position_tracker/msg/rosidl_typesupport_fastrtps_c__visibility_control.h
[1.324s] -- Up-to-date: /home/karroyabreu/ar4/install/position_tracker/lib/libposition_tracker__rosidl_typesupport_fastrtps_c.so
[1.324s] -- Up-to-date: /home/karroyabreu/ar4/install/position_tracker/include/position_tracker/position_tracker
[1.324s] -- Up-to-date: /home/karroyabreu/ar4/install/position_tracker/include/position_tracker/position_tracker/srv
[1.324s] -- Up-to-date: /home/karroyabreu/ar4/install/position_tracker/include/position_tracker/position_tracker/srv/get_position.hpp
[1.325s] -- Up-to-date: /home/karroyabreu/ar4/install/position_tracker/include/position_tracker/position_tracker/srv/detail
[1.325s] -- Up-to-date: /home/karroyabreu/ar4/install/position_tracker/include/position_tracker/position_tracker/srv/detail/get_position__builder.hpp
[1.325s] -- Up-to-date: /home/karroyabreu/ar4/install/position_tracker/include/position_tracker/position_tracker/srv/detail/get_position__type_support.hpp
[1.325s] -- Up-to-date: /home/karroyabreu/ar4/install/position_tracker/include/position_tracker/position_tracker/srv/detail/get_position__struct.hpp
[1.325s] -- Up-to-date: /home/karroyabreu/ar4/install/position_tracker/include/position_tracker/position_tracker/srv/detail/get_position__traits.hpp
[1.325s] -- Up-to-date: /home/karroyabreu/ar4/install/position_tracker/include/position_tracker/position_tracker/msg
[1.325s] -- Up-to-date: /home/karroyabreu/ar4/install/position_tracker/include/position_tracker/position_tracker/msg/rosidl_generator_cpp__visibility_control.hpp
[1.325s] -- Up-to-date: /home/karroyabreu/ar4/install/position_tracker/include/position_tracker/position_tracker
[1.325s] -- Up-to-date: /home/karroyabreu/ar4/install/position_tracker/include/position_tracker/position_tracker/srv
[1.325s] -- Up-to-date: /home/karroyabreu/ar4/install/position_tracker/include/position_tracker/position_tracker/srv/detail
[1.325s] -- Up-to-date: /home/karroyabreu/ar4/install/position_tracker/include/position_tracker/position_tracker/srv/detail/dds_fastrtps
[1.325s] -- Up-to-date: /home/karroyabreu/ar4/install/position_tracker/include/position_tracker/position_tracker/srv/detail/get_position__rosidl_typesupport_fastrtps_cpp.hpp
[1.325s] -- Up-to-date: /home/karroyabreu/ar4/install/position_tracker/include/position_tracker/position_tracker/msg
[1.325s] -- Up-to-date: /home/karroyabreu/ar4/install/position_tracker/include/position_tracker/position_tracker/msg/rosidl_typesupport_fastrtps_cpp__visibility_control.h
[1.325s] -- Up-to-date: /home/karroyabreu/ar4/install/position_tracker/lib/libposition_tracker__rosidl_typesupport_fastrtps_cpp.so
[1.325s] -- Up-to-date: /home/karroyabreu/ar4/install/position_tracker/include/position_tracker/position_tracker
[1.326s] -- Up-to-date: /home/karroyabreu/ar4/install/position_tracker/include/position_tracker/position_tracker/srv
[1.326s] -- Up-to-date: /home/karroyabreu/ar4/install/position_tracker/include/position_tracker/position_tracker/srv/detail
[1.326s] -- Up-to-date: /home/karroyabreu/ar4/install/position_tracker/include/position_tracker/position_tracker/srv/detail/get_position__rosidl_typesupport_introspection_c.h
[1.326s] -- Up-to-date: /home/karroyabreu/ar4/install/position_tracker/include/position_tracker/position_tracker/srv/detail/get_position__type_support.c
[1.326s] -- Up-to-date: /home/karroyabreu/ar4/install/position_tracker/include/position_tracker/position_tracker/msg
[1.326s] -- Up-to-date: /home/karroyabreu/ar4/install/position_tracker/include/position_tracker/position_tracker/msg/rosidl_typesupport_introspection_c__visibility_control.h
[1.326s] -- Up-to-date: /home/karroyabreu/ar4/install/position_tracker/lib/libposition_tracker__rosidl_typesupport_introspection_c.so
[1.326s] -- Up-to-date: /home/karroyabreu/ar4/install/position_tracker/lib/libposition_tracker__rosidl_typesupport_c.so
[1.326s] -- Up-to-date: /home/karroyabreu/ar4/install/position_tracker/include/position_tracker/position_tracker
[1.326s] -- Up-to-date: /home/karroyabreu/ar4/install/position_tracker/include/position_tracker/position_tracker/srv
[1.326s] -- Up-to-date: /home/karroyabreu/ar4/install/position_tracker/include/position_tracker/position_tracker/srv/detail
[1.326s] -- Up-to-date: /home/karroyabreu/ar4/install/position_tracker/include/position_tracker/position_tracker/srv/detail/get_position__rosidl_typesupport_introspection_cpp.hpp
[1.326s] -- Up-to-date: /home/karroyabreu/ar4/install/position_tracker/include/position_tracker/position_tracker/srv/detail/get_position__type_support.cpp
[1.326s] -- Up-to-date: /home/karroyabreu/ar4/install/position_tracker/lib/libposition_tracker__rosidl_typesupport_introspection_cpp.so
[1.326s] -- Up-to-date: /home/karroyabreu/ar4/install/position_tracker/lib/libposition_tracker__rosidl_typesupport_cpp.so
[1.326s] -- Up-to-date: /home/karroyabreu/ar4/install/position_tracker/share/position_tracker/environment/pythonpath.sh
[1.326s] -- Up-to-date: /home/karroyabreu/ar4/install/position_tracker/share/position_tracker/environment/pythonpath.dsv
[1.326s] -- Up-to-date: /home/karroyabreu/ar4/install/position_tracker/lib/python3.12/site-packages/position_tracker-0.0.0-py3.12.egg-info
[1.326s] -- Installing: /home/karroyabreu/ar4/install/position_tracker/lib/python3.12/site-packages/position_tracker-0.0.0-py3.12.egg-info/top_level.txt
[1.327s] -- Installing: /home/karroyabreu/ar4/install/position_tracker/lib/python3.12/site-packages/position_tracker-0.0.0-py3.12.egg-info/SOURCES.txt
[1.327s] -- Installing: /home/karroyabreu/ar4/install/position_tracker/lib/python3.12/site-packages/position_tracker-0.0.0-py3.12.egg-info/dependency_links.txt
[1.327s] -- Installing: /home/karroyabreu/ar4/install/position_tracker/lib/python3.12/site-packages/position_tracker-0.0.0-py3.12.egg-info/PKG-INFO
[1.327s] -- Up-to-date: /home/karroyabreu/ar4/install/position_tracker/lib/python3.12/site-packages/position_tracker
[1.327s] -- Up-to-date: /home/karroyabreu/ar4/install/position_tracker/lib/python3.12/site-packages/position_tracker/_position_tracker_s.ep.rosidl_typesupport_c.c
[1.327s] -- Up-to-date: /home/karroyabreu/ar4/install/position_tracker/lib/python3.12/site-packages/position_tracker/srv
[1.327s] -- Up-to-date: /home/karroyabreu/ar4/install/position_tracker/lib/python3.12/site-packages/position_tracker/srv/_get_position_s.c
[1.327s] -- Up-to-date: /home/karroyabreu/ar4/install/position_tracker/lib/python3.12/site-packages/position_tracker/srv/__init__.py
[1.327s] -- Up-to-date: /home/karroyabreu/ar4/install/position_tracker/lib/python3.12/site-packages/position_tracker/srv/_get_position.py
[1.327s] -- Up-to-date: /home/karroyabreu/ar4/install/position_tracker/lib/python3.12/site-packages/position_tracker/position_tracker_s__rosidl_typesupport_c.so
[1.327s] -- Up-to-date: /home/karroyabreu/ar4/install/position_tracker/lib/python3.12/site-packages/position_tracker/position_tracker_s__rosidl_typesupport_introspection_c.so
[1.327s] -- Up-to-date: /home/karroyabreu/ar4/install/position_tracker/lib/python3.12/site-packages/position_tracker/_position_tracker_s.ep.rosidl_typesupport_introspection_c.c
[1.327s] -- Up-to-date: /home/karroyabreu/ar4/install/position_tracker/lib/python3.12/site-packages/position_tracker/_position_tracker_s.ep.rosidl_typesupport_fastrtps_c.c
[1.327s] -- Up-to-date: /home/karroyabreu/ar4/install/position_tracker/lib/python3.12/site-packages/position_tracker/position_tracker_s__rosidl_typesupport_fastrtps_c.so
[1.327s] -- Installing: /home/karroyabreu/ar4/install/position_tracker/lib/python3.12/site-packages/position_tracker/__init__.py
[1.352s] Listing '/home/karroyabreu/ar4/install/position_tracker/lib/python3.12/site-packages/position_tracker'...
[1.352s] Compiling '/home/karroyabreu/ar4/install/position_tracker/lib/python3.12/site-packages/position_tracker/__init__.py'...
[1.352s] Listing '/home/karroyabreu/ar4/install/position_tracker/lib/python3.12/site-packages/position_tracker/srv'...
[1.356s] -- Up-to-date: /home/karroyabreu/ar4/install/position_tracker/lib/python3.12/site-packages/position_tracker/position_tracker_s__rosidl_typesupport_fastrtps_c.so
[1.356s] -- Up-to-date: /home/karroyabreu/ar4/install/position_tracker/lib/python3.12/site-packages/position_tracker/position_tracker_s__rosidl_typesupport_introspection_c.so
[1.356s] -- Up-to-date: /home/karroyabreu/ar4/install/position_tracker/lib/python3.12/site-packages/position_tracker/position_tracker_s__rosidl_typesupport_c.so
[1.356s] -- Up-to-date: /home/karroyabreu/ar4/install/position_tracker/lib/libposition_tracker__rosidl_generator_py.so
[1.356s] -- Up-to-date: /home/karroyabreu/ar4/install/position_tracker/share/position_tracker/srv/GetPosition.idl
[1.356s] -- Up-to-date: /home/karroyabreu/ar4/install/position_tracker/share/position_tracker/srv/GetPosition.srv
[1.357s] -- Up-to-date: /home/karroyabreu/ar4/install/position_tracker/share/ament_index/resource_index/package_run_dependencies/position_tracker
[1.357s] -- Installing: /home/karroyabreu/ar4/install/position_tracker/share/ament_index/resource_index/parent_prefix_path/position_tracker
[1.357s] -- Up-to-date: /home/karroyabreu/ar4/install/position_tracker/share/position_tracker/environment/ament_prefix_path.sh
[1.357s] -- Up-to-date: /home/karroyabreu/ar4/install/position_tracker/share/position_tracker/environment/ament_prefix_path.dsv
[1.357s] -- Up-to-date: /home/karroyabreu/ar4/install/position_tracker/share/position_tracker/environment/path.sh
[1.357s] -- Up-to-date: /home/karroyabreu/ar4/install/position_tracker/share/position_tracker/environment/path.dsv
[1.357s] -- Up-to-date: /home/karroyabreu/ar4/install/position_tracker/share/position_tracker/local_setup.bash
[1.357s] -- Up-to-date: /home/karroyabreu/ar4/install/position_tracker/share/position_tracker/local_setup.sh
[1.357s] -- Up-to-date: /home/karroyabreu/ar4/install/position_tracker/share/position_tracker/local_setup.zsh
[1.357s] -- Up-to-date: /home/karroyabreu/ar4/install/position_tracker/share/position_tracker/local_setup.dsv
[1.357s] -- Installing: /home/karroyabreu/ar4/install/position_tracker/share/position_tracker/package.dsv
[1.357s] -- Up-to-date: /home/karroyabreu/ar4/install/position_tracker/share/ament_index/resource_index/packages/position_tracker
[1.357s] -- Up-to-date: /home/karroyabreu/ar4/install/position_tracker/share/position_tracker/cmake/export_position_tracker__rosidl_generator_cExport.cmake
[1.357s] -- Up-to-date: /home/karroyabreu/ar4/install/position_tracker/share/position_tracker/cmake/export_position_tracker__rosidl_generator_cExport-noconfig.cmake
[1.358s] -- Up-to-date: /home/karroyabreu/ar4/install/position_tracker/share/position_tracker/cmake/export_position_tracker__rosidl_typesupport_fastrtps_cExport.cmake
[1.358s] -- Up-to-date: /home/karroyabreu/ar4/install/position_tracker/share/position_tracker/cmake/export_position_tracker__rosidl_typesupport_fastrtps_cExport-noconfig.cmake
[1.358s] -- Up-to-date: /home/karroyabreu/ar4/install/position_tracker/share/position_tracker/cmake/export_position_tracker__rosidl_generator_cppExport.cmake
[1.358s] -- Up-to-date: /home/karroyabreu/ar4/install/position_tracker/share/position_tracker/cmake/export_position_tracker__rosidl_typesupport_fastrtps_cppExport.cmake
[1.358s] -- Up-to-date: /home/karroyabreu/ar4/install/position_tracker/share/position_tracker/cmake/export_position_tracker__rosidl_typesupport_fastrtps_cppExport-noconfig.cmake
[1.358s] -- Up-to-date: /home/karroyabreu/ar4/install/position_tracker/share/position_tracker/cmake/position_tracker__rosidl_typesupport_introspection_cExport.cmake
[1.358s] -- Up-to-date: /home/karroyabreu/ar4/install/position_tracker/share/position_tracker/cmake/position_tracker__rosidl_typesupport_introspection_cExport-noconfig.cmake
[1.358s] -- Up-to-date: /home/karroyabreu/ar4/install/position_tracker/share/position_tracker/cmake/position_tracker__rosidl_typesupport_cExport.cmake
[1.358s] -- Up-to-date: /home/karroyabreu/ar4/install/position_tracker/share/position_tracker/cmake/position_tracker__rosidl_typesupport_cExport-noconfig.cmake
[1.358s] -- Up-to-date: /home/karroyabreu/ar4/install/position_tracker/share/position_tracker/cmake/position_tracker__rosidl_typesupport_introspection_cppExport.cmake
[1.358s] -- Up-to-date: /home/karroyabreu/ar4/install/position_tracker/share/position_tracker/cmake/position_tracker__rosidl_typesupport_introspection_cppExport-noconfig.cmake
[1.358s] -- Up-to-date: /home/karroyabreu/ar4/install/position_tracker/share/position_tracker/cmake/position_tracker__rosidl_typesupport_cppExport.cmake
[1.358s] -- Up-to-date: /home/karroyabreu/ar4/install/position_tracker/share/position_tracker/cmake/position_tracker__rosidl_typesupport_cppExport-noconfig.cmake
[1.358s] -- Up-to-date: /home/karroyabreu/ar4/install/position_tracker/share/position_tracker/cmake/export_position_tracker__rosidl_generator_pyExport.cmake
[1.358s] -- Up-to-date: /home/karroyabreu/ar4/install/position_tracker/share/position_tracker/cmake/export_position_tracker__rosidl_generator_pyExport-noconfig.cmake
[1.359s] -- Up-to-date: /home/karroyabreu/ar4/install/position_tracker/share/position_tracker/cmake/rosidl_cmake-extras.cmake
[1.359s] -- Up-to-date: /home/karroyabreu/ar4/install/position_tracker/share/position_tracker/cmake/ament_cmake_export_dependencies-extras.cmake
[1.359s] -- Up-to-date: /home/karroyabreu/ar4/install/position_tracker/share/position_tracker/cmake/ament_cmake_export_include_directories-extras.cmake
[1.359s] -- Up-to-date: /home/karroyabreu/ar4/install/position_tracker/share/position_tracker/cmake/ament_cmake_export_libraries-extras.cmake
[1.359s] -- Up-to-date: /home/karroyabreu/ar4/install/position_tracker/share/position_tracker/cmake/ament_cmake_export_targets-extras.cmake
[1.359s] -- Up-to-date: /home/karroyabreu/ar4/install/position_tracker/share/position_tracker/cmake/rosidl_cmake_export_typesupport_targets-extras.cmake
[1.359s] -- Up-to-date: /home/karroyabreu/ar4/install/position_tracker/share/position_tracker/cmake/rosidl_cmake_export_typesupport_libraries-extras.cmake
[1.359s] -- Up-to-date: /home/karroyabreu/ar4/install/position_tracker/share/position_tracker/cmake/position_trackerConfig.cmake
[1.359s] -- Up-to-date: /home/karroyabreu/ar4/install/position_tracker/share/position_tracker/cmake/position_trackerConfig-version.cmake
[1.359s] -- Up-to-date: /home/karroyabreu/ar4/install/position_tracker/share/position_tracker/package.xml
[1.360s] Invoked command in '/home/karroyabreu/ar4/build/position_tracker' returned '0': CMAKE_PREFIX_PATH=${CMAKE_PREFIX_PATH}:/home/karroyabreu/ar4/install/opencv_pkg:/home/karroyabreu/ar4/install/pose_gui:/opt/ros/jazzy DEBUGINFOD_URLS=https://debuginfod.ubuntu.com /usr/bin/cmake --install /home/karroyabreu/ar4/build/position_tracker
