[0.801s] Invoking command in '/home/karroyabreu/ar4/src/pose_gui': DEBUGINFOD_URLS=https://debuginfod.ubuntu.com PYTHONPATH=/home/karroyabreu/ar4/build/pose_gui/prefix_override:/usr/lib/python3/dist-packages/colcon_core/task/python/colcon_distutils_commands:/home/karroyabreu/ar4/install/pose_gui/lib/python3.12/site-packages:${PYTHONPATH} /usr/bin/python3 -W ignore:setup.py install is deprecated -W ignore:easy_install command is deprecated setup.py egg_info --egg-base ../../build/pose_gui build --build-base /home/karroyabreu/ar4/build/pose_gui/build install --record /home/karroyabreu/ar4/build/pose_gui/install.log --single-version-externally-managed install_data
[1.092s] running egg_info
[1.111s] writing ../../build/pose_gui/pose_gui.egg-info/PKG-INFO
[1.111s] writing dependency_links to ../../build/pose_gui/pose_gui.egg-info/dependency_links.txt
[1.111s] writing entry points to ../../build/pose_gui/pose_gui.egg-info/entry_points.txt
[1.111s] writing requirements to ../../build/pose_gui/pose_gui.egg-info/requires.txt
[1.111s] writing top-level names to ../../build/pose_gui/pose_gui.egg-info/top_level.txt
[1.149s] reading manifest file '../../build/pose_gui/pose_gui.egg-info/SOURCES.txt'
[1.150s] writing manifest file '../../build/pose_gui/pose_gui.egg-info/SOURCES.txt'
[1.150s] running build
[1.150s] running build_py
[1.150s] running install
[1.156s] running install_lib
[1.179s] running install_data
[1.179s] running install_egg_info
[1.202s] removing '/home/karroyabreu/ar4/install/pose_gui/lib/python3.12/site-packages/pose_gui-0.0.0-py3.12.egg-info' (and everything under it)
[1.202s] Copying ../../build/pose_gui/pose_gui.egg-info to /home/karroyabreu/ar4/install/pose_gui/lib/python3.12/site-packages/pose_gui-0.0.0-py3.12.egg-info
[1.203s] running install_scripts
[1.365s] Installing pose_gui script to /home/karroyabreu/ar4/install/pose_gui/lib/pose_gui
[1.365s] writing list of installed files to '/home/karroyabreu/ar4/build/pose_gui/install.log'
[1.406s] Invoked command in '/home/karroyabreu/ar4/src/pose_gui' returned '0': DEBUGINFOD_URLS=https://debuginfod.ubuntu.com PYTHONPATH=/home/karroyabreu/ar4/build/pose_gui/prefix_override:/usr/lib/python3/dist-packages/colcon_core/task/python/colcon_distutils_commands:/home/karroyabreu/ar4/install/pose_gui/lib/python3.12/site-packages:${PYTHONPATH} /usr/bin/python3 -W ignore:setup.py install is deprecated -W ignore:easy_install command is deprecated setup.py egg_info --egg-base ../../build/pose_gui build --build-base /home/karroyabreu/ar4/build/pose_gui/build install --record /home/karroyabreu/ar4/build/pose_gui/install.log --single-version-externally-managed install_data
