[0.018s] Invoking command in '/home/karroyabreu/ar4/build/programs_cpp': CMAKE_PREFIX_PATH=${CMAKE_PREFIX_PATH}:/opt/ros/jazzy DEBUGINFOD_URLS=https://debuginfod.ubuntu.com /usr/bin/cmake /home/karroyabreu/ar4/src/programs_cpp -DCMAKE_INSTALL_PREFIX=/home/karroyabreu/ar4/install/programs_cpp
[0.105s] -- The C compiler identification is GNU 13.3.0
[0.160s] -- The CXX compiler identification is GNU 13.3.0
[0.176s] -- Detecting C compiler ABI info
[0.257s] -- Detecting C compiler ABI info - done
[0.264s] -- Check for working C compiler: /usr/bin/cc - skipped
[0.264s] -- Detecting C compile features
[0.264s] -- Detecting C compile features - done
[0.273s] -- Detecting CXX compiler ABI info
[0.356s] -- Detecting CXX compiler ABI info - done
[0.363s] -- Check for working CXX compiler: /usr/bin/c++ - skipped
[0.363s] -- Detecting CXX compile features
[0.363s] -- Detecting CXX compile features - done
[0.369s] -- Found ament_cmake: 2.5.4 (/opt/ros/jazzy/share/ament_cmake/cmake)
[0.482s] -- Found Python3: /usr/bin/python3 (found version "3.12.3") found components: Interpreter 
[0.581s] -- Configuring incomplete, errors occurred!
[0.581s] [31mCMake Error at CMakeLists.txt:10 (find_package):
[0.581s]   By not providing "Findrlcpp.cmake" in CMAKE_MODULE_PATH this project has
[0.581s]   asked CMake to find a package configuration file provided by "rlcpp", but
[0.581s]   CMake did not find one.
[0.581s] 
[0.581s]   Could not find a package configuration file provided by "rlcpp" with any of
[0.581s]   the following names:
[0.581s] 
[0.581s]     rlcppConfig.cmake
[0.581s]     rlcpp-config.cmake
[0.581s] 
[0.581s]   Add the installation prefix of "rlcpp" to CMAKE_PREFIX_PATH or set
[0.581s]   "rlcpp_DIR" to a directory containing one of the above files.  If "rlcpp"
[0.581s]   provides a separate development package or SDK, be sure it has been
[0.581s]   installed.
[0.582s] 
[0.582s] [0m
[0.585s] Invoked command in '/home/karroyabreu/ar4/build/programs_cpp' returned '1': CMAKE_PREFIX_PATH=${CMAKE_PREFIX_PATH}:/opt/ros/jazzy DEBUGINFOD_URLS=https://debuginfod.ubuntu.com /usr/bin/cmake /home/karroyabreu/ar4/src/programs_cpp -DCMAKE_INSTALL_PREFIX=/home/karroyabreu/ar4/install/programs_cpp
