running egg_info
writing ../../build/pose_gui/pose_gui.egg-info/PKG-INFO
writing dependency_links to ../../build/pose_gui/pose_gui.egg-info/dependency_links.txt
writing entry points to ../../build/pose_gui/pose_gui.egg-info/entry_points.txt
writing requirements to ../../build/pose_gui/pose_gui.egg-info/requires.txt
writing top-level names to ../../build/pose_gui/pose_gui.egg-info/top_level.txt
reading manifest file '../../build/pose_gui/pose_gui.egg-info/SOURCES.txt'
writing manifest file '../../build/pose_gui/pose_gui.egg-info/SOURCES.txt'
running build
running build_py
running install
running install_lib
running install_data
copying package.xml -> /home/karroyabreu/ar4/install/pose_gui/share/pose_gui
running install_egg_info
removing '/home/karroyabreu/ar4/install/pose_gui/lib/python3.12/site-packages/pose_gui-0.0.0-py3.12.egg-info' (and everything under it)
Copying ../../build/pose_gui/pose_gui.egg-info to /home/karroyabreu/ar4/install/pose_gui/lib/python3.12/site-packages/pose_gui-0.0.0-py3.12.egg-info
running install_scripts
Installing pose_gui script to /home/karroyabreu/ar4/install/pose_gui/lib/pose_gui
writing list of installed files to '/home/karroyabreu/ar4/build/pose_gui/install.log'
