[0.006s] Invoking command in '/home/karroyabreu/ar4/build/annin_ar4_driver': CMAKE_PREFIX_PATH=/home/karroyabreu/ar4/install/annin_ar4_description:/usr/local:/home/karroyabreu/ar4/install/programs_cpp:/home/karroyabreu/ar4/install/position_tracker:/home/karroyabreu/ar4/install/annin_ar4_moveit_config:/home/karroyabreu/ar4/install/annin_ar4_gazebo:/home/karroyabreu/ar4/install/annin_ar4_driver:/home/karroyabreu/workspace/install:/opt/ros/jazzy/opt/gz_sim_vendor:/opt/ros/jazzy/opt/gz_sensors_vendor:/opt/ros/jazzy/opt/gz_physics_vendor:/opt/ros/jazzy/opt/sdformat_vendor:/opt/ros/jazzy/opt/gz_gui_vendor:/opt/ros/jazzy/opt/gz_transport_vendor:/opt/ros/jazzy/opt/gz_rendering_vendor:/opt/ros/jazzy/opt/gz_plugin_vendor:/opt/ros/jazzy/opt/gz_fuel_tools_vendor:/opt/ros/jazzy/opt/gz_msgs_vendor:/opt/ros/jazzy/opt/gz_common_vendor:/opt/ros/jazzy/opt/gz_math_vendor:/opt/ros/jazzy/opt/gz_utils_vendor:/opt/ros/jazzy/opt/gz_tools_vendor:/opt/ros/jazzy/opt/gz_ogre_next_vendor:/opt/ros/jazzy/opt/gz_dartsim_vendor:/opt/ros/jazzy/opt/gz_cmake_vendor:/home/karroyabreu/ar4/install/opencv_pkg:/home/karroyabreu/ar4/install/pose_gui:/opt/ros/jazzy DEBUGINFOD_URLS=https://debuginfod.ubuntu.com /usr/bin/cmake /home/karroyabreu/ar4/src/ar4_ros_driver/annin_ar4_driver -DAMENT_CMAKE_SYMLINK_INSTALL=1 -DCMAKE_INSTALL_PREFIX=/home/karroyabreu/ar4/install/annin_ar4_driver
[0.048s] -- The C compiler identification is GNU 13.3.0
[0.091s] -- The CXX compiler identification is GNU 13.3.0
[0.105s] -- Detecting C compiler ABI info
[0.172s] -- Detecting C compiler ABI info - done
[0.177s] -- Check for working C compiler: /usr/bin/cc - skipped
[0.177s] -- Detecting C compile features
[0.178s] -- Detecting C compile features - done
[0.184s] -- Detecting CXX compiler ABI info
[0.257s] -- Detecting CXX compiler ABI info - done
[0.263s] -- Check for working CXX compiler: /usr/bin/c++ - skipped
[0.263s] -- Detecting CXX compile features
[0.263s] -- Detecting CXX compile features - done
[0.266s] -- Found ament_cmake: 2.5.4 (/opt/ros/jazzy/share/ament_cmake/cmake)
[0.382s] -- Found Python3: /usr/bin/python3 (found version "3.12.3") found components: Interpreter 
[0.436s] -- Override CMake install command with custom implementation using symlinks instead of copying resources
[0.482s] -- Found Boost: /usr/lib/x86_64-linux-gnu/cmake/Boost-1.83.0/BoostConfig.cmake (found version "1.83.0") found components: system 
[0.485s] -- Found controller_manager: 4.32.0 (/opt/ros/jazzy/share/controller_manager/cmake)
[0.528s] -- Found rosidl_generator_c: 4.6.5 (/opt/ros/jazzy/share/rosidl_generator_c/cmake)
[0.541s] -- Found rosidl_generator_cpp: 4.6.5 (/opt/ros/jazzy/share/rosidl_generator_cpp/cmake)
[0.553s] -- Using all available rosidl_typesupport_c: rosidl_typesupport_fastrtps_c;rosidl_typesupport_introspection_c
[0.567s] -- Using all available rosidl_typesupport_cpp: rosidl_typesupport_fastrtps_cpp;rosidl_typesupport_introspection_cpp
[0.652s] -- Found rmw_implementation_cmake: 7.3.2 (/opt/ros/jazzy/share/rmw_implementation_cmake/cmake)
[0.655s] -- Found rmw_fastrtps_cpp: 8.4.2 (/opt/ros/jazzy/share/rmw_fastrtps_cpp/cmake)
[0.731s] -- Found OpenSSL: /usr/lib/x86_64-linux-gnu/libcrypto.so (found version "3.0.13")  
[0.747s] -- Found FastRTPS: /opt/ros/jazzy/include (Required is at least version "2.13") 
[0.765s] -- Using RMW implementation 'rmw_fastrtps_cpp' as default
[1.243s] -- Configuring done (1.2s)
[1.263s] -- Generating done (0.0s)
[1.266s] -- Build files have been written to: /home/karroyabreu/ar4/build/annin_ar4_driver
[1.276s] Invoked command in '/home/karroyabreu/ar4/build/annin_ar4_driver' returned '0': CMAKE_PREFIX_PATH=/home/karroyabreu/ar4/install/annin_ar4_description:/usr/local:/home/karroyabreu/ar4/install/programs_cpp:/home/karroyabreu/ar4/install/position_tracker:/home/karroyabreu/ar4/install/annin_ar4_moveit_config:/home/karroyabreu/ar4/install/annin_ar4_gazebo:/home/karroyabreu/ar4/install/annin_ar4_driver:/home/karroyabreu/workspace/install:/opt/ros/jazzy/opt/gz_sim_vendor:/opt/ros/jazzy/opt/gz_sensors_vendor:/opt/ros/jazzy/opt/gz_physics_vendor:/opt/ros/jazzy/opt/sdformat_vendor:/opt/ros/jazzy/opt/gz_gui_vendor:/opt/ros/jazzy/opt/gz_transport_vendor:/opt/ros/jazzy/opt/gz_rendering_vendor:/opt/ros/jazzy/opt/gz_plugin_vendor:/opt/ros/jazzy/opt/gz_fuel_tools_vendor:/opt/ros/jazzy/opt/gz_msgs_vendor:/opt/ros/jazzy/opt/gz_common_vendor:/opt/ros/jazzy/opt/gz_math_vendor:/opt/ros/jazzy/opt/gz_utils_vendor:/opt/ros/jazzy/opt/gz_tools_vendor:/opt/ros/jazzy/opt/gz_ogre_next_vendor:/opt/ros/jazzy/opt/gz_dartsim_vendor:/opt/ros/jazzy/opt/gz_cmake_vendor:/home/karroyabreu/ar4/install/opencv_pkg:/home/karroyabreu/ar4/install/pose_gui:/opt/ros/jazzy DEBUGINFOD_URLS=https://debuginfod.ubuntu.com /usr/bin/cmake /home/karroyabreu/ar4/src/ar4_ros_driver/annin_ar4_driver -DAMENT_CMAKE_SYMLINK_INSTALL=1 -DCMAKE_INSTALL_PREFIX=/home/karroyabreu/ar4/install/annin_ar4_driver
[1.277s] Invoking command in '/home/karroyabreu/ar4/build/annin_ar4_driver': CMAKE_PREFIX_PATH=/home/karroyabreu/ar4/install/annin_ar4_description:/usr/local:/home/karroyabreu/ar4/install/programs_cpp:/home/karroyabreu/ar4/install/position_tracker:/home/karroyabreu/ar4/install/annin_ar4_moveit_config:/home/karroyabreu/ar4/install/annin_ar4_gazebo:/home/karroyabreu/ar4/install/annin_ar4_driver:/home/karroyabreu/workspace/install:/opt/ros/jazzy/opt/gz_sim_vendor:/opt/ros/jazzy/opt/gz_sensors_vendor:/opt/ros/jazzy/opt/gz_physics_vendor:/opt/ros/jazzy/opt/sdformat_vendor:/opt/ros/jazzy/opt/gz_gui_vendor:/opt/ros/jazzy/opt/gz_transport_vendor:/opt/ros/jazzy/opt/gz_rendering_vendor:/opt/ros/jazzy/opt/gz_plugin_vendor:/opt/ros/jazzy/opt/gz_fuel_tools_vendor:/opt/ros/jazzy/opt/gz_msgs_vendor:/opt/ros/jazzy/opt/gz_common_vendor:/opt/ros/jazzy/opt/gz_math_vendor:/opt/ros/jazzy/opt/gz_utils_vendor:/opt/ros/jazzy/opt/gz_tools_vendor:/opt/ros/jazzy/opt/gz_ogre_next_vendor:/opt/ros/jazzy/opt/gz_dartsim_vendor:/opt/ros/jazzy/opt/gz_cmake_vendor:/home/karroyabreu/ar4/install/opencv_pkg:/home/karroyabreu/ar4/install/pose_gui:/opt/ros/jazzy DEBUGINFOD_URLS=https://debuginfod.ubuntu.com /usr/bin/cmake --build /home/karroyabreu/ar4/build/annin_ar4_driver -- -j22 -l22
[1.324s] [ 37%] [32mBuilding CXX object CMakeFiles/annin_ar4_driver.dir/src/teensy_driver.cpp.o[0m
[1.324s] [ 37%] [32mBuilding CXX object CMakeFiles/annin_ar4_driver.dir/src/ar_servo_gripper_hw_interface.cpp.o[0m
[1.324s] [ 37%] [32mBuilding CXX object CMakeFiles/annin_ar4_driver.dir/src/ar_hardware_interface.cpp.o[0m
[1.324s] [ 50%] [32mBuilding CXX object CMakeFiles/annin_ar4_driver.dir/src/arduino_nano_driver.cpp.o[0m
[1.325s] [ 62%] [32mBuilding CXX object CMakeFiles/annin_ar4_driver.dir/src/gripper_overcurrent_protection.cpp.o[0m
[5.764s] [ 75%] [32m[1mLinking CXX shared library libannin_ar4_driver.so[0m
[5.961s] [ 75%] Built target annin_ar4_driver
[5.979s] [ 87%] [32mBuilding CXX object CMakeFiles/run_arduino_nano.dir/src/run_arduino_nano.cpp.o[0m
[8.817s] [100%] [32m[1mLinking CXX executable run_arduino_nano[0m
[8.950s] [100%] Built target run_arduino_nano
[8.963s] Invoked command in '/home/karroyabreu/ar4/build/annin_ar4_driver' returned '0': CMAKE_PREFIX_PATH=/home/karroyabreu/ar4/install/annin_ar4_description:/usr/local:/home/karroyabreu/ar4/install/programs_cpp:/home/karroyabreu/ar4/install/position_tracker:/home/karroyabreu/ar4/install/annin_ar4_moveit_config:/home/karroyabreu/ar4/install/annin_ar4_gazebo:/home/karroyabreu/ar4/install/annin_ar4_driver:/home/karroyabreu/workspace/install:/opt/ros/jazzy/opt/gz_sim_vendor:/opt/ros/jazzy/opt/gz_sensors_vendor:/opt/ros/jazzy/opt/gz_physics_vendor:/opt/ros/jazzy/opt/sdformat_vendor:/opt/ros/jazzy/opt/gz_gui_vendor:/opt/ros/jazzy/opt/gz_transport_vendor:/opt/ros/jazzy/opt/gz_rendering_vendor:/opt/ros/jazzy/opt/gz_plugin_vendor:/opt/ros/jazzy/opt/gz_fuel_tools_vendor:/opt/ros/jazzy/opt/gz_msgs_vendor:/opt/ros/jazzy/opt/gz_common_vendor:/opt/ros/jazzy/opt/gz_math_vendor:/opt/ros/jazzy/opt/gz_utils_vendor:/opt/ros/jazzy/opt/gz_tools_vendor:/opt/ros/jazzy/opt/gz_ogre_next_vendor:/opt/ros/jazzy/opt/gz_dartsim_vendor:/opt/ros/jazzy/opt/gz_cmake_vendor:/home/karroyabreu/ar4/install/opencv_pkg:/home/karroyabreu/ar4/install/pose_gui:/opt/ros/jazzy DEBUGINFOD_URLS=https://debuginfod.ubuntu.com /usr/bin/cmake --build /home/karroyabreu/ar4/build/annin_ar4_driver -- -j22 -l22
[8.964s] Invoking command in '/home/karroyabreu/ar4/build/annin_ar4_driver': CMAKE_PREFIX_PATH=/home/karroyabreu/ar4/install/annin_ar4_description:/usr/local:/home/karroyabreu/ar4/install/programs_cpp:/home/karroyabreu/ar4/install/position_tracker:/home/karroyabreu/ar4/install/annin_ar4_moveit_config:/home/karroyabreu/ar4/install/annin_ar4_gazebo:/home/karroyabreu/ar4/install/annin_ar4_driver:/home/karroyabreu/workspace/install:/opt/ros/jazzy/opt/gz_sim_vendor:/opt/ros/jazzy/opt/gz_sensors_vendor:/opt/ros/jazzy/opt/gz_physics_vendor:/opt/ros/jazzy/opt/sdformat_vendor:/opt/ros/jazzy/opt/gz_gui_vendor:/opt/ros/jazzy/opt/gz_transport_vendor:/opt/ros/jazzy/opt/gz_rendering_vendor:/opt/ros/jazzy/opt/gz_plugin_vendor:/opt/ros/jazzy/opt/gz_fuel_tools_vendor:/opt/ros/jazzy/opt/gz_msgs_vendor:/opt/ros/jazzy/opt/gz_common_vendor:/opt/ros/jazzy/opt/gz_math_vendor:/opt/ros/jazzy/opt/gz_utils_vendor:/opt/ros/jazzy/opt/gz_tools_vendor:/opt/ros/jazzy/opt/gz_ogre_next_vendor:/opt/ros/jazzy/opt/gz_dartsim_vendor:/opt/ros/jazzy/opt/gz_cmake_vendor:/home/karroyabreu/ar4/install/opencv_pkg:/home/karroyabreu/ar4/install/pose_gui:/opt/ros/jazzy DEBUGINFOD_URLS=https://debuginfod.ubuntu.com /usr/bin/cmake --install /home/karroyabreu/ar4/build/annin_ar4_driver
[8.973s] -- Install configuration: ""
[8.974s] -- Execute custom install script
[8.974s] -- Symlinking: /home/karroyabreu/ar4/install/annin_ar4_driver/lib/annin_ar4_driver/run_arduino_nano
[8.982s] -- Symlinking: /home/karroyabreu/ar4/install/annin_ar4_driver/share/annin_ar4_driver//hardware_interface_plugin.xml
[8.989s] -- Symlinking: /home/karroyabreu/ar4/install/annin_ar4_driver/include/annin_ar4_driver/annin_ar4_driver/ar_hardware_interface.hpp
[8.996s] -- Symlinking: /home/karroyabreu/ar4/install/annin_ar4_driver/include/annin_ar4_driver/annin_ar4_driver/ar_servo_gripper_hw_interface.hpp
[9.003s] -- Symlinking: /home/karroyabreu/ar4/install/annin_ar4_driver/include/annin_ar4_driver/annin_ar4_driver/arduino_nano_driver.hpp
[9.011s] -- Symlinking: /home/karroyabreu/ar4/install/annin_ar4_driver/include/annin_ar4_driver/annin_ar4_driver/gripper_overcurrent_protection.hpp
[9.019s] -- Symlinking: /home/karroyabreu/ar4/install/annin_ar4_driver/include/annin_ar4_driver/annin_ar4_driver/teensy_driver.hpp
[9.027s] -- Symlinking: /home/karroyabreu/ar4/install/annin_ar4_driver/share/annin_ar4_driver/config/controllers.yaml
[9.036s] -- Symlinking: /home/karroyabreu/ar4/install/annin_ar4_driver/share/annin_ar4_driver/config/driver.yaml
[9.042s] -- Symlinking: /home/karroyabreu/ar4/install/annin_ar4_driver/share/annin_ar4_driver/config/gripper_driver.yaml
[9.051s] -- Symlinking: /home/karroyabreu/ar4/install/annin_ar4_driver/share/annin_ar4_driver/config/joint_offsets/mk1.yaml
[9.058s] -- Symlinking: /home/karroyabreu/ar4/install/annin_ar4_driver/share/annin_ar4_driver/config/joint_offsets/mk2.yaml
[9.065s] -- Symlinking: /home/karroyabreu/ar4/install/annin_ar4_driver/share/annin_ar4_driver/config/joint_offsets/mk3.yaml
[9.073s] -- Symlinking: /home/karroyabreu/ar4/install/annin_ar4_driver/share/annin_ar4_driver/launch/driver.launch.py
[9.080s] -- Symlinking: /home/karroyabreu/ar4/install/annin_ar4_driver/share/annin_ar4_driver/urdf/ar.urdf.xacro
[9.088s] -- Symlinking: /home/karroyabreu/ar4/install/annin_ar4_driver/lib/annin_ar4_driver/reset_estop.sh
[9.095s] -- Symlinking: /home/karroyabreu/ar4/install/annin_ar4_driver/share/annin_ar4_driver/environment/library_path.sh
[9.102s] -- Symlinking: /home/karroyabreu/ar4/install/annin_ar4_driver/share/annin_ar4_driver/environment/library_path.dsv
[9.112s] -- Symlinking: /home/karroyabreu/ar4/install/annin_ar4_driver/share/ament_index/resource_index/package_run_dependencies/annin_ar4_driver
[9.118s] -- Symlinking: /home/karroyabreu/ar4/install/annin_ar4_driver/share/ament_index/resource_index/parent_prefix_path/annin_ar4_driver
[9.128s] -- Symlinking: /home/karroyabreu/ar4/install/annin_ar4_driver/share/annin_ar4_driver/environment/ament_prefix_path.sh
[9.136s] -- Symlinking: /home/karroyabreu/ar4/install/annin_ar4_driver/share/annin_ar4_driver/environment/ament_prefix_path.dsv
[9.143s] -- Symlinking: /home/karroyabreu/ar4/install/annin_ar4_driver/share/annin_ar4_driver/environment/path.sh
[9.151s] -- Symlinking: /home/karroyabreu/ar4/install/annin_ar4_driver/share/annin_ar4_driver/environment/path.dsv
[9.159s] -- Symlinking: /home/karroyabreu/ar4/install/annin_ar4_driver/share/annin_ar4_driver/local_setup.bash
[9.168s] -- Symlinking: /home/karroyabreu/ar4/install/annin_ar4_driver/share/annin_ar4_driver/local_setup.sh
[9.176s] -- Symlinking: /home/karroyabreu/ar4/install/annin_ar4_driver/share/annin_ar4_driver/local_setup.zsh
[9.182s] -- Symlinking: /home/karroyabreu/ar4/install/annin_ar4_driver/share/annin_ar4_driver/local_setup.dsv
[9.191s] -- Symlinking: /home/karroyabreu/ar4/install/annin_ar4_driver/share/annin_ar4_driver/package.dsv
[9.196s] -- Symlinking: /home/karroyabreu/ar4/install/annin_ar4_driver/share/ament_index/resource_index/packages/annin_ar4_driver
[9.203s] -- Symlinking: /home/karroyabreu/ar4/install/annin_ar4_driver/share/ament_index/resource_index/hardware_interface__pluginlib__plugin/annin_ar4_driver
[9.210s] -- Symlinking: /home/karroyabreu/ar4/install/annin_ar4_driver/share/annin_ar4_driver/cmake/ament_cmake_export_targets-extras.cmake
[9.219s] -- Symlinking: /home/karroyabreu/ar4/install/annin_ar4_driver/share/annin_ar4_driver/cmake/ament_cmake_export_dependencies-extras.cmake
[9.227s] -- Symlinking: /home/karroyabreu/ar4/install/annin_ar4_driver/share/annin_ar4_driver/cmake/annin_ar4_driverConfig.cmake
[9.236s] -- Symlinking: /home/karroyabreu/ar4/install/annin_ar4_driver/share/annin_ar4_driver/cmake/annin_ar4_driverConfig-version.cmake
[9.242s] -- Symlinking: /home/karroyabreu/ar4/install/annin_ar4_driver/share/annin_ar4_driver/package.xml
[9.250s] -- Installing: /home/karroyabreu/ar4/install/annin_ar4_driver/lib/libannin_ar4_driver.so
[9.252s] -- Set non-toolchain portion of runtime path of "/home/karroyabreu/ar4/install/annin_ar4_driver/lib/libannin_ar4_driver.so" to ""
[9.252s] -- Installing: /home/karroyabreu/ar4/install/annin_ar4_driver/share/annin_ar4_driver/cmake/export_annin_ar4_driverExport.cmake
[9.252s] -- Installing: /home/karroyabreu/ar4/install/annin_ar4_driver/share/annin_ar4_driver/cmake/export_annin_ar4_driverExport-noconfig.cmake
[9.253s] Invoked command in '/home/karroyabreu/ar4/build/annin_ar4_driver' returned '0': CMAKE_PREFIX_PATH=/home/karroyabreu/ar4/install/annin_ar4_description:/usr/local:/home/karroyabreu/ar4/install/programs_cpp:/home/karroyabreu/ar4/install/position_tracker:/home/karroyabreu/ar4/install/annin_ar4_moveit_config:/home/karroyabreu/ar4/install/annin_ar4_gazebo:/home/karroyabreu/ar4/install/annin_ar4_driver:/home/karroyabreu/workspace/install:/opt/ros/jazzy/opt/gz_sim_vendor:/opt/ros/jazzy/opt/gz_sensors_vendor:/opt/ros/jazzy/opt/gz_physics_vendor:/opt/ros/jazzy/opt/sdformat_vendor:/opt/ros/jazzy/opt/gz_gui_vendor:/opt/ros/jazzy/opt/gz_transport_vendor:/opt/ros/jazzy/opt/gz_rendering_vendor:/opt/ros/jazzy/opt/gz_plugin_vendor:/opt/ros/jazzy/opt/gz_fuel_tools_vendor:/opt/ros/jazzy/opt/gz_msgs_vendor:/opt/ros/jazzy/opt/gz_common_vendor:/opt/ros/jazzy/opt/gz_math_vendor:/opt/ros/jazzy/opt/gz_utils_vendor:/opt/ros/jazzy/opt/gz_tools_vendor:/opt/ros/jazzy/opt/gz_ogre_next_vendor:/opt/ros/jazzy/opt/gz_dartsim_vendor:/opt/ros/jazzy/opt/gz_cmake_vendor:/home/karroyabreu/ar4/install/opencv_pkg:/home/karroyabreu/ar4/install/pose_gui:/opt/ros/jazzy DEBUGINFOD_URLS=https://debuginfod.ubuntu.com /usr/bin/cmake --install /home/karroyabreu/ar4/build/annin_ar4_driver
