[0.008s] Invoking command in '/home/karroyabreu/ar4/build/position_tracker': CMAKE_PREFIX_PATH=${CMAKE_PREFIX_PATH}:/home/karroyabreu/ar4/install/opencv_pkg:/home/karroyabreu/ar4/install/pose_gui:/opt/ros/jazzy DEBUGINFOD_URLS=https://debuginfod.ubuntu.com /usr/bin/cmake /home/karroyabreu/ar4/src/position_tracker -DAMENT_CMAKE_SYMLINK_INSTALL=1 -DCMAKE_INSTALL_PREFIX=/home/karroyabreu/ar4/install/position_tracker
[0.100s] -- The C compiler identification is GNU 13.3.0
[0.159s] -- The CXX compiler identification is GNU 13.3.0
[0.173s] -- Detecting C compiler ABI info
[0.250s] -- Detecting C compiler ABI info - done
[0.256s] -- Check for working C compiler: /usr/bin/cc - skipped
[0.256s] -- Detecting C compile features
[0.256s] -- Detecting C compile features - done
[0.265s] -- Detecting CXX compiler ABI info
[0.342s] -- Detecting CXX compiler ABI info - done
[0.348s] -- Check for working CXX compiler: /usr/bin/c++ - skipped
[0.348s] -- Detecting CXX compile features
[0.348s] -- Detecting CXX compile features - done
[0.351s] -- Found ament_cmake: 2.5.4 (/opt/ros/jazzy/share/ament_cmake/cmake)
[0.460s] -- Found Python3: /usr/bin/python3 (found version "3.12.3") found components: Interpreter 
[0.507s] -- Override CMake install command with custom implementation using symlinks instead of copying resources
[0.544s] -- Found rclpy: 7.1.4 (/opt/ros/jazzy/share/rclpy/cmake)
[0.547s] -- Found std_msgs: 5.3.6 (/opt/ros/jazzy/share/std_msgs/cmake)
[0.585s] -- Found rosidl_generator_c: 4.6.5 (/opt/ros/jazzy/share/rosidl_generator_c/cmake)
[0.599s] -- Found rosidl_generator_cpp: 4.6.5 (/opt/ros/jazzy/share/rosidl_generator_cpp/cmake)
[0.613s] -- Using all available rosidl_typesupport_c: rosidl_typesupport_fastrtps_c;rosidl_typesupport_introspection_c
[0.630s] -- Using all available rosidl_typesupport_cpp: rosidl_typesupport_fastrtps_cpp;rosidl_typesupport_introspection_cpp
[0.657s] -- Found sensor_msgs: 5.3.6 (/opt/ros/jazzy/share/sensor_msgs/cmake)
[0.702s] -- Found rosidl_default_generators: 1.6.0 (/opt/ros/jazzy/share/rosidl_default_generators/cmake)
[0.716s] -- Found rosidl_adapter: 4.6.5 (/opt/ros/jazzy/share/rosidl_adapter/cmake)
[1.152s] -- Found ament_cmake_ros: 0.12.0 (/opt/ros/jazzy/share/ament_cmake_ros/cmake)
[1.818s] -- Using all available rosidl_typesupport_c: rosidl_typesupport_fastrtps_c;rosidl_typesupport_introspection_c
[2.067s] -- Using all available rosidl_typesupport_cpp: rosidl_typesupport_fastrtps_cpp;rosidl_typesupport_introspection_cpp
[2.070s] -- Found python_cmake_module: 0.11.1 (/opt/ros/jazzy/share/python_cmake_module/cmake)
[2.165s] -- Found PythonExtra: /usr/bin/python3  
[2.472s] -- Found Python3: /usr/bin/python3 (found version "3.12.3") found components: Interpreter Development NumPy Development.Module Development.Embed 
[2.536s] -- Configuring done (2.5s)
[2.558s] -- Generating done (0.0s)
[2.564s] -- Build files have been written to: /home/karroyabreu/ar4/build/position_tracker
[2.572s] Invoked command in '/home/karroyabreu/ar4/build/position_tracker' returned '0': CMAKE_PREFIX_PATH=${CMAKE_PREFIX_PATH}:/home/karroyabreu/ar4/install/opencv_pkg:/home/karroyabreu/ar4/install/pose_gui:/opt/ros/jazzy DEBUGINFOD_URLS=https://debuginfod.ubuntu.com /usr/bin/cmake /home/karroyabreu/ar4/src/position_tracker -DAMENT_CMAKE_SYMLINK_INSTALL=1 -DCMAKE_INSTALL_PREFIX=/home/karroyabreu/ar4/install/position_tracker
[2.572s] Invoking command in '/home/karroyabreu/ar4/build/position_tracker': CMAKE_PREFIX_PATH=${CMAKE_PREFIX_PATH}:/home/karroyabreu/ar4/install/opencv_pkg:/home/karroyabreu/ar4/install/pose_gui:/opt/ros/jazzy DEBUGINFOD_URLS=https://debuginfod.ubuntu.com /usr/bin/cmake --build /home/karroyabreu/ar4/build/position_tracker -- -j22 -l22
[2.622s] [  2%] [34m[1mGenerating type hashes for ROS interfaces[0m
[2.628s] [  2%] Built target ament_cmake_python_symlink_position_tracker
[2.772s] [  2%] Built target position_tracker__rosidl_generator_type_description
[2.781s] running egg_info
[2.782s] creating position_tracker.egg-info
[2.786s] [  5%] [34m[1mGenerating C code for ROS interfaces[0m
[2.794s] [  8%] [34m[1mGenerating C++ code for ROS interfaces[0m
[2.795s] writing position_tracker.egg-info/PKG-INFO
[2.795s] writing dependency_links to position_tracker.egg-info/dependency_links.txt
[2.795s] writing top-level names to position_tracker.egg-info/top_level.txt
[2.795s] writing manifest file 'position_tracker.egg-info/SOURCES.txt'
[2.831s] reading manifest file 'position_tracker.egg-info/SOURCES.txt'
[2.831s] writing manifest file 'position_tracker.egg-info/SOURCES.txt'
[2.855s] [  8%] Built target ament_cmake_python_build_position_tracker_egg
[2.982s] [  8%] Built target position_tracker__cpp
[2.983s] [ 11%] [32mBuilding C object CMakeFiles/position_tracker__rosidl_generator_c.dir/rosidl_generator_c/position_tracker/srv/detail/get_position__type_support.c.o[0m
[2.985s] [ 14%] [32mBuilding C object CMakeFiles/position_tracker__rosidl_generator_c.dir/rosidl_generator_c/position_tracker/srv/detail/get_position__description.c.o[0m
[2.985s] [ 17%] [32mBuilding C object CMakeFiles/position_tracker__rosidl_generator_c.dir/rosidl_generator_c/position_tracker/srv/detail/get_position__functions.c.o[0m
[3.055s] [ 20%] [32m[1mLinking C shared library libposition_tracker__rosidl_generator_c.so[0m
[3.086s] [ 20%] Built target position_tracker__rosidl_generator_c
[3.093s] [ 23%] [34m[1mGenerating C type support for eProsima Fast-RTPS[0m
[3.096s] [ 38%] [34m[1mGenerating C++ type support for eProsima Fast-RTPS[0m
[3.096s] [ 38%] [34m[1mGenerating C type support dispatch for ROS interfaces[0m
[3.096s] [ 38%] [34m[1mGenerating C++ type support dispatch for ROS interfaces[0m
[3.096s] [ 38%] [34m[1mGenerating C++ introspection for ROS interfaces[0m
[3.096s] [ 38%] [34m[1mGenerating C introspection for ROS interfaces[0m
[3.305s] [ 41%] [32mBuilding CXX object CMakeFiles/position_tracker__rosidl_typesupport_fastrtps_c.dir/rosidl_typesupport_fastrtps_c/position_tracker/srv/detail/get_position__type_support_c.cpp.o[0m
[3.328s] [ 44%] [32mBuilding CXX object CMakeFiles/position_tracker__rosidl_typesupport_c.dir/rosidl_typesupport_c/position_tracker/srv/get_position__type_support.cpp.o[0m
[3.329s] [ 47%] [32mBuilding CXX object CMakeFiles/position_tracker__rosidl_typesupport_fastrtps_cpp.dir/rosidl_typesupport_fastrtps_cpp/position_tracker/srv/detail/dds_fastrtps/get_position__type_support.cpp.o[0m
[3.333s] [ 50%] [32mBuilding CXX object CMakeFiles/position_tracker__rosidl_typesupport_introspection_cpp.dir/rosidl_typesupport_introspection_cpp/position_tracker/srv/detail/get_position__type_support.cpp.o[0m
[3.343s] [ 52%] [32mBuilding CXX object CMakeFiles/position_tracker__rosidl_typesupport_cpp.dir/rosidl_typesupport_cpp/position_tracker/srv/get_position__type_support.cpp.o[0m
[3.374s] [ 55%] [32mBuilding C object CMakeFiles/position_tracker__rosidl_typesupport_introspection_c.dir/rosidl_typesupport_introspection_c/position_tracker/srv/detail/get_position__type_support.c.o[0m
[3.376s] [ 58%] [32m[1mLinking CXX shared library libposition_tracker__rosidl_typesupport_c.so[0m
[3.421s] [ 58%] Built target position_tracker__rosidl_typesupport_c
[3.424s] [ 61%] [32m[1mLinking C shared library libposition_tracker__rosidl_typesupport_introspection_c.so[0m
[3.461s] [ 61%] Built target position_tracker__rosidl_typesupport_introspection_c
[3.592s] [ 64%] [32m[1mLinking CXX shared library libposition_tracker__rosidl_typesupport_cpp.so[0m
[3.595s] [ 67%] [32m[1mLinking CXX shared library libposition_tracker__rosidl_typesupport_introspection_cpp.so[0m
[3.644s] [ 70%] [32m[1mLinking CXX shared library libposition_tracker__rosidl_typesupport_fastrtps_c.so[0m
[3.651s] [ 70%] Built target position_tracker__rosidl_typesupport_introspection_cpp
[3.673s] [ 70%] Built target position_tracker__rosidl_typesupport_cpp
[3.685s] [ 70%] Built target position_tracker__rosidl_typesupport_fastrtps_c
[3.847s] [ 73%] [32m[1mLinking CXX shared library libposition_tracker__rosidl_typesupport_fastrtps_cpp.so[0m
[3.906s] [ 73%] Built target position_tracker__rosidl_typesupport_fastrtps_cpp
[3.927s] [ 73%] Built target position_tracker
[3.948s] [ 76%] [34m[1mGenerating Python code for ROS interfaces[0m
[4.192s] [ 76%] Built target position_tracker__py
[4.214s] [ 79%] [32mBuilding C object CMakeFiles/position_tracker__rosidl_generator_py.dir/rosidl_generator_py/position_tracker/srv/_get_position_s.c.o[0m
[4.323s] [ 82%] [32m[1mLinking C shared library libposition_tracker__rosidl_generator_py.so[0m
[4.371s] [ 82%] Built target position_tracker__rosidl_generator_py
[4.392s] [ 88%] [32mBuilding C object CMakeFiles/position_tracker_s__rosidl_typesupport_introspection_c.dir/rosidl_generator_py/position_tracker/_position_tracker_s.ep.rosidl_typesupport_introspection_c.c.o[0m
[4.392s] [ 88%] [32mBuilding C object CMakeFiles/position_tracker_s__rosidl_typesupport_c.dir/rosidl_generator_py/position_tracker/_position_tracker_s.ep.rosidl_typesupport_c.c.o[0m
[4.392s] [ 91%] [32mBuilding C object CMakeFiles/position_tracker_s__rosidl_typesupport_fastrtps_c.dir/rosidl_generator_py/position_tracker/_position_tracker_s.ep.rosidl_typesupport_fastrtps_c.c.o[0m
[4.467s] [ 94%] [32m[1mLinking C shared module rosidl_generator_py/position_tracker/position_tracker_s__rosidl_typesupport_introspection_c.so[0m
[4.470s] [ 97%] [32m[1mLinking C shared module rosidl_generator_py/position_tracker/position_tracker_s__rosidl_typesupport_fastrtps_c.so[0m
[4.492s] [100%] [32m[1mLinking C shared module rosidl_generator_py/position_tracker/position_tracker_s__rosidl_typesupport_c.so[0m
[4.495s] [100%] Built target position_tracker_s__rosidl_typesupport_introspection_c
[4.500s] [100%] Built target position_tracker_s__rosidl_typesupport_fastrtps_c
[4.526s] [100%] Built target position_tracker_s__rosidl_typesupport_c
[4.539s] Invoked command in '/home/karroyabreu/ar4/build/position_tracker' returned '0': CMAKE_PREFIX_PATH=${CMAKE_PREFIX_PATH}:/home/karroyabreu/ar4/install/opencv_pkg:/home/karroyabreu/ar4/install/pose_gui:/opt/ros/jazzy DEBUGINFOD_URLS=https://debuginfod.ubuntu.com /usr/bin/cmake --build /home/karroyabreu/ar4/build/position_tracker -- -j22 -l22
[4.540s] Invoking command in '/home/karroyabreu/ar4/build/position_tracker': CMAKE_PREFIX_PATH=${CMAKE_PREFIX_PATH}:/home/karroyabreu/ar4/install/opencv_pkg:/home/karroyabreu/ar4/install/pose_gui:/opt/ros/jazzy DEBUGINFOD_URLS=https://debuginfod.ubuntu.com /usr/bin/cmake --install /home/karroyabreu/ar4/build/position_tracker
[4.549s] -- Install configuration: ""
[4.550s] -- Execute custom install script
[4.550s] -- Symlinking: /home/karroyabreu/ar4/install/position_tracker/share/ament_index/resource_index/rosidl_interfaces/position_tracker
[4.560s] -- Symlinking: /home/karroyabreu/ar4/install/position_tracker/share/position_tracker/srv/GetPosition.json
[4.569s] -- Symlinking: /home/karroyabreu/ar4/install/position_tracker/include/position_tracker/position_tracker/msg/rosidl_generator_c__visibility_control.h
[4.578s] -- Symlinking: /home/karroyabreu/ar4/install/position_tracker/include/position_tracker/position_tracker/srv/detail/get_position__functions.h
[4.585s] -- Symlinking: /home/karroyabreu/ar4/install/position_tracker/include/position_tracker/position_tracker/srv/detail/get_position__struct.h
[4.594s] -- Symlinking: /home/karroyabreu/ar4/install/position_tracker/include/position_tracker/position_tracker/srv/detail/get_position__type_support.h
[4.601s] -- Symlinking: /home/karroyabreu/ar4/install/position_tracker/include/position_tracker/position_tracker/srv/get_position.h
[4.610s] -- Symlinking: /home/karroyabreu/ar4/install/position_tracker/share/position_tracker/environment/library_path.sh
[4.618s] -- Symlinking: /home/karroyabreu/ar4/install/position_tracker/share/position_tracker/environment/library_path.dsv
[4.626s] -- Symlinking: /home/karroyabreu/ar4/install/position_tracker/include/position_tracker/position_tracker/msg/rosidl_typesupport_fastrtps_c__visibility_control.h
[4.635s] -- Symlinking: /home/karroyabreu/ar4/install/position_tracker/include/position_tracker/position_tracker/srv/detail/get_position__rosidl_typesupport_fastrtps_c.h
[4.642s] -- Symlinking: /home/karroyabreu/ar4/install/position_tracker/include/position_tracker/position_tracker/msg/rosidl_generator_cpp__visibility_control.hpp
[4.650s] -- Symlinking: /home/karroyabreu/ar4/install/position_tracker/include/position_tracker/position_tracker/srv/detail/get_position__builder.hpp
[4.658s] -- Symlinking: /home/karroyabreu/ar4/install/position_tracker/include/position_tracker/position_tracker/srv/detail/get_position__struct.hpp
[4.664s] -- Symlinking: /home/karroyabreu/ar4/install/position_tracker/include/position_tracker/position_tracker/srv/detail/get_position__traits.hpp
[4.672s] -- Symlinking: /home/karroyabreu/ar4/install/position_tracker/include/position_tracker/position_tracker/srv/detail/get_position__type_support.hpp
[4.678s] -- Symlinking: /home/karroyabreu/ar4/install/position_tracker/include/position_tracker/position_tracker/srv/get_position.hpp
[4.686s] -- Symlinking: /home/karroyabreu/ar4/install/position_tracker/include/position_tracker/position_tracker/msg/rosidl_typesupport_fastrtps_cpp__visibility_control.h
[4.693s] -- Symlinking: /home/karroyabreu/ar4/install/position_tracker/include/position_tracker/position_tracker/srv/detail/get_position__rosidl_typesupport_fastrtps_cpp.hpp
[4.699s] -- Symlinking: /home/karroyabreu/ar4/install/position_tracker/include/position_tracker/position_tracker/msg/rosidl_typesupport_introspection_c__visibility_control.h
[4.708s] -- Symlinking: /home/karroyabreu/ar4/install/position_tracker/include/position_tracker/position_tracker/srv/detail/get_position__rosidl_typesupport_introspection_c.h
[4.715s] -- Symlinking: /home/karroyabreu/ar4/install/position_tracker/include/position_tracker/position_tracker/srv/detail/get_position__rosidl_typesupport_introspection_cpp.hpp
[4.726s] -- Symlinking: /home/karroyabreu/ar4/install/position_tracker/share/position_tracker/environment/pythonpath.sh
[4.734s] -- Symlinking: /home/karroyabreu/ar4/install/position_tracker/share/position_tracker/environment/pythonpath.dsv
[4.742s] -- Symlinking: /home/karroyabreu/ar4/install/position_tracker/lib/python3.12/site-packages/position_tracker-0.0.0-py3.12.egg-info/PKG-INFO
[4.750s] -- Symlinking: /home/karroyabreu/ar4/install/position_tracker/lib/python3.12/site-packages/position_tracker-0.0.0-py3.12.egg-info/SOURCES.txt
[4.757s] -- Symlinking: /home/karroyabreu/ar4/install/position_tracker/lib/python3.12/site-packages/position_tracker-0.0.0-py3.12.egg-info/dependency_links.txt
[4.767s] -- Symlinking: /home/karroyabreu/ar4/install/position_tracker/lib/python3.12/site-packages/position_tracker-0.0.0-py3.12.egg-info/top_level.txt
[4.774s] -- Symlinking: /home/karroyabreu/ar4/install/position_tracker/lib/python3.12/site-packages/position_tracker/__init__.py
[4.781s] -- Symlinking: /home/karroyabreu/ar4/install/position_tracker/lib/python3.12/site-packages/position_tracker/_position_tracker_s.ep.rosidl_typesupport_c.c
[4.789s] -- Symlinking: /home/karroyabreu/ar4/install/position_tracker/lib/python3.12/site-packages/position_tracker/_position_tracker_s.ep.rosidl_typesupport_fastrtps_c.c
[4.796s] -- Symlinking: /home/karroyabreu/ar4/install/position_tracker/lib/python3.12/site-packages/position_tracker/_position_tracker_s.ep.rosidl_typesupport_introspection_c.c
[4.805s] -- Symlinking: /home/karroyabreu/ar4/install/position_tracker/lib/python3.12/site-packages/position_tracker/position_tracker_s__rosidl_typesupport_c.so
[4.813s] -- Symlinking: /home/karroyabreu/ar4/install/position_tracker/lib/python3.12/site-packages/position_tracker/position_tracker_s__rosidl_typesupport_fastrtps_c.so
[4.819s] -- Symlinking: /home/karroyabreu/ar4/install/position_tracker/lib/python3.12/site-packages/position_tracker/position_tracker_s__rosidl_typesupport_introspection_c.so
[4.828s] -- Symlinking: /home/karroyabreu/ar4/install/position_tracker/lib/python3.12/site-packages/position_tracker/srv/__init__.py
[4.836s] -- Symlinking: /home/karroyabreu/ar4/install/position_tracker/lib/python3.12/site-packages/position_tracker/srv/_get_position.py
[4.847s] -- Symlinking: /home/karroyabreu/ar4/install/position_tracker/lib/python3.12/site-packages/position_tracker/srv/_get_position_s.c
[4.857s] -- Up-to-date symlink: /home/karroyabreu/ar4/install/position_tracker/lib/python3.12/site-packages/position_tracker/position_tracker_s__rosidl_typesupport_fastrtps_c.so
[4.857s] -- Up-to-date symlink: /home/karroyabreu/ar4/install/position_tracker/lib/python3.12/site-packages/position_tracker/position_tracker_s__rosidl_typesupport_introspection_c.so
[4.857s] -- Up-to-date symlink: /home/karroyabreu/ar4/install/position_tracker/lib/python3.12/site-packages/position_tracker/position_tracker_s__rosidl_typesupport_c.so
[4.857s] -- Symlinking: /home/karroyabreu/ar4/install/position_tracker/share/position_tracker/srv/GetPosition.idl
[4.866s] -- Symlinking: /home/karroyabreu/ar4/install/position_tracker/share/position_tracker/srv/GetPosition.srv
[4.874s] -- Symlinking: /home/karroyabreu/ar4/install/position_tracker/share/ament_index/resource_index/package_run_dependencies/position_tracker
[4.880s] -- Symlinking: /home/karroyabreu/ar4/install/position_tracker/share/ament_index/resource_index/parent_prefix_path/position_tracker
[4.890s] -- Symlinking: /home/karroyabreu/ar4/install/position_tracker/share/position_tracker/environment/ament_prefix_path.sh
[4.907s] -- Symlinking: /home/karroyabreu/ar4/install/position_tracker/share/position_tracker/environment/ament_prefix_path.dsv
[4.908s] -- Symlinking: /home/karroyabreu/ar4/install/position_tracker/share/position_tracker/environment/path.sh
[4.916s] -- Symlinking: /home/karroyabreu/ar4/install/position_tracker/share/position_tracker/environment/path.dsv
[4.923s] -- Symlinking: /home/karroyabreu/ar4/install/position_tracker/share/position_tracker/local_setup.bash
[4.931s] -- Symlinking: /home/karroyabreu/ar4/install/position_tracker/share/position_tracker/local_setup.sh
[4.938s] -- Symlinking: /home/karroyabreu/ar4/install/position_tracker/share/position_tracker/local_setup.zsh
[4.947s] -- Symlinking: /home/karroyabreu/ar4/install/position_tracker/share/position_tracker/local_setup.dsv
[4.955s] -- Symlinking: /home/karroyabreu/ar4/install/position_tracker/share/position_tracker/package.dsv
[4.964s] -- Symlinking: /home/karroyabreu/ar4/install/position_tracker/share/ament_index/resource_index/packages/position_tracker
[4.975s] -- Symlinking: /home/karroyabreu/ar4/install/position_tracker/share/position_tracker/cmake/rosidl_cmake-extras.cmake
[4.984s] -- Symlinking: /home/karroyabreu/ar4/install/position_tracker/share/position_tracker/cmake/ament_cmake_export_dependencies-extras.cmake
[4.993s] -- Symlinking: /home/karroyabreu/ar4/install/position_tracker/share/position_tracker/cmake/ament_cmake_export_include_directories-extras.cmake
[5.000s] -- Symlinking: /home/karroyabreu/ar4/install/position_tracker/share/position_tracker/cmake/ament_cmake_export_libraries-extras.cmake
[5.005s] -- Symlinking: /home/karroyabreu/ar4/install/position_tracker/share/position_tracker/cmake/ament_cmake_export_targets-extras.cmake
[5.014s] -- Symlinking: /home/karroyabreu/ar4/install/position_tracker/share/position_tracker/cmake/rosidl_cmake_export_typesupport_targets-extras.cmake
[5.020s] -- Symlinking: /home/karroyabreu/ar4/install/position_tracker/share/position_tracker/cmake/rosidl_cmake_export_typesupport_libraries-extras.cmake
[5.029s] -- Symlinking: /home/karroyabreu/ar4/install/position_tracker/share/position_tracker/cmake/position_trackerConfig.cmake
[5.037s] -- Symlinking: /home/karroyabreu/ar4/install/position_tracker/share/position_tracker/cmake/position_trackerConfig-version.cmake
[5.045s] -- Symlinking: /home/karroyabreu/ar4/install/position_tracker/share/position_tracker/package.xml
[5.054s] -- Installing: /home/karroyabreu/ar4/install/position_tracker/lib/libposition_tracker__rosidl_generator_c.so
[5.054s] -- Set non-toolchain portion of runtime path of "/home/karroyabreu/ar4/install/position_tracker/lib/libposition_tracker__rosidl_generator_c.so" to ""
[5.054s] -- Installing: /home/karroyabreu/ar4/install/position_tracker/lib/libposition_tracker__rosidl_typesupport_fastrtps_c.so
[5.054s] -- Set non-toolchain portion of runtime path of "/home/karroyabreu/ar4/install/position_tracker/lib/libposition_tracker__rosidl_typesupport_fastrtps_c.so" to ""
[5.055s] -- Installing: /home/karroyabreu/ar4/install/position_tracker/lib/libposition_tracker__rosidl_typesupport_fastrtps_cpp.so
[5.055s] -- Set non-toolchain portion of runtime path of "/home/karroyabreu/ar4/install/position_tracker/lib/libposition_tracker__rosidl_typesupport_fastrtps_cpp.so" to ""
[5.055s] -- Installing: /home/karroyabreu/ar4/install/position_tracker/lib/libposition_tracker__rosidl_typesupport_introspection_c.so
[5.056s] -- Set non-toolchain portion of runtime path of "/home/karroyabreu/ar4/install/position_tracker/lib/libposition_tracker__rosidl_typesupport_introspection_c.so" to ""
[5.056s] -- Installing: /home/karroyabreu/ar4/install/position_tracker/lib/libposition_tracker__rosidl_typesupport_c.so
[5.056s] -- Set non-toolchain portion of runtime path of "/home/karroyabreu/ar4/install/position_tracker/lib/libposition_tracker__rosidl_typesupport_c.so" to ""
[5.056s] -- Installing: /home/karroyabreu/ar4/install/position_tracker/lib/libposition_tracker__rosidl_typesupport_introspection_cpp.so
[5.056s] -- Set non-toolchain portion of runtime path of "/home/karroyabreu/ar4/install/position_tracker/lib/libposition_tracker__rosidl_typesupport_introspection_cpp.so" to ""
[5.056s] -- Installing: /home/karroyabreu/ar4/install/position_tracker/lib/libposition_tracker__rosidl_typesupport_cpp.so
[5.056s] -- Set non-toolchain portion of runtime path of "/home/karroyabreu/ar4/install/position_tracker/lib/libposition_tracker__rosidl_typesupport_cpp.so" to ""
[5.082s] Listing '/home/karroyabreu/ar4/install/position_tracker/lib/python3.12/site-packages/position_tracker'...
[5.082s] Compiling '/home/karroyabreu/ar4/install/position_tracker/lib/python3.12/site-packages/position_tracker/__init__.py'...
[5.082s] Listing '/home/karroyabreu/ar4/install/position_tracker/lib/python3.12/site-packages/position_tracker/srv'...
[5.083s] Compiling '/home/karroyabreu/ar4/install/position_tracker/lib/python3.12/site-packages/position_tracker/srv/__init__.py'...
[5.083s] Compiling '/home/karroyabreu/ar4/install/position_tracker/lib/python3.12/site-packages/position_tracker/srv/_get_position.py'...
[5.086s] -- Installing: /home/karroyabreu/ar4/install/position_tracker/lib/libposition_tracker__rosidl_generator_py.so
[5.086s] -- Set non-toolchain portion of runtime path of "/home/karroyabreu/ar4/install/position_tracker/lib/libposition_tracker__rosidl_generator_py.so" to ""
[5.087s] -- Installing: /home/karroyabreu/ar4/install/position_tracker/share/position_tracker/cmake/export_position_tracker__rosidl_generator_cExport.cmake
[5.087s] -- Installing: /home/karroyabreu/ar4/install/position_tracker/share/position_tracker/cmake/export_position_tracker__rosidl_generator_cExport-noconfig.cmake
[5.087s] -- Installing: /home/karroyabreu/ar4/install/position_tracker/share/position_tracker/cmake/export_position_tracker__rosidl_typesupport_fastrtps_cExport.cmake
[5.087s] -- Installing: /home/karroyabreu/ar4/install/position_tracker/share/position_tracker/cmake/export_position_tracker__rosidl_typesupport_fastrtps_cExport-noconfig.cmake
[5.087s] -- Installing: /home/karroyabreu/ar4/install/position_tracker/share/position_tracker/cmake/export_position_tracker__rosidl_generator_cppExport.cmake
[5.087s] -- Installing: /home/karroyabreu/ar4/install/position_tracker/share/position_tracker/cmake/export_position_tracker__rosidl_typesupport_fastrtps_cppExport.cmake
[5.087s] -- Installing: /home/karroyabreu/ar4/install/position_tracker/share/position_tracker/cmake/export_position_tracker__rosidl_typesupport_fastrtps_cppExport-noconfig.cmake
[5.088s] -- Installing: /home/karroyabreu/ar4/install/position_tracker/share/position_tracker/cmake/position_tracker__rosidl_typesupport_introspection_cExport.cmake
[5.088s] -- Installing: /home/karroyabreu/ar4/install/position_tracker/share/position_tracker/cmake/position_tracker__rosidl_typesupport_introspection_cExport-noconfig.cmake
[5.088s] -- Installing: /home/karroyabreu/ar4/install/position_tracker/share/position_tracker/cmake/position_tracker__rosidl_typesupport_cExport.cmake
[5.088s] -- Installing: /home/karroyabreu/ar4/install/position_tracker/share/position_tracker/cmake/position_tracker__rosidl_typesupport_cExport-noconfig.cmake
[5.088s] -- Installing: /home/karroyabreu/ar4/install/position_tracker/share/position_tracker/cmake/position_tracker__rosidl_typesupport_introspection_cppExport.cmake
[5.088s] -- Installing: /home/karroyabreu/ar4/install/position_tracker/share/position_tracker/cmake/position_tracker__rosidl_typesupport_introspection_cppExport-noconfig.cmake
[5.088s] -- Installing: /home/karroyabreu/ar4/install/position_tracker/share/position_tracker/cmake/position_tracker__rosidl_typesupport_cppExport.cmake
[5.088s] -- Installing: /home/karroyabreu/ar4/install/position_tracker/share/position_tracker/cmake/position_tracker__rosidl_typesupport_cppExport-noconfig.cmake
[5.088s] -- Installing: /home/karroyabreu/ar4/install/position_tracker/share/position_tracker/cmake/export_position_tracker__rosidl_generator_pyExport.cmake
[5.089s] -- Installing: /home/karroyabreu/ar4/install/position_tracker/share/position_tracker/cmake/export_position_tracker__rosidl_generator_pyExport-noconfig.cmake
[5.091s] Invoked command in '/home/karroyabreu/ar4/build/position_tracker' returned '0': CMAKE_PREFIX_PATH=${CMAKE_PREFIX_PATH}:/home/karroyabreu/ar4/install/opencv_pkg:/home/karroyabreu/ar4/install/pose_gui:/opt/ros/jazzy DEBUGINFOD_URLS=https://debuginfod.ubuntu.com /usr/bin/cmake --install /home/karroyabreu/ar4/build/position_tracker
