[0.011s] Invoking command in '/home/karroyabreu/ar4/build/mec_mobile_description': CMAKE_PREFIX_PATH=${CMAKE_PREFIX_PATH}:/opt/ros/jazzy DEBUGINFOD_URLS=https://debuginfod.ubuntu.com /usr/bin/cmake /home/karroyabreu/ar4/src/mec_mobile/mec_mobile_description -DCMAKE_INSTALL_PREFIX=/home/karroyabreu/ar4/install/mec_mobile_description
[0.015s] -- Found ament_cmake: 2.5.4 (/opt/ros/jazzy/share/ament_cmake/cmake)
[0.161s] [31mCMake Error at CMakeLists.txt:10 (find_package):
[0.161s]   By not providing "Findurdf_tutorial.cmake" in CMAKE_MODULE_PATH this
[0.161s]   project has asked CMake to find a package configuration file provided by
[0.161s]   "urdf_tutorial", but CMake did not find one.
[0.161s] 
[0.161s]   Could not find a package configuration file provided by "urdf_tutorial"
[0.161s]   with any of the following names:
[0.161s] 
[0.161s]     urdf_tutorialConfig.cmake
[0.162s]     urdf_tutorial-config.cmake
[0.162s] 
[0.162s]   Add the installation prefix of "urdf_tutorial" to CMAKE_PREFIX_PATH or set
[0.162s]   "urdf_tutorial_DIR" to a directory containing one of the above files.  If
[0.162s]   "urdf_tutorial" provides a separate development package or SDK, be sure it
[0.162s]   has been installed.
[0.162s] 
[0.162s] [0m
[0.162s] -- Configuring incomplete, errors occurred!
[0.163s] Invoked command in '/home/karroyabreu/ar4/build/mec_mobile_description' returned '1': CMAKE_PREFIX_PATH=${CMAKE_PREFIX_PATH}:/opt/ros/jazzy DEBUGINFOD_URLS=https://debuginfod.ubuntu.com /usr/bin/cmake /home/karroyabreu/ar4/src/mec_mobile/mec_mobile_description -DCMAKE_INSTALL_PREFIX=/home/karroyabreu/ar4/install/mec_mobile_description
