[0.021s] Invoking command in '/home/karroyabreu/ar4/build/annin_ar4_description': CMAKE_PREFIX_PATH=${CMAKE_PREFIX_PATH}:/opt/ros/jazzy DEBUGINFOD_URLS=https://debuginfod.ubuntu.com /usr/bin/cmake /home/karroyabreu/ar4/src/ar4_ros_driver/annin_ar4_description -DCMAKE_INSTALL_PREFIX=/home/karroyabreu/ar4/install/annin_ar4_description
[0.173s] -- The C compiler identification is GNU 13.3.0
[0.277s] -- The CXX compiler identification is GNU 13.3.0
[0.304s] -- Detecting C compiler ABI info
[0.430s] -- Detecting C compiler ABI info - done
[0.441s] -- Check for working C compiler: /usr/bin/cc - skipped
[0.442s] -- Detecting C compile features
[0.443s] -- Detecting C compile features - done
[0.456s] -- Detecting CXX compiler ABI info
[0.591s] -- Detecting CXX compiler ABI info - done
[0.604s] -- Check for working CXX compiler: /usr/bin/c++ - skipped
[0.604s] -- Detecting CXX compile features
[0.605s] -- Detecting CXX compile features - done
[0.614s] -- Found ament_cmake: 2.5.4 (/opt/ros/jazzy/share/ament_cmake/cmake)
[0.810s] -- Found Python3: /usr/bin/python3 (found version "3.12.3") found components: Interpreter 
[1.060s] -- Configuring done (1.0s)
[1.064s] -- Generating done (0.0s)
[1.066s] -- Build files have been written to: /home/karroyabreu/ar4/build/annin_ar4_description
[1.073s] Invoked command in '/home/karroyabreu/ar4/build/annin_ar4_description' returned '0': CMAKE_PREFIX_PATH=${CMAKE_PREFIX_PATH}:/opt/ros/jazzy DEBUGINFOD_URLS=https://debuginfod.ubuntu.com /usr/bin/cmake /home/karroyabreu/ar4/src/ar4_ros_driver/annin_ar4_description -DCMAKE_INSTALL_PREFIX=/home/karroyabreu/ar4/install/annin_ar4_description
[1.075s] Invoking command in '/home/karroyabreu/ar4/build/annin_ar4_description': CMAKE_PREFIX_PATH=${CMAKE_PREFIX_PATH}:/opt/ros/jazzy DEBUGINFOD_URLS=https://debuginfod.ubuntu.com /usr/bin/cmake --build /home/karroyabreu/ar4/build/annin_ar4_description -- -j22 -l22
[1.134s] Invoked command in '/home/karroyabreu/ar4/build/annin_ar4_description' returned '0': CMAKE_PREFIX_PATH=${CMAKE_PREFIX_PATH}:/opt/ros/jazzy DEBUGINFOD_URLS=https://debuginfod.ubuntu.com /usr/bin/cmake --build /home/karroyabreu/ar4/build/annin_ar4_description -- -j22 -l22
[1.148s] Invoking command in '/home/karroyabreu/ar4/build/annin_ar4_description': CMAKE_PREFIX_PATH=${CMAKE_PREFIX_PATH}:/opt/ros/jazzy DEBUGINFOD_URLS=https://debuginfod.ubuntu.com /usr/bin/cmake --install /home/karroyabreu/ar4/build/annin_ar4_description
[1.159s] -- Install configuration: ""
[1.159s] -- Installing: /home/karroyabreu/ar4/install/annin_ar4_description/share/annin_ar4_description/meshes
[1.159s] -- Installing: /home/karroyabreu/ar4/install/annin_ar4_description/share/annin_ar4_description/meshes/ar4
[1.159s] -- Installing: /home/karroyabreu/ar4/install/annin_ar4_description/share/annin_ar4_description/meshes/ar4/link_4.STL
[1.160s] -- Installing: /home/karroyabreu/ar4/install/annin_ar4_description/share/annin_ar4_description/meshes/ar4/link_2.STL
[1.160s] -- Installing: /home/karroyabreu/ar4/install/annin_ar4_description/share/annin_ar4_description/meshes/ar4/link_5.STL
[1.161s] -- Installing: /home/karroyabreu/ar4/install/annin_ar4_description/share/annin_ar4_description/meshes/ar4/base_link.STL
[1.161s] -- Installing: /home/karroyabreu/ar4/install/annin_ar4_description/share/annin_ar4_description/meshes/ar4/link_6.STL
[1.161s] -- Installing: /home/karroyabreu/ar4/install/annin_ar4_description/share/annin_ar4_description/meshes/ar4/link_3.STL
[1.161s] -- Installing: /home/karroyabreu/ar4/install/annin_ar4_description/share/annin_ar4_description/meshes/ar4/link_1.STL
[1.162s] -- Installing: /home/karroyabreu/ar4/install/annin_ar4_description/share/annin_ar4_description/meshes/ar4_mk3
[1.162s] -- Installing: /home/karroyabreu/ar4/install/annin_ar4_description/share/annin_ar4_description/meshes/ar4_mk3/link_4.STL
[1.163s] -- Installing: /home/karroyabreu/ar4/install/annin_ar4_description/share/annin_ar4_description/meshes/ar4_mk3/link_2.STL
[1.163s] -- Installing: /home/karroyabreu/ar4/install/annin_ar4_description/share/annin_ar4_description/meshes/ar4_mk3/link_5.STL
[1.166s] -- Installing: /home/karroyabreu/ar4/install/annin_ar4_description/share/annin_ar4_description/meshes/ar4_mk3/base_link.STL
[1.166s] -- Installing: /home/karroyabreu/ar4/install/annin_ar4_description/share/annin_ar4_description/meshes/ar4_mk3/link_6.STL
[1.166s] -- Installing: /home/karroyabreu/ar4/install/annin_ar4_description/share/annin_ar4_description/meshes/ar4_mk3/link_3.STL
[1.167s] -- Installing: /home/karroyabreu/ar4/install/annin_ar4_description/share/annin_ar4_description/meshes/ar4_mk3/link_1.STL
[1.167s] -- Installing: /home/karroyabreu/ar4/install/annin_ar4_description/share/annin_ar4_description/meshes/ar4_gripper
[1.167s] -- Installing: /home/karroyabreu/ar4/install/annin_ar4_description/share/annin_ar4_description/meshes/ar4_gripper/gripper_base_link.stl
[1.167s] -- Installing: /home/karroyabreu/ar4/install/annin_ar4_description/share/annin_ar4_description/meshes/ar4_gripper/gripper_jaw1_link.stl
[1.168s] -- Installing: /home/karroyabreu/ar4/install/annin_ar4_description/share/annin_ar4_description/meshes/ar4_gripper/gripper_jaw2_link.stl
[1.168s] -- Installing: /home/karroyabreu/ar4/install/annin_ar4_description/share/annin_ar4_description/urdf
[1.168s] -- Installing: /home/karroyabreu/ar4/install/annin_ar4_description/share/annin_ar4_description/urdf/ar_gripper_macro.xacro
[1.168s] -- Installing: /home/karroyabreu/ar4/install/annin_ar4_description/share/annin_ar4_description/urdf/ar_gripper.ros2_control.xacro
[1.169s] -- Installing: /home/karroyabreu/ar4/install/annin_ar4_description/share/annin_ar4_description/urdf/ar.ros2_control.xacro
[1.169s] -- Installing: /home/karroyabreu/ar4/install/annin_ar4_description/share/annin_ar4_description/urdf/ar_macro.xacro
[1.169s] -- Installing: /home/karroyabreu/ar4/install/annin_ar4_description/share/annin_ar4_description/urdf/ar_gazebo.urdf.xacro
[1.169s] -- Installing: /home/karroyabreu/ar4/install/annin_ar4_description/share/annin_ar4_description/urdf/ar.urdf.xacro
[1.169s] -- Installing: /home/karroyabreu/ar4/install/annin_ar4_description/share/annin_ar4_description/config
[1.169s] -- Installing: /home/karroyabreu/ar4/install/annin_ar4_description/share/annin_ar4_description/config/mk1.yaml
[1.170s] -- Installing: /home/karroyabreu/ar4/install/annin_ar4_description/share/annin_ar4_description/config/mk2.yaml
[1.170s] -- Installing: /home/karroyabreu/ar4/install/annin_ar4_description/share/annin_ar4_description/config/mk3.yaml
[1.170s] -- Installing: /home/karroyabreu/ar4/install/annin_ar4_description/share/ament_index/resource_index/package_run_dependencies/annin_ar4_description
[1.170s] -- Installing: /home/karroyabreu/ar4/install/annin_ar4_description/share/ament_index/resource_index/parent_prefix_path/annin_ar4_description
[1.170s] -- Installing: /home/karroyabreu/ar4/install/annin_ar4_description/share/annin_ar4_description/environment/ament_prefix_path.sh
[1.170s] -- Installing: /home/karroyabreu/ar4/install/annin_ar4_description/share/annin_ar4_description/environment/ament_prefix_path.dsv
[1.170s] -- Installing: /home/karroyabreu/ar4/install/annin_ar4_description/share/annin_ar4_description/environment/path.sh
[1.170s] -- Installing: /home/karroyabreu/ar4/install/annin_ar4_description/share/annin_ar4_description/environment/path.dsv
[1.170s] -- Installing: /home/karroyabreu/ar4/install/annin_ar4_description/share/annin_ar4_description/local_setup.bash
[1.170s] -- Installing: /home/karroyabreu/ar4/install/annin_ar4_description/share/annin_ar4_description/local_setup.sh
[1.171s] -- Installing: /home/karroyabreu/ar4/install/annin_ar4_description/share/annin_ar4_description/local_setup.zsh
[1.171s] -- Installing: /home/karroyabreu/ar4/install/annin_ar4_description/share/annin_ar4_description/local_setup.dsv
[1.171s] -- Installing: /home/karroyabreu/ar4/install/annin_ar4_description/share/annin_ar4_description/package.dsv
[1.171s] -- Installing: /home/karroyabreu/ar4/install/annin_ar4_description/share/ament_index/resource_index/packages/annin_ar4_description
[1.171s] -- Installing: /home/karroyabreu/ar4/install/annin_ar4_description/share/annin_ar4_description/cmake/annin_ar4_descriptionConfig.cmake
[1.171s] -- Installing: /home/karroyabreu/ar4/install/annin_ar4_description/share/annin_ar4_description/cmake/annin_ar4_descriptionConfig-version.cmake
[1.171s] -- Installing: /home/karroyabreu/ar4/install/annin_ar4_description/share/annin_ar4_description/package.xml
[1.173s] Invoked command in '/home/karroyabreu/ar4/build/annin_ar4_description' returned '0': CMAKE_PREFIX_PATH=${CMAKE_PREFIX_PATH}:/opt/ros/jazzy DEBUGINFOD_URLS=https://debuginfod.ubuntu.com /usr/bin/cmake --install /home/karroyabreu/ar4/build/annin_ar4_description
