[0.523s] Invoking command in '/home/karroyabreu/ar4/src/pose_gui': DEBUGINFOD_URLS=https://debuginfod.ubuntu.com PYTHONPATH=/home/karroyabreu/ar4/build/pose_gui/prefix_override:/usr/lib/python3/dist-packages/colcon_core/task/python/colcon_distutils_commands:/home/karroyabreu/ar4/install/pose_gui/lib/python3.12/site-packages:${PYTHONPATH} /usr/bin/python3 -W ignore:setup.py install is deprecated -W ignore:easy_install command is deprecated setup.py egg_info --egg-base ../../build/pose_gui build --build-base /home/karroyabreu/ar4/build/pose_gui/build install --record /home/karroyabreu/ar4/build/pose_gui/install.log --single-version-externally-managed install_data
[0.683s] running egg_info
[0.695s] writing ../../build/pose_gui/pose_gui.egg-info/PKG-INFO
[0.695s] writing dependency_links to ../../build/pose_gui/pose_gui.egg-info/dependency_links.txt
[0.695s] writing entry points to ../../build/pose_gui/pose_gui.egg-info/entry_points.txt
[0.695s] writing requirements to ../../build/pose_gui/pose_gui.egg-info/requires.txt
[0.695s] writing top-level names to ../../build/pose_gui/pose_gui.egg-info/top_level.txt
[0.718s] reading manifest file '../../build/pose_gui/pose_gui.egg-info/SOURCES.txt'
[0.718s] writing manifest file '../../build/pose_gui/pose_gui.egg-info/SOURCES.txt'
[0.719s] running build
[0.719s] running build_py
[0.719s] running install
[0.722s] running install_lib
[0.733s] running install_data
[0.734s] running install_egg_info
[0.745s] removing '/home/karroyabreu/ar4/install/pose_gui/lib/python3.12/site-packages/pose_gui-0.0.0-py3.12.egg-info' (and everything under it)
[0.746s] Copying ../../build/pose_gui/pose_gui.egg-info to /home/karroyabreu/ar4/install/pose_gui/lib/python3.12/site-packages/pose_gui-0.0.0-py3.12.egg-info
[0.746s] running install_scripts
[0.819s] Installing pose_gui script to /home/karroyabreu/ar4/install/pose_gui/lib/pose_gui
[0.820s] writing list of installed files to '/home/karroyabreu/ar4/build/pose_gui/install.log'
[0.840s] Invoked command in '/home/karroyabreu/ar4/src/pose_gui' returned '0': DEBUGINFOD_URLS=https://debuginfod.ubuntu.com PYTHONPATH=/home/karroyabreu/ar4/build/pose_gui/prefix_override:/usr/lib/python3/dist-packages/colcon_core/task/python/colcon_distutils_commands:/home/karroyabreu/ar4/install/pose_gui/lib/python3.12/site-packages:${PYTHONPATH} /usr/bin/python3 -W ignore:setup.py install is deprecated -W ignore:easy_install command is deprecated setup.py egg_info --egg-base ../../build/pose_gui build --build-base /home/karroyabreu/ar4/build/pose_gui/build install --record /home/karroyabreu/ar4/build/pose_gui/install.log --single-version-externally-managed install_data
