[0.802s] Invoking command in '/home/karroyabreu/ar4/src/pose_gui': DEBUGINFOD_URLS=https://debuginfod.ubuntu.com PYTHONPATH=/home/karroyabreu/ar4/build/pose_gui/prefix_override:/usr/lib/python3/dist-packages/colcon_core/task/python/colcon_distutils_commands:/home/karroyabreu/ar4/install/pose_gui/lib/python3.12/site-packages:${PYTHONPATH} /usr/bin/python3 -W ignore:setup.py install is deprecated -W ignore:easy_install command is deprecated setup.py egg_info --egg-base ../../build/pose_gui build --build-base /home/karroyabreu/ar4/build/pose_gui/build install --record /home/karroyabreu/ar4/build/pose_gui/install.log --single-version-externally-managed install_data
[1.071s] running egg_info
[1.090s] writing ../../build/pose_gui/pose_gui.egg-info/PKG-INFO
[1.091s] writing dependency_links to ../../build/pose_gui/pose_gui.egg-info/dependency_links.txt
[1.091s] writing entry points to ../../build/pose_gui/pose_gui.egg-info/entry_points.txt
[1.091s] writing requirements to ../../build/pose_gui/pose_gui.egg-info/requires.txt
[1.091s] writing top-level names to ../../build/pose_gui/pose_gui.egg-info/top_level.txt
[1.126s] reading manifest file '../../build/pose_gui/pose_gui.egg-info/SOURCES.txt'
[1.127s] writing manifest file '../../build/pose_gui/pose_gui.egg-info/SOURCES.txt'
[1.127s] running build
[1.127s] running build_py
[1.127s] running install
[1.134s] running install_lib
[1.155s] running install_data
[1.155s] running install_egg_info
[1.177s] removing '/home/karroyabreu/ar4/install/pose_gui/lib/python3.12/site-packages/pose_gui-0.0.0-py3.12.egg-info' (and everything under it)
[1.177s] Copying ../../build/pose_gui/pose_gui.egg-info to /home/karroyabreu/ar4/install/pose_gui/lib/python3.12/site-packages/pose_gui-0.0.0-py3.12.egg-info
[1.177s] running install_scripts
[1.310s] Installing pose_gui script to /home/karroyabreu/ar4/install/pose_gui/lib/pose_gui
[1.310s] writing list of installed files to '/home/karroyabreu/ar4/build/pose_gui/install.log'
[1.341s] Invoked command in '/home/karroyabreu/ar4/src/pose_gui' returned '0': DEBUGINFOD_URLS=https://debuginfod.ubuntu.com PYTHONPATH=/home/karroyabreu/ar4/build/pose_gui/prefix_override:/usr/lib/python3/dist-packages/colcon_core/task/python/colcon_distutils_commands:/home/karroyabreu/ar4/install/pose_gui/lib/python3.12/site-packages:${PYTHONPATH} /usr/bin/python3 -W ignore:setup.py install is deprecated -W ignore:easy_install command is deprecated setup.py egg_info --egg-base ../../build/pose_gui build --build-base /home/karroyabreu/ar4/build/pose_gui/build install --record /home/karroyabreu/ar4/build/pose_gui/install.log --single-version-externally-managed install_data
