[0.011s] Invoking command in '/home/karroyabreu/ar4/build/position_tracker': CMAKE_PREFIX_PATH=${CMAKE_PREFIX_PATH}:/home/karroyabreu/ar4/install/opencv_pkg:/home/karroyabreu/ar4/install/pose_gui:/opt/ros/jazzy DEBUGINFOD_URLS=https://debuginfod.ubuntu.com /usr/bin/cmake --build /home/karroyabreu/ar4/build/position_tracker -- -j22 -l22
[0.052s] [  2%] Built target position_tracker__rosidl_generator_type_description
[0.059s] [  2%] Built target ament_cmake_python_copy_position_tracker
[0.070s] [ 14%] Built target position_tracker__cpp
[0.070s] [ 20%] Built target position_tracker__rosidl_generator_c
[0.088s] [ 29%] Built target position_tracker__rosidl_typesupport_introspection_cpp
[0.088s] [ 38%] Built target position_tracker__rosidl_typesupport_fastrtps_c
[0.088s] [ 47%] Built target position_tracker__rosidl_typesupport_c
[0.089s] [ 55%] Built target position_tracker__rosidl_typesupport_introspection_c
[0.109s] [ 64%] Built target position_tracker__rosidl_typesupport_fastrtps_cpp
[0.111s] [ 73%] Built target position_tracker__rosidl_typesupport_cpp
[0.133s] [ 73%] Built target position_tracker
[0.155s] [ 76%] Built target position_tracker__py
[0.176s] [ 82%] Built target position_tracker__rosidl_generator_py
[0.198s] [ 94%] Built target position_tracker_s__rosidl_typesupport_fastrtps_c
[0.198s] [ 94%] Built target position_tracker_s__rosidl_typesupport_c
[0.198s] [100%] Built target position_tracker_s__rosidl_typesupport_introspection_c
[0.251s] running egg_info
[0.269s] writing position_tracker.egg-info/PKG-INFO
[0.270s] writing dependency_links to position_tracker.egg-info/dependency_links.txt
[0.270s] writing top-level names to position_tracker.egg-info/top_level.txt
[0.323s] reading manifest file 'position_tracker.egg-info/SOURCES.txt'
[0.323s] writing manifest file 'position_tracker.egg-info/SOURCES.txt'
[0.356s] [100%] Built target ament_cmake_python_build_position_tracker_egg
[0.368s] Invoked command in '/home/karroyabreu/ar4/build/position_tracker' returned '0': CMAKE_PREFIX_PATH=${CMAKE_PREFIX_PATH}:/home/karroyabreu/ar4/install/opencv_pkg:/home/karroyabreu/ar4/install/pose_gui:/opt/ros/jazzy DEBUGINFOD_URLS=https://debuginfod.ubuntu.com /usr/bin/cmake --build /home/karroyabreu/ar4/build/position_tracker -- -j22 -l22
[0.369s] Invoking command in '/home/karroyabreu/ar4/build/position_tracker': CMAKE_PREFIX_PATH=${CMAKE_PREFIX_PATH}:/home/karroyabreu/ar4/install/opencv_pkg:/home/karroyabreu/ar4/install/pose_gui:/opt/ros/jazzy DEBUGINFOD_URLS=https://debuginfod.ubuntu.com /usr/bin/cmake --install /home/karroyabreu/ar4/build/position_tracker
[0.378s] -- Install configuration: ""
[0.378s] -- Up-to-date: /home/karroyabreu/ar4/install/position_tracker/share/ament_index/resource_index/rosidl_interfaces/position_tracker
[0.378s] -- Up-to-date: /home/karroyabreu/ar4/install/position_tracker/share/position_tracker/srv/GetPosition.json
[0.378s] -- Up-to-date: /home/karroyabreu/ar4/install/position_tracker/include/position_tracker/position_tracker
[0.378s] -- Up-to-date: /home/karroyabreu/ar4/install/position_tracker/include/position_tracker/position_tracker/srv
[0.378s] -- Up-to-date: /home/karroyabreu/ar4/install/position_tracker/include/position_tracker/position_tracker/srv/detail
[0.378s] -- Up-to-date: /home/karroyabreu/ar4/install/position_tracker/include/position_tracker/position_tracker/srv/detail/get_position__struct.h
[0.378s] -- Up-to-date: /home/karroyabreu/ar4/install/position_tracker/include/position_tracker/position_tracker/srv/detail/get_position__functions.h
[0.379s] -- Up-to-date: /home/karroyabreu/ar4/install/position_tracker/include/position_tracker/position_tracker/srv/detail/get_position__type_support.c
[0.379s] -- Up-to-date: /home/karroyabreu/ar4/install/position_tracker/include/position_tracker/position_tracker/srv/detail/get_position__functions.c
[0.379s] -- Up-to-date: /home/karroyabreu/ar4/install/position_tracker/include/position_tracker/position_tracker/srv/detail/get_position__description.c
[0.379s] -- Up-to-date: /home/karroyabreu/ar4/install/position_tracker/include/position_tracker/position_tracker/srv/detail/get_position__type_support.h
[0.379s] -- Up-to-date: /home/karroyabreu/ar4/install/position_tracker/include/position_tracker/position_tracker/srv/get_position.h
[0.379s] -- Up-to-date: /home/karroyabreu/ar4/install/position_tracker/include/position_tracker/position_tracker/msg
[0.379s] -- Up-to-date: /home/karroyabreu/ar4/install/position_tracker/include/position_tracker/position_tracker/msg/rosidl_generator_c__visibility_control.h
[0.379s] -- Up-to-date: /home/karroyabreu/ar4/install/position_tracker/share/position_tracker/environment/library_path.sh
[0.379s] -- Up-to-date: /home/karroyabreu/ar4/install/position_tracker/share/position_tracker/environment/library_path.dsv
[0.379s] -- Up-to-date: /home/karroyabreu/ar4/install/position_tracker/lib/libposition_tracker__rosidl_generator_c.so
[0.379s] -- Up-to-date: /home/karroyabreu/ar4/install/position_tracker/include/position_tracker/position_tracker
[0.379s] -- Up-to-date: /home/karroyabreu/ar4/install/position_tracker/include/position_tracker/position_tracker/srv
[0.379s] -- Up-to-date: /home/karroyabreu/ar4/install/position_tracker/include/position_tracker/position_tracker/srv/detail
[0.379s] -- Up-to-date: /home/karroyabreu/ar4/install/position_tracker/include/position_tracker/position_tracker/srv/detail/get_position__rosidl_typesupport_fastrtps_c.h
[0.379s] -- Up-to-date: /home/karroyabreu/ar4/install/position_tracker/include/position_tracker/position_tracker/msg
[0.380s] -- Up-to-date: /home/karroyabreu/ar4/install/position_tracker/include/position_tracker/position_tracker/msg/rosidl_typesupport_fastrtps_c__visibility_control.h
[0.380s] -- Up-to-date: /home/karroyabreu/ar4/install/position_tracker/lib/libposition_tracker__rosidl_typesupport_fastrtps_c.so
[0.380s] -- Up-to-date: /home/karroyabreu/ar4/install/position_tracker/include/position_tracker/position_tracker
[0.380s] -- Up-to-date: /home/karroyabreu/ar4/install/position_tracker/include/position_tracker/position_tracker/srv
[0.380s] -- Up-to-date: /home/karroyabreu/ar4/install/position_tracker/include/position_tracker/position_tracker/srv/get_position.hpp
[0.380s] -- Up-to-date: /home/karroyabreu/ar4/install/position_tracker/include/position_tracker/position_tracker/srv/detail
[0.380s] -- Up-to-date: /home/karroyabreu/ar4/install/position_tracker/include/position_tracker/position_tracker/srv/detail/get_position__builder.hpp
[0.380s] -- Up-to-date: /home/karroyabreu/ar4/install/position_tracker/include/position_tracker/position_tracker/srv/detail/get_position__type_support.hpp
[0.380s] -- Up-to-date: /home/karroyabreu/ar4/install/position_tracker/include/position_tracker/position_tracker/srv/detail/get_position__struct.hpp
[0.380s] -- Up-to-date: /home/karroyabreu/ar4/install/position_tracker/include/position_tracker/position_tracker/srv/detail/get_position__traits.hpp
[0.380s] -- Up-to-date: /home/karroyabreu/ar4/install/position_tracker/include/position_tracker/position_tracker/msg
[0.380s] -- Up-to-date: /home/karroyabreu/ar4/install/position_tracker/include/position_tracker/position_tracker/msg/rosidl_generator_cpp__visibility_control.hpp
[0.380s] -- Up-to-date: /home/karroyabreu/ar4/install/position_tracker/include/position_tracker/position_tracker
[0.380s] -- Up-to-date: /home/karroyabreu/ar4/install/position_tracker/include/position_tracker/position_tracker/srv
[0.380s] -- Up-to-date: /home/karroyabreu/ar4/install/position_tracker/include/position_tracker/position_tracker/srv/detail
[0.380s] -- Up-to-date: /home/karroyabreu/ar4/install/position_tracker/include/position_tracker/position_tracker/srv/detail/dds_fastrtps
[0.380s] -- Up-to-date: /home/karroyabreu/ar4/install/position_tracker/include/position_tracker/position_tracker/srv/detail/get_position__rosidl_typesupport_fastrtps_cpp.hpp
[0.381s] -- Up-to-date: /home/karroyabreu/ar4/install/position_tracker/include/position_tracker/position_tracker/msg
[0.381s] -- Up-to-date: /home/karroyabreu/ar4/install/position_tracker/include/position_tracker/position_tracker/msg/rosidl_typesupport_fastrtps_cpp__visibility_control.h
[0.381s] -- Up-to-date: /home/karroyabreu/ar4/install/position_tracker/lib/libposition_tracker__rosidl_typesupport_fastrtps_cpp.so
[0.381s] -- Up-to-date: /home/karroyabreu/ar4/install/position_tracker/include/position_tracker/position_tracker
[0.381s] -- Up-to-date: /home/karroyabreu/ar4/install/position_tracker/include/position_tracker/position_tracker/srv
[0.381s] -- Up-to-date: /home/karroyabreu/ar4/install/position_tracker/include/position_tracker/position_tracker/srv/detail
[0.381s] -- Up-to-date: /home/karroyabreu/ar4/install/position_tracker/include/position_tracker/position_tracker/srv/detail/get_position__rosidl_typesupport_introspection_c.h
[0.381s] -- Up-to-date: /home/karroyabreu/ar4/install/position_tracker/include/position_tracker/position_tracker/srv/detail/get_position__type_support.c
[0.381s] -- Up-to-date: /home/karroyabreu/ar4/install/position_tracker/include/position_tracker/position_tracker/msg
[0.381s] -- Up-to-date: /home/karroyabreu/ar4/install/position_tracker/include/position_tracker/position_tracker/msg/rosidl_typesupport_introspection_c__visibility_control.h
[0.381s] -- Up-to-date: /home/karroyabreu/ar4/install/position_tracker/lib/libposition_tracker__rosidl_typesupport_introspection_c.so
[0.381s] -- Up-to-date: /home/karroyabreu/ar4/install/position_tracker/lib/libposition_tracker__rosidl_typesupport_c.so
[0.381s] -- Up-to-date: /home/karroyabreu/ar4/install/position_tracker/include/position_tracker/position_tracker
[0.382s] -- Up-to-date: /home/karroyabreu/ar4/install/position_tracker/include/position_tracker/position_tracker/srv
[0.382s] -- Up-to-date: /home/karroyabreu/ar4/install/position_tracker/include/position_tracker/position_tracker/srv/detail
[0.382s] -- Up-to-date: /home/karroyabreu/ar4/install/position_tracker/include/position_tracker/position_tracker/srv/detail/get_position__rosidl_typesupport_introspection_cpp.hpp
[0.382s] -- Up-to-date: /home/karroyabreu/ar4/install/position_tracker/include/position_tracker/position_tracker/srv/detail/get_position__type_support.cpp
[0.382s] -- Up-to-date: /home/karroyabreu/ar4/install/position_tracker/lib/libposition_tracker__rosidl_typesupport_introspection_cpp.so
[0.382s] -- Up-to-date: /home/karroyabreu/ar4/install/position_tracker/lib/libposition_tracker__rosidl_typesupport_cpp.so
[0.382s] -- Up-to-date: /home/karroyabreu/ar4/install/position_tracker/share/position_tracker/environment/pythonpath.sh
[0.382s] -- Up-to-date: /home/karroyabreu/ar4/install/position_tracker/share/position_tracker/environment/pythonpath.dsv
[0.382s] -- Up-to-date: /home/karroyabreu/ar4/install/position_tracker/lib/python3.12/site-packages/position_tracker-0.0.0-py3.12.egg-info
[0.382s] -- Installing: /home/karroyabreu/ar4/install/position_tracker/lib/python3.12/site-packages/position_tracker-0.0.0-py3.12.egg-info/top_level.txt
[0.382s] -- Installing: /home/karroyabreu/ar4/install/position_tracker/lib/python3.12/site-packages/position_tracker-0.0.0-py3.12.egg-info/SOURCES.txt
[0.382s] -- Installing: /home/karroyabreu/ar4/install/position_tracker/lib/python3.12/site-packages/position_tracker-0.0.0-py3.12.egg-info/dependency_links.txt
[0.382s] -- Installing: /home/karroyabreu/ar4/install/position_tracker/lib/python3.12/site-packages/position_tracker-0.0.0-py3.12.egg-info/PKG-INFO
[0.382s] -- Up-to-date: /home/karroyabreu/ar4/install/position_tracker/lib/python3.12/site-packages/position_tracker
[0.382s] -- Up-to-date: /home/karroyabreu/ar4/install/position_tracker/lib/python3.12/site-packages/position_tracker/_position_tracker_s.ep.rosidl_typesupport_c.c
[0.382s] -- Up-to-date: /home/karroyabreu/ar4/install/position_tracker/lib/python3.12/site-packages/position_tracker/srv
[0.382s] -- Up-to-date: /home/karroyabreu/ar4/install/position_tracker/lib/python3.12/site-packages/position_tracker/srv/_get_position_s.c
[0.382s] -- Up-to-date: /home/karroyabreu/ar4/install/position_tracker/lib/python3.12/site-packages/position_tracker/srv/__init__.py
[0.382s] -- Up-to-date: /home/karroyabreu/ar4/install/position_tracker/lib/python3.12/site-packages/position_tracker/srv/_get_position.py
[0.382s] -- Up-to-date: /home/karroyabreu/ar4/install/position_tracker/lib/python3.12/site-packages/position_tracker/position_tracker_s__rosidl_typesupport_c.so
[0.382s] -- Up-to-date: /home/karroyabreu/ar4/install/position_tracker/lib/python3.12/site-packages/position_tracker/position_tracker_s__rosidl_typesupport_introspection_c.so
[0.383s] -- Up-to-date: /home/karroyabreu/ar4/install/position_tracker/lib/python3.12/site-packages/position_tracker/_position_tracker_s.ep.rosidl_typesupport_introspection_c.c
[0.383s] -- Up-to-date: /home/karroyabreu/ar4/install/position_tracker/lib/python3.12/site-packages/position_tracker/_position_tracker_s.ep.rosidl_typesupport_fastrtps_c.c
[0.383s] -- Up-to-date: /home/karroyabreu/ar4/install/position_tracker/lib/python3.12/site-packages/position_tracker/position_tracker_s__rosidl_typesupport_fastrtps_c.so
[0.383s] -- Up-to-date: /home/karroyabreu/ar4/install/position_tracker/lib/python3.12/site-packages/position_tracker/__init__.py
[0.422s] Listing '/home/karroyabreu/ar4/install/position_tracker/lib/python3.12/site-packages/position_tracker'...
[0.422s] Listing '/home/karroyabreu/ar4/install/position_tracker/lib/python3.12/site-packages/position_tracker/srv'...
[0.429s] -- Up-to-date: /home/karroyabreu/ar4/install/position_tracker/lib/python3.12/site-packages/position_tracker/position_tracker_s__rosidl_typesupport_fastrtps_c.so
[0.429s] -- Up-to-date: /home/karroyabreu/ar4/install/position_tracker/lib/python3.12/site-packages/position_tracker/position_tracker_s__rosidl_typesupport_introspection_c.so
[0.430s] -- Up-to-date: /home/karroyabreu/ar4/install/position_tracker/lib/python3.12/site-packages/position_tracker/position_tracker_s__rosidl_typesupport_c.so
[0.430s] -- Up-to-date: /home/karroyabreu/ar4/install/position_tracker/lib/libposition_tracker__rosidl_generator_py.so
[0.430s] -- Up-to-date: /home/karroyabreu/ar4/install/position_tracker/share/position_tracker/srv/GetPosition.idl
[0.430s] -- Up-to-date: /home/karroyabreu/ar4/install/position_tracker/share/position_tracker/srv/GetPosition.srv
[0.430s] -- Up-to-date: /home/karroyabreu/ar4/install/position_tracker/share/ament_index/resource_index/package_run_dependencies/position_tracker
[0.430s] -- Up-to-date: /home/karroyabreu/ar4/install/position_tracker/share/ament_index/resource_index/parent_prefix_path/position_tracker
[0.430s] -- Up-to-date: /home/karroyabreu/ar4/install/position_tracker/share/position_tracker/environment/ament_prefix_path.sh
[0.430s] -- Up-to-date: /home/karroyabreu/ar4/install/position_tracker/share/position_tracker/environment/ament_prefix_path.dsv
[0.431s] -- Up-to-date: /home/karroyabreu/ar4/install/position_tracker/share/position_tracker/environment/path.sh
[0.431s] -- Up-to-date: /home/karroyabreu/ar4/install/position_tracker/share/position_tracker/environment/path.dsv
[0.431s] -- Up-to-date: /home/karroyabreu/ar4/install/position_tracker/share/position_tracker/local_setup.bash
[0.431s] -- Up-to-date: /home/karroyabreu/ar4/install/position_tracker/share/position_tracker/local_setup.sh
[0.431s] -- Up-to-date: /home/karroyabreu/ar4/install/position_tracker/share/position_tracker/local_setup.zsh
[0.431s] -- Up-to-date: /home/karroyabreu/ar4/install/position_tracker/share/position_tracker/local_setup.dsv
[0.431s] -- Installing: /home/karroyabreu/ar4/install/position_tracker/share/position_tracker/package.dsv
[0.431s] -- Up-to-date: /home/karroyabreu/ar4/install/position_tracker/share/ament_index/resource_index/packages/position_tracker
[0.432s] -- Up-to-date: /home/karroyabreu/ar4/install/position_tracker/share/position_tracker/cmake/export_position_tracker__rosidl_generator_cExport.cmake
[0.432s] -- Up-to-date: /home/karroyabreu/ar4/install/position_tracker/share/position_tracker/cmake/export_position_tracker__rosidl_generator_cExport-noconfig.cmake
[0.432s] -- Up-to-date: /home/karroyabreu/ar4/install/position_tracker/share/position_tracker/cmake/export_position_tracker__rosidl_typesupport_fastrtps_cExport.cmake
[0.432s] -- Up-to-date: /home/karroyabreu/ar4/install/position_tracker/share/position_tracker/cmake/export_position_tracker__rosidl_typesupport_fastrtps_cExport-noconfig.cmake
[0.432s] -- Up-to-date: /home/karroyabreu/ar4/install/position_tracker/share/position_tracker/cmake/export_position_tracker__rosidl_generator_cppExport.cmake
[0.432s] -- Up-to-date: /home/karroyabreu/ar4/install/position_tracker/share/position_tracker/cmake/export_position_tracker__rosidl_typesupport_fastrtps_cppExport.cmake
[0.432s] -- Up-to-date: /home/karroyabreu/ar4/install/position_tracker/share/position_tracker/cmake/export_position_tracker__rosidl_typesupport_fastrtps_cppExport-noconfig.cmake
[0.432s] -- Up-to-date: /home/karroyabreu/ar4/install/position_tracker/share/position_tracker/cmake/position_tracker__rosidl_typesupport_introspection_cExport.cmake
[0.432s] -- Up-to-date: /home/karroyabreu/ar4/install/position_tracker/share/position_tracker/cmake/position_tracker__rosidl_typesupport_introspection_cExport-noconfig.cmake
[0.432s] -- Up-to-date: /home/karroyabreu/ar4/install/position_tracker/share/position_tracker/cmake/position_tracker__rosidl_typesupport_cExport.cmake
[0.432s] -- Up-to-date: /home/karroyabreu/ar4/install/position_tracker/share/position_tracker/cmake/position_tracker__rosidl_typesupport_cExport-noconfig.cmake
[0.432s] -- Up-to-date: /home/karroyabreu/ar4/install/position_tracker/share/position_tracker/cmake/position_tracker__rosidl_typesupport_introspection_cppExport.cmake
[0.432s] -- Up-to-date: /home/karroyabreu/ar4/install/position_tracker/share/position_tracker/cmake/position_tracker__rosidl_typesupport_introspection_cppExport-noconfig.cmake
[0.433s] -- Up-to-date: /home/karroyabreu/ar4/install/position_tracker/share/position_tracker/cmake/position_tracker__rosidl_typesupport_cppExport.cmake
[0.433s] -- Up-to-date: /home/karroyabreu/ar4/install/position_tracker/share/position_tracker/cmake/position_tracker__rosidl_typesupport_cppExport-noconfig.cmake
[0.434s] -- Up-to-date: /home/karroyabreu/ar4/install/position_tracker/share/position_tracker/cmake/export_position_tracker__rosidl_generator_pyExport.cmake
[0.434s] -- Up-to-date: /home/karroyabreu/ar4/install/position_tracker/share/position_tracker/cmake/export_position_tracker__rosidl_generator_pyExport-noconfig.cmake
[0.434s] -- Up-to-date: /home/karroyabreu/ar4/install/position_tracker/share/position_tracker/cmake/rosidl_cmake-extras.cmake
[0.434s] -- Up-to-date: /home/karroyabreu/ar4/install/position_tracker/share/position_tracker/cmake/ament_cmake_export_dependencies-extras.cmake
[0.434s] -- Up-to-date: /home/karroyabreu/ar4/install/position_tracker/share/position_tracker/cmake/ament_cmake_export_include_directories-extras.cmake
[0.434s] -- Up-to-date: /home/karroyabreu/ar4/install/position_tracker/share/position_tracker/cmake/ament_cmake_export_libraries-extras.cmake
[0.434s] -- Up-to-date: /home/karroyabreu/ar4/install/position_tracker/share/position_tracker/cmake/ament_cmake_export_targets-extras.cmake
[0.434s] -- Up-to-date: /home/karroyabreu/ar4/install/position_tracker/share/position_tracker/cmake/rosidl_cmake_export_typesupport_targets-extras.cmake
[0.434s] -- Up-to-date: /home/karroyabreu/ar4/install/position_tracker/share/position_tracker/cmake/rosidl_cmake_export_typesupport_libraries-extras.cmake
[0.434s] -- Up-to-date: /home/karroyabreu/ar4/install/position_tracker/share/position_tracker/cmake/position_trackerConfig.cmake
[0.434s] -- Up-to-date: /home/karroyabreu/ar4/install/position_tracker/share/position_tracker/cmake/position_trackerConfig-version.cmake
[0.434s] -- Up-to-date: /home/karroyabreu/ar4/install/position_tracker/share/position_tracker/package.xml
[0.434s] Invoked command in '/home/karroyabreu/ar4/build/position_tracker' returned '0': CMAKE_PREFIX_PATH=${CMAKE_PREFIX_PATH}:/home/karroyabreu/ar4/install/opencv_pkg:/home/karroyabreu/ar4/install/pose_gui:/opt/ros/jazzy DEBUGINFOD_URLS=https://debuginfod.ubuntu.com /usr/bin/cmake --install /home/karroyabreu/ar4/build/position_tracker
