[0.812s] Invoking command in '/home/karroyabreu/ar4/src/opencv_pkg': DEBUGINFOD_URLS=https://debuginfod.ubuntu.com PYTHONPATH=/home/karroyabreu/ar4/build/opencv_pkg/prefix_override:/usr/lib/python3/dist-packages/colcon_core/task/python/colcon_distutils_commands:/home/karroyabreu/ar4/install/opencv_pkg/lib/python3.12/site-packages:${PYTHONPATH} /usr/bin/python3 -W ignore:setup.py install is deprecated -W ignore:easy_install command is deprecated setup.py egg_info --egg-base ../../build/opencv_pkg build --build-base /home/karroyabreu/ar4/build/opencv_pkg/build install --record /home/karroyabreu/ar4/build/opencv_pkg/install.log --single-version-externally-managed install_data
[1.018s] running egg_info
[1.032s] writing ../../build/opencv_pkg/opencv_pkg.egg-info/PKG-INFO
[1.032s] writing dependency_links to ../../build/opencv_pkg/opencv_pkg.egg-info/dependency_links.txt
[1.032s] writing entry points to ../../build/opencv_pkg/opencv_pkg.egg-info/entry_points.txt
[1.032s] writing requirements to ../../build/opencv_pkg/opencv_pkg.egg-info/requires.txt
[1.033s] writing top-level names to ../../build/opencv_pkg/opencv_pkg.egg-info/top_level.txt
[1.066s] reading manifest file '../../build/opencv_pkg/opencv_pkg.egg-info/SOURCES.txt'
[1.066s] writing manifest file '../../build/opencv_pkg/opencv_pkg.egg-info/SOURCES.txt'
[1.066s] running build
[1.067s] running build_py
[1.067s] copying opencv_pkg/hsv_on_click.py -> /home/karroyabreu/ar4/build/opencv_pkg/build/lib/opencv_pkg
[1.067s] running install
[1.072s] running install_lib
[1.089s] copying /home/karroyabreu/ar4/build/opencv_pkg/build/lib/opencv_pkg/hsv_on_click.py -> /home/karroyabreu/ar4/install/opencv_pkg/lib/python3.12/site-packages/opencv_pkg
[1.090s] byte-compiling /home/karroyabreu/ar4/install/opencv_pkg/lib/python3.12/site-packages/opencv_pkg/hsv_on_click.py to hsv_on_click.cpython-312.pyc
[1.090s] running install_data
[1.091s] running install_egg_info
[1.109s] removing '/home/karroyabreu/ar4/install/opencv_pkg/lib/python3.12/site-packages/opencv_pkg-0.0.0-py3.12.egg-info' (and everything under it)
[1.109s] Copying ../../build/opencv_pkg/opencv_pkg.egg-info to /home/karroyabreu/ar4/install/opencv_pkg/lib/python3.12/site-packages/opencv_pkg-0.0.0-py3.12.egg-info
[1.110s] running install_scripts
[1.232s] Installing color_filtering script to /home/karroyabreu/ar4/install/opencv_pkg/lib/opencv_pkg
[1.232s] Installing load_image script to /home/karroyabreu/ar4/install/opencv_pkg/lib/opencv_pkg
[1.232s] Installing load_image_from_camera script to /home/karroyabreu/ar4/install/opencv_pkg/lib/opencv_pkg
[1.232s] writing list of installed files to '/home/karroyabreu/ar4/build/opencv_pkg/install.log'
[1.259s] Invoked command in '/home/karroyabreu/ar4/src/opencv_pkg' returned '0': DEBUGINFOD_URLS=https://debuginfod.ubuntu.com PYTHONPATH=/home/karroyabreu/ar4/build/opencv_pkg/prefix_override:/usr/lib/python3/dist-packages/colcon_core/task/python/colcon_distutils_commands:/home/karroyabreu/ar4/install/opencv_pkg/lib/python3.12/site-packages:${PYTHONPATH} /usr/bin/python3 -W ignore:setup.py install is deprecated -W ignore:easy_install command is deprecated setup.py egg_info --egg-base ../../build/opencv_pkg build --build-base /home/karroyabreu/ar4/build/opencv_pkg/build install --record /home/karroyabreu/ar4/build/opencv_pkg/install.log --single-version-externally-managed install_data
