[0.006s] Invoking command in '/home/karroyabreu/ar4/build/annin_ar4_moveit_config': CMAKE_PREFIX_PATH=/home/karroyabreu/ar4/install/annin_ar4_description:/home/karroyabreu/ar4/install/position_tracker:/usr/local:/home/karroyabreu/ar4/install/programs_cpp:/home/karroyabreu/ar4/install/opencv:/home/karroyabreu/ar4/install/annin_ar4_moveit_config:/home/karroyabreu/ar4/install/annin_ar4_gazebo:/home/karroyabreu/ar4/install/annin_ar4_driver:/home/karroyabreu/workspace/install:/opt/ros/jazzy/opt/gz_sim_vendor:/opt/ros/jazzy/opt/gz_sensors_vendor:/opt/ros/jazzy/opt/gz_physics_vendor:/opt/ros/jazzy/opt/sdformat_vendor:/opt/ros/jazzy/opt/gz_gui_vendor:/opt/ros/jazzy/opt/gz_transport_vendor:/opt/ros/jazzy/opt/gz_rendering_vendor:/opt/ros/jazzy/opt/gz_plugin_vendor:/opt/ros/jazzy/opt/gz_fuel_tools_vendor:/opt/ros/jazzy/opt/gz_msgs_vendor:/opt/ros/jazzy/opt/gz_common_vendor:/opt/ros/jazzy/opt/gz_math_vendor:/opt/ros/jazzy/opt/gz_utils_vendor:/opt/ros/jazzy/opt/gz_tools_vendor:/opt/ros/jazzy/opt/gz_ogre_next_vendor:/opt/ros/jazzy/opt/gz_dartsim_vendor:/opt/ros/jazzy/opt/gz_cmake_vendor:/home/karroyabreu/ar4/install/opencv_pkg:/home/karroyabreu/ar4/install/pose_gui:/opt/ros/jazzy DEBUGINFOD_URLS=https://debuginfod.ubuntu.com /usr/bin/cmake --build /home/karroyabreu/ar4/build/annin_ar4_moveit_config -- -j22 -l22
[0.038s] Invoked command in '/home/karroyabreu/ar4/build/annin_ar4_moveit_config' returned '0': CMAKE_PREFIX_PATH=/home/karroyabreu/ar4/install/annin_ar4_description:/home/karroyabreu/ar4/install/position_tracker:/usr/local:/home/karroyabreu/ar4/install/programs_cpp:/home/karroyabreu/ar4/install/opencv:/home/karroyabreu/ar4/install/annin_ar4_moveit_config:/home/karroyabreu/ar4/install/annin_ar4_gazebo:/home/karroyabreu/ar4/install/annin_ar4_driver:/home/karroyabreu/workspace/install:/opt/ros/jazzy/opt/gz_sim_vendor:/opt/ros/jazzy/opt/gz_sensors_vendor:/opt/ros/jazzy/opt/gz_physics_vendor:/opt/ros/jazzy/opt/sdformat_vendor:/opt/ros/jazzy/opt/gz_gui_vendor:/opt/ros/jazzy/opt/gz_transport_vendor:/opt/ros/jazzy/opt/gz_rendering_vendor:/opt/ros/jazzy/opt/gz_plugin_vendor:/opt/ros/jazzy/opt/gz_fuel_tools_vendor:/opt/ros/jazzy/opt/gz_msgs_vendor:/opt/ros/jazzy/opt/gz_common_vendor:/opt/ros/jazzy/opt/gz_math_vendor:/opt/ros/jazzy/opt/gz_utils_vendor:/opt/ros/jazzy/opt/gz_tools_vendor:/opt/ros/jazzy/opt/gz_ogre_next_vendor:/opt/ros/jazzy/opt/gz_dartsim_vendor:/opt/ros/jazzy/opt/gz_cmake_vendor:/home/karroyabreu/ar4/install/opencv_pkg:/home/karroyabreu/ar4/install/pose_gui:/opt/ros/jazzy DEBUGINFOD_URLS=https://debuginfod.ubuntu.com /usr/bin/cmake --build /home/karroyabreu/ar4/build/annin_ar4_moveit_config -- -j22 -l22
[0.039s] Invoking command in '/home/karroyabreu/ar4/build/annin_ar4_moveit_config': CMAKE_PREFIX_PATH=/home/karroyabreu/ar4/install/annin_ar4_description:/home/karroyabreu/ar4/install/position_tracker:/usr/local:/home/karroyabreu/ar4/install/programs_cpp:/home/karroyabreu/ar4/install/opencv:/home/karroyabreu/ar4/install/annin_ar4_moveit_config:/home/karroyabreu/ar4/install/annin_ar4_gazebo:/home/karroyabreu/ar4/install/annin_ar4_driver:/home/karroyabreu/workspace/install:/opt/ros/jazzy/opt/gz_sim_vendor:/opt/ros/jazzy/opt/gz_sensors_vendor:/opt/ros/jazzy/opt/gz_physics_vendor:/opt/ros/jazzy/opt/sdformat_vendor:/opt/ros/jazzy/opt/gz_gui_vendor:/opt/ros/jazzy/opt/gz_transport_vendor:/opt/ros/jazzy/opt/gz_rendering_vendor:/opt/ros/jazzy/opt/gz_plugin_vendor:/opt/ros/jazzy/opt/gz_fuel_tools_vendor:/opt/ros/jazzy/opt/gz_msgs_vendor:/opt/ros/jazzy/opt/gz_common_vendor:/opt/ros/jazzy/opt/gz_math_vendor:/opt/ros/jazzy/opt/gz_utils_vendor:/opt/ros/jazzy/opt/gz_tools_vendor:/opt/ros/jazzy/opt/gz_ogre_next_vendor:/opt/ros/jazzy/opt/gz_dartsim_vendor:/opt/ros/jazzy/opt/gz_cmake_vendor:/home/karroyabreu/ar4/install/opencv_pkg:/home/karroyabreu/ar4/install/pose_gui:/opt/ros/jazzy DEBUGINFOD_URLS=https://debuginfod.ubuntu.com /usr/bin/cmake --install /home/karroyabreu/ar4/build/annin_ar4_moveit_config
[0.047s] -- Install configuration: ""
[0.047s] -- Up-to-date: /home/karroyabreu/ar4/install/annin_ar4_moveit_config/share/annin_ar4_moveit_config/config
[0.047s] -- Up-to-date: /home/karroyabreu/ar4/install/annin_ar4_moveit_config/share/annin_ar4_moveit_config/config/joint_limits.yaml
[0.047s] -- Up-to-date: /home/karroyabreu/ar4/install/annin_ar4_moveit_config/share/annin_ar4_moveit_config/config/ompl_planning.yaml
[0.047s] -- Up-to-date: /home/karroyabreu/ar4/install/annin_ar4_moveit_config/share/annin_ar4_moveit_config/config/pilz_planning.yaml
[0.047s] -- Up-to-date: /home/karroyabreu/ar4/install/annin_ar4_moveit_config/share/annin_ar4_moveit_config/config/controllers.yaml
[0.047s] -- Up-to-date: /home/karroyabreu/ar4/install/annin_ar4_moveit_config/share/annin_ar4_moveit_config/config/kinematics.yaml
[0.047s] -- Up-to-date: /home/karroyabreu/ar4/install/annin_ar4_moveit_config/share/annin_ar4_moveit_config/config/moveit_servo.yaml
[0.047s] -- Up-to-date: /home/karroyabreu/ar4/install/annin_ar4_moveit_config/share/annin_ar4_moveit_config/launch
[0.047s] -- Up-to-date: /home/karroyabreu/ar4/install/annin_ar4_moveit_config/share/annin_ar4_moveit_config/launch/moveit.launch.py
[0.047s] -- Up-to-date: /home/karroyabreu/ar4/install/annin_ar4_moveit_config/share/annin_ar4_moveit_config/launch/demo.launch.py
[0.047s] -- Up-to-date: /home/karroyabreu/ar4/install/annin_ar4_moveit_config/share/annin_ar4_moveit_config/rviz
[0.047s] -- Up-to-date: /home/karroyabreu/ar4/install/annin_ar4_moveit_config/share/annin_ar4_moveit_config/rviz/moveit_with_camera.rviz
[0.047s] -- Up-to-date: /home/karroyabreu/ar4/install/annin_ar4_moveit_config/share/annin_ar4_moveit_config/rviz/moveit.rviz
[0.047s] -- Up-to-date: /home/karroyabreu/ar4/install/annin_ar4_moveit_config/share/annin_ar4_moveit_config/srdf
[0.047s] -- Up-to-date: /home/karroyabreu/ar4/install/annin_ar4_moveit_config/share/annin_ar4_moveit_config/srdf/ar_macro.srdf.xacro
[0.048s] -- Up-to-date: /home/karroyabreu/ar4/install/annin_ar4_moveit_config/share/annin_ar4_moveit_config/srdf/ar.srdf.xacro
[0.048s] -- Up-to-date: /home/karroyabreu/ar4/install/annin_ar4_moveit_config/share/annin_ar4_moveit_config/srdf/ar_gripper_macro.srdf.xacro
[0.048s] -- Up-to-date: /home/karroyabreu/ar4/install/annin_ar4_moveit_config/share/annin_ar4_moveit_config/urdf
[0.048s] -- Up-to-date: /home/karroyabreu/ar4/install/annin_ar4_moveit_config/share/annin_ar4_moveit_config/urdf/fake_ar.urdf.xacro
[0.048s] -- Up-to-date: /home/karroyabreu/ar4/install/annin_ar4_moveit_config/share/ament_index/resource_index/package_run_dependencies/annin_ar4_moveit_config
[0.048s] -- Up-to-date: /home/karroyabreu/ar4/install/annin_ar4_moveit_config/share/ament_index/resource_index/parent_prefix_path/annin_ar4_moveit_config
[0.048s] -- Up-to-date: /home/karroyabreu/ar4/install/annin_ar4_moveit_config/share/annin_ar4_moveit_config/environment/ament_prefix_path.sh
[0.048s] -- Up-to-date: /home/karroyabreu/ar4/install/annin_ar4_moveit_config/share/annin_ar4_moveit_config/environment/ament_prefix_path.dsv
[0.048s] -- Up-to-date: /home/karroyabreu/ar4/install/annin_ar4_moveit_config/share/annin_ar4_moveit_config/environment/path.sh
[0.048s] -- Up-to-date: /home/karroyabreu/ar4/install/annin_ar4_moveit_config/share/annin_ar4_moveit_config/environment/path.dsv
[0.048s] -- Up-to-date: /home/karroyabreu/ar4/install/annin_ar4_moveit_config/share/annin_ar4_moveit_config/local_setup.bash
[0.048s] -- Up-to-date: /home/karroyabreu/ar4/install/annin_ar4_moveit_config/share/annin_ar4_moveit_config/local_setup.sh
[0.048s] -- Up-to-date: /home/karroyabreu/ar4/install/annin_ar4_moveit_config/share/annin_ar4_moveit_config/local_setup.zsh
[0.048s] -- Up-to-date: /home/karroyabreu/ar4/install/annin_ar4_moveit_config/share/annin_ar4_moveit_config/local_setup.dsv
[0.048s] -- Up-to-date: /home/karroyabreu/ar4/install/annin_ar4_moveit_config/share/annin_ar4_moveit_config/package.dsv
[0.048s] -- Up-to-date: /home/karroyabreu/ar4/install/annin_ar4_moveit_config/share/ament_index/resource_index/packages/annin_ar4_moveit_config
[0.048s] -- Up-to-date: /home/karroyabreu/ar4/install/annin_ar4_moveit_config/share/annin_ar4_moveit_config/cmake/annin_ar4_moveit_configConfig.cmake
[0.048s] -- Up-to-date: /home/karroyabreu/ar4/install/annin_ar4_moveit_config/share/annin_ar4_moveit_config/cmake/annin_ar4_moveit_configConfig-version.cmake
[0.048s] -- Up-to-date: /home/karroyabreu/ar4/install/annin_ar4_moveit_config/share/annin_ar4_moveit_config/package.xml
[0.049s] Invoked command in '/home/karroyabreu/ar4/build/annin_ar4_moveit_config' returned '0': CMAKE_PREFIX_PATH=/home/karroyabreu/ar4/install/annin_ar4_description:/home/karroyabreu/ar4/install/position_tracker:/usr/local:/home/karroyabreu/ar4/install/programs_cpp:/home/karroyabreu/ar4/install/opencv:/home/karroyabreu/ar4/install/annin_ar4_moveit_config:/home/karroyabreu/ar4/install/annin_ar4_gazebo:/home/karroyabreu/ar4/install/annin_ar4_driver:/home/karroyabreu/workspace/install:/opt/ros/jazzy/opt/gz_sim_vendor:/opt/ros/jazzy/opt/gz_sensors_vendor:/opt/ros/jazzy/opt/gz_physics_vendor:/opt/ros/jazzy/opt/sdformat_vendor:/opt/ros/jazzy/opt/gz_gui_vendor:/opt/ros/jazzy/opt/gz_transport_vendor:/opt/ros/jazzy/opt/gz_rendering_vendor:/opt/ros/jazzy/opt/gz_plugin_vendor:/opt/ros/jazzy/opt/gz_fuel_tools_vendor:/opt/ros/jazzy/opt/gz_msgs_vendor:/opt/ros/jazzy/opt/gz_common_vendor:/opt/ros/jazzy/opt/gz_math_vendor:/opt/ros/jazzy/opt/gz_utils_vendor:/opt/ros/jazzy/opt/gz_tools_vendor:/opt/ros/jazzy/opt/gz_ogre_next_vendor:/opt/ros/jazzy/opt/gz_dartsim_vendor:/opt/ros/jazzy/opt/gz_cmake_vendor:/home/karroyabreu/ar4/install/opencv_pkg:/home/karroyabreu/ar4/install/pose_gui:/opt/ros/jazzy DEBUGINFOD_URLS=https://debuginfod.ubuntu.com /usr/bin/cmake --install /home/karroyabreu/ar4/build/annin_ar4_moveit_config
