[0.060s] DEBUG:colcon:Command line arguments: ['/usr/bin/colcon', 'build', '--packages-select', 'position_tracker', '--event-handlers', 'console_direct+']
[0.060s] DEBUG:colcon:Parsed command line arguments: Namespace(log_base=None, log_level=None, verb_name='build', build_base='build', install_base='install', merge_install=False, symlink_install=False, test_result_base=None, continue_on_error=False, executor='parallel', parallel_workers=22, event_handlers=['console_direct+'], ignore_user_meta=False, metas=['./colcon.meta'], base_paths=['.'], packages_ignore=None, packages_ignore_regex=None, paths=None, packages_up_to=None, packages_up_to_regex=None, packages_above=None, packages_above_and_dependencies=None, packages_above_depth=None, packages_select_by_dep=None, packages_skip_by_dep=None, packages_skip_up_to=None, packages_select_build_failed=False, packages_skip_build_finished=False, packages_select_test_failures=False, packages_skip_test_passed=False, packages_select=['position_tracker'], packages_skip=None, packages_select_regex=None, packages_skip_regex=None, packages_start=None, packages_end=None, allow_overriding=[], cmake_args=None, cmake_target=None, cmake_target_skip_unavailable=False, cmake_clean_cache=False, cmake_clean_first=False, cmake_force_configure=False, ament_cmake_args=None, catkin_cmake_args=None, catkin_skip_building_tests=False, mixin_files=None, mixin=None, verb_parser=<colcon_mixin.mixin.mixin_argument.MixinArgumentDecorator object at 0x77496fd86cf0>, verb_extension=<colcon_core.verb.build.BuildVerb object at 0x77496fd869c0>, main=<bound method BuildVerb.main of <colcon_core.verb.build.BuildVerb object at 0x77496fd869c0>>, mixin_verb=('build',))
[0.081s] Level 1:colcon.colcon_core.package_discovery:discover_packages(colcon_meta) check parameters
[0.081s] Level 1:colcon.colcon_core.package_discovery:discover_packages(recursive) check parameters
[0.081s] Level 1:colcon.colcon_core.package_discovery:discover_packages(ignore) check parameters
[0.081s] Level 1:colcon.colcon_core.package_discovery:discover_packages(path) check parameters
[0.081s] Level 1:colcon.colcon_core.package_discovery:discover_packages(colcon_meta) discover
[0.081s] Level 1:colcon.colcon_core.package_discovery:discover_packages(recursive) discover
[0.081s] INFO:colcon.colcon_core.package_discovery:Crawling recursively for packages in '/home/karroyabreu/ar4'
[0.081s] Level 1:colcon.colcon_core.package_identification:_identify(.) by extensions ['ignore', 'ignore_ament_install']
[0.081s] Level 1:colcon.colcon_core.package_identification:_identify(.) by extension 'ignore'
[0.081s] Level 1:colcon.colcon_core.package_identification:_identify(.) by extension 'ignore_ament_install'
[0.081s] Level 1:colcon.colcon_core.package_identification:_identify(.) by extensions ['colcon_pkg']
[0.081s] Level 1:colcon.colcon_core.package_identification:_identify(.) by extension 'colcon_pkg'
[0.081s] Level 1:colcon.colcon_core.package_identification:_identify(.) by extensions ['colcon_meta']
[0.081s] Level 1:colcon.colcon_core.package_identification:_identify(.) by extension 'colcon_meta'
[0.081s] Level 1:colcon.colcon_core.package_identification:_identify(.) by extensions ['ros']
[0.081s] Level 1:colcon.colcon_core.package_identification:_identify(.) by extension 'ros'
[0.097s] Level 1:colcon.colcon_core.package_identification:_identify(.) by extensions ['cmake', 'python']
[0.097s] Level 1:colcon.colcon_core.package_identification:_identify(.) by extension 'cmake'
[0.097s] Level 1:colcon.colcon_core.package_identification:_identify(.) by extension 'python'
[0.097s] Level 1:colcon.colcon_core.package_identification:_identify(.) by extensions ['python_setup_py']
[0.097s] Level 1:colcon.colcon_core.package_identification:_identify(.) by extension 'python_setup_py'
[0.097s] Level 1:colcon.colcon_core.package_identification:_identify(build) by extensions ['ignore', 'ignore_ament_install']
[0.097s] Level 1:colcon.colcon_core.package_identification:_identify(build) by extension 'ignore'
[0.097s] Level 1:colcon.colcon_core.package_identification:_identify(build) ignored
[0.097s] Level 1:colcon.colcon_core.package_identification:_identify(install) by extensions ['ignore', 'ignore_ament_install']
[0.097s] Level 1:colcon.colcon_core.package_identification:_identify(install) by extension 'ignore'
[0.097s] Level 1:colcon.colcon_core.package_identification:_identify(install) ignored
[0.097s] Level 1:colcon.colcon_core.package_identification:_identify(log) by extensions ['ignore', 'ignore_ament_install']
[0.097s] Level 1:colcon.colcon_core.package_identification:_identify(log) by extension 'ignore'
[0.097s] Level 1:colcon.colcon_core.package_identification:_identify(log) ignored
[0.097s] Level 1:colcon.colcon_core.package_identification:_identify(src) by extensions ['ignore', 'ignore_ament_install']
[0.097s] Level 1:colcon.colcon_core.package_identification:_identify(src) by extension 'ignore'
[0.097s] Level 1:colcon.colcon_core.package_identification:_identify(src) by extension 'ignore_ament_install'
[0.097s] Level 1:colcon.colcon_core.package_identification:_identify(src) by extensions ['colcon_pkg']
[0.097s] Level 1:colcon.colcon_core.package_identification:_identify(src) by extension 'colcon_pkg'
[0.097s] Level 1:colcon.colcon_core.package_identification:_identify(src) by extensions ['colcon_meta']
[0.097s] Level 1:colcon.colcon_core.package_identification:_identify(src) by extension 'colcon_meta'
[0.097s] Level 1:colcon.colcon_core.package_identification:_identify(src) by extensions ['ros']
[0.098s] Level 1:colcon.colcon_core.package_identification:_identify(src) by extension 'ros'
[0.098s] Level 1:colcon.colcon_core.package_identification:_identify(src) by extensions ['cmake', 'python']
[0.098s] Level 1:colcon.colcon_core.package_identification:_identify(src) by extension 'cmake'
[0.098s] Level 1:colcon.colcon_core.package_identification:_identify(src) by extension 'python'
[0.098s] Level 1:colcon.colcon_core.package_identification:_identify(src) by extensions ['python_setup_py']
[0.098s] Level 1:colcon.colcon_core.package_identification:_identify(src) by extension 'python_setup_py'
[0.098s] Level 1:colcon.colcon_core.package_identification:_identify(src/ar4_ros_driver) by extensions ['ignore', 'ignore_ament_install']
[0.098s] Level 1:colcon.colcon_core.package_identification:_identify(src/ar4_ros_driver) by extension 'ignore'
[0.098s] Level 1:colcon.colcon_core.package_identification:_identify(src/ar4_ros_driver) by extension 'ignore_ament_install'
[0.098s] Level 1:colcon.colcon_core.package_identification:_identify(src/ar4_ros_driver) by extensions ['colcon_pkg']
[0.098s] Level 1:colcon.colcon_core.package_identification:_identify(src/ar4_ros_driver) by extension 'colcon_pkg'
[0.098s] Level 1:colcon.colcon_core.package_identification:_identify(src/ar4_ros_driver) by extensions ['colcon_meta']
[0.098s] Level 1:colcon.colcon_core.package_identification:_identify(src/ar4_ros_driver) by extension 'colcon_meta'
[0.098s] Level 1:colcon.colcon_core.package_identification:_identify(src/ar4_ros_driver) by extensions ['ros']
[0.098s] Level 1:colcon.colcon_core.package_identification:_identify(src/ar4_ros_driver) by extension 'ros'
[0.098s] Level 1:colcon.colcon_core.package_identification:_identify(src/ar4_ros_driver) by extensions ['cmake', 'python']
[0.098s] Level 1:colcon.colcon_core.package_identification:_identify(src/ar4_ros_driver) by extension 'cmake'
[0.098s] Level 1:colcon.colcon_core.package_identification:_identify(src/ar4_ros_driver) by extension 'python'
[0.098s] Level 1:colcon.colcon_core.package_identification:_identify(src/ar4_ros_driver) by extensions ['python_setup_py']
[0.098s] Level 1:colcon.colcon_core.package_identification:_identify(src/ar4_ros_driver) by extension 'python_setup_py'
[0.098s] Level 1:colcon.colcon_core.package_identification:_identify(src/ar4_ros_driver/annin_ar4_description) by extensions ['ignore', 'ignore_ament_install']
[0.098s] Level 1:colcon.colcon_core.package_identification:_identify(src/ar4_ros_driver/annin_ar4_description) by extension 'ignore'
[0.098s] Level 1:colcon.colcon_core.package_identification:_identify(src/ar4_ros_driver/annin_ar4_description) by extension 'ignore_ament_install'
[0.098s] Level 1:colcon.colcon_core.package_identification:_identify(src/ar4_ros_driver/annin_ar4_description) by extensions ['colcon_pkg']
[0.098s] Level 1:colcon.colcon_core.package_identification:_identify(src/ar4_ros_driver/annin_ar4_description) by extension 'colcon_pkg'
[0.098s] Level 1:colcon.colcon_core.package_identification:_identify(src/ar4_ros_driver/annin_ar4_description) by extensions ['colcon_meta']
[0.098s] Level 1:colcon.colcon_core.package_identification:_identify(src/ar4_ros_driver/annin_ar4_description) by extension 'colcon_meta'
[0.098s] Level 1:colcon.colcon_core.package_identification:_identify(src/ar4_ros_driver/annin_ar4_description) by extensions ['ros']
[0.098s] Level 1:colcon.colcon_core.package_identification:_identify(src/ar4_ros_driver/annin_ar4_description) by extension 'ros'
[0.099s] DEBUG:colcon.colcon_core.package_identification:Package 'src/ar4_ros_driver/annin_ar4_description' with type 'ros.ament_cmake' and name 'annin_ar4_description'
[0.099s] Level 1:colcon.colcon_core.package_identification:_identify(src/ar4_ros_driver/annin_ar4_driver) by extensions ['ignore', 'ignore_ament_install']
[0.100s] Level 1:colcon.colcon_core.package_identification:_identify(src/ar4_ros_driver/annin_ar4_driver) by extension 'ignore'
[0.100s] Level 1:colcon.colcon_core.package_identification:_identify(src/ar4_ros_driver/annin_ar4_driver) by extension 'ignore_ament_install'
[0.100s] Level 1:colcon.colcon_core.package_identification:_identify(src/ar4_ros_driver/annin_ar4_driver) by extensions ['colcon_pkg']
[0.100s] Level 1:colcon.colcon_core.package_identification:_identify(src/ar4_ros_driver/annin_ar4_driver) by extension 'colcon_pkg'
[0.100s] Level 1:colcon.colcon_core.package_identification:_identify(src/ar4_ros_driver/annin_ar4_driver) by extensions ['colcon_meta']
[0.100s] Level 1:colcon.colcon_core.package_identification:_identify(src/ar4_ros_driver/annin_ar4_driver) by extension 'colcon_meta'
[0.100s] Level 1:colcon.colcon_core.package_identification:_identify(src/ar4_ros_driver/annin_ar4_driver) by extensions ['ros']
[0.100s] Level 1:colcon.colcon_core.package_identification:_identify(src/ar4_ros_driver/annin_ar4_driver) by extension 'ros'
[0.100s] DEBUG:colcon.colcon_core.package_identification:Package 'src/ar4_ros_driver/annin_ar4_driver' with type 'ros.ament_cmake' and name 'annin_ar4_driver'
[0.100s] Level 1:colcon.colcon_core.package_identification:_identify(src/ar4_ros_driver/annin_ar4_firmware) by extensions ['ignore', 'ignore_ament_install']
[0.100s] Level 1:colcon.colcon_core.package_identification:_identify(src/ar4_ros_driver/annin_ar4_firmware) by extension 'ignore'
[0.100s] Level 1:colcon.colcon_core.package_identification:_identify(src/ar4_ros_driver/annin_ar4_firmware) by extension 'ignore_ament_install'
[0.100s] Level 1:colcon.colcon_core.package_identification:_identify(src/ar4_ros_driver/annin_ar4_firmware) by extensions ['colcon_pkg']
[0.100s] Level 1:colcon.colcon_core.package_identification:_identify(src/ar4_ros_driver/annin_ar4_firmware) by extension 'colcon_pkg'
[0.100s] Level 1:colcon.colcon_core.package_identification:_identify(src/ar4_ros_driver/annin_ar4_firmware) by extensions ['colcon_meta']
[0.100s] Level 1:colcon.colcon_core.package_identification:_identify(src/ar4_ros_driver/annin_ar4_firmware) by extension 'colcon_meta'
[0.100s] Level 1:colcon.colcon_core.package_identification:_identify(src/ar4_ros_driver/annin_ar4_firmware) by extensions ['ros']
[0.100s] Level 1:colcon.colcon_core.package_identification:_identify(src/ar4_ros_driver/annin_ar4_firmware) by extension 'ros'
[0.100s] Level 1:colcon.colcon_core.package_identification:_identify(src/ar4_ros_driver/annin_ar4_firmware) by extensions ['cmake', 'python']
[0.100s] Level 1:colcon.colcon_core.package_identification:_identify(src/ar4_ros_driver/annin_ar4_firmware) by extension 'cmake'
[0.100s] Level 1:colcon.colcon_core.package_identification:_identify(src/ar4_ros_driver/annin_ar4_firmware) by extension 'python'
[0.100s] Level 1:colcon.colcon_core.package_identification:_identify(src/ar4_ros_driver/annin_ar4_firmware) by extensions ['python_setup_py']
[0.101s] Level 1:colcon.colcon_core.package_identification:_identify(src/ar4_ros_driver/annin_ar4_firmware) by extension 'python_setup_py'
[0.101s] Level 1:colcon.colcon_core.package_identification:_identify(src/ar4_ros_driver/annin_ar4_firmware/AR4_nano) by extensions ['ignore', 'ignore_ament_install']
[0.101s] Level 1:colcon.colcon_core.package_identification:_identify(src/ar4_ros_driver/annin_ar4_firmware/AR4_nano) by extension 'ignore'
[0.101s] Level 1:colcon.colcon_core.package_identification:_identify(src/ar4_ros_driver/annin_ar4_firmware/AR4_nano) by extension 'ignore_ament_install'
[0.101s] Level 1:colcon.colcon_core.package_identification:_identify(src/ar4_ros_driver/annin_ar4_firmware/AR4_nano) by extensions ['colcon_pkg']
[0.101s] Level 1:colcon.colcon_core.package_identification:_identify(src/ar4_ros_driver/annin_ar4_firmware/AR4_nano) by extension 'colcon_pkg'
[0.101s] Level 1:colcon.colcon_core.package_identification:_identify(src/ar4_ros_driver/annin_ar4_firmware/AR4_nano) by extensions ['colcon_meta']
[0.101s] Level 1:colcon.colcon_core.package_identification:_identify(src/ar4_ros_driver/annin_ar4_firmware/AR4_nano) by extension 'colcon_meta'
[0.101s] Level 1:colcon.colcon_core.package_identification:_identify(src/ar4_ros_driver/annin_ar4_firmware/AR4_nano) by extensions ['ros']
[0.101s] Level 1:colcon.colcon_core.package_identification:_identify(src/ar4_ros_driver/annin_ar4_firmware/AR4_nano) by extension 'ros'
[0.101s] Level 1:colcon.colcon_core.package_identification:_identify(src/ar4_ros_driver/annin_ar4_firmware/AR4_nano) by extensions ['cmake', 'python']
[0.101s] Level 1:colcon.colcon_core.package_identification:_identify(src/ar4_ros_driver/annin_ar4_firmware/AR4_nano) by extension 'cmake'
[0.101s] Level 1:colcon.colcon_core.package_identification:_identify(src/ar4_ros_driver/annin_ar4_firmware/AR4_nano) by extension 'python'
[0.101s] Level 1:colcon.colcon_core.package_identification:_identify(src/ar4_ros_driver/annin_ar4_firmware/AR4_nano) by extensions ['python_setup_py']
[0.101s] Level 1:colcon.colcon_core.package_identification:_identify(src/ar4_ros_driver/annin_ar4_firmware/AR4_nano) by extension 'python_setup_py'
[0.101s] Level 1:colcon.colcon_core.package_identification:_identify(src/ar4_ros_driver/annin_ar4_firmware/AR4_teensy) by extensions ['ignore', 'ignore_ament_install']
[0.101s] Level 1:colcon.colcon_core.package_identification:_identify(src/ar4_ros_driver/annin_ar4_firmware/AR4_teensy) by extension 'ignore'
[0.101s] Level 1:colcon.colcon_core.package_identification:_identify(src/ar4_ros_driver/annin_ar4_firmware/AR4_teensy) by extension 'ignore_ament_install'
[0.101s] Level 1:colcon.colcon_core.package_identification:_identify(src/ar4_ros_driver/annin_ar4_firmware/AR4_teensy) by extensions ['colcon_pkg']
[0.101s] Level 1:colcon.colcon_core.package_identification:_identify(src/ar4_ros_driver/annin_ar4_firmware/AR4_teensy) by extension 'colcon_pkg'
[0.101s] Level 1:colcon.colcon_core.package_identification:_identify(src/ar4_ros_driver/annin_ar4_firmware/AR4_teensy) by extensions ['colcon_meta']
[0.101s] Level 1:colcon.colcon_core.package_identification:_identify(src/ar4_ros_driver/annin_ar4_firmware/AR4_teensy) by extension 'colcon_meta'
[0.101s] Level 1:colcon.colcon_core.package_identification:_identify(src/ar4_ros_driver/annin_ar4_firmware/AR4_teensy) by extensions ['ros']
[0.101s] Level 1:colcon.colcon_core.package_identification:_identify(src/ar4_ros_driver/annin_ar4_firmware/AR4_teensy) by extension 'ros'
[0.101s] Level 1:colcon.colcon_core.package_identification:_identify(src/ar4_ros_driver/annin_ar4_firmware/AR4_teensy) by extensions ['cmake', 'python']
[0.101s] Level 1:colcon.colcon_core.package_identification:_identify(src/ar4_ros_driver/annin_ar4_firmware/AR4_teensy) by extension 'cmake'
[0.101s] Level 1:colcon.colcon_core.package_identification:_identify(src/ar4_ros_driver/annin_ar4_firmware/AR4_teensy) by extension 'python'
[0.101s] Level 1:colcon.colcon_core.package_identification:_identify(src/ar4_ros_driver/annin_ar4_firmware/AR4_teensy) by extensions ['python_setup_py']
[0.101s] Level 1:colcon.colcon_core.package_identification:_identify(src/ar4_ros_driver/annin_ar4_firmware/AR4_teensy) by extension 'python_setup_py'
[0.101s] Level 1:colcon.colcon_core.package_identification:_identify(src/ar4_ros_driver/annin_ar4_gazebo) by extensions ['ignore', 'ignore_ament_install']
[0.101s] Level 1:colcon.colcon_core.package_identification:_identify(src/ar4_ros_driver/annin_ar4_gazebo) by extension 'ignore'
[0.101s] Level 1:colcon.colcon_core.package_identification:_identify(src/ar4_ros_driver/annin_ar4_gazebo) by extension 'ignore_ament_install'
[0.101s] Level 1:colcon.colcon_core.package_identification:_identify(src/ar4_ros_driver/annin_ar4_gazebo) by extensions ['colcon_pkg']
[0.101s] Level 1:colcon.colcon_core.package_identification:_identify(src/ar4_ros_driver/annin_ar4_gazebo) by extension 'colcon_pkg'
[0.101s] Level 1:colcon.colcon_core.package_identification:_identify(src/ar4_ros_driver/annin_ar4_gazebo) by extensions ['colcon_meta']
[0.101s] Level 1:colcon.colcon_core.package_identification:_identify(src/ar4_ros_driver/annin_ar4_gazebo) by extension 'colcon_meta'
[0.101s] Level 1:colcon.colcon_core.package_identification:_identify(src/ar4_ros_driver/annin_ar4_gazebo) by extensions ['ros']
[0.101s] Level 1:colcon.colcon_core.package_identification:_identify(src/ar4_ros_driver/annin_ar4_gazebo) by extension 'ros'
[0.102s] DEBUG:colcon.colcon_core.package_identification:Package 'src/ar4_ros_driver/annin_ar4_gazebo' with type 'ros.ament_cmake' and name 'annin_ar4_gazebo'
[0.102s] Level 1:colcon.colcon_core.package_identification:_identify(src/ar4_ros_driver/annin_ar4_moveit_config) by extensions ['ignore', 'ignore_ament_install']
[0.102s] Level 1:colcon.colcon_core.package_identification:_identify(src/ar4_ros_driver/annin_ar4_moveit_config) by extension 'ignore'
[0.102s] Level 1:colcon.colcon_core.package_identification:_identify(src/ar4_ros_driver/annin_ar4_moveit_config) by extension 'ignore_ament_install'
[0.102s] Level 1:colcon.colcon_core.package_identification:_identify(src/ar4_ros_driver/annin_ar4_moveit_config) by extensions ['colcon_pkg']
[0.102s] Level 1:colcon.colcon_core.package_identification:_identify(src/ar4_ros_driver/annin_ar4_moveit_config) by extension 'colcon_pkg'
[0.102s] Level 1:colcon.colcon_core.package_identification:_identify(src/ar4_ros_driver/annin_ar4_moveit_config) by extensions ['colcon_meta']
[0.102s] Level 1:colcon.colcon_core.package_identification:_identify(src/ar4_ros_driver/annin_ar4_moveit_config) by extension 'colcon_meta'
[0.102s] Level 1:colcon.colcon_core.package_identification:_identify(src/ar4_ros_driver/annin_ar4_moveit_config) by extensions ['ros']
[0.102s] Level 1:colcon.colcon_core.package_identification:_identify(src/ar4_ros_driver/annin_ar4_moveit_config) by extension 'ros'
[0.102s] DEBUG:colcon.colcon_core.package_identification:Package 'src/ar4_ros_driver/annin_ar4_moveit_config' with type 'ros.ament_cmake' and name 'annin_ar4_moveit_config'
[0.102s] Level 1:colcon.colcon_core.package_identification:_identify(src/ar4_ros_driver/docs) by extensions ['ignore', 'ignore_ament_install']
[0.102s] Level 1:colcon.colcon_core.package_identification:_identify(src/ar4_ros_driver/docs) by extension 'ignore'
[0.102s] Level 1:colcon.colcon_core.package_identification:_identify(src/ar4_ros_driver/docs) by extension 'ignore_ament_install'
[0.102s] Level 1:colcon.colcon_core.package_identification:_identify(src/ar4_ros_driver/docs) by extensions ['colcon_pkg']
[0.102s] Level 1:colcon.colcon_core.package_identification:_identify(src/ar4_ros_driver/docs) by extension 'colcon_pkg'
[0.102s] Level 1:colcon.colcon_core.package_identification:_identify(src/ar4_ros_driver/docs) by extensions ['colcon_meta']
[0.102s] Level 1:colcon.colcon_core.package_identification:_identify(src/ar4_ros_driver/docs) by extension 'colcon_meta'
[0.102s] Level 1:colcon.colcon_core.package_identification:_identify(src/ar4_ros_driver/docs) by extensions ['ros']
[0.102s] Level 1:colcon.colcon_core.package_identification:_identify(src/ar4_ros_driver/docs) by extension 'ros'
[0.102s] Level 1:colcon.colcon_core.package_identification:_identify(src/ar4_ros_driver/docs) by extensions ['cmake', 'python']
[0.102s] Level 1:colcon.colcon_core.package_identification:_identify(src/ar4_ros_driver/docs) by extension 'cmake'
[0.102s] Level 1:colcon.colcon_core.package_identification:_identify(src/ar4_ros_driver/docs) by extension 'python'
[0.102s] Level 1:colcon.colcon_core.package_identification:_identify(src/ar4_ros_driver/docs) by extensions ['python_setup_py']
[0.102s] Level 1:colcon.colcon_core.package_identification:_identify(src/ar4_ros_driver/docs) by extension 'python_setup_py'
[0.103s] Level 1:colcon.colcon_core.package_identification:_identify(src/log) by extensions ['ignore', 'ignore_ament_install']
[0.103s] Level 1:colcon.colcon_core.package_identification:_identify(src/log) by extension 'ignore'
[0.103s] Level 1:colcon.colcon_core.package_identification:_identify(src/log) ignored
[0.103s] Level 1:colcon.colcon_core.package_identification:_identify(src/opencv_pkg) by extensions ['ignore', 'ignore_ament_install']
[0.103s] Level 1:colcon.colcon_core.package_identification:_identify(src/opencv_pkg) by extension 'ignore'
[0.103s] Level 1:colcon.colcon_core.package_identification:_identify(src/opencv_pkg) by extension 'ignore_ament_install'
[0.103s] Level 1:colcon.colcon_core.package_identification:_identify(src/opencv_pkg) by extensions ['colcon_pkg']
[0.103s] Level 1:colcon.colcon_core.package_identification:_identify(src/opencv_pkg) by extension 'colcon_pkg'
[0.103s] Level 1:colcon.colcon_core.package_identification:_identify(src/opencv_pkg) by extensions ['colcon_meta']
[0.103s] Level 1:colcon.colcon_core.package_identification:_identify(src/opencv_pkg) by extension 'colcon_meta'
[0.103s] Level 1:colcon.colcon_core.package_identification:_identify(src/opencv_pkg) by extensions ['ros']
[0.103s] Level 1:colcon.colcon_core.package_identification:_identify(src/opencv_pkg) by extension 'ros'
[0.103s] DEBUG:colcon.colcon_core.package_identification:Package 'src/opencv_pkg' with type 'ros.ament_python' and name 'opencv_pkg'
[0.103s] Level 1:colcon.colcon_core.package_identification:_identify(src/pose_gui) by extensions ['ignore', 'ignore_ament_install']
[0.103s] Level 1:colcon.colcon_core.package_identification:_identify(src/pose_gui) by extension 'ignore'
[0.103s] Level 1:colcon.colcon_core.package_identification:_identify(src/pose_gui) by extension 'ignore_ament_install'
[0.103s] Level 1:colcon.colcon_core.package_identification:_identify(src/pose_gui) by extensions ['colcon_pkg']
[0.103s] Level 1:colcon.colcon_core.package_identification:_identify(src/pose_gui) by extension 'colcon_pkg'
[0.103s] Level 1:colcon.colcon_core.package_identification:_identify(src/pose_gui) by extensions ['colcon_meta']
[0.103s] Level 1:colcon.colcon_core.package_identification:_identify(src/pose_gui) by extension 'colcon_meta'
[0.103s] Level 1:colcon.colcon_core.package_identification:_identify(src/pose_gui) by extensions ['ros']
[0.103s] Level 1:colcon.colcon_core.package_identification:_identify(src/pose_gui) by extension 'ros'
[0.103s] DEBUG:colcon.colcon_core.package_identification:Package 'src/pose_gui' with type 'ros.ament_python' and name 'pose_gui'
[0.104s] Level 1:colcon.colcon_core.package_identification:_identify(src/position_tracker) by extensions ['ignore', 'ignore_ament_install']
[0.104s] Level 1:colcon.colcon_core.package_identification:_identify(src/position_tracker) by extension 'ignore'
[0.104s] Level 1:colcon.colcon_core.package_identification:_identify(src/position_tracker) by extension 'ignore_ament_install'
[0.104s] Level 1:colcon.colcon_core.package_identification:_identify(src/position_tracker) by extensions ['colcon_pkg']
[0.104s] Level 1:colcon.colcon_core.package_identification:_identify(src/position_tracker) by extension 'colcon_pkg'
[0.104s] Level 1:colcon.colcon_core.package_identification:_identify(src/position_tracker) by extensions ['colcon_meta']
[0.104s] Level 1:colcon.colcon_core.package_identification:_identify(src/position_tracker) by extension 'colcon_meta'
[0.104s] Level 1:colcon.colcon_core.package_identification:_identify(src/position_tracker) by extensions ['ros']
[0.104s] Level 1:colcon.colcon_core.package_identification:_identify(src/position_tracker) by extension 'ros'
[0.104s] DEBUG:colcon.colcon_core.package_identification:Package 'src/position_tracker' with type 'ros.ament_cmake' and name 'position_tracker'
[0.104s] Level 1:colcon.colcon_core.package_identification:_identify(src/programs_cpp) by extensions ['ignore', 'ignore_ament_install']
[0.104s] Level 1:colcon.colcon_core.package_identification:_identify(src/programs_cpp) by extension 'ignore'
[0.104s] Level 1:colcon.colcon_core.package_identification:_identify(src/programs_cpp) by extension 'ignore_ament_install'
[0.104s] Level 1:colcon.colcon_core.package_identification:_identify(src/programs_cpp) by extensions ['colcon_pkg']
[0.104s] Level 1:colcon.colcon_core.package_identification:_identify(src/programs_cpp) by extension 'colcon_pkg'
[0.104s] Level 1:colcon.colcon_core.package_identification:_identify(src/programs_cpp) by extensions ['colcon_meta']
[0.104s] Level 1:colcon.colcon_core.package_identification:_identify(src/programs_cpp) by extension 'colcon_meta'
[0.104s] Level 1:colcon.colcon_core.package_identification:_identify(src/programs_cpp) by extensions ['ros']
[0.104s] Level 1:colcon.colcon_core.package_identification:_identify(src/programs_cpp) by extension 'ros'
[0.105s] DEBUG:colcon.colcon_core.package_identification:Package 'src/programs_cpp' with type 'ros.ament_cmake' and name 'programs_cpp'
[0.105s] Level 1:colcon.colcon_core.package_discovery:discover_packages(recursive) using defaults
[0.105s] Level 1:colcon.colcon_core.package_discovery:discover_packages(ignore) discover
[0.105s] Level 1:colcon.colcon_core.package_discovery:discover_packages(ignore) using defaults
[0.105s] Level 1:colcon.colcon_core.package_discovery:discover_packages(path) discover
[0.105s] Level 1:colcon.colcon_core.package_discovery:discover_packages(path) using defaults
[0.115s] INFO:colcon.colcon_core.package_selection:Skipping not selected package 'annin_ar4_description' in 'src/ar4_ros_driver/annin_ar4_description'
[0.115s] INFO:colcon.colcon_core.package_selection:Skipping not selected package 'pose_gui' in 'src/pose_gui'
[0.115s] INFO:colcon.colcon_core.package_selection:Skipping not selected package 'programs_cpp' in 'src/programs_cpp'
[0.115s] INFO:colcon.colcon_core.package_selection:Skipping not selected package 'annin_ar4_driver' in 'src/ar4_ros_driver/annin_ar4_driver'
[0.115s] INFO:colcon.colcon_core.package_selection:Skipping not selected package 'annin_ar4_moveit_config' in 'src/ar4_ros_driver/annin_ar4_moveit_config'
[0.115s] INFO:colcon.colcon_core.package_selection:Skipping not selected package 'opencv_pkg' in 'src/opencv_pkg'
[0.115s] INFO:colcon.colcon_core.package_selection:Skipping not selected package 'annin_ar4_gazebo' in 'src/ar4_ros_driver/annin_ar4_gazebo'
[0.115s] Level 1:colcon.colcon_core.package_discovery:discover_packages(prefix_path) check parameters
[0.115s] Level 1:colcon.colcon_core.package_discovery:discover_packages(prefix_path) discover
[0.116s] WARNING:colcon.colcon_ros.prefix_path.ament:The path '/home/karroyabreu/ar4/install/programs_cpp' in the environment variable AMENT_PREFIX_PATH doesn't exist
[0.116s] WARNING:colcon.colcon_ros.prefix_path.ament:The path '/home/karroyabreu/ar4/install/opencv_pkg' in the environment variable AMENT_PREFIX_PATH doesn't exist
[0.116s] WARNING:colcon.colcon_ros.prefix_path.ament:The path '/home/karroyabreu/ar4/install/position_tracker' in the environment variable AMENT_PREFIX_PATH doesn't exist
[0.116s] WARNING:colcon.colcon_ros.prefix_path.ament:The path '/home/karroyabreu/ar4/install/pose_gui' in the environment variable AMENT_PREFIX_PATH doesn't exist
[0.116s] WARNING:colcon.colcon_ros.prefix_path.ament:The path '/home/karroyabreu/ar4/install/opencv' in the environment variable AMENT_PREFIX_PATH doesn't exist
[0.116s] WARNING:colcon.colcon_ros.prefix_path.ament:The path '/home/karroyabreu/ar4/install/annin_ar4_moveit_config' in the environment variable AMENT_PREFIX_PATH doesn't exist
[0.116s] WARNING:colcon.colcon_ros.prefix_path.ament:The path '/home/karroyabreu/ar4/install/annin_ar4_gazebo' in the environment variable AMENT_PREFIX_PATH doesn't exist
[0.116s] WARNING:colcon.colcon_ros.prefix_path.ament:The path '/home/karroyabreu/ar4/install/annin_ar4_driver' in the environment variable AMENT_PREFIX_PATH doesn't exist
[0.116s] WARNING:colcon.colcon_ros.prefix_path.ament:The path '/home/karroyabreu/ar4/install/annin_ar4_description' in the environment variable AMENT_PREFIX_PATH doesn't exist
[0.116s] WARNING:colcon.colcon_ros.prefix_path.catkin:The path '/home/karroyabreu/ar4/install/programs_cpp' in the environment variable CMAKE_PREFIX_PATH doesn't exist
[0.116s] WARNING:colcon.colcon_ros.prefix_path.catkin:The path '/home/karroyabreu/ar4/install/opencv' in the environment variable CMAKE_PREFIX_PATH doesn't exist
[0.116s] WARNING:colcon.colcon_ros.prefix_path.catkin:The path '/home/karroyabreu/ar4/install/annin_ar4_moveit_config' in the environment variable CMAKE_PREFIX_PATH doesn't exist
[0.116s] WARNING:colcon.colcon_ros.prefix_path.catkin:The path '/home/karroyabreu/ar4/install/annin_ar4_gazebo' in the environment variable CMAKE_PREFIX_PATH doesn't exist
[0.116s] WARNING:colcon.colcon_ros.prefix_path.catkin:The path '/home/karroyabreu/ar4/install/annin_ar4_driver' in the environment variable CMAKE_PREFIX_PATH doesn't exist
[0.116s] WARNING:colcon.colcon_ros.prefix_path.catkin:The path '/home/karroyabreu/ar4/install/annin_ar4_description' in the environment variable CMAKE_PREFIX_PATH doesn't exist
[0.116s] DEBUG:colcon.colcon_installed_package_information.package_discovery:Found 0 installed packages in /home/karroyabreu/ar4/install
[0.117s] DEBUG:colcon.colcon_installed_package_information.package_discovery:Found 16 installed packages in /home/karroyabreu/workspace/install
[0.118s] DEBUG:colcon.colcon_installed_package_information.package_discovery:Found 437 installed packages in /opt/ros/jazzy
[0.119s] Level 1:colcon.colcon_core.package_discovery:discover_packages(prefix_path) using defaults
[0.148s] Level 5:colcon.colcon_core.verb:set package 'position_tracker' build argument 'cmake_args' from command line to 'None'
[0.148s] Level 5:colcon.colcon_core.verb:set package 'position_tracker' build argument 'cmake_target' from command line to 'None'
[0.148s] Level 5:colcon.colcon_core.verb:set package 'position_tracker' build argument 'cmake_target_skip_unavailable' from command line to 'False'
[0.148s] Level 5:colcon.colcon_core.verb:set package 'position_tracker' build argument 'cmake_clean_cache' from command line to 'False'
[0.148s] Level 5:colcon.colcon_core.verb:set package 'position_tracker' build argument 'cmake_clean_first' from command line to 'False'
[0.149s] Level 5:colcon.colcon_core.verb:set package 'position_tracker' build argument 'cmake_force_configure' from command line to 'False'
[0.149s] Level 5:colcon.colcon_core.verb:set package 'position_tracker' build argument 'ament_cmake_args' from command line to 'None'
[0.149s] Level 5:colcon.colcon_core.verb:set package 'position_tracker' build argument 'catkin_cmake_args' from command line to 'None'
[0.149s] Level 5:colcon.colcon_core.verb:set package 'position_tracker' build argument 'catkin_skip_building_tests' from command line to 'False'
[0.149s] DEBUG:colcon.colcon_core.verb:Building package 'position_tracker' with the following arguments: {'ament_cmake_args': None, 'build_base': '/home/karroyabreu/ar4/build/position_tracker', 'catkin_cmake_args': None, 'catkin_skip_building_tests': False, 'cmake_args': None, 'cmake_clean_cache': False, 'cmake_clean_first': False, 'cmake_force_configure': False, 'cmake_target': None, 'cmake_target_skip_unavailable': False, 'install_base': '/home/karroyabreu/ar4/install/position_tracker', 'merge_install': False, 'path': '/home/karroyabreu/ar4/src/position_tracker', 'symlink_install': False, 'test_result_base': None}
[0.149s] INFO:colcon.colcon_core.executor:Executing jobs using 'parallel' executor
[0.149s] DEBUG:colcon.colcon_parallel_executor.executor.parallel:run_until_complete
[0.150s] INFO:colcon.colcon_ros.task.ament_cmake.build:Building ROS package in '/home/karroyabreu/ar4/src/position_tracker' with build type 'ament_cmake'
[0.150s] INFO:colcon.colcon_cmake.task.cmake.build:Building CMake package in '/home/karroyabreu/ar4/src/position_tracker'
[0.151s] INFO:colcon.colcon_core.plugin_system:Skipping extension 'colcon_core.shell.bat': Not used on non-Windows systems
[0.151s] INFO:colcon.colcon_core.shell:Skip shell extension 'powershell' for command environment: Not usable outside of PowerShell
[0.151s] DEBUG:colcon.colcon_core.shell:Skip shell extension 'dsv' for command environment
[0.160s] DEBUG:colcon.colcon_core.event_handler.log_command:Invoking command in '/home/karroyabreu/ar4/build/position_tracker': CMAKE_PREFIX_PATH=${CMAKE_PREFIX_PATH}:/home/karroyabreu/ar4/install/opencv_pkg:/home/karroyabreu/ar4/install/position_tracker:/home/karroyabreu/ar4/install/pose_gui:/opt/ros/jazzy DEBUGINFOD_URLS=https://debuginfod.ubuntu.com /usr/bin/cmake /home/karroyabreu/ar4/src/position_tracker -DCMAKE_INSTALL_PREFIX=/home/karroyabreu/ar4/install/position_tracker
[2.355s] DEBUG:colcon.colcon_core.event_handler.log_command:Invoked command in '/home/karroyabreu/ar4/build/position_tracker' returned '0': CMAKE_PREFIX_PATH=${CMAKE_PREFIX_PATH}:/home/karroyabreu/ar4/install/opencv_pkg:/home/karroyabreu/ar4/install/position_tracker:/home/karroyabreu/ar4/install/pose_gui:/opt/ros/jazzy DEBUGINFOD_URLS=https://debuginfod.ubuntu.com /usr/bin/cmake /home/karroyabreu/ar4/src/position_tracker -DCMAKE_INSTALL_PREFIX=/home/karroyabreu/ar4/install/position_tracker
[2.357s] DEBUG:colcon.colcon_core.event_handler.log_command:Invoking command in '/home/karroyabreu/ar4/build/position_tracker': CMAKE_PREFIX_PATH=${CMAKE_PREFIX_PATH}:/home/karroyabreu/ar4/install/opencv_pkg:/home/karroyabreu/ar4/install/position_tracker:/home/karroyabreu/ar4/install/pose_gui:/opt/ros/jazzy DEBUGINFOD_URLS=https://debuginfod.ubuntu.com /usr/bin/cmake --build /home/karroyabreu/ar4/build/position_tracker -- -j22 -l22
[3.850s] DEBUG:colcon.colcon_core.event_handler.log_command:Invoked command in '/home/karroyabreu/ar4/build/position_tracker' returned '0': CMAKE_PREFIX_PATH=${CMAKE_PREFIX_PATH}:/home/karroyabreu/ar4/install/opencv_pkg:/home/karroyabreu/ar4/install/position_tracker:/home/karroyabreu/ar4/install/pose_gui:/opt/ros/jazzy DEBUGINFOD_URLS=https://debuginfod.ubuntu.com /usr/bin/cmake --build /home/karroyabreu/ar4/build/position_tracker -- -j22 -l22
[3.859s] DEBUG:colcon.colcon_core.event_handler.log_command:Invoking command in '/home/karroyabreu/ar4/build/position_tracker': CMAKE_PREFIX_PATH=${CMAKE_PREFIX_PATH}:/home/karroyabreu/ar4/install/opencv_pkg:/home/karroyabreu/ar4/install/position_tracker:/home/karroyabreu/ar4/install/pose_gui:/opt/ros/jazzy DEBUGINFOD_URLS=https://debuginfod.ubuntu.com /usr/bin/cmake --install /home/karroyabreu/ar4/build/position_tracker
[3.907s] Level 1:colcon.colcon_core.environment:create_environment_scripts_only(position_tracker)
[3.907s] DEBUG:colcon.colcon_core.event_handler.log_command:Invoked command in '/home/karroyabreu/ar4/build/position_tracker' returned '0': CMAKE_PREFIX_PATH=${CMAKE_PREFIX_PATH}:/home/karroyabreu/ar4/install/opencv_pkg:/home/karroyabreu/ar4/install/position_tracker:/home/karroyabreu/ar4/install/pose_gui:/opt/ros/jazzy DEBUGINFOD_URLS=https://debuginfod.ubuntu.com /usr/bin/cmake --install /home/karroyabreu/ar4/build/position_tracker
[3.909s] Level 1:colcon.colcon_core.environment:checking '/home/karroyabreu/ar4/install/position_tracker' for CMake module files
[3.910s] Level 1:colcon.colcon_core.environment:checking '/home/karroyabreu/ar4/install/position_tracker' for CMake config files
[3.910s] Level 1:colcon.colcon_core.shell:create_environment_hook('position_tracker', 'cmake_prefix_path')
[3.910s] INFO:colcon.colcon_core.shell:Creating environment hook '/home/karroyabreu/ar4/install/position_tracker/share/position_tracker/hook/cmake_prefix_path.ps1'
[3.911s] INFO:colcon.colcon_core.shell:Creating environment descriptor '/home/karroyabreu/ar4/install/position_tracker/share/position_tracker/hook/cmake_prefix_path.dsv'
[3.911s] INFO:colcon.colcon_core.shell:Creating environment hook '/home/karroyabreu/ar4/install/position_tracker/share/position_tracker/hook/cmake_prefix_path.sh'
[3.911s] Level 1:colcon.colcon_core.environment:checking '/home/karroyabreu/ar4/install/position_tracker/lib'
[3.911s] Level 1:colcon.colcon_core.shell:create_environment_hook('position_tracker', 'ld_library_path_lib')
[3.911s] INFO:colcon.colcon_core.shell:Creating environment hook '/home/karroyabreu/ar4/install/position_tracker/share/position_tracker/hook/ld_library_path_lib.ps1'
[3.912s] INFO:colcon.colcon_core.shell:Creating environment descriptor '/home/karroyabreu/ar4/install/position_tracker/share/position_tracker/hook/ld_library_path_lib.dsv'
[3.912s] INFO:colcon.colcon_core.shell:Creating environment hook '/home/karroyabreu/ar4/install/position_tracker/share/position_tracker/hook/ld_library_path_lib.sh'
[3.912s] Level 1:colcon.colcon_core.environment:checking '/home/karroyabreu/ar4/install/position_tracker/bin'
[3.912s] Level 1:colcon.colcon_core.environment:checking '/home/karroyabreu/ar4/install/position_tracker/lib/pkgconfig/position_tracker.pc'
[3.912s] Level 1:colcon.colcon_core.environment:checking '/home/karroyabreu/ar4/install/position_tracker/lib/python3.12/site-packages'
[3.912s] Level 1:colcon.colcon_core.shell:create_environment_hook('position_tracker', 'pythonpath')
[3.912s] INFO:colcon.colcon_core.shell:Creating environment hook '/home/karroyabreu/ar4/install/position_tracker/share/position_tracker/hook/pythonpath.ps1'
[3.913s] INFO:colcon.colcon_core.shell:Creating environment descriptor '/home/karroyabreu/ar4/install/position_tracker/share/position_tracker/hook/pythonpath.dsv'
[3.913s] INFO:colcon.colcon_core.shell:Creating environment hook '/home/karroyabreu/ar4/install/position_tracker/share/position_tracker/hook/pythonpath.sh'
[3.913s] Level 1:colcon.colcon_core.environment:checking '/home/karroyabreu/ar4/install/position_tracker/bin'
[3.913s] INFO:colcon.colcon_core.shell:Creating package script '/home/karroyabreu/ar4/install/position_tracker/share/position_tracker/package.ps1'
[3.913s] INFO:colcon.colcon_core.shell:Creating package descriptor '/home/karroyabreu/ar4/install/position_tracker/share/position_tracker/package.dsv'
[3.914s] INFO:colcon.colcon_core.shell:Creating package script '/home/karroyabreu/ar4/install/position_tracker/share/position_tracker/package.sh'
[3.914s] INFO:colcon.colcon_core.shell:Creating package script '/home/karroyabreu/ar4/install/position_tracker/share/position_tracker/package.bash'
[3.914s] INFO:colcon.colcon_core.shell:Creating package script '/home/karroyabreu/ar4/install/position_tracker/share/position_tracker/package.zsh'
[3.915s] Level 1:colcon.colcon_core.environment:create_file_with_runtime_dependencies(/home/karroyabreu/ar4/install/position_tracker/share/colcon-core/packages/position_tracker)
[3.915s] Level 1:colcon.colcon_core.environment:create_environment_scripts_only(position_tracker)
[3.915s] Level 1:colcon.colcon_core.environment:checking '/home/karroyabreu/ar4/install/position_tracker' for CMake module files
[3.915s] Level 1:colcon.colcon_core.environment:checking '/home/karroyabreu/ar4/install/position_tracker' for CMake config files
[3.915s] Level 1:colcon.colcon_core.shell:create_environment_hook('position_tracker', 'cmake_prefix_path')
[3.916s] INFO:colcon.colcon_core.shell:Creating environment hook '/home/karroyabreu/ar4/install/position_tracker/share/position_tracker/hook/cmake_prefix_path.ps1'
[3.916s] INFO:colcon.colcon_core.shell:Creating environment descriptor '/home/karroyabreu/ar4/install/position_tracker/share/position_tracker/hook/cmake_prefix_path.dsv'
[3.916s] INFO:colcon.colcon_core.shell:Creating environment hook '/home/karroyabreu/ar4/install/position_tracker/share/position_tracker/hook/cmake_prefix_path.sh'
[3.916s] Level 1:colcon.colcon_core.environment:checking '/home/karroyabreu/ar4/install/position_tracker/lib'
[3.916s] Level 1:colcon.colcon_core.shell:create_environment_hook('position_tracker', 'ld_library_path_lib')
[3.916s] INFO:colcon.colcon_core.shell:Creating environment hook '/home/karroyabreu/ar4/install/position_tracker/share/position_tracker/hook/ld_library_path_lib.ps1'
[3.917s] INFO:colcon.colcon_core.shell:Creating environment descriptor '/home/karroyabreu/ar4/install/position_tracker/share/position_tracker/hook/ld_library_path_lib.dsv'
[3.917s] INFO:colcon.colcon_core.shell:Creating environment hook '/home/karroyabreu/ar4/install/position_tracker/share/position_tracker/hook/ld_library_path_lib.sh'
[3.917s] Level 1:colcon.colcon_core.environment:checking '/home/karroyabreu/ar4/install/position_tracker/bin'
[3.917s] Level 1:colcon.colcon_core.environment:checking '/home/karroyabreu/ar4/install/position_tracker/lib/pkgconfig/position_tracker.pc'
[3.917s] Level 1:colcon.colcon_core.environment:checking '/home/karroyabreu/ar4/install/position_tracker/lib/python3.12/site-packages'
[3.917s] Level 1:colcon.colcon_core.shell:create_environment_hook('position_tracker', 'pythonpath')
[3.917s] INFO:colcon.colcon_core.shell:Creating environment hook '/home/karroyabreu/ar4/install/position_tracker/share/position_tracker/hook/pythonpath.ps1'
[3.917s] INFO:colcon.colcon_core.shell:Creating environment descriptor '/home/karroyabreu/ar4/install/position_tracker/share/position_tracker/hook/pythonpath.dsv'
[3.918s] INFO:colcon.colcon_core.shell:Creating environment hook '/home/karroyabreu/ar4/install/position_tracker/share/position_tracker/hook/pythonpath.sh'
[3.918s] Level 1:colcon.colcon_core.environment:checking '/home/karroyabreu/ar4/install/position_tracker/bin'
[3.918s] INFO:colcon.colcon_core.shell:Creating package script '/home/karroyabreu/ar4/install/position_tracker/share/position_tracker/package.ps1'
[3.918s] INFO:colcon.colcon_core.shell:Creating package descriptor '/home/karroyabreu/ar4/install/position_tracker/share/position_tracker/package.dsv'
[3.919s] INFO:colcon.colcon_core.shell:Creating package script '/home/karroyabreu/ar4/install/position_tracker/share/position_tracker/package.sh'
[3.919s] INFO:colcon.colcon_core.shell:Creating package script '/home/karroyabreu/ar4/install/position_tracker/share/position_tracker/package.bash'
[3.919s] INFO:colcon.colcon_core.shell:Creating package script '/home/karroyabreu/ar4/install/position_tracker/share/position_tracker/package.zsh'
[3.919s] Level 1:colcon.colcon_core.environment:create_file_with_runtime_dependencies(/home/karroyabreu/ar4/install/position_tracker/share/colcon-core/packages/position_tracker)
[3.919s] DEBUG:colcon.colcon_parallel_executor.executor.parallel:closing loop
[3.920s] DEBUG:colcon.colcon_parallel_executor.executor.parallel:loop closed
[3.920s] DEBUG:colcon.colcon_parallel_executor.executor.parallel:run_until_complete finished with '0'
[3.920s] DEBUG:colcon.colcon_core.event_reactor:joining thread
[3.923s] INFO:colcon.colcon_core.plugin_system:Skipping extension 'colcon_notification.desktop_notification.terminal_notifier': Not used on non-Darwin systems
[3.923s] INFO:colcon.colcon_core.plugin_system:Skipping extension 'colcon_notification.desktop_notification.win32': Not used on non-Windows systems
[3.923s] INFO:colcon.colcon_notification.desktop_notification:Sending desktop notification using 'notify2'
[3.936s] DEBUG:colcon.colcon_core.event_reactor:joined thread
[3.936s] INFO:colcon.colcon_core.shell:Creating prefix script '/home/karroyabreu/ar4/install/local_setup.ps1'
[3.937s] INFO:colcon.colcon_core.shell:Creating prefix util module '/home/karroyabreu/ar4/install/_local_setup_util_ps1.py'
[3.937s] INFO:colcon.colcon_core.shell:Creating prefix chain script '/home/karroyabreu/ar4/install/setup.ps1'
[3.938s] INFO:colcon.colcon_core.shell:Creating prefix script '/home/karroyabreu/ar4/install/local_setup.sh'
[3.938s] INFO:colcon.colcon_core.shell:Creating prefix util module '/home/karroyabreu/ar4/install/_local_setup_util_sh.py'
[3.938s] INFO:colcon.colcon_core.shell:Creating prefix chain script '/home/karroyabreu/ar4/install/setup.sh'
[3.939s] INFO:colcon.colcon_core.shell:Creating prefix script '/home/karroyabreu/ar4/install/local_setup.bash'
[3.939s] INFO:colcon.colcon_core.shell:Creating prefix chain script '/home/karroyabreu/ar4/install/setup.bash'
[3.940s] INFO:colcon.colcon_core.shell:Creating prefix script '/home/karroyabreu/ar4/install/local_setup.zsh'
[3.940s] INFO:colcon.colcon_core.shell:Creating prefix chain script '/home/karroyabreu/ar4/install/setup.zsh'
