[0.007s] Invoking command in '/home/karroyabreu/ar4/build/annin_ar4_driver': CMAKE_PREFIX_PATH=/home/karroyabreu/ar4/install/annin_ar4_description:/home/karroyabreu/ar4/install/position_tracker:/usr/local:/home/karroyabreu/ar4/install/programs_cpp:/home/karroyabreu/ar4/install/opencv:/home/karroyabreu/ar4/install/annin_ar4_moveit_config:/home/karroyabreu/ar4/install/annin_ar4_gazebo:/home/karroyabreu/ar4/install/annin_ar4_driver:/home/karroyabreu/workspace/install:/opt/ros/jazzy/opt/gz_sim_vendor:/opt/ros/jazzy/opt/gz_sensors_vendor:/opt/ros/jazzy/opt/gz_physics_vendor:/opt/ros/jazzy/opt/sdformat_vendor:/opt/ros/jazzy/opt/gz_gui_vendor:/opt/ros/jazzy/opt/gz_transport_vendor:/opt/ros/jazzy/opt/gz_rendering_vendor:/opt/ros/jazzy/opt/gz_plugin_vendor:/opt/ros/jazzy/opt/gz_fuel_tools_vendor:/opt/ros/jazzy/opt/gz_msgs_vendor:/opt/ros/jazzy/opt/gz_common_vendor:/opt/ros/jazzy/opt/gz_math_vendor:/opt/ros/jazzy/opt/gz_utils_vendor:/opt/ros/jazzy/opt/gz_tools_vendor:/opt/ros/jazzy/opt/gz_ogre_next_vendor:/opt/ros/jazzy/opt/gz_dartsim_vendor:/opt/ros/jazzy/opt/gz_cmake_vendor:/home/karroyabreu/ar4/install/opencv_pkg:/home/karroyabreu/ar4/install/pose_gui:/opt/ros/jazzy DEBUGINFOD_URLS=https://debuginfod.ubuntu.com /usr/bin/cmake /home/karroyabreu/ar4/src/ar4_ros_driver/annin_ar4_driver -DCMAKE_INSTALL_PREFIX=/home/karroyabreu/ar4/install/annin_ar4_driver
[0.041s] -- The C compiler identification is GNU 13.3.0
[0.085s] -- The CXX compiler identification is GNU 13.3.0
[0.098s] -- Detecting C compiler ABI info
[0.168s] -- Detecting C compiler ABI info - done
[0.177s] -- Check for working C compiler: /usr/bin/cc - skipped
[0.177s] -- Detecting C compile features
[0.177s] -- Detecting C compile features - done
[0.186s] -- Detecting CXX compiler ABI info
[0.264s] -- Detecting CXX compiler ABI info - done
[0.269s] -- Check for working CXX compiler: /usr/bin/c++ - skipped
[0.269s] -- Detecting CXX compile features
[0.270s] -- Detecting CXX compile features - done
[0.272s] -- Found ament_cmake: 2.5.4 (/opt/ros/jazzy/share/ament_cmake/cmake)
[0.398s] -- Found Python3: /usr/bin/python3 (found version "3.12.3") found components: Interpreter 
[0.477s] -- Found Boost: /usr/lib/x86_64-linux-gnu/cmake/Boost-1.83.0/BoostConfig.cmake (found version "1.83.0") found components: system 
[0.479s] -- Found controller_manager: 4.32.0 (/opt/ros/jazzy/share/controller_manager/cmake)
[0.525s] -- Found rosidl_generator_c: 4.6.5 (/opt/ros/jazzy/share/rosidl_generator_c/cmake)
[0.537s] -- Found rosidl_generator_cpp: 4.6.5 (/opt/ros/jazzy/share/rosidl_generator_cpp/cmake)
[0.552s] -- Using all available rosidl_typesupport_c: rosidl_typesupport_fastrtps_c;rosidl_typesupport_introspection_c
[0.567s] -- Using all available rosidl_typesupport_cpp: rosidl_typesupport_fastrtps_cpp;rosidl_typesupport_introspection_cpp
[0.627s] -- Found rmw_implementation_cmake: 7.3.2 (/opt/ros/jazzy/share/rmw_implementation_cmake/cmake)
[0.630s] -- Found rmw_fastrtps_cpp: 8.4.2 (/opt/ros/jazzy/share/rmw_fastrtps_cpp/cmake)
[0.709s] -- Found OpenSSL: /usr/lib/x86_64-linux-gnu/libcrypto.so (found version "3.0.13")  
[0.726s] -- Found FastRTPS: /opt/ros/jazzy/include (Required is at least version "2.13") 
[0.747s] -- Using RMW implementation 'rmw_fastrtps_cpp' as default
[1.250s] -- Configuring done (1.2s)
[1.270s] -- Generating done (0.0s)
[1.275s] -- Build files have been written to: /home/karroyabreu/ar4/build/annin_ar4_driver
[1.286s] Invoked command in '/home/karroyabreu/ar4/build/annin_ar4_driver' returned '0': CMAKE_PREFIX_PATH=/home/karroyabreu/ar4/install/annin_ar4_description:/home/karroyabreu/ar4/install/position_tracker:/usr/local:/home/karroyabreu/ar4/install/programs_cpp:/home/karroyabreu/ar4/install/opencv:/home/karroyabreu/ar4/install/annin_ar4_moveit_config:/home/karroyabreu/ar4/install/annin_ar4_gazebo:/home/karroyabreu/ar4/install/annin_ar4_driver:/home/karroyabreu/workspace/install:/opt/ros/jazzy/opt/gz_sim_vendor:/opt/ros/jazzy/opt/gz_sensors_vendor:/opt/ros/jazzy/opt/gz_physics_vendor:/opt/ros/jazzy/opt/sdformat_vendor:/opt/ros/jazzy/opt/gz_gui_vendor:/opt/ros/jazzy/opt/gz_transport_vendor:/opt/ros/jazzy/opt/gz_rendering_vendor:/opt/ros/jazzy/opt/gz_plugin_vendor:/opt/ros/jazzy/opt/gz_fuel_tools_vendor:/opt/ros/jazzy/opt/gz_msgs_vendor:/opt/ros/jazzy/opt/gz_common_vendor:/opt/ros/jazzy/opt/gz_math_vendor:/opt/ros/jazzy/opt/gz_utils_vendor:/opt/ros/jazzy/opt/gz_tools_vendor:/opt/ros/jazzy/opt/gz_ogre_next_vendor:/opt/ros/jazzy/opt/gz_dartsim_vendor:/opt/ros/jazzy/opt/gz_cmake_vendor:/home/karroyabreu/ar4/install/opencv_pkg:/home/karroyabreu/ar4/install/pose_gui:/opt/ros/jazzy DEBUGINFOD_URLS=https://debuginfod.ubuntu.com /usr/bin/cmake /home/karroyabreu/ar4/src/ar4_ros_driver/annin_ar4_driver -DCMAKE_INSTALL_PREFIX=/home/karroyabreu/ar4/install/annin_ar4_driver
[1.287s] Invoking command in '/home/karroyabreu/ar4/build/annin_ar4_driver': CMAKE_PREFIX_PATH=/home/karroyabreu/ar4/install/annin_ar4_description:/home/karroyabreu/ar4/install/position_tracker:/usr/local:/home/karroyabreu/ar4/install/programs_cpp:/home/karroyabreu/ar4/install/opencv:/home/karroyabreu/ar4/install/annin_ar4_moveit_config:/home/karroyabreu/ar4/install/annin_ar4_gazebo:/home/karroyabreu/ar4/install/annin_ar4_driver:/home/karroyabreu/workspace/install:/opt/ros/jazzy/opt/gz_sim_vendor:/opt/ros/jazzy/opt/gz_sensors_vendor:/opt/ros/jazzy/opt/gz_physics_vendor:/opt/ros/jazzy/opt/sdformat_vendor:/opt/ros/jazzy/opt/gz_gui_vendor:/opt/ros/jazzy/opt/gz_transport_vendor:/opt/ros/jazzy/opt/gz_rendering_vendor:/opt/ros/jazzy/opt/gz_plugin_vendor:/opt/ros/jazzy/opt/gz_fuel_tools_vendor:/opt/ros/jazzy/opt/gz_msgs_vendor:/opt/ros/jazzy/opt/gz_common_vendor:/opt/ros/jazzy/opt/gz_math_vendor:/opt/ros/jazzy/opt/gz_utils_vendor:/opt/ros/jazzy/opt/gz_tools_vendor:/opt/ros/jazzy/opt/gz_ogre_next_vendor:/opt/ros/jazzy/opt/gz_dartsim_vendor:/opt/ros/jazzy/opt/gz_cmake_vendor:/home/karroyabreu/ar4/install/opencv_pkg:/home/karroyabreu/ar4/install/pose_gui:/opt/ros/jazzy DEBUGINFOD_URLS=https://debuginfod.ubuntu.com /usr/bin/cmake --build /home/karroyabreu/ar4/build/annin_ar4_driver -- -j22 -l22
[1.330s] [ 37%] [32mBuilding CXX object CMakeFiles/annin_ar4_driver.dir/src/ar_hardware_interface.cpp.o[0m
[1.330s] [ 37%] [32mBuilding CXX object CMakeFiles/annin_ar4_driver.dir/src/gripper_overcurrent_protection.cpp.o[0m
[1.330s] [ 37%] [32mBuilding CXX object CMakeFiles/annin_ar4_driver.dir/src/teensy_driver.cpp.o[0m
[1.330s] [ 50%] [32mBuilding CXX object CMakeFiles/annin_ar4_driver.dir/src/ar_servo_gripper_hw_interface.cpp.o[0m
[1.331s] [ 62%] [32mBuilding CXX object CMakeFiles/annin_ar4_driver.dir/src/arduino_nano_driver.cpp.o[0m
[5.901s] [ 75%] [32m[1mLinking CXX shared library libannin_ar4_driver.so[0m
[6.086s] [ 75%] Built target annin_ar4_driver
[6.104s] [ 87%] [32mBuilding CXX object CMakeFiles/run_arduino_nano.dir/src/run_arduino_nano.cpp.o[0m
[8.691s] [100%] [32m[1mLinking CXX executable run_arduino_nano[0m
[8.807s] [100%] Built target run_arduino_nano
[8.820s] Invoked command in '/home/karroyabreu/ar4/build/annin_ar4_driver' returned '0': CMAKE_PREFIX_PATH=/home/karroyabreu/ar4/install/annin_ar4_description:/home/karroyabreu/ar4/install/position_tracker:/usr/local:/home/karroyabreu/ar4/install/programs_cpp:/home/karroyabreu/ar4/install/opencv:/home/karroyabreu/ar4/install/annin_ar4_moveit_config:/home/karroyabreu/ar4/install/annin_ar4_gazebo:/home/karroyabreu/ar4/install/annin_ar4_driver:/home/karroyabreu/workspace/install:/opt/ros/jazzy/opt/gz_sim_vendor:/opt/ros/jazzy/opt/gz_sensors_vendor:/opt/ros/jazzy/opt/gz_physics_vendor:/opt/ros/jazzy/opt/sdformat_vendor:/opt/ros/jazzy/opt/gz_gui_vendor:/opt/ros/jazzy/opt/gz_transport_vendor:/opt/ros/jazzy/opt/gz_rendering_vendor:/opt/ros/jazzy/opt/gz_plugin_vendor:/opt/ros/jazzy/opt/gz_fuel_tools_vendor:/opt/ros/jazzy/opt/gz_msgs_vendor:/opt/ros/jazzy/opt/gz_common_vendor:/opt/ros/jazzy/opt/gz_math_vendor:/opt/ros/jazzy/opt/gz_utils_vendor:/opt/ros/jazzy/opt/gz_tools_vendor:/opt/ros/jazzy/opt/gz_ogre_next_vendor:/opt/ros/jazzy/opt/gz_dartsim_vendor:/opt/ros/jazzy/opt/gz_cmake_vendor:/home/karroyabreu/ar4/install/opencv_pkg:/home/karroyabreu/ar4/install/pose_gui:/opt/ros/jazzy DEBUGINFOD_URLS=https://debuginfod.ubuntu.com /usr/bin/cmake --build /home/karroyabreu/ar4/build/annin_ar4_driver -- -j22 -l22
[8.821s] Invoking command in '/home/karroyabreu/ar4/build/annin_ar4_driver': CMAKE_PREFIX_PATH=/home/karroyabreu/ar4/install/annin_ar4_description:/home/karroyabreu/ar4/install/position_tracker:/usr/local:/home/karroyabreu/ar4/install/programs_cpp:/home/karroyabreu/ar4/install/opencv:/home/karroyabreu/ar4/install/annin_ar4_moveit_config:/home/karroyabreu/ar4/install/annin_ar4_gazebo:/home/karroyabreu/ar4/install/annin_ar4_driver:/home/karroyabreu/workspace/install:/opt/ros/jazzy/opt/gz_sim_vendor:/opt/ros/jazzy/opt/gz_sensors_vendor:/opt/ros/jazzy/opt/gz_physics_vendor:/opt/ros/jazzy/opt/sdformat_vendor:/opt/ros/jazzy/opt/gz_gui_vendor:/opt/ros/jazzy/opt/gz_transport_vendor:/opt/ros/jazzy/opt/gz_rendering_vendor:/opt/ros/jazzy/opt/gz_plugin_vendor:/opt/ros/jazzy/opt/gz_fuel_tools_vendor:/opt/ros/jazzy/opt/gz_msgs_vendor:/opt/ros/jazzy/opt/gz_common_vendor:/opt/ros/jazzy/opt/gz_math_vendor:/opt/ros/jazzy/opt/gz_utils_vendor:/opt/ros/jazzy/opt/gz_tools_vendor:/opt/ros/jazzy/opt/gz_ogre_next_vendor:/opt/ros/jazzy/opt/gz_dartsim_vendor:/opt/ros/jazzy/opt/gz_cmake_vendor:/home/karroyabreu/ar4/install/opencv_pkg:/home/karroyabreu/ar4/install/pose_gui:/opt/ros/jazzy DEBUGINFOD_URLS=https://debuginfod.ubuntu.com /usr/bin/cmake --install /home/karroyabreu/ar4/build/annin_ar4_driver
[8.825s] -- Install configuration: ""
[8.825s] -- Installing: /home/karroyabreu/ar4/install/annin_ar4_driver/lib/annin_ar4_driver/run_arduino_nano
[8.826s] -- Set non-toolchain portion of runtime path of "/home/karroyabreu/ar4/install/annin_ar4_driver/lib/annin_ar4_driver/run_arduino_nano" to ""
[8.826s] -- Installing: /home/karroyabreu/ar4/install/annin_ar4_driver/share/annin_ar4_driver/hardware_interface_plugin.xml
[8.826s] -- Installing: /home/karroyabreu/ar4/install/annin_ar4_driver/lib/libannin_ar4_driver.so
[8.827s] -- Set non-toolchain portion of runtime path of "/home/karroyabreu/ar4/install/annin_ar4_driver/lib/libannin_ar4_driver.so" to ""
[8.827s] -- Installing: /home/karroyabreu/ar4/install/annin_ar4_driver/include/annin_ar4_driver
[8.827s] -- Installing: /home/karroyabreu/ar4/install/annin_ar4_driver/include/annin_ar4_driver/annin_ar4_driver
[8.827s] -- Installing: /home/karroyabreu/ar4/install/annin_ar4_driver/include/annin_ar4_driver/annin_ar4_driver/teensy_driver.hpp
[8.827s] -- Installing: /home/karroyabreu/ar4/install/annin_ar4_driver/include/annin_ar4_driver/annin_ar4_driver/arduino_nano_driver.hpp
[8.827s] -- Installing: /home/karroyabreu/ar4/install/annin_ar4_driver/include/annin_ar4_driver/annin_ar4_driver/gripper_overcurrent_protection.hpp
[8.827s] -- Installing: /home/karroyabreu/ar4/install/annin_ar4_driver/include/annin_ar4_driver/annin_ar4_driver/ar_servo_gripper_hw_interface.hpp
[8.827s] -- Installing: /home/karroyabreu/ar4/install/annin_ar4_driver/include/annin_ar4_driver/annin_ar4_driver/ar_hardware_interface.hpp
[8.827s] -- Installing: /home/karroyabreu/ar4/install/annin_ar4_driver/share/annin_ar4_driver/config
[8.828s] -- Installing: /home/karroyabreu/ar4/install/annin_ar4_driver/share/annin_ar4_driver/config/controllers.yaml
[8.828s] -- Installing: /home/karroyabreu/ar4/install/annin_ar4_driver/share/annin_ar4_driver/config/driver.yaml
[8.828s] -- Installing: /home/karroyabreu/ar4/install/annin_ar4_driver/share/annin_ar4_driver/config/joint_offsets
[8.828s] -- Installing: /home/karroyabreu/ar4/install/annin_ar4_driver/share/annin_ar4_driver/config/joint_offsets/mk1.yaml
[8.828s] -- Installing: /home/karroyabreu/ar4/install/annin_ar4_driver/share/annin_ar4_driver/config/joint_offsets/mk2.yaml
[8.828s] -- Installing: /home/karroyabreu/ar4/install/annin_ar4_driver/share/annin_ar4_driver/config/joint_offsets/mk3.yaml
[8.828s] -- Installing: /home/karroyabreu/ar4/install/annin_ar4_driver/share/annin_ar4_driver/config/gripper_driver.yaml
[8.828s] -- Installing: /home/karroyabreu/ar4/install/annin_ar4_driver/share/annin_ar4_driver/launch
[8.828s] -- Installing: /home/karroyabreu/ar4/install/annin_ar4_driver/share/annin_ar4_driver/launch/driver.launch.py
[8.828s] -- Installing: /home/karroyabreu/ar4/install/annin_ar4_driver/share/annin_ar4_driver/urdf
[8.828s] -- Installing: /home/karroyabreu/ar4/install/annin_ar4_driver/share/annin_ar4_driver/urdf/ar.urdf.xacro
[8.828s] -- Installing: /home/karroyabreu/ar4/install/annin_ar4_driver/lib/annin_ar4_driver/reset_estop.sh
[8.829s] -- Installing: /home/karroyabreu/ar4/install/annin_ar4_driver/share/annin_ar4_driver/environment/library_path.sh
[8.829s] -- Installing: /home/karroyabreu/ar4/install/annin_ar4_driver/share/annin_ar4_driver/environment/library_path.dsv
[8.829s] -- Installing: /home/karroyabreu/ar4/install/annin_ar4_driver/share/ament_index/resource_index/package_run_dependencies/annin_ar4_driver
[8.829s] -- Installing: /home/karroyabreu/ar4/install/annin_ar4_driver/share/ament_index/resource_index/parent_prefix_path/annin_ar4_driver
[8.829s] -- Installing: /home/karroyabreu/ar4/install/annin_ar4_driver/share/annin_ar4_driver/environment/ament_prefix_path.sh
[8.829s] -- Installing: /home/karroyabreu/ar4/install/annin_ar4_driver/share/annin_ar4_driver/environment/ament_prefix_path.dsv
[8.829s] -- Installing: /home/karroyabreu/ar4/install/annin_ar4_driver/share/annin_ar4_driver/environment/path.sh
[8.829s] -- Installing: /home/karroyabreu/ar4/install/annin_ar4_driver/share/annin_ar4_driver/environment/path.dsv
[8.829s] -- Installing: /home/karroyabreu/ar4/install/annin_ar4_driver/share/annin_ar4_driver/local_setup.bash
[8.829s] -- Installing: /home/karroyabreu/ar4/install/annin_ar4_driver/share/annin_ar4_driver/local_setup.sh
[8.829s] -- Installing: /home/karroyabreu/ar4/install/annin_ar4_driver/share/annin_ar4_driver/local_setup.zsh
[8.829s] -- Installing: /home/karroyabreu/ar4/install/annin_ar4_driver/share/annin_ar4_driver/local_setup.dsv
[8.829s] -- Installing: /home/karroyabreu/ar4/install/annin_ar4_driver/share/annin_ar4_driver/package.dsv
[8.830s] -- Installing: /home/karroyabreu/ar4/install/annin_ar4_driver/share/ament_index/resource_index/packages/annin_ar4_driver
[8.830s] -- Installing: /home/karroyabreu/ar4/install/annin_ar4_driver/share/ament_index/resource_index/hardware_interface__pluginlib__plugin/annin_ar4_driver
[8.830s] -- Installing: /home/karroyabreu/ar4/install/annin_ar4_driver/share/annin_ar4_driver/cmake/export_annin_ar4_driverExport.cmake
[8.830s] -- Installing: /home/karroyabreu/ar4/install/annin_ar4_driver/share/annin_ar4_driver/cmake/export_annin_ar4_driverExport-noconfig.cmake
[8.830s] -- Installing: /home/karroyabreu/ar4/install/annin_ar4_driver/share/annin_ar4_driver/cmake/ament_cmake_export_targets-extras.cmake
[8.830s] -- Installing: /home/karroyabreu/ar4/install/annin_ar4_driver/share/annin_ar4_driver/cmake/ament_cmake_export_dependencies-extras.cmake
[8.830s] -- Installing: /home/karroyabreu/ar4/install/annin_ar4_driver/share/annin_ar4_driver/cmake/annin_ar4_driverConfig.cmake
[8.830s] -- Installing: /home/karroyabreu/ar4/install/annin_ar4_driver/share/annin_ar4_driver/cmake/annin_ar4_driverConfig-version.cmake
[8.830s] -- Installing: /home/karroyabreu/ar4/install/annin_ar4_driver/share/annin_ar4_driver/package.xml
[8.831s] Invoked command in '/home/karroyabreu/ar4/build/annin_ar4_driver' returned '0': CMAKE_PREFIX_PATH=/home/karroyabreu/ar4/install/annin_ar4_description:/home/karroyabreu/ar4/install/position_tracker:/usr/local:/home/karroyabreu/ar4/install/programs_cpp:/home/karroyabreu/ar4/install/opencv:/home/karroyabreu/ar4/install/annin_ar4_moveit_config:/home/karroyabreu/ar4/install/annin_ar4_gazebo:/home/karroyabreu/ar4/install/annin_ar4_driver:/home/karroyabreu/workspace/install:/opt/ros/jazzy/opt/gz_sim_vendor:/opt/ros/jazzy/opt/gz_sensors_vendor:/opt/ros/jazzy/opt/gz_physics_vendor:/opt/ros/jazzy/opt/sdformat_vendor:/opt/ros/jazzy/opt/gz_gui_vendor:/opt/ros/jazzy/opt/gz_transport_vendor:/opt/ros/jazzy/opt/gz_rendering_vendor:/opt/ros/jazzy/opt/gz_plugin_vendor:/opt/ros/jazzy/opt/gz_fuel_tools_vendor:/opt/ros/jazzy/opt/gz_msgs_vendor:/opt/ros/jazzy/opt/gz_common_vendor:/opt/ros/jazzy/opt/gz_math_vendor:/opt/ros/jazzy/opt/gz_utils_vendor:/opt/ros/jazzy/opt/gz_tools_vendor:/opt/ros/jazzy/opt/gz_ogre_next_vendor:/opt/ros/jazzy/opt/gz_dartsim_vendor:/opt/ros/jazzy/opt/gz_cmake_vendor:/home/karroyabreu/ar4/install/opencv_pkg:/home/karroyabreu/ar4/install/pose_gui:/opt/ros/jazzy DEBUGINFOD_URLS=https://debuginfod.ubuntu.com /usr/bin/cmake --install /home/karroyabreu/ar4/build/annin_ar4_driver
