-- Install configuration: ""
-- Up-to-date: /home/karroyabreu/ar4/install/annin_ar4_gazebo/share/annin_ar4_gazebo/launch
-- Up-to-date: /home/karroyabreu/ar4/install/annin_ar4_gazebo/share/annin_ar4_gazebo/launch/gazebo.launch.py
-- Up-to-date: /home/karroyabreu/ar4/install/annin_ar4_gazebo/share/annin_ar4_gazebo/worlds
-- Up-to-date: /home/karroyabreu/ar4/install/annin_ar4_gazebo/share/annin_ar4_gazebo/worlds/empty.world
-- Up-to-date: /home/karroyabreu/ar4/install/annin_ar4_gazebo/share/ament_index/resource_index/package_run_dependencies/annin_ar4_gazebo
-- Up-to-date: /home/karroyabreu/ar4/install/annin_ar4_gazebo/share/ament_index/resource_index/parent_prefix_path/annin_ar4_gazebo
-- Up-to-date: /home/karroyabreu/ar4/install/annin_ar4_gazebo/share/annin_ar4_gazebo/environment/ament_prefix_path.sh
-- Up-to-date: /home/karroyabreu/ar4/install/annin_ar4_gazebo/share/annin_ar4_gazebo/environment/ament_prefix_path.dsv
-- Up-to-date: /home/karroyabreu/ar4/install/annin_ar4_gazebo/share/annin_ar4_gazebo/environment/path.sh
-- Up-to-date: /home/karroyabreu/ar4/install/annin_ar4_gazebo/share/annin_ar4_gazebo/environment/path.dsv
-- Up-to-date: /home/karroyabreu/ar4/install/annin_ar4_gazebo/share/annin_ar4_gazebo/local_setup.bash
-- Up-to-date: /home/karroyabreu/ar4/install/annin_ar4_gazebo/share/annin_ar4_gazebo/local_setup.sh
-- Up-to-date: /home/karroyabreu/ar4/install/annin_ar4_gazebo/share/annin_ar4_gazebo/local_setup.zsh
-- Up-to-date: /home/karroyabreu/ar4/install/annin_ar4_gazebo/share/annin_ar4_gazebo/local_setup.dsv
-- Up-to-date: /home/karroyabreu/ar4/install/annin_ar4_gazebo/share/annin_ar4_gazebo/package.dsv
-- Up-to-date: /home/karroyabreu/ar4/install/annin_ar4_gazebo/share/ament_index/resource_index/packages/annin_ar4_gazebo
-- Up-to-date: /home/karroyabreu/ar4/install/annin_ar4_gazebo/share/annin_ar4_gazebo/cmake/annin_ar4_gazeboConfig.cmake
-- Up-to-date: /home/karroyabreu/ar4/install/annin_ar4_gazebo/share/annin_ar4_gazebo/cmake/annin_ar4_gazeboConfig-version.cmake
-- Up-to-date: /home/karroyabreu/ar4/install/annin_ar4_gazebo/share/annin_ar4_gazebo/package.xml
