[0.719s] Invoking command in '/home/karroyabreu/ar4/src/pose_gui': DEBUGINFOD_URLS=https://debuginfod.ubuntu.com PYTHONPATH=/home/karroyabreu/ar4/build/pose_gui/prefix_override:/usr/lib/python3/dist-packages/colcon_core/task/python/colcon_distutils_commands:/home/karroyabreu/ar4/install/pose_gui/lib/python3.12/site-packages:${PYTHONPATH} /usr/bin/python3 -W ignore:setup.py install is deprecated -W ignore:easy_install command is deprecated setup.py egg_info --egg-base ../../build/pose_gui build --build-base /home/karroyabreu/ar4/build/pose_gui/build install --record /home/karroyabreu/ar4/build/pose_gui/install.log --single-version-externally-managed install_data
[0.962s] running egg_info
[0.980s] writing ../../build/pose_gui/pose_gui.egg-info/PKG-INFO
[0.980s] writing dependency_links to ../../build/pose_gui/pose_gui.egg-info/dependency_links.txt
[0.980s] writing entry points to ../../build/pose_gui/pose_gui.egg-info/entry_points.txt
[0.981s] writing requirements to ../../build/pose_gui/pose_gui.egg-info/requires.txt
[0.981s] writing top-level names to ../../build/pose_gui/pose_gui.egg-info/top_level.txt
[1.020s] reading manifest file '../../build/pose_gui/pose_gui.egg-info/SOURCES.txt'
[1.020s] writing manifest file '../../build/pose_gui/pose_gui.egg-info/SOURCES.txt'
[1.021s] running build
[1.021s] running build_py
[1.021s] copying pose_gui/pose_gui.py -> /home/karroyabreu/ar4/build/pose_gui/build/lib/pose_gui
[1.021s] running install
[1.026s] running install_lib
[1.042s] copying /home/karroyabreu/ar4/build/pose_gui/build/lib/pose_gui/pose_gui.py -> /home/karroyabreu/ar4/install/pose_gui/lib/python3.12/site-packages/pose_gui
[1.043s] byte-compiling /home/karroyabreu/ar4/install/pose_gui/lib/python3.12/site-packages/pose_gui/pose_gui.py to pose_gui.cpython-312.pyc
[1.043s] running install_data
[1.043s] running install_egg_info
[1.061s] removing '/home/karroyabreu/ar4/install/pose_gui/lib/python3.12/site-packages/pose_gui-0.0.0-py3.12.egg-info' (and everything under it)
[1.061s] Copying ../../build/pose_gui/pose_gui.egg-info to /home/karroyabreu/ar4/install/pose_gui/lib/python3.12/site-packages/pose_gui-0.0.0-py3.12.egg-info
[1.062s] running install_scripts
[1.181s] Installing pose_gui script to /home/karroyabreu/ar4/install/pose_gui/lib/pose_gui
[1.181s] writing list of installed files to '/home/karroyabreu/ar4/build/pose_gui/install.log'
[1.206s] Invoked command in '/home/karroyabreu/ar4/src/pose_gui' returned '0': DEBUGINFOD_URLS=https://debuginfod.ubuntu.com PYTHONPATH=/home/karroyabreu/ar4/build/pose_gui/prefix_override:/usr/lib/python3/dist-packages/colcon_core/task/python/colcon_distutils_commands:/home/karroyabreu/ar4/install/pose_gui/lib/python3.12/site-packages:${PYTHONPATH} /usr/bin/python3 -W ignore:setup.py install is deprecated -W ignore:easy_install command is deprecated setup.py egg_info --egg-base ../../build/pose_gui build --build-base /home/karroyabreu/ar4/build/pose_gui/build install --record /home/karroyabreu/ar4/build/pose_gui/install.log --single-version-externally-managed install_data
