[ 50%] [32mBuilding CXX object CMakeFiles/prog1.dir/src/program1.cpp.o[0m
[100%] [32m[1mLinking CXX executable prog1[0m
[100%] Built target prog1
-- Install configuration: ""
-- Installing: /home/karroyabreu/ar4/install/programs_cpp/lib/programs_cpp/prog1
-- Set non-toolchain portion of runtime path of "/home/karroyabreu/ar4/install/programs_cpp/lib/programs_cpp/prog1" to ""
-- Installing: /home/karroyabreu/ar4/install/programs_cpp/share/ament_index/resource_index/package_run_dependencies/programs_cpp
-- Installing: /home/karroyabreu/ar4/install/programs_cpp/share/ament_index/resource_index/parent_prefix_path/programs_cpp
-- Installing: /home/karroyabreu/ar4/install/programs_cpp/share/programs_cpp/environment/ament_prefix_path.sh
-- Installing: /home/karroyabreu/ar4/install/programs_cpp/share/programs_cpp/environment/ament_prefix_path.dsv
-- Installing: /home/karroyabreu/ar4/install/programs_cpp/share/programs_cpp/environment/path.sh
-- Installing: /home/karroyabreu/ar4/install/programs_cpp/share/programs_cpp/environment/path.dsv
-- Installing: /home/karroyabreu/ar4/install/programs_cpp/share/programs_cpp/local_setup.bash
-- Installing: /home/karroyabreu/ar4/install/programs_cpp/share/programs_cpp/local_setup.sh
-- Installing: /home/karroyabreu/ar4/install/programs_cpp/share/programs_cpp/local_setup.zsh
-- Installing: /home/karroyabreu/ar4/install/programs_cpp/share/programs_cpp/local_setup.dsv
-- Installing: /home/karroyabreu/ar4/install/programs_cpp/share/programs_cpp/package.dsv
-- Installing: /home/karroyabreu/ar4/install/programs_cpp/share/ament_index/resource_index/packages/programs_cpp
-- Installing: /home/karroyabreu/ar4/install/programs_cpp/share/programs_cpp/cmake/programs_cppConfig.cmake
-- Installing: /home/karroyabreu/ar4/install/programs_cpp/share/programs_cpp/cmake/programs_cppConfig-version.cmake
-- Installing: /home/karroyabreu/ar4/install/programs_cpp/share/programs_cpp/package.xml
