[0.488s] Invoking command in '/home/karroyabreu/ar4/build/pose_gui': DEBUGINFOD_URLS=https://debuginfod.ubuntu.com PYTHONPATH=/home/karroyabreu/ar4/build/pose_gui/prefix_override:/usr/lib/python3/dist-packages/colcon_core/task/python/colcon_distutils_commands:/home/karroyabreu/ar4/install/pose_gui/lib/python3.12/site-packages:${PYTHONPATH} /usr/bin/python3 -W ignore:setup.py install is deprecated -W ignore:easy_install command is deprecated setup.py develop --editable --build-directory /home/karroyabreu/ar4/build/pose_gui/build --no-deps symlink_data
[0.690s] running develop
[0.790s] /usr/lib/python3/dist-packages/setuptools/command/easy_install.py:363: UserWarning: Unbuilt egg for pytest-repeat [unknown version] (/usr/lib/python3/dist-packages)
[0.790s]   self.local_index = Environment(self.shadow_path + sys.path)
[0.811s] running egg_info
[0.811s] creating pose_gui.egg-info
[0.823s] writing pose_gui.egg-info/PKG-INFO
[0.823s] writing dependency_links to pose_gui.egg-info/dependency_links.txt
[0.823s] writing entry points to pose_gui.egg-info/entry_points.txt
[0.823s] writing requirements to pose_gui.egg-info/requires.txt
[0.823s] writing top-level names to pose_gui.egg-info/top_level.txt
[0.823s] writing manifest file 'pose_gui.egg-info/SOURCES.txt'
[0.847s] reading manifest file 'pose_gui.egg-info/SOURCES.txt'
[0.848s] writing manifest file 'pose_gui.egg-info/SOURCES.txt'
[0.861s] running build_ext
[0.861s] Creating /home/karroyabreu/ar4/install/pose_gui/lib/python3.12/site-packages/pose-gui.egg-link (link to .)
[0.861s] Installing pose_gui script to /home/karroyabreu/ar4/install/pose_gui/lib/pose_gui
[0.861s] 
[0.862s] Installed /home/karroyabreu/ar4/build/pose_gui
[0.862s] running symlink_data
[0.862s] creating /home/karroyabreu/ar4/install/pose_gui/share/ament_index
[0.862s] creating /home/karroyabreu/ar4/install/pose_gui/share/ament_index/resource_index
[0.862s] creating /home/karroyabreu/ar4/install/pose_gui/share/ament_index/resource_index/packages
[0.862s] symbolically linking /home/karroyabreu/ar4/build/pose_gui/resource/pose_gui -> /home/karroyabreu/ar4/install/pose_gui/share/ament_index/resource_index/packages
[0.862s] symbolically linking /home/karroyabreu/ar4/build/pose_gui/package.xml -> /home/karroyabreu/ar4/install/pose_gui/share/pose_gui
[0.882s] Invoked command in '/home/karroyabreu/ar4/build/pose_gui' returned '0': DEBUGINFOD_URLS=https://debuginfod.ubuntu.com PYTHONPATH=/home/karroyabreu/ar4/build/pose_gui/prefix_override:/usr/lib/python3/dist-packages/colcon_core/task/python/colcon_distutils_commands:/home/karroyabreu/ar4/install/pose_gui/lib/python3.12/site-packages:${PYTHONPATH} /usr/bin/python3 -W ignore:setup.py install is deprecated -W ignore:easy_install command is deprecated setup.py develop --editable --build-directory /home/karroyabreu/ar4/build/pose_gui/build --no-deps symlink_data
