[0.013s] Invoking command in '/home/karroyabreu/ar4/build/programs_cpp': CMAKE_PREFIX_PATH=${CMAKE_PREFIX_PATH}:/opt/ros/jazzy DEBUGINFOD_URLS=https://debuginfod.ubuntu.com /usr/bin/cmake --build /home/karroyabreu/ar4/build/programs_cpp -- -j22 -l22
[0.070s] [ 50%] [32mBuilding CXX object CMakeFiles/programs_cpp.dir/src/program1.cpp.o[0m
[6.039s] [100%] [32m[1mLinking CXX executable programs_cpp[0m
[6.229s] [100%] Built target programs_cpp
[6.241s] Invoked command in '/home/karroyabreu/ar4/build/programs_cpp' returned '0': CMAKE_PREFIX_PATH=${CMAKE_PREFIX_PATH}:/opt/ros/jazzy DEBUGINFOD_URLS=https://debuginfod.ubuntu.com /usr/bin/cmake --build /home/karroyabreu/ar4/build/programs_cpp -- -j22 -l22
[6.250s] Invoking command in '/home/karroyabreu/ar4/build/programs_cpp': CMAKE_PREFIX_PATH=${CMAKE_PREFIX_PATH}:/opt/ros/jazzy DEBUGINFOD_URLS=https://debuginfod.ubuntu.com /usr/bin/cmake --install /home/karroyabreu/ar4/build/programs_cpp
[6.258s] -- Install configuration: ""
[6.258s] -- Installing: /home/karroyabreu/ar4/install/programs_cpp/lib/programs_cpp/programs_cpp
[6.258s] -- Set non-toolchain portion of runtime path of "/home/karroyabreu/ar4/install/programs_cpp/lib/programs_cpp/programs_cpp" to ""
[6.258s] -- Up-to-date: /home/karroyabreu/ar4/install/programs_cpp/share/ament_index/resource_index/package_run_dependencies/programs_cpp
[6.258s] -- Up-to-date: /home/karroyabreu/ar4/install/programs_cpp/share/ament_index/resource_index/parent_prefix_path/programs_cpp
[6.259s] -- Up-to-date: /home/karroyabreu/ar4/install/programs_cpp/share/programs_cpp/environment/ament_prefix_path.sh
[6.259s] -- Up-to-date: /home/karroyabreu/ar4/install/programs_cpp/share/programs_cpp/environment/ament_prefix_path.dsv
[6.259s] -- Up-to-date: /home/karroyabreu/ar4/install/programs_cpp/share/programs_cpp/environment/path.sh
[6.259s] -- Up-to-date: /home/karroyabreu/ar4/install/programs_cpp/share/programs_cpp/environment/path.dsv
[6.260s] -- Up-to-date: /home/karroyabreu/ar4/install/programs_cpp/share/programs_cpp/local_setup.bash
[6.260s] -- Up-to-date: /home/karroyabreu/ar4/install/programs_cpp/share/programs_cpp/local_setup.sh
[6.260s] -- Up-to-date: /home/karroyabreu/ar4/install/programs_cpp/share/programs_cpp/local_setup.zsh
[6.260s] -- Up-to-date: /home/karroyabreu/ar4/install/programs_cpp/share/programs_cpp/local_setup.dsv
[6.260s] -- Installing: /home/karroyabreu/ar4/install/programs_cpp/share/programs_cpp/package.dsv
[6.260s] -- Up-to-date: /home/karroyabreu/ar4/install/programs_cpp/share/ament_index/resource_index/packages/programs_cpp
[6.260s] -- Up-to-date: /home/karroyabreu/ar4/install/programs_cpp/share/programs_cpp/cmake/programs_cppConfig.cmake
[6.260s] -- Up-to-date: /home/karroyabreu/ar4/install/programs_cpp/share/programs_cpp/cmake/programs_cppConfig-version.cmake
[6.260s] -- Up-to-date: /home/karroyabreu/ar4/install/programs_cpp/share/programs_cpp/package.xml
[6.261s] Invoked command in '/home/karroyabreu/ar4/build/programs_cpp' returned '0': CMAKE_PREFIX_PATH=${CMAKE_PREFIX_PATH}:/opt/ros/jazzy DEBUGINFOD_URLS=https://debuginfod.ubuntu.com /usr/bin/cmake --install /home/karroyabreu/ar4/build/programs_cpp
