[0.011s] Invoking command in '/home/karroyabreu/ar4/build/ros_gz_image': AMENT_PREFIX_PATH=/home/karroyabreu/ar4/install/ros_gz_bridge:/home/karroyabreu/ar4/install/ros_gz_interfaces:${AMENT_PREFIX_PATH} CMAKE_PREFIX_PATH=/home/karroyabreu/ar4/install/ros_gz_bridge:/home/karroyabreu/ar4/install/ros_gz_interfaces:/usr/local:/home/karroyabreu/ar4/install/annin_ar4_moveit_config:/home/karroyabreu/ar4/install/annin_ar4_gazebo:/home/karroyabreu/ar4/install/annin_ar4_driver:/home/karroyabreu/ar4/install/annin_ar4_description:/opt/ros/jazzy/opt/gz_sim_vendor:/opt/ros/jazzy/opt/gz_sensors_vendor:/opt/ros/jazzy/opt/gz_physics_vendor:/opt/ros/jazzy/opt/sdformat_vendor:/opt/ros/jazzy/opt/gz_gui_vendor:/opt/ros/jazzy/opt/gz_transport_vendor:/opt/ros/jazzy/opt/gz_rendering_vendor:/opt/ros/jazzy/opt/gz_plugin_vendor:/opt/ros/jazzy/opt/gz_fuel_tools_vendor:/opt/ros/jazzy/opt/gz_msgs_vendor:/opt/ros/jazzy/opt/gz_common_vendor:/opt/ros/jazzy/opt/gz_math_vendor:/opt/ros/jazzy/opt/gz_utils_vendor:/opt/ros/jazzy/opt/gz_tools_vendor:/opt/ros/jazzy/opt/gz_ogre_next_vendor:/opt/ros/jazzy/opt/gz_dartsim_vendor:/opt/ros/jazzy/opt/gz_cmake_vendor:/opt/ros/jazzy DEBUGINFOD_URLS=https://debuginfod.ubuntu.com LD_LIBRARY_PATH=/home/karroyabreu/ar4/install/ros_gz_bridge/lib:/home/karroyabreu/ar4/install/ros_gz_interfaces/lib:${LD_LIBRARY_PATH} PYTHONPATH=/home/karroyabreu/ar4/install/ros_gz_bridge/lib/python3.12/site-packages:/home/karroyabreu/ar4/install/ros_gz_interfaces/lib/python3.12/site-packages:${PYTHONPATH} /usr/bin/cmake /home/karroyabreu/ar4/src/ros_gz/ros_gz_image -DCMAKE_INSTALL_PREFIX=/home/karroyabreu/ar4/install/ros_gz_image
[0.052s] -- The C compiler identification is GNU 13.3.0
[0.088s] -- The CXX compiler identification is GNU 13.3.0
[0.100s] -- Detecting C compiler ABI info
[0.167s] -- Detecting C compiler ABI info - done
[0.172s] -- Check for working C compiler: /usr/bin/cc - skipped
[0.172s] -- Detecting C compile features
[0.173s] -- Detecting C compile features - done
[0.180s] -- Detecting CXX compiler ABI info
[0.250s] -- Detecting CXX compiler ABI info - done
[0.255s] -- Check for working CXX compiler: /usr/bin/c++ - skipped
[0.255s] -- Detecting CXX compile features
[0.255s] -- Detecting CXX compile features - done
[0.258s] -- Found ament_cmake: 2.5.4 (/opt/ros/jazzy/share/ament_cmake/cmake)
[0.364s] -- Found Python3: /usr/bin/python3 (found version "3.12.3") found components: Interpreter 
[0.458s] -- Found image_transport: 5.1.6 (/opt/ros/jazzy/share/image_transport/cmake)
[0.500s] -- Found rosidl_generator_c: 4.6.5 (/opt/ros/jazzy/share/rosidl_generator_c/cmake)
[0.512s] -- Found rosidl_generator_cpp: 4.6.5 (/opt/ros/jazzy/share/rosidl_generator_cpp/cmake)
[0.526s] -- Using all available rosidl_typesupport_c: rosidl_typesupport_fastrtps_c;rosidl_typesupport_introspection_c
[0.541s] -- Using all available rosidl_typesupport_cpp: rosidl_typesupport_fastrtps_cpp;rosidl_typesupport_introspection_cpp
[0.609s] -- Found rmw_implementation_cmake: 7.3.2 (/opt/ros/jazzy/share/rmw_implementation_cmake/cmake)
[0.612s] -- Found rmw_fastrtps_cpp: 8.4.2 (/opt/ros/jazzy/share/rmw_fastrtps_cpp/cmake)
[0.684s] -- Found OpenSSL: /usr/lib/x86_64-linux-gnu/libcrypto.so (found version "3.0.13")  
[0.699s] -- Found FastRTPS: /opt/ros/jazzy/include (Required is at least version "2.13") 
[0.720s] -- Using RMW implementation 'rmw_fastrtps_cpp' as default
[0.854s] -- Found ros_gz_bridge: 1.0.16 (/home/karroyabreu/ar4/install/ros_gz_bridge/share/ros_gz_bridge/cmake)
[0.897s] -- Looking for gz-msgs10 -- found version 10.3.2
[0.902s] -- Searching for dependencies of gz-msgs10
[1.000s] -- Found Protobuf: /usr/lib/x86_64-linux-gnu/libprotobuf.so (found version "3.21.12") 
[1.002s] -- Looking for gz-utils2 -- found version 2.2.1
[1.002s] -- Searching for dependencies of gz-utils2
[1.003s] -- Looking for gz-math7 -- found version 7.5.2
[1.004s] -- Searching for dependencies of gz-math7
[1.004s] -- Looking for gz-utils2 -- found version 2.2.1
[1.009s] -- Checking for module 'tinyxml2'
[1.021s] --   Found tinyxml2, version 10.0.0
[1.056s] -- Looking for gz-transport13 -- found version 13.4.1
[1.056s] -- Searching for dependencies of gz-transport13
[1.082s] -- Config-file not installed for ZeroMQ -- checking for pkg-config
[1.085s] -- Checking for module 'libzmq >= 4'
[1.097s] --   Found libzmq, version 4.3.5
[1.132s] -- Found ZeroMQ: TRUE (Required is at least version "4") 
[1.138s] -- Checking for module 'uuid'
[1.151s] --   Found uuid, version 2.39.3
[1.180s] -- Found UUID: TRUE  
[1.180s] -- Looking for gz-utils2 -- found version 2.2.1
[1.180s] -- Searching for dependencies of gz-utils2
[1.180s] -- Searching for <gz-utils2> component [cli]
[1.182s] -- Looking for gz-utils2-cli -- found version 2.2.1
[1.182s] -- Searching for dependencies of gz-utils2-cli
[1.182s] -- Looking for gz-msgs10 -- found version 10.3.2
[1.346s] -- Looking for gz-transport13 -- found version 13.4.1
[1.347s] -- Looking for gz-msgs10 -- found version 10.3.2
[1.350s] -- Found ament_lint_auto: 0.17.2 (/opt/ros/jazzy/share/ament_lint_auto/cmake)
[1.436s] -- Added test 'copyright' to check source files copyright and LICENSE
[1.437s] -- Added test 'cppcheck' to perform static code analysis on C / C++ code
[1.437s] -- Configured cppcheck include dirs: /home/karroyabreu/ar4/src/ros_gz/ros_gz_image/include
[1.437s] -- Configured cppcheck exclude dirs and/or files: 
[1.438s] -- Added test 'cpplint' to check C / C++ code against the Google style
[1.438s] -- Configured cpplint exclude dirs and/or files: 
[1.439s] -- Added test 'lint_cmake' to check CMake code style
[1.439s] -- Added test 'uncrustify' to check C / C++ code style
[1.440s] -- Configured uncrustify additional arguments: 
[1.440s] -- Added test 'xmllint' to check XML markup files
[1.441s] -- Configuring done (1.4s)
[1.454s] -- Generating done (0.0s)
[1.457s] -- Build files have been written to: /home/karroyabreu/ar4/build/ros_gz_image
[1.467s] Invoked command in '/home/karroyabreu/ar4/build/ros_gz_image' returned '0': AMENT_PREFIX_PATH=/home/karroyabreu/ar4/install/ros_gz_bridge:/home/karroyabreu/ar4/install/ros_gz_interfaces:${AMENT_PREFIX_PATH} CMAKE_PREFIX_PATH=/home/karroyabreu/ar4/install/ros_gz_bridge:/home/karroyabreu/ar4/install/ros_gz_interfaces:/usr/local:/home/karroyabreu/ar4/install/annin_ar4_moveit_config:/home/karroyabreu/ar4/install/annin_ar4_gazebo:/home/karroyabreu/ar4/install/annin_ar4_driver:/home/karroyabreu/ar4/install/annin_ar4_description:/opt/ros/jazzy/opt/gz_sim_vendor:/opt/ros/jazzy/opt/gz_sensors_vendor:/opt/ros/jazzy/opt/gz_physics_vendor:/opt/ros/jazzy/opt/sdformat_vendor:/opt/ros/jazzy/opt/gz_gui_vendor:/opt/ros/jazzy/opt/gz_transport_vendor:/opt/ros/jazzy/opt/gz_rendering_vendor:/opt/ros/jazzy/opt/gz_plugin_vendor:/opt/ros/jazzy/opt/gz_fuel_tools_vendor:/opt/ros/jazzy/opt/gz_msgs_vendor:/opt/ros/jazzy/opt/gz_common_vendor:/opt/ros/jazzy/opt/gz_math_vendor:/opt/ros/jazzy/opt/gz_utils_vendor:/opt/ros/jazzy/opt/gz_tools_vendor:/opt/ros/jazzy/opt/gz_ogre_next_vendor:/opt/ros/jazzy/opt/gz_dartsim_vendor:/opt/ros/jazzy/opt/gz_cmake_vendor:/opt/ros/jazzy DEBUGINFOD_URLS=https://debuginfod.ubuntu.com LD_LIBRARY_PATH=/home/karroyabreu/ar4/install/ros_gz_bridge/lib:/home/karroyabreu/ar4/install/ros_gz_interfaces/lib:${LD_LIBRARY_PATH} PYTHONPATH=/home/karroyabreu/ar4/install/ros_gz_bridge/lib/python3.12/site-packages:/home/karroyabreu/ar4/install/ros_gz_interfaces/lib/python3.12/site-packages:${PYTHONPATH} /usr/bin/cmake /home/karroyabreu/ar4/src/ros_gz/ros_gz_image -DCMAKE_INSTALL_PREFIX=/home/karroyabreu/ar4/install/ros_gz_image
[1.467s] Invoking command in '/home/karroyabreu/ar4/build/ros_gz_image': AMENT_PREFIX_PATH=/home/karroyabreu/ar4/install/ros_gz_bridge:/home/karroyabreu/ar4/install/ros_gz_interfaces:${AMENT_PREFIX_PATH} CMAKE_PREFIX_PATH=/home/karroyabreu/ar4/install/ros_gz_bridge:/home/karroyabreu/ar4/install/ros_gz_interfaces:/usr/local:/home/karroyabreu/ar4/install/annin_ar4_moveit_config:/home/karroyabreu/ar4/install/annin_ar4_gazebo:/home/karroyabreu/ar4/install/annin_ar4_driver:/home/karroyabreu/ar4/install/annin_ar4_description:/opt/ros/jazzy/opt/gz_sim_vendor:/opt/ros/jazzy/opt/gz_sensors_vendor:/opt/ros/jazzy/opt/gz_physics_vendor:/opt/ros/jazzy/opt/sdformat_vendor:/opt/ros/jazzy/opt/gz_gui_vendor:/opt/ros/jazzy/opt/gz_transport_vendor:/opt/ros/jazzy/opt/gz_rendering_vendor:/opt/ros/jazzy/opt/gz_plugin_vendor:/opt/ros/jazzy/opt/gz_fuel_tools_vendor:/opt/ros/jazzy/opt/gz_msgs_vendor:/opt/ros/jazzy/opt/gz_common_vendor:/opt/ros/jazzy/opt/gz_math_vendor:/opt/ros/jazzy/opt/gz_utils_vendor:/opt/ros/jazzy/opt/gz_tools_vendor:/opt/ros/jazzy/opt/gz_ogre_next_vendor:/opt/ros/jazzy/opt/gz_dartsim_vendor:/opt/ros/jazzy/opt/gz_cmake_vendor:/opt/ros/jazzy DEBUGINFOD_URLS=https://debuginfod.ubuntu.com LD_LIBRARY_PATH=/home/karroyabreu/ar4/install/ros_gz_bridge/lib:/home/karroyabreu/ar4/install/ros_gz_interfaces/lib:${LD_LIBRARY_PATH} PYTHONPATH=/home/karroyabreu/ar4/install/ros_gz_bridge/lib/python3.12/site-packages:/home/karroyabreu/ar4/install/ros_gz_interfaces/lib/python3.12/site-packages:${PYTHONPATH} /usr/bin/cmake --build /home/karroyabreu/ar4/build/ros_gz_image -- -j22 -l22
[1.512s] [ 50%] [32mBuilding CXX object CMakeFiles/image_bridge.dir/src/image_bridge.cpp.o[0m
[4.871s] [100%] [32m[1mLinking CXX executable image_bridge[0m
[13.534s] [100%] Built target image_bridge
[13.546s] Invoked command in '/home/karroyabreu/ar4/build/ros_gz_image' returned '0': AMENT_PREFIX_PATH=/home/karroyabreu/ar4/install/ros_gz_bridge:/home/karroyabreu/ar4/install/ros_gz_interfaces:${AMENT_PREFIX_PATH} CMAKE_PREFIX_PATH=/home/karroyabreu/ar4/install/ros_gz_bridge:/home/karroyabreu/ar4/install/ros_gz_interfaces:/usr/local:/home/karroyabreu/ar4/install/annin_ar4_moveit_config:/home/karroyabreu/ar4/install/annin_ar4_gazebo:/home/karroyabreu/ar4/install/annin_ar4_driver:/home/karroyabreu/ar4/install/annin_ar4_description:/opt/ros/jazzy/opt/gz_sim_vendor:/opt/ros/jazzy/opt/gz_sensors_vendor:/opt/ros/jazzy/opt/gz_physics_vendor:/opt/ros/jazzy/opt/sdformat_vendor:/opt/ros/jazzy/opt/gz_gui_vendor:/opt/ros/jazzy/opt/gz_transport_vendor:/opt/ros/jazzy/opt/gz_rendering_vendor:/opt/ros/jazzy/opt/gz_plugin_vendor:/opt/ros/jazzy/opt/gz_fuel_tools_vendor:/opt/ros/jazzy/opt/gz_msgs_vendor:/opt/ros/jazzy/opt/gz_common_vendor:/opt/ros/jazzy/opt/gz_math_vendor:/opt/ros/jazzy/opt/gz_utils_vendor:/opt/ros/jazzy/opt/gz_tools_vendor:/opt/ros/jazzy/opt/gz_ogre_next_vendor:/opt/ros/jazzy/opt/gz_dartsim_vendor:/opt/ros/jazzy/opt/gz_cmake_vendor:/opt/ros/jazzy DEBUGINFOD_URLS=https://debuginfod.ubuntu.com LD_LIBRARY_PATH=/home/karroyabreu/ar4/install/ros_gz_bridge/lib:/home/karroyabreu/ar4/install/ros_gz_interfaces/lib:${LD_LIBRARY_PATH} PYTHONPATH=/home/karroyabreu/ar4/install/ros_gz_bridge/lib/python3.12/site-packages:/home/karroyabreu/ar4/install/ros_gz_interfaces/lib/python3.12/site-packages:${PYTHONPATH} /usr/bin/cmake --build /home/karroyabreu/ar4/build/ros_gz_image -- -j22 -l22
[13.547s] Invoking command in '/home/karroyabreu/ar4/build/ros_gz_image': AMENT_PREFIX_PATH=/home/karroyabreu/ar4/install/ros_gz_bridge:/home/karroyabreu/ar4/install/ros_gz_interfaces:${AMENT_PREFIX_PATH} CMAKE_PREFIX_PATH=/home/karroyabreu/ar4/install/ros_gz_bridge:/home/karroyabreu/ar4/install/ros_gz_interfaces:/usr/local:/home/karroyabreu/ar4/install/annin_ar4_moveit_config:/home/karroyabreu/ar4/install/annin_ar4_gazebo:/home/karroyabreu/ar4/install/annin_ar4_driver:/home/karroyabreu/ar4/install/annin_ar4_description:/opt/ros/jazzy/opt/gz_sim_vendor:/opt/ros/jazzy/opt/gz_sensors_vendor:/opt/ros/jazzy/opt/gz_physics_vendor:/opt/ros/jazzy/opt/sdformat_vendor:/opt/ros/jazzy/opt/gz_gui_vendor:/opt/ros/jazzy/opt/gz_transport_vendor:/opt/ros/jazzy/opt/gz_rendering_vendor:/opt/ros/jazzy/opt/gz_plugin_vendor:/opt/ros/jazzy/opt/gz_fuel_tools_vendor:/opt/ros/jazzy/opt/gz_msgs_vendor:/opt/ros/jazzy/opt/gz_common_vendor:/opt/ros/jazzy/opt/gz_math_vendor:/opt/ros/jazzy/opt/gz_utils_vendor:/opt/ros/jazzy/opt/gz_tools_vendor:/opt/ros/jazzy/opt/gz_ogre_next_vendor:/opt/ros/jazzy/opt/gz_dartsim_vendor:/opt/ros/jazzy/opt/gz_cmake_vendor:/opt/ros/jazzy DEBUGINFOD_URLS=https://debuginfod.ubuntu.com LD_LIBRARY_PATH=/home/karroyabreu/ar4/install/ros_gz_bridge/lib:/home/karroyabreu/ar4/install/ros_gz_interfaces/lib:${LD_LIBRARY_PATH} PYTHONPATH=/home/karroyabreu/ar4/install/ros_gz_bridge/lib/python3.12/site-packages:/home/karroyabreu/ar4/install/ros_gz_interfaces/lib/python3.12/site-packages:${PYTHONPATH} /usr/bin/cmake --install /home/karroyabreu/ar4/build/ros_gz_image
[13.552s] -- Install configuration: ""
[13.552s] -- Installing: /home/karroyabreu/ar4/install/ros_gz_image/lib/ros_gz_image/image_bridge
[13.553s] -- Set non-toolchain portion of runtime path of "/home/karroyabreu/ar4/install/ros_gz_image/lib/ros_gz_image/image_bridge" to ""
[13.553s] -- Installing: /home/karroyabreu/ar4/install/ros_gz_image/share/ament_index/resource_index/package_run_dependencies/ros_gz_image
[13.553s] -- Installing: /home/karroyabreu/ar4/install/ros_gz_image/share/ament_index/resource_index/parent_prefix_path/ros_gz_image
[13.553s] -- Installing: /home/karroyabreu/ar4/install/ros_gz_image/share/ros_gz_image/environment/ament_prefix_path.sh
[13.553s] -- Installing: /home/karroyabreu/ar4/install/ros_gz_image/share/ros_gz_image/environment/ament_prefix_path.dsv
[13.553s] -- Installing: /home/karroyabreu/ar4/install/ros_gz_image/share/ros_gz_image/environment/path.sh
[13.553s] -- Installing: /home/karroyabreu/ar4/install/ros_gz_image/share/ros_gz_image/environment/path.dsv
[13.553s] -- Installing: /home/karroyabreu/ar4/install/ros_gz_image/share/ros_gz_image/local_setup.bash
[13.553s] -- Installing: /home/karroyabreu/ar4/install/ros_gz_image/share/ros_gz_image/local_setup.sh
[13.553s] -- Installing: /home/karroyabreu/ar4/install/ros_gz_image/share/ros_gz_image/local_setup.zsh
[13.553s] -- Installing: /home/karroyabreu/ar4/install/ros_gz_image/share/ros_gz_image/local_setup.dsv
[13.554s] -- Installing: /home/karroyabreu/ar4/install/ros_gz_image/share/ros_gz_image/package.dsv
[13.554s] -- Installing: /home/karroyabreu/ar4/install/ros_gz_image/share/ament_index/resource_index/packages/ros_gz_image
[13.554s] -- Installing: /home/karroyabreu/ar4/install/ros_gz_image/share/ros_gz_image/cmake/ros_gz_imageConfig.cmake
[13.554s] -- Installing: /home/karroyabreu/ar4/install/ros_gz_image/share/ros_gz_image/cmake/ros_gz_imageConfig-version.cmake
[13.554s] -- Installing: /home/karroyabreu/ar4/install/ros_gz_image/share/ros_gz_image/package.xml
[13.555s] Invoked command in '/home/karroyabreu/ar4/build/ros_gz_image' returned '0': AMENT_PREFIX_PATH=/home/karroyabreu/ar4/install/ros_gz_bridge:/home/karroyabreu/ar4/install/ros_gz_interfaces:${AMENT_PREFIX_PATH} CMAKE_PREFIX_PATH=/home/karroyabreu/ar4/install/ros_gz_bridge:/home/karroyabreu/ar4/install/ros_gz_interfaces:/usr/local:/home/karroyabreu/ar4/install/annin_ar4_moveit_config:/home/karroyabreu/ar4/install/annin_ar4_gazebo:/home/karroyabreu/ar4/install/annin_ar4_driver:/home/karroyabreu/ar4/install/annin_ar4_description:/opt/ros/jazzy/opt/gz_sim_vendor:/opt/ros/jazzy/opt/gz_sensors_vendor:/opt/ros/jazzy/opt/gz_physics_vendor:/opt/ros/jazzy/opt/sdformat_vendor:/opt/ros/jazzy/opt/gz_gui_vendor:/opt/ros/jazzy/opt/gz_transport_vendor:/opt/ros/jazzy/opt/gz_rendering_vendor:/opt/ros/jazzy/opt/gz_plugin_vendor:/opt/ros/jazzy/opt/gz_fuel_tools_vendor:/opt/ros/jazzy/opt/gz_msgs_vendor:/opt/ros/jazzy/opt/gz_common_vendor:/opt/ros/jazzy/opt/gz_math_vendor:/opt/ros/jazzy/opt/gz_utils_vendor:/opt/ros/jazzy/opt/gz_tools_vendor:/opt/ros/jazzy/opt/gz_ogre_next_vendor:/opt/ros/jazzy/opt/gz_dartsim_vendor:/opt/ros/jazzy/opt/gz_cmake_vendor:/opt/ros/jazzy DEBUGINFOD_URLS=https://debuginfod.ubuntu.com LD_LIBRARY_PATH=/home/karroyabreu/ar4/install/ros_gz_bridge/lib:/home/karroyabreu/ar4/install/ros_gz_interfaces/lib:${LD_LIBRARY_PATH} PYTHONPATH=/home/karroyabreu/ar4/install/ros_gz_bridge/lib/python3.12/site-packages:/home/karroyabreu/ar4/install/ros_gz_interfaces/lib/python3.12/site-packages:${PYTHONPATH} /usr/bin/cmake --install /home/karroyabreu/ar4/build/ros_gz_image
