[0.007s] Invoking command in '/home/karroyabreu/ar4/build/annin_ar4_driver': AMENT_PREFIX_PATH=/home/karroyabreu/ar4/install/annin_ar4_description:${AMENT_PREFIX_PATH} CMAKE_PREFIX_PATH=/home/karroyabreu/ar4/install/annin_ar4_description:/usr/local:/home/karroyabreu/ar4/install/opencv:/home/karroyabreu/workspace/install:/opt/ros/jazzy/opt/gz_sim_vendor:/opt/ros/jazzy/opt/gz_sensors_vendor:/opt/ros/jazzy/opt/gz_physics_vendor:/opt/ros/jazzy/opt/sdformat_vendor:/opt/ros/jazzy/opt/gz_gui_vendor:/opt/ros/jazzy/opt/gz_transport_vendor:/opt/ros/jazzy/opt/gz_rendering_vendor:/opt/ros/jazzy/opt/gz_plugin_vendor:/opt/ros/jazzy/opt/gz_fuel_tools_vendor:/opt/ros/jazzy/opt/gz_msgs_vendor:/opt/ros/jazzy/opt/gz_common_vendor:/opt/ros/jazzy/opt/gz_math_vendor:/opt/ros/jazzy/opt/gz_utils_vendor:/opt/ros/jazzy/opt/gz_tools_vendor:/opt/ros/jazzy/opt/gz_ogre_next_vendor:/opt/ros/jazzy/opt/gz_dartsim_vendor:/opt/ros/jazzy/opt/gz_cmake_vendor:/home/karroyabreu/ar4/install/opencv_pkg:/opt/ros/jazzy DEBUGINFOD_URLS=https://debuginfod.ubuntu.com /usr/bin/cmake /home/karroyabreu/ar4/src/ar4_ros_driver/annin_ar4_driver -DCMAKE_INSTALL_PREFIX=/home/karroyabreu/ar4/install/annin_ar4_driver
[0.057s] -- The C compiler identification is GNU 13.3.0
[0.096s] -- The CXX compiler identification is GNU 13.3.0
[0.108s] -- Detecting C compiler ABI info
[0.177s] -- Detecting C compiler ABI info - done
[0.186s] -- Check for working C compiler: /usr/bin/cc - skipped
[0.186s] -- Detecting C compile features
[0.187s] -- Detecting C compile features - done
[0.194s] -- Detecting CXX compiler ABI info
[0.269s] -- Detecting CXX compiler ABI info - done
[0.275s] -- Check for working CXX compiler: /usr/bin/c++ - skipped
[0.275s] -- Detecting CXX compile features
[0.275s] -- Detecting CXX compile features - done
[0.278s] -- Found ament_cmake: 2.5.4 (/opt/ros/jazzy/share/ament_cmake/cmake)
[0.420s] -- Found Python3: /usr/bin/python3 (found version "3.12.3") found components: Interpreter 
[0.521s] -- Found Boost: /usr/lib/x86_64-linux-gnu/cmake/Boost-1.83.0/BoostConfig.cmake (found version "1.83.0") found components: system 
[0.524s] -- Found controller_manager: 4.32.0 (/opt/ros/jazzy/share/controller_manager/cmake)
[0.568s] -- Found rosidl_generator_c: 4.6.5 (/opt/ros/jazzy/share/rosidl_generator_c/cmake)
[0.580s] -- Found rosidl_generator_cpp: 4.6.5 (/opt/ros/jazzy/share/rosidl_generator_cpp/cmake)
[0.593s] -- Using all available rosidl_typesupport_c: rosidl_typesupport_fastrtps_c;rosidl_typesupport_introspection_c
[0.607s] -- Using all available rosidl_typesupport_cpp: rosidl_typesupport_fastrtps_cpp;rosidl_typesupport_introspection_cpp
[0.670s] -- Found rmw_implementation_cmake: 7.3.2 (/opt/ros/jazzy/share/rmw_implementation_cmake/cmake)
[0.673s] -- Found rmw_fastrtps_cpp: 8.4.2 (/opt/ros/jazzy/share/rmw_fastrtps_cpp/cmake)
[0.750s] -- Found OpenSSL: /usr/lib/x86_64-linux-gnu/libcrypto.so (found version "3.0.13")  
[0.765s] -- Found FastRTPS: /opt/ros/jazzy/include (Required is at least version "2.13") 
[0.790s] -- Using RMW implementation 'rmw_fastrtps_cpp' as default
[1.277s] -- Configuring done (1.3s)
[1.298s] -- Generating done (0.0s)
[1.303s] -- Build files have been written to: /home/karroyabreu/ar4/build/annin_ar4_driver
[1.313s] Invoked command in '/home/karroyabreu/ar4/build/annin_ar4_driver' returned '0': AMENT_PREFIX_PATH=/home/karroyabreu/ar4/install/annin_ar4_description:${AMENT_PREFIX_PATH} CMAKE_PREFIX_PATH=/home/karroyabreu/ar4/install/annin_ar4_description:/usr/local:/home/karroyabreu/ar4/install/opencv:/home/karroyabreu/workspace/install:/opt/ros/jazzy/opt/gz_sim_vendor:/opt/ros/jazzy/opt/gz_sensors_vendor:/opt/ros/jazzy/opt/gz_physics_vendor:/opt/ros/jazzy/opt/sdformat_vendor:/opt/ros/jazzy/opt/gz_gui_vendor:/opt/ros/jazzy/opt/gz_transport_vendor:/opt/ros/jazzy/opt/gz_rendering_vendor:/opt/ros/jazzy/opt/gz_plugin_vendor:/opt/ros/jazzy/opt/gz_fuel_tools_vendor:/opt/ros/jazzy/opt/gz_msgs_vendor:/opt/ros/jazzy/opt/gz_common_vendor:/opt/ros/jazzy/opt/gz_math_vendor:/opt/ros/jazzy/opt/gz_utils_vendor:/opt/ros/jazzy/opt/gz_tools_vendor:/opt/ros/jazzy/opt/gz_ogre_next_vendor:/opt/ros/jazzy/opt/gz_dartsim_vendor:/opt/ros/jazzy/opt/gz_cmake_vendor:/home/karroyabreu/ar4/install/opencv_pkg:/opt/ros/jazzy DEBUGINFOD_URLS=https://debuginfod.ubuntu.com /usr/bin/cmake /home/karroyabreu/ar4/src/ar4_ros_driver/annin_ar4_driver -DCMAKE_INSTALL_PREFIX=/home/karroyabreu/ar4/install/annin_ar4_driver
[1.313s] Invoking command in '/home/karroyabreu/ar4/build/annin_ar4_driver': AMENT_PREFIX_PATH=/home/karroyabreu/ar4/install/annin_ar4_description:${AMENT_PREFIX_PATH} CMAKE_PREFIX_PATH=/home/karroyabreu/ar4/install/annin_ar4_description:/usr/local:/home/karroyabreu/ar4/install/opencv:/home/karroyabreu/workspace/install:/opt/ros/jazzy/opt/gz_sim_vendor:/opt/ros/jazzy/opt/gz_sensors_vendor:/opt/ros/jazzy/opt/gz_physics_vendor:/opt/ros/jazzy/opt/sdformat_vendor:/opt/ros/jazzy/opt/gz_gui_vendor:/opt/ros/jazzy/opt/gz_transport_vendor:/opt/ros/jazzy/opt/gz_rendering_vendor:/opt/ros/jazzy/opt/gz_plugin_vendor:/opt/ros/jazzy/opt/gz_fuel_tools_vendor:/opt/ros/jazzy/opt/gz_msgs_vendor:/opt/ros/jazzy/opt/gz_common_vendor:/opt/ros/jazzy/opt/gz_math_vendor:/opt/ros/jazzy/opt/gz_utils_vendor:/opt/ros/jazzy/opt/gz_tools_vendor:/opt/ros/jazzy/opt/gz_ogre_next_vendor:/opt/ros/jazzy/opt/gz_dartsim_vendor:/opt/ros/jazzy/opt/gz_cmake_vendor:/home/karroyabreu/ar4/install/opencv_pkg:/opt/ros/jazzy DEBUGINFOD_URLS=https://debuginfod.ubuntu.com /usr/bin/cmake --build /home/karroyabreu/ar4/build/annin_ar4_driver -- -j22 -l22
[1.358s] [ 12%] [32mBuilding CXX object CMakeFiles/annin_ar4_driver.dir/src/arduino_nano_driver.cpp.o[0m
[1.359s] [ 25%] [32mBuilding CXX object CMakeFiles/annin_ar4_driver.dir/src/gripper_overcurrent_protection.cpp.o[0m
[1.359s] [ 37%] [32mBuilding CXX object CMakeFiles/annin_ar4_driver.dir/src/teensy_driver.cpp.o[0m
[1.360s] [ 50%] [32mBuilding CXX object CMakeFiles/annin_ar4_driver.dir/src/ar_servo_gripper_hw_interface.cpp.o[0m
[1.360s] [ 62%] [32mBuilding CXX object CMakeFiles/annin_ar4_driver.dir/src/ar_hardware_interface.cpp.o[0m
[5.958s] [ 75%] [32m[1mLinking CXX shared library libannin_ar4_driver.so[0m
[6.141s] [ 75%] Built target annin_ar4_driver
[6.156s] [ 87%] [32mBuilding CXX object CMakeFiles/run_arduino_nano.dir/src/run_arduino_nano.cpp.o[0m
[8.873s] [100%] [32m[1mLinking CXX executable run_arduino_nano[0m
[8.995s] [100%] Built target run_arduino_nano
[9.006s] Invoked command in '/home/karroyabreu/ar4/build/annin_ar4_driver' returned '0': AMENT_PREFIX_PATH=/home/karroyabreu/ar4/install/annin_ar4_description:${AMENT_PREFIX_PATH} CMAKE_PREFIX_PATH=/home/karroyabreu/ar4/install/annin_ar4_description:/usr/local:/home/karroyabreu/ar4/install/opencv:/home/karroyabreu/workspace/install:/opt/ros/jazzy/opt/gz_sim_vendor:/opt/ros/jazzy/opt/gz_sensors_vendor:/opt/ros/jazzy/opt/gz_physics_vendor:/opt/ros/jazzy/opt/sdformat_vendor:/opt/ros/jazzy/opt/gz_gui_vendor:/opt/ros/jazzy/opt/gz_transport_vendor:/opt/ros/jazzy/opt/gz_rendering_vendor:/opt/ros/jazzy/opt/gz_plugin_vendor:/opt/ros/jazzy/opt/gz_fuel_tools_vendor:/opt/ros/jazzy/opt/gz_msgs_vendor:/opt/ros/jazzy/opt/gz_common_vendor:/opt/ros/jazzy/opt/gz_math_vendor:/opt/ros/jazzy/opt/gz_utils_vendor:/opt/ros/jazzy/opt/gz_tools_vendor:/opt/ros/jazzy/opt/gz_ogre_next_vendor:/opt/ros/jazzy/opt/gz_dartsim_vendor:/opt/ros/jazzy/opt/gz_cmake_vendor:/home/karroyabreu/ar4/install/opencv_pkg:/opt/ros/jazzy DEBUGINFOD_URLS=https://debuginfod.ubuntu.com /usr/bin/cmake --build /home/karroyabreu/ar4/build/annin_ar4_driver -- -j22 -l22
[9.006s] Invoking command in '/home/karroyabreu/ar4/build/annin_ar4_driver': AMENT_PREFIX_PATH=/home/karroyabreu/ar4/install/annin_ar4_description:${AMENT_PREFIX_PATH} CMAKE_PREFIX_PATH=/home/karroyabreu/ar4/install/annin_ar4_description:/usr/local:/home/karroyabreu/ar4/install/opencv:/home/karroyabreu/workspace/install:/opt/ros/jazzy/opt/gz_sim_vendor:/opt/ros/jazzy/opt/gz_sensors_vendor:/opt/ros/jazzy/opt/gz_physics_vendor:/opt/ros/jazzy/opt/sdformat_vendor:/opt/ros/jazzy/opt/gz_gui_vendor:/opt/ros/jazzy/opt/gz_transport_vendor:/opt/ros/jazzy/opt/gz_rendering_vendor:/opt/ros/jazzy/opt/gz_plugin_vendor:/opt/ros/jazzy/opt/gz_fuel_tools_vendor:/opt/ros/jazzy/opt/gz_msgs_vendor:/opt/ros/jazzy/opt/gz_common_vendor:/opt/ros/jazzy/opt/gz_math_vendor:/opt/ros/jazzy/opt/gz_utils_vendor:/opt/ros/jazzy/opt/gz_tools_vendor:/opt/ros/jazzy/opt/gz_ogre_next_vendor:/opt/ros/jazzy/opt/gz_dartsim_vendor:/opt/ros/jazzy/opt/gz_cmake_vendor:/home/karroyabreu/ar4/install/opencv_pkg:/opt/ros/jazzy DEBUGINFOD_URLS=https://debuginfod.ubuntu.com /usr/bin/cmake --install /home/karroyabreu/ar4/build/annin_ar4_driver
[9.014s] -- Install configuration: ""
[9.014s] -- Installing: /home/karroyabreu/ar4/install/annin_ar4_driver/lib/annin_ar4_driver/run_arduino_nano
[9.015s] -- Set non-toolchain portion of runtime path of "/home/karroyabreu/ar4/install/annin_ar4_driver/lib/annin_ar4_driver/run_arduino_nano" to ""
[9.015s] -- Installing: /home/karroyabreu/ar4/install/annin_ar4_driver/share/annin_ar4_driver/hardware_interface_plugin.xml
[9.015s] -- Installing: /home/karroyabreu/ar4/install/annin_ar4_driver/lib/libannin_ar4_driver.so
[9.016s] -- Set non-toolchain portion of runtime path of "/home/karroyabreu/ar4/install/annin_ar4_driver/lib/libannin_ar4_driver.so" to ""
[9.016s] -- Installing: /home/karroyabreu/ar4/install/annin_ar4_driver/include/annin_ar4_driver
[9.016s] -- Installing: /home/karroyabreu/ar4/install/annin_ar4_driver/include/annin_ar4_driver/annin_ar4_driver
[9.016s] -- Installing: /home/karroyabreu/ar4/install/annin_ar4_driver/include/annin_ar4_driver/annin_ar4_driver/teensy_driver.hpp
[9.016s] -- Installing: /home/karroyabreu/ar4/install/annin_ar4_driver/include/annin_ar4_driver/annin_ar4_driver/arduino_nano_driver.hpp
[9.016s] -- Installing: /home/karroyabreu/ar4/install/annin_ar4_driver/include/annin_ar4_driver/annin_ar4_driver/gripper_overcurrent_protection.hpp
[9.016s] -- Installing: /home/karroyabreu/ar4/install/annin_ar4_driver/include/annin_ar4_driver/annin_ar4_driver/ar_servo_gripper_hw_interface.hpp
[9.016s] -- Installing: /home/karroyabreu/ar4/install/annin_ar4_driver/include/annin_ar4_driver/annin_ar4_driver/ar_hardware_interface.hpp
[9.016s] -- Installing: /home/karroyabreu/ar4/install/annin_ar4_driver/share/annin_ar4_driver/config
[9.016s] -- Installing: /home/karroyabreu/ar4/install/annin_ar4_driver/share/annin_ar4_driver/config/controllers.yaml
[9.016s] -- Installing: /home/karroyabreu/ar4/install/annin_ar4_driver/share/annin_ar4_driver/config/driver.yaml
[9.017s] -- Installing: /home/karroyabreu/ar4/install/annin_ar4_driver/share/annin_ar4_driver/config/joint_offsets
[9.017s] -- Installing: /home/karroyabreu/ar4/install/annin_ar4_driver/share/annin_ar4_driver/config/joint_offsets/mk1.yaml
[9.017s] -- Installing: /home/karroyabreu/ar4/install/annin_ar4_driver/share/annin_ar4_driver/config/joint_offsets/mk2.yaml
[9.017s] -- Installing: /home/karroyabreu/ar4/install/annin_ar4_driver/share/annin_ar4_driver/config/joint_offsets/mk3.yaml
[9.017s] -- Installing: /home/karroyabreu/ar4/install/annin_ar4_driver/share/annin_ar4_driver/config/gripper_driver.yaml
[9.017s] -- Installing: /home/karroyabreu/ar4/install/annin_ar4_driver/share/annin_ar4_driver/launch
[9.017s] -- Installing: /home/karroyabreu/ar4/install/annin_ar4_driver/share/annin_ar4_driver/launch/driver.launch.py
[9.017s] -- Installing: /home/karroyabreu/ar4/install/annin_ar4_driver/share/annin_ar4_driver/urdf
[9.017s] -- Installing: /home/karroyabreu/ar4/install/annin_ar4_driver/share/annin_ar4_driver/urdf/ar.urdf.xacro
[9.017s] -- Installing: /home/karroyabreu/ar4/install/annin_ar4_driver/lib/annin_ar4_driver/reset_estop.sh
[9.017s] -- Installing: /home/karroyabreu/ar4/install/annin_ar4_driver/share/annin_ar4_driver/environment/library_path.sh
[9.017s] -- Installing: /home/karroyabreu/ar4/install/annin_ar4_driver/share/annin_ar4_driver/environment/library_path.dsv
[9.017s] -- Installing: /home/karroyabreu/ar4/install/annin_ar4_driver/share/ament_index/resource_index/package_run_dependencies/annin_ar4_driver
[9.017s] -- Installing: /home/karroyabreu/ar4/install/annin_ar4_driver/share/ament_index/resource_index/parent_prefix_path/annin_ar4_driver
[9.017s] -- Installing: /home/karroyabreu/ar4/install/annin_ar4_driver/share/annin_ar4_driver/environment/ament_prefix_path.sh
[9.017s] -- Installing: /home/karroyabreu/ar4/install/annin_ar4_driver/share/annin_ar4_driver/environment/ament_prefix_path.dsv
[9.017s] -- Installing: /home/karroyabreu/ar4/install/annin_ar4_driver/share/annin_ar4_driver/environment/path.sh
[9.017s] -- Installing: /home/karroyabreu/ar4/install/annin_ar4_driver/share/annin_ar4_driver/environment/path.dsv
[9.017s] -- Installing: /home/karroyabreu/ar4/install/annin_ar4_driver/share/annin_ar4_driver/local_setup.bash
[9.017s] -- Installing: /home/karroyabreu/ar4/install/annin_ar4_driver/share/annin_ar4_driver/local_setup.sh
[9.017s] -- Installing: /home/karroyabreu/ar4/install/annin_ar4_driver/share/annin_ar4_driver/local_setup.zsh
[9.017s] -- Installing: /home/karroyabreu/ar4/install/annin_ar4_driver/share/annin_ar4_driver/local_setup.dsv
[9.017s] -- Installing: /home/karroyabreu/ar4/install/annin_ar4_driver/share/annin_ar4_driver/package.dsv
[9.017s] -- Installing: /home/karroyabreu/ar4/install/annin_ar4_driver/share/ament_index/resource_index/packages/annin_ar4_driver
[9.017s] -- Installing: /home/karroyabreu/ar4/install/annin_ar4_driver/share/ament_index/resource_index/hardware_interface__pluginlib__plugin/annin_ar4_driver
[9.017s] -- Installing: /home/karroyabreu/ar4/install/annin_ar4_driver/share/annin_ar4_driver/cmake/export_annin_ar4_driverExport.cmake
[9.018s] -- Installing: /home/karroyabreu/ar4/install/annin_ar4_driver/share/annin_ar4_driver/cmake/export_annin_ar4_driverExport-noconfig.cmake
[9.018s] -- Installing: /home/karroyabreu/ar4/install/annin_ar4_driver/share/annin_ar4_driver/cmake/ament_cmake_export_targets-extras.cmake
[9.018s] -- Installing: /home/karroyabreu/ar4/install/annin_ar4_driver/share/annin_ar4_driver/cmake/ament_cmake_export_dependencies-extras.cmake
[9.018s] -- Installing: /home/karroyabreu/ar4/install/annin_ar4_driver/share/annin_ar4_driver/cmake/annin_ar4_driverConfig.cmake
[9.018s] -- Installing: /home/karroyabreu/ar4/install/annin_ar4_driver/share/annin_ar4_driver/cmake/annin_ar4_driverConfig-version.cmake
[9.018s] -- Installing: /home/karroyabreu/ar4/install/annin_ar4_driver/share/annin_ar4_driver/package.xml
[9.019s] Invoked command in '/home/karroyabreu/ar4/build/annin_ar4_driver' returned '0': AMENT_PREFIX_PATH=/home/karroyabreu/ar4/install/annin_ar4_description:${AMENT_PREFIX_PATH} CMAKE_PREFIX_PATH=/home/karroyabreu/ar4/install/annin_ar4_description:/usr/local:/home/karroyabreu/ar4/install/opencv:/home/karroyabreu/workspace/install:/opt/ros/jazzy/opt/gz_sim_vendor:/opt/ros/jazzy/opt/gz_sensors_vendor:/opt/ros/jazzy/opt/gz_physics_vendor:/opt/ros/jazzy/opt/sdformat_vendor:/opt/ros/jazzy/opt/gz_gui_vendor:/opt/ros/jazzy/opt/gz_transport_vendor:/opt/ros/jazzy/opt/gz_rendering_vendor:/opt/ros/jazzy/opt/gz_plugin_vendor:/opt/ros/jazzy/opt/gz_fuel_tools_vendor:/opt/ros/jazzy/opt/gz_msgs_vendor:/opt/ros/jazzy/opt/gz_common_vendor:/opt/ros/jazzy/opt/gz_math_vendor:/opt/ros/jazzy/opt/gz_utils_vendor:/opt/ros/jazzy/opt/gz_tools_vendor:/opt/ros/jazzy/opt/gz_ogre_next_vendor:/opt/ros/jazzy/opt/gz_dartsim_vendor:/opt/ros/jazzy/opt/gz_cmake_vendor:/home/karroyabreu/ar4/install/opencv_pkg:/opt/ros/jazzy DEBUGINFOD_URLS=https://debuginfod.ubuntu.com /usr/bin/cmake --install /home/karroyabreu/ar4/build/annin_ar4_driver
