running egg_info
writing ../../build/opencv_pkg/opencv_pkg.egg-info/PKG-INFO
writing dependency_links to ../../build/opencv_pkg/opencv_pkg.egg-info/dependency_links.txt
writing entry points to ../../build/opencv_pkg/opencv_pkg.egg-info/entry_points.txt
writing requirements to ../../build/opencv_pkg/opencv_pkg.egg-info/requires.txt
writing top-level names to ../../build/opencv_pkg/opencv_pkg.egg-info/top_level.txt
reading manifest file '../../build/opencv_pkg/opencv_pkg.egg-info/SOURCES.txt'
writing manifest file '../../build/opencv_pkg/opencv_pkg.egg-info/SOURCES.txt'
running build
running build_py
running install
running install_lib
running install_data
running install_egg_info
removing '/home/karroyabreu/ar4/install/opencv_pkg/lib/python3.12/site-packages/opencv_pkg-0.0.0-py3.12.egg-info' (and everything under it)
Copying ../../build/opencv_pkg/opencv_pkg.egg-info to /home/karroyabreu/ar4/install/opencv_pkg/lib/python3.12/site-packages/opencv_pkg-0.0.0-py3.12.egg-info
running install_scripts
Installing color_filtering script to /home/karroyabreu/ar4/install/opencv_pkg/lib/opencv_pkg
Installing edge_detection script to /home/karroyabreu/ar4/install/opencv_pkg/lib/opencv_pkg
Installing get_position_server script to /home/karroyabreu/ar4/install/opencv_pkg/lib/opencv_pkg
Installing load_image script to /home/karroyabreu/ar4/install/opencv_pkg/lib/opencv_pkg
Installing load_image_from_camera script to /home/karroyabreu/ar4/install/opencv_pkg/lib/opencv_pkg
Installing stream_camera script to /home/karroyabreu/ar4/install/opencv_pkg/lib/opencv_pkg
Installing stream_top_position script to /home/karroyabreu/ar4/install/opencv_pkg/lib/opencv_pkg
Installing write_camera script to /home/karroyabreu/ar4/install/opencv_pkg/lib/opencv_pkg
writing list of installed files to '/home/karroyabreu/ar4/build/opencv_pkg/install.log'
