[0.013s] Invoking command in '/home/karroyabreu/ar4/build/ros_gz_bridge': AMENT_PREFIX_PATH=/home/karroyabreu/ar4/install/ros_gz_interfaces:${AMENT_PREFIX_PATH} CMAKE_PREFIX_PATH=/home/karroyabreu/ar4/install/ros_gz_interfaces:/usr/local:/home/karroyabreu/ar4/install/annin_ar4_moveit_config:/home/karroyabreu/ar4/install/annin_ar4_gazebo:/home/karroyabreu/ar4/install/annin_ar4_driver:/home/karroyabreu/ar4/install/annin_ar4_description:/opt/ros/jazzy/opt/gz_sim_vendor:/opt/ros/jazzy/opt/gz_sensors_vendor:/opt/ros/jazzy/opt/gz_physics_vendor:/opt/ros/jazzy/opt/sdformat_vendor:/opt/ros/jazzy/opt/gz_gui_vendor:/opt/ros/jazzy/opt/gz_transport_vendor:/opt/ros/jazzy/opt/gz_rendering_vendor:/opt/ros/jazzy/opt/gz_plugin_vendor:/opt/ros/jazzy/opt/gz_fuel_tools_vendor:/opt/ros/jazzy/opt/gz_msgs_vendor:/opt/ros/jazzy/opt/gz_common_vendor:/opt/ros/jazzy/opt/gz_math_vendor:/opt/ros/jazzy/opt/gz_utils_vendor:/opt/ros/jazzy/opt/gz_tools_vendor:/opt/ros/jazzy/opt/gz_ogre_next_vendor:/opt/ros/jazzy/opt/gz_dartsim_vendor:/opt/ros/jazzy/opt/gz_cmake_vendor:/opt/ros/jazzy DEBUGINFOD_URLS=https://debuginfod.ubuntu.com LD_LIBRARY_PATH=/home/karroyabreu/ar4/install/ros_gz_interfaces/lib:${LD_LIBRARY_PATH} PYTHONPATH=/home/karroyabreu/ar4/install/ros_gz_interfaces/lib/python3.12/site-packages:${PYTHONPATH} /usr/bin/cmake /home/karroyabreu/ar4/src/ros_gz/ros_gz_bridge -DCMAKE_INSTALL_PREFIX=/home/karroyabreu/ar4/install/ros_gz_bridge
[0.060s] -- The C compiler identification is GNU 13.3.0
[0.101s] -- The CXX compiler identification is GNU 13.3.0
[0.113s] -- Detecting C compiler ABI info
[0.180s] -- Detecting C compiler ABI info - done
[0.186s] -- Check for working C compiler: /usr/bin/cc - skipped
[0.186s] -- Detecting C compile features
[0.186s] -- Detecting C compile features - done
[0.194s] -- Detecting CXX compiler ABI info
[0.269s] -- Detecting CXX compiler ABI info - done
[0.277s] -- Check for working CXX compiler: /usr/bin/c++ - skipped
[0.277s] -- Detecting CXX compile features
[0.278s] -- Detecting CXX compile features - done
[0.280s] -- Found ament_cmake: 2.5.4 (/opt/ros/jazzy/share/ament_cmake/cmake)
[0.393s] -- Found Python3: /usr/bin/python3 (found version "3.12.3") found components: Interpreter 
[0.486s] -- Found rclcpp: 28.1.9 (/opt/ros/jazzy/share/rclcpp/cmake)
[0.519s] -- Found rosidl_generator_c: 4.6.5 (/opt/ros/jazzy/share/rosidl_generator_c/cmake)
[0.530s] -- Found rosidl_generator_cpp: 4.6.5 (/opt/ros/jazzy/share/rosidl_generator_cpp/cmake)
[0.543s] -- Using all available rosidl_typesupport_c: rosidl_typesupport_fastrtps_c;rosidl_typesupport_introspection_c
[0.557s] -- Using all available rosidl_typesupport_cpp: rosidl_typesupport_fastrtps_cpp;rosidl_typesupport_introspection_cpp
[0.620s] -- Found rmw_implementation_cmake: 7.3.2 (/opt/ros/jazzy/share/rmw_implementation_cmake/cmake)
[0.624s] -- Found rmw_fastrtps_cpp: 8.4.2 (/opt/ros/jazzy/share/rmw_fastrtps_cpp/cmake)
[0.705s] -- Found OpenSSL: /usr/lib/x86_64-linux-gnu/libcrypto.so (found version "3.0.13")  
[0.722s] -- Found FastRTPS: /opt/ros/jazzy/include (Required is at least version "2.13") 
[0.739s] -- Using RMW implementation 'rmw_fastrtps_cpp' as default
[0.796s] -- Found rclcpp_components: 28.1.9 (/opt/ros/jazzy/share/rclcpp_components/cmake)
[0.826s] -- Found yaml_cpp_vendor: 9.0.1 (/opt/ros/jazzy/share/yaml_cpp_vendor/cmake)
[0.827s] -- Setting yaml-cpp_DIR to: '/opt/ros/jazzy/share/yaml_cpp_vendor/cmake/../../../opt/yaml_cpp_vendor/share/cmake/yaml-cpp'
[0.831s] -- Found gz_transport_vendor: 0.0.6 (/opt/ros/jazzy/share/gz_transport_vendor/cmake)
[0.844s] -- Looking for gz-transport13 -- found version 13.4.1
[0.848s] -- Searching for dependencies of gz-transport13
[0.939s] -- Found Protobuf: /usr/lib/x86_64-linux-gnu/libprotobuf.so (found version "3.21.12") 
[0.946s] -- Config-file not installed for ZeroMQ -- checking for pkg-config
[0.949s] -- Checking for module 'libzmq >= 4'
[0.961s] --   Found libzmq, version 4.3.5
[0.995s] -- Found ZeroMQ: TRUE (Required is at least version "4") 
[1.000s] -- Checking for module 'uuid'
[1.013s] --   Found uuid, version 2.39.3
[1.039s] -- Found UUID: TRUE  
[1.040s] -- Looking for gz-utils2 -- found version 2.2.1
[1.041s] -- Searching for dependencies of gz-utils2
[1.041s] -- Searching for <gz-utils2> component [cli]
[1.042s] -- Looking for gz-utils2-cli -- found version 2.2.1
[1.042s] -- Searching for dependencies of gz-utils2-cli
[1.043s] -- Looking for gz-msgs10 -- found version 10.3.2
[1.044s] -- Searching for dependencies of gz-msgs10
[1.056s] -- Looking for gz-utils2 -- found version 2.2.1
[1.058s] -- Looking for gz-math7 -- found version 7.5.2
[1.058s] -- Searching for dependencies of gz-math7
[1.059s] -- Looking for gz-utils2 -- found version 2.2.1
[1.064s] -- Checking for module 'tinyxml2'
[1.077s] --   Found tinyxml2, version 10.0.0
[1.108s] -- Looking for gz-msgs10 -- found version 10.3.2
[1.179s] -- Found builtin_interfaces: 2.0.2 (/opt/ros/jazzy/share/builtin_interfaces/cmake)
[1.205s] -- Found actuator_msgs: 0.0.1 (/opt/ros/jazzy/share/actuator_msgs/cmake)
[1.215s] -- Found geometry_msgs: 5.3.6 (/opt/ros/jazzy/share/geometry_msgs/cmake)
[1.229s] -- Found gps_msgs: 2.0.4 (/opt/ros/jazzy/share/gps_msgs/cmake)
[1.248s] -- Found nav_msgs: 5.3.6 (/opt/ros/jazzy/share/nav_msgs/cmake)
[1.249s] -- Found rcl_interfaces: 2.0.2 (/opt/ros/jazzy/share/rcl_interfaces/cmake)
[1.267s] -- Found ros_gz_interfaces: 1.0.16 (/home/karroyabreu/ar4/install/ros_gz_interfaces/share/ros_gz_interfaces/cmake)
[1.268s] -- Found rosgraph_msgs: 2.0.2 (/opt/ros/jazzy/share/rosgraph_msgs/cmake)
[1.285s] -- Found sensor_msgs: 5.3.6 (/opt/ros/jazzy/share/sensor_msgs/cmake)
[1.285s] -- Found std_msgs: 5.3.6 (/opt/ros/jazzy/share/std_msgs/cmake)
[1.326s] -- Found tf2_msgs: 0.36.11 (/opt/ros/jazzy/share/tf2_msgs/cmake)
[1.344s] -- Found trajectory_msgs: 5.3.6 (/opt/ros/jazzy/share/trajectory_msgs/cmake)
[1.359s] -- Found vision_msgs: 4.1.1 (/opt/ros/jazzy/share/vision_msgs/cmake)
[1.485s] -- Found ament_lint_auto: 0.17.2 (/opt/ros/jazzy/share/ament_lint_auto/cmake)
[1.569s] -- Found python_cmake_module: 0.11.1 (/opt/ros/jazzy/share/python_cmake_module/cmake)
[1.685s] -- Found PythonExtra: /usr/bin/python3  
[1.701s] -- Found gtest sources under '/opt/ros/jazzy/src/gtest_vendor': C++ tests using 'Google Test' will be built
[1.704s] -- Found Threads: TRUE  
[1.717s] -- Added test 'copyright' to check source files copyright and LICENSE
[1.720s] -- Added test 'cppcheck' to perform static code analysis on C / C++ code
[1.720s] -- Configured cppcheck include dirs: $<BUILD_INTERFACE:/home/karroyabreu/ar4/src/ros_gz/ros_gz_bridge/include>;$<BUILD_INTERFACE:/home/karroyabreu/ar4/src/ros_gz/ros_gz_bridge/src>;/home/karroyabreu/ar4/src/ros_gz/ros_gz_bridge/include;/home/karroyabreu/ar4/src/ros_gz/ros_gz_bridge/test;/home/karroyabreu/ar4/src/ros_gz/ros_gz_bridge/test/subscribers;/home/karroyabreu/ar4/src/ros_gz/ros_gz_bridge/src
[1.721s] -- Configured cppcheck exclude dirs and/or files: 
[1.723s] -- Added test 'cpplint' to check C / C++ code against the Google style
[1.723s] -- Configured cpplint exclude dirs and/or files: 
[1.723s] -- Added test 'flake8' to check Python code syntax and style conventions
[1.724s] -- Configured 'flake8' exclude dirs and/or files: 
[1.724s] -- Added test 'lint_cmake' to check CMake code style
[1.725s] -- Added test 'pep257' to check Python code against some of the docstring style conventions in PEP 257
[1.727s] -- Added test 'uncrustify' to check C / C++ code style
[1.728s] -- Configured uncrustify additional arguments: 
[1.728s] -- Added test 'xmllint' to check XML markup files
[1.730s] -- Configuring done (1.7s)
[1.804s] -- Generating done (0.1s)
[1.824s] -- Build files have been written to: /home/karroyabreu/ar4/build/ros_gz_bridge
[1.837s] Invoked command in '/home/karroyabreu/ar4/build/ros_gz_bridge' returned '0': AMENT_PREFIX_PATH=/home/karroyabreu/ar4/install/ros_gz_interfaces:${AMENT_PREFIX_PATH} CMAKE_PREFIX_PATH=/home/karroyabreu/ar4/install/ros_gz_interfaces:/usr/local:/home/karroyabreu/ar4/install/annin_ar4_moveit_config:/home/karroyabreu/ar4/install/annin_ar4_gazebo:/home/karroyabreu/ar4/install/annin_ar4_driver:/home/karroyabreu/ar4/install/annin_ar4_description:/opt/ros/jazzy/opt/gz_sim_vendor:/opt/ros/jazzy/opt/gz_sensors_vendor:/opt/ros/jazzy/opt/gz_physics_vendor:/opt/ros/jazzy/opt/sdformat_vendor:/opt/ros/jazzy/opt/gz_gui_vendor:/opt/ros/jazzy/opt/gz_transport_vendor:/opt/ros/jazzy/opt/gz_rendering_vendor:/opt/ros/jazzy/opt/gz_plugin_vendor:/opt/ros/jazzy/opt/gz_fuel_tools_vendor:/opt/ros/jazzy/opt/gz_msgs_vendor:/opt/ros/jazzy/opt/gz_common_vendor:/opt/ros/jazzy/opt/gz_math_vendor:/opt/ros/jazzy/opt/gz_utils_vendor:/opt/ros/jazzy/opt/gz_tools_vendor:/opt/ros/jazzy/opt/gz_ogre_next_vendor:/opt/ros/jazzy/opt/gz_dartsim_vendor:/opt/ros/jazzy/opt/gz_cmake_vendor:/opt/ros/jazzy DEBUGINFOD_URLS=https://debuginfod.ubuntu.com LD_LIBRARY_PATH=/home/karroyabreu/ar4/install/ros_gz_interfaces/lib:${LD_LIBRARY_PATH} PYTHONPATH=/home/karroyabreu/ar4/install/ros_gz_interfaces/lib/python3.12/site-packages:${PYTHONPATH} /usr/bin/cmake /home/karroyabreu/ar4/src/ros_gz/ros_gz_bridge -DCMAKE_INSTALL_PREFIX=/home/karroyabreu/ar4/install/ros_gz_bridge
[1.838s] Invoking command in '/home/karroyabreu/ar4/build/ros_gz_bridge': AMENT_PREFIX_PATH=/home/karroyabreu/ar4/install/ros_gz_interfaces:${AMENT_PREFIX_PATH} CMAKE_PREFIX_PATH=/home/karroyabreu/ar4/install/ros_gz_interfaces:/usr/local:/home/karroyabreu/ar4/install/annin_ar4_moveit_config:/home/karroyabreu/ar4/install/annin_ar4_gazebo:/home/karroyabreu/ar4/install/annin_ar4_driver:/home/karroyabreu/ar4/install/annin_ar4_description:/opt/ros/jazzy/opt/gz_sim_vendor:/opt/ros/jazzy/opt/gz_sensors_vendor:/opt/ros/jazzy/opt/gz_physics_vendor:/opt/ros/jazzy/opt/sdformat_vendor:/opt/ros/jazzy/opt/gz_gui_vendor:/opt/ros/jazzy/opt/gz_transport_vendor:/opt/ros/jazzy/opt/gz_rendering_vendor:/opt/ros/jazzy/opt/gz_plugin_vendor:/opt/ros/jazzy/opt/gz_fuel_tools_vendor:/opt/ros/jazzy/opt/gz_msgs_vendor:/opt/ros/jazzy/opt/gz_common_vendor:/opt/ros/jazzy/opt/gz_math_vendor:/opt/ros/jazzy/opt/gz_utils_vendor:/opt/ros/jazzy/opt/gz_tools_vendor:/opt/ros/jazzy/opt/gz_ogre_next_vendor:/opt/ros/jazzy/opt/gz_dartsim_vendor:/opt/ros/jazzy/opt/gz_cmake_vendor:/opt/ros/jazzy DEBUGINFOD_URLS=https://debuginfod.ubuntu.com LD_LIBRARY_PATH=/home/karroyabreu/ar4/install/ros_gz_interfaces/lib:${LD_LIBRARY_PATH} PYTHONPATH=/home/karroyabreu/ar4/install/ros_gz_interfaces/lib/python3.12/site-packages:${PYTHONPATH} /usr/bin/cmake --build /home/karroyabreu/ar4/build/ros_gz_bridge -- -j22 -l22
[1.876s] [  1%] [34m[1mGenerating factories for interface types[0m
[1.880s] [  2%] [32mBuilding CXX object gtest/CMakeFiles/gtest.dir/src/gtest-all.cc.o[0m
[1.882s] [  3%] [32mBuilding CXX object gtest/CMakeFiles/gtest_main.dir/src/gtest_main.cc.o[0m
[1.884s] [  4%] [32mBuilding CXX object CMakeFiles/bridge_node.dir/rclcpp_components/node_main_bridge_node.cpp.o[0m
[1.890s] [  4%] Built target ament_cmake_python_copy_ros_gz_bridge_setup
[1.890s] [  4%] Built target ament_cmake_python_copy_ros_gz_bridge
[2.034s] running egg_info
[2.035s] creating ros_gz_bridge.egg-info
[2.049s] writing ros_gz_bridge.egg-info/PKG-INFO
[2.049s] writing dependency_links to ros_gz_bridge.egg-info/dependency_links.txt
[2.049s] writing entry points to ros_gz_bridge.egg-info/entry_points.txt
[2.049s] writing top-level names to ros_gz_bridge.egg-info/top_level.txt
[2.049s] writing manifest file 'ros_gz_bridge.egg-info/SOURCES.txt'
[2.091s] reading manifest file 'ros_gz_bridge.egg-info/SOURCES.txt'
[2.092s] writing manifest file 'ros_gz_bridge.egg-info/SOURCES.txt'
[2.114s] [  4%] Built target ament_cmake_python_build_ros_gz_bridge_egg
[2.162s] [  5%] [32mBuilding CXX object CMakeFiles/ros_gz_bridge.dir/src/bridge_config.cpp.o[0m
[2.162s] [ 12%] [32mBuilding CXX object CMakeFiles/ros_gz_bridge.dir/src/ros_gz_bridge.cpp.o[0m
[2.162s] [ 13%] [32mBuilding CXX object CMakeFiles/ros_gz_bridge.dir/src/convert/utils.cpp.o[0m
[2.162s] [ 15%] [32mBuilding CXX object CMakeFiles/ros_gz_bridge.dir/src/convert/gps_msgs.cpp.o[0m
[2.162s] [ 16%] [32mBuilding CXX object CMakeFiles/ros_gz_bridge.dir/src/convert/actuator_msgs.cpp.o[0m
[2.162s] [ 18%] [32mBuilding CXX object CMakeFiles/ros_gz_bridge.dir/src/convert/ros_gz_interfaces.cpp.o[0m
[2.162s] [ 19%] [32mBuilding CXX object CMakeFiles/ros_gz_bridge.dir/src/convert/builtin_interfaces.cpp.o[0m
[2.162s] [ 19%] [32mBuilding CXX object CMakeFiles/ros_gz_bridge.dir/src/convert/nav_msgs.cpp.o[0m
[2.162s] [  7%] [32mBuilding CXX object CMakeFiles/ros_gz_bridge.dir/src/service_factory_interface.cpp.o[0m
[2.163s] [  8%] [32mBuilding CXX object CMakeFiles/ros_gz_bridge.dir/src/convert/geometry_msgs.cpp.o[0m
[2.163s] [  7%] [32mBuilding CXX object CMakeFiles/ros_gz_bridge.dir/src/bridge_handle_gz_to_ros.cpp.o[0m
[2.163s] [  9%] [32mBuilding CXX object CMakeFiles/ros_gz_bridge.dir/src/bridge_handle_ros_to_gz.cpp.o[0m
[2.163s] [ 10%] [32mBuilding CXX object CMakeFiles/ros_gz_bridge.dir/src/factory_interface.cpp.o[0m
[2.163s] [ 11%] [32mBuilding CXX object CMakeFiles/ros_gz_bridge.dir/src/service_factories/ros_gz_interfaces.cpp.o[0m
[2.164s] [ 21%] [32mBuilding CXX object CMakeFiles/ros_gz_bridge.dir/src/convert/sensor_msgs.cpp.o[0m
[2.164s] [ 21%] [32mBuilding CXX object CMakeFiles/ros_gz_bridge.dir/src/bridge_handle.cpp.o[0m
[2.165s] [ 22%] [32mBuilding CXX object CMakeFiles/ros_gz_bridge.dir/src/convert/rcl_interfaces.cpp.o[0m
[2.165s] [ 23%] [32mBuilding CXX object CMakeFiles/ros_gz_bridge.dir/src/convert/rosgraph_msgs.cpp.o[0m
[2.166s] [ 24%] [32mBuilding CXX object CMakeFiles/ros_gz_bridge.dir/src/convert/std_msgs.cpp.o[0m
[2.423s] [ 25%] [32mBuilding CXX object CMakeFiles/ros_gz_bridge.dir/src/convert/tf2_msgs.cpp.o[0m
[2.740s] [ 26%] [32m[1mLinking CXX static library libgtest_main.a[0m
[2.866s] [ 26%] Built target gtest_main
[2.904s] [ 27%] [32mBuilding CXX object CMakeFiles/ros_gz_bridge.dir/src/convert/trajectory_msgs.cpp.o[0m
[3.148s] [ 29%] [32mBuilding CXX object CMakeFiles/ros_gz_bridge.dir/src/convert/vision_msgs.cpp.o[0m
[3.281s] [ 30%] [32mBuilding CXX object CMakeFiles/ros_gz_bridge.dir/generated/get_factory.cpp.o[0m
[3.384s] [ 31%] [32mBuilding CXX object CMakeFiles/ros_gz_bridge.dir/generated/get_mappings.cpp.o[0m
[3.390s] [ 32%] [32mBuilding CXX object CMakeFiles/ros_gz_bridge.dir/generated/factories/builtin_interfaces.cpp.o[0m
[3.729s] [ 33%] [32mBuilding CXX object CMakeFiles/ros_gz_bridge.dir/generated/factories/actuator_msgs.cpp.o[0m
[3.855s] [ 34%] [32mBuilding CXX object CMakeFiles/ros_gz_bridge.dir/generated/factories/geometry_msgs.cpp.o[0m
[4.024s] [ 35%] [32mBuilding CXX object CMakeFiles/ros_gz_bridge.dir/generated/factories/gps_msgs.cpp.o[0m
[4.290s] [ 36%] [32mBuilding CXX object CMakeFiles/ros_gz_bridge.dir/generated/factories/nav_msgs.cpp.o[0m
[4.513s] [ 37%] [32mBuilding CXX object CMakeFiles/ros_gz_bridge.dir/generated/factories/rcl_interfaces.cpp.o[0m
[5.156s] [ 38%] [32mBuilding CXX object CMakeFiles/ros_gz_bridge.dir/generated/factories/ros_gz_interfaces.cpp.o[0m
[5.757s] [ 39%] [32mBuilding CXX object CMakeFiles/ros_gz_bridge.dir/generated/factories/rosgraph_msgs.cpp.o[0m
[6.086s] [ 40%] [32mBuilding CXX object CMakeFiles/ros_gz_bridge.dir/generated/factories/sensor_msgs.cpp.o[0m
[6.116s] [ 41%] [32mBuilding CXX object CMakeFiles/ros_gz_bridge.dir/generated/factories/std_msgs.cpp.o[0m
[6.204s] [ 43%] [32mBuilding CXX object CMakeFiles/ros_gz_bridge.dir/generated/factories/tf2_msgs.cpp.o[0m
[7.669s] [ 44%] [32mBuilding CXX object CMakeFiles/ros_gz_bridge.dir/generated/factories/trajectory_msgs.cpp.o[0m
[7.750s] [ 45%] [32mBuilding CXX object CMakeFiles/ros_gz_bridge.dir/generated/factories/vision_msgs.cpp.o[0m
[7.793s] [ 46%] [32m[1mLinking CXX executable bridge_node[0m
[8.125s] [ 46%] Built target bridge_node
[8.563s] [ 47%] [32m[1mLinking CXX static library libgtest.a[0m
[8.753s] [ 47%] Built target gtest
[8.838s] [ 48%] [32mBuilding CXX object CMakeFiles/test_rcl_interfaces.dir/src/convert/rcl_interfaces_TEST.cpp.o[0m
[8.839s] [ 49%] [32mBuilding CXX object CMakeFiles/test_rcl_interfaces.dir/src/convert/rcl_interfaces.cpp.o[0m
[8.846s] [ 50%] [32mBuilding CXX object CMakeFiles/test_utils.dir/test/utils/gz_test_msg.cpp.o[0m
[8.863s] [ 51%] [32mBuilding CXX object CMakeFiles/test_utils.dir/test/utils/ros_test_msg.cpp.o[0m
[11.461s] [ 52%] [32m[1mLinking CXX executable test_rcl_interfaces[0m
[12.095s] [ 52%] Built target test_rcl_interfaces
[19.935s] [ 53%] [32m[1mLinking CXX static library libtest_utils.a[0m
[20.017s] [ 53%] Built target test_utils
[20.028s] [ 54%] [34m[1mGenerating test helpers[0m
[20.029s] [ 55%] [34m[1mGenerating test helpers[0m
[20.029s] [ 56%] [34m[1mGenerating test helpers[0m
[20.032s] [ 58%] [34m[1mGenerating test helpers[0m
[20.039s] [ 59%] [32mBuilding CXX object CMakeFiles/test_gz_server.dir/test/serverclient/gz_server.cpp.o[0m
[20.040s] [ 60%] [32mBuilding CXX object CMakeFiles/test_ros_client.dir/test/serverclient/ros_client.cpp.o[0m
[20.041s] [ 61%] [32mBuilding CXX object CMakeFiles/test_launch_action_subscriber.dir/test/subscribers/launch_action_subscriber.cpp.o[0m
[20.370s] [ 62%] [32mBuilding CXX object CMakeFiles/test_ros_subscriber.dir/generated/test/gps_msgs_subscriber.cpp.o[0m
[20.370s] [ 63%] [32mBuilding CXX object CMakeFiles/test_ros_subscriber.dir/generated/test/actuator_msgs_subscriber.cpp.o[0m
[20.371s] [ 64%] [32mBuilding CXX object CMakeFiles/test_ros_subscriber.dir/test/subscribers/ros_subscriber.cpp.o[0m
[20.379s] [ 65%] [32mBuilding CXX object CMakeFiles/test_ros_subscriber.dir/generated/test/builtin_interfaces_subscriber.cpp.o[0m
[20.379s] [ 67%] [32mBuilding CXX object CMakeFiles/test_ros_subscriber.dir/generated/test/nav_msgs_subscriber.cpp.o[0m
[20.379s] [ 67%] [32mBuilding CXX object CMakeFiles/test_ros_subscriber.dir/generated/test/geometry_msgs_subscriber.cpp.o[0m
[20.381s] [ 68%] [32mBuilding CXX object CMakeFiles/test_ros_subscriber.dir/generated/test/rcl_interfaces_subscriber.cpp.o[0m
[20.417s] [ 69%] [32mBuilding CXX object CMakeFiles/test_ros_subscriber.dir/generated/test/rosgraph_msgs_subscriber.cpp.o[0m
[20.444s] [ 70%] [32mBuilding CXX object CMakeFiles/test_ros_subscriber.dir/generated/test/ros_gz_interfaces_subscriber.cpp.o[0m
[20.444s] [ 72%] [32mBuilding CXX object CMakeFiles/test_ros_subscriber.dir/generated/test/std_msgs_subscriber.cpp.o[0m
[20.446s] [ 73%] [32mBuilding CXX object CMakeFiles/test_ros_subscriber.dir/generated/test/sensor_msgs_subscriber.cpp.o[0m
[20.814s] [ 74%] [32mBuilding CXX object CMakeFiles/test_gz_publisher.dir/generated/test/gz_publisher.cpp.o[0m
[20.845s] [ 75%] [32mBuilding CXX object CMakeFiles/test_ros_publisher.dir/generated/test/ros_publisher.cpp.o[0m
[20.934s] [ 76%] [32mBuilding CXX object CMakeFiles/test_gz_subscriber.dir/generated/test/gz_subscriber.cpp.o[0m
[26.250s] [ 77%] [32m[1mLinking CXX executable test_ros_client[0m
[26.907s] [ 77%] Built target test_ros_client
[26.943s] [ 78%] [32mBuilding CXX object CMakeFiles/test_ros_subscriber.dir/generated/test/tf2_msgs_subscriber.cpp.o[0m
[26.943s] [ 79%] [32mBuilding CXX object CMakeFiles/test_ros_subscriber.dir/generated/test/trajectory_msgs_subscriber.cpp.o[0m
[27.932s] [ 80%] [32mBuilding CXX object CMakeFiles/test_ros_subscriber.dir/generated/test/vision_msgs_subscriber.cpp.o[0m
[28.581s] [ 81%] [32m[1mLinking CXX executable test_gz_server[0m
[29.054s] [ 81%] Built target test_gz_server
[29.367s] [ 82%] [32m[1mLinking CXX executable test_gz_publisher[0m
[29.844s] [ 82%] Built target test_gz_publisher
[37.690s] [ 83%] [32m[1mLinking CXX executable test_launch_action_subscriber[0m
[38.512s] [ 83%] Built target test_launch_action_subscriber
[39.085s] [ 84%] [32m[1mLinking CXX executable test_gz_subscriber[0m
[39.740s] [ 84%] Built target test_gz_subscriber
[65.802s] [ 86%] [32m[1mLinking CXX shared library libros_gz_bridge.so[0m
[70.782s] [ 87%] [32m[1mLinking CXX executable test_ros_subscriber[0m
[74.334s] [ 88%] [32m[1mLinking CXX executable test_ros_publisher[0m
[76.285s] [ 88%] Built target test_ros_publisher
[77.886s] [ 88%] Built target ros_gz_bridge
[77.906s] [ 91%] [32mBuilding CXX object CMakeFiles/test_ros_gz_interfaces.dir/src/convert/ros_gz_interfaces_TEST.cpp.o[0m
[77.906s] [ 91%] [32mBuilding CXX object CMakeFiles/parameter_bridge.dir/src/parameter_bridge.cpp.o[0m
[77.906s] [ 91%] [32mBuilding CXX object CMakeFiles/bridge_types.dir/src/bridge_types.cpp.o[0m
[77.906s] [ 92%] [32mBuilding CXX object CMakeFiles/static_bridge.dir/src/static_bridge.cpp.o[0m
[77.906s] [ 93%] [32mBuilding CXX object CMakeFiles/ros_gz_bridge_bridge_config.dir/test/bridge_config.cpp.o[0m
[77.907s] [ 94%] [32mBuilding CXX object CMakeFiles/test_ros_gz_interfaces.dir/src/convert/ros_gz_interfaces.cpp.o[0m
[78.289s] [ 95%] [32m[1mLinking CXX executable bridge_types[0m
[78.685s] [ 96%] [32m[1mLinking CXX executable ros_gz_bridge_bridge_config[0m
[80.568s] [ 97%] [32m[1mLinking CXX executable static_bridge[0m
[81.534s] [ 98%] [32m[1mLinking CXX executable test_ros_gz_interfaces[0m
[81.663s] [ 98%] Built target test_ros_subscriber
[81.767s] [100%] [32m[1mLinking CXX executable parameter_bridge[0m
[87.297s] [100%] Built target bridge_types
[88.260s] [100%] Built target ros_gz_bridge_bridge_config
[89.714s] [100%] Built target static_bridge
[90.622s] [100%] Built target parameter_bridge
[91.033s] [100%] Built target test_ros_gz_interfaces
[91.044s] Invoked command in '/home/karroyabreu/ar4/build/ros_gz_bridge' returned '0': AMENT_PREFIX_PATH=/home/karroyabreu/ar4/install/ros_gz_interfaces:${AMENT_PREFIX_PATH} CMAKE_PREFIX_PATH=/home/karroyabreu/ar4/install/ros_gz_interfaces:/usr/local:/home/karroyabreu/ar4/install/annin_ar4_moveit_config:/home/karroyabreu/ar4/install/annin_ar4_gazebo:/home/karroyabreu/ar4/install/annin_ar4_driver:/home/karroyabreu/ar4/install/annin_ar4_description:/opt/ros/jazzy/opt/gz_sim_vendor:/opt/ros/jazzy/opt/gz_sensors_vendor:/opt/ros/jazzy/opt/gz_physics_vendor:/opt/ros/jazzy/opt/sdformat_vendor:/opt/ros/jazzy/opt/gz_gui_vendor:/opt/ros/jazzy/opt/gz_transport_vendor:/opt/ros/jazzy/opt/gz_rendering_vendor:/opt/ros/jazzy/opt/gz_plugin_vendor:/opt/ros/jazzy/opt/gz_fuel_tools_vendor:/opt/ros/jazzy/opt/gz_msgs_vendor:/opt/ros/jazzy/opt/gz_common_vendor:/opt/ros/jazzy/opt/gz_math_vendor:/opt/ros/jazzy/opt/gz_utils_vendor:/opt/ros/jazzy/opt/gz_tools_vendor:/opt/ros/jazzy/opt/gz_ogre_next_vendor:/opt/ros/jazzy/opt/gz_dartsim_vendor:/opt/ros/jazzy/opt/gz_cmake_vendor:/opt/ros/jazzy DEBUGINFOD_URLS=https://debuginfod.ubuntu.com LD_LIBRARY_PATH=/home/karroyabreu/ar4/install/ros_gz_interfaces/lib:${LD_LIBRARY_PATH} PYTHONPATH=/home/karroyabreu/ar4/install/ros_gz_interfaces/lib/python3.12/site-packages:${PYTHONPATH} /usr/bin/cmake --build /home/karroyabreu/ar4/build/ros_gz_bridge -- -j22 -l22
[91.045s] Invoking command in '/home/karroyabreu/ar4/build/ros_gz_bridge': AMENT_PREFIX_PATH=/home/karroyabreu/ar4/install/ros_gz_interfaces:${AMENT_PREFIX_PATH} CMAKE_PREFIX_PATH=/home/karroyabreu/ar4/install/ros_gz_interfaces:/usr/local:/home/karroyabreu/ar4/install/annin_ar4_moveit_config:/home/karroyabreu/ar4/install/annin_ar4_gazebo:/home/karroyabreu/ar4/install/annin_ar4_driver:/home/karroyabreu/ar4/install/annin_ar4_description:/opt/ros/jazzy/opt/gz_sim_vendor:/opt/ros/jazzy/opt/gz_sensors_vendor:/opt/ros/jazzy/opt/gz_physics_vendor:/opt/ros/jazzy/opt/sdformat_vendor:/opt/ros/jazzy/opt/gz_gui_vendor:/opt/ros/jazzy/opt/gz_transport_vendor:/opt/ros/jazzy/opt/gz_rendering_vendor:/opt/ros/jazzy/opt/gz_plugin_vendor:/opt/ros/jazzy/opt/gz_fuel_tools_vendor:/opt/ros/jazzy/opt/gz_msgs_vendor:/opt/ros/jazzy/opt/gz_common_vendor:/opt/ros/jazzy/opt/gz_math_vendor:/opt/ros/jazzy/opt/gz_utils_vendor:/opt/ros/jazzy/opt/gz_tools_vendor:/opt/ros/jazzy/opt/gz_ogre_next_vendor:/opt/ros/jazzy/opt/gz_dartsim_vendor:/opt/ros/jazzy/opt/gz_cmake_vendor:/opt/ros/jazzy DEBUGINFOD_URLS=https://debuginfod.ubuntu.com LD_LIBRARY_PATH=/home/karroyabreu/ar4/install/ros_gz_interfaces/lib:${LD_LIBRARY_PATH} PYTHONPATH=/home/karroyabreu/ar4/install/ros_gz_interfaces/lib/python3.12/site-packages:${PYTHONPATH} /usr/bin/cmake --install /home/karroyabreu/ar4/build/ros_gz_bridge
[91.051s] -- Install configuration: ""
[91.051s] -- Installing: /home/karroyabreu/ar4/install/ros_gz_bridge/share/ros_gz_bridge/environment/pythonpath.sh
[91.051s] -- Installing: /home/karroyabreu/ar4/install/ros_gz_bridge/share/ros_gz_bridge/environment/pythonpath.dsv
[91.051s] -- Installing: /home/karroyabreu/ar4/install/ros_gz_bridge/lib/python3.12/site-packages/ros_gz_bridge-1.0.16-py3.12.egg-info
[91.051s] -- Installing: /home/karroyabreu/ar4/install/ros_gz_bridge/lib/python3.12/site-packages/ros_gz_bridge-1.0.16-py3.12.egg-info/top_level.txt
[91.051s] -- Installing: /home/karroyabreu/ar4/install/ros_gz_bridge/lib/python3.12/site-packages/ros_gz_bridge-1.0.16-py3.12.egg-info/entry_points.txt
[91.052s] -- Installing: /home/karroyabreu/ar4/install/ros_gz_bridge/lib/python3.12/site-packages/ros_gz_bridge-1.0.16-py3.12.egg-info/SOURCES.txt
[91.052s] -- Installing: /home/karroyabreu/ar4/install/ros_gz_bridge/lib/python3.12/site-packages/ros_gz_bridge-1.0.16-py3.12.egg-info/dependency_links.txt
[91.052s] -- Installing: /home/karroyabreu/ar4/install/ros_gz_bridge/lib/python3.12/site-packages/ros_gz_bridge-1.0.16-py3.12.egg-info/PKG-INFO
[91.052s] -- Installing: /home/karroyabreu/ar4/install/ros_gz_bridge/lib/python3.12/site-packages/ros_gz_bridge
[91.052s] -- Installing: /home/karroyabreu/ar4/install/ros_gz_bridge/lib/python3.12/site-packages/ros_gz_bridge/mappings.py
[91.052s] -- Installing: /home/karroyabreu/ar4/install/ros_gz_bridge/lib/python3.12/site-packages/ros_gz_bridge/actions
[91.052s] -- Installing: /home/karroyabreu/ar4/install/ros_gz_bridge/lib/python3.12/site-packages/ros_gz_bridge/actions/ros_gz_bridge.py
[91.052s] -- Installing: /home/karroyabreu/ar4/install/ros_gz_bridge/lib/python3.12/site-packages/ros_gz_bridge/actions/__init__.py
[91.052s] -- Installing: /home/karroyabreu/ar4/install/ros_gz_bridge/lib/python3.12/site-packages/ros_gz_bridge/__init__.py
[91.079s] Listing '/home/karroyabreu/ar4/install/ros_gz_bridge/lib/python3.12/site-packages/ros_gz_bridge'...
[91.079s] Compiling '/home/karroyabreu/ar4/install/ros_gz_bridge/lib/python3.12/site-packages/ros_gz_bridge/__init__.py'...
[91.079s] Listing '/home/karroyabreu/ar4/install/ros_gz_bridge/lib/python3.12/site-packages/ros_gz_bridge/actions'...
[91.079s] Compiling '/home/karroyabreu/ar4/install/ros_gz_bridge/lib/python3.12/site-packages/ros_gz_bridge/actions/__init__.py'...
[91.079s] Compiling '/home/karroyabreu/ar4/install/ros_gz_bridge/lib/python3.12/site-packages/ros_gz_bridge/actions/ros_gz_bridge.py'...
[91.079s] Compiling '/home/karroyabreu/ar4/install/ros_gz_bridge/lib/python3.12/site-packages/ros_gz_bridge/mappings.py'...
[91.082s] -- Installing: /home/karroyabreu/ar4/install/ros_gz_bridge/lib/ros_gz_bridge/bridge_node
[91.083s] -- Set non-toolchain portion of runtime path of "/home/karroyabreu/ar4/install/ros_gz_bridge/lib/ros_gz_bridge/bridge_node" to ""
[91.083s] -- Installing: /home/karroyabreu/ar4/install/ros_gz_bridge/lib/libros_gz_bridge.so
[91.191s] -- Set non-toolchain portion of runtime path of "/home/karroyabreu/ar4/install/ros_gz_bridge/lib/libros_gz_bridge.so" to ""
[91.191s] -- Installing: /home/karroyabreu/ar4/install/ros_gz_bridge/include/ros_gz_bridge
[91.191s] -- Installing: /home/karroyabreu/ar4/install/ros_gz_bridge/include/ros_gz_bridge/ros_gz_bridge
[91.191s] -- Installing: /home/karroyabreu/ar4/install/ros_gz_bridge/include/ros_gz_bridge/ros_gz_bridge/bridge_config.hpp
[91.191s] -- Installing: /home/karroyabreu/ar4/install/ros_gz_bridge/include/ros_gz_bridge/ros_gz_bridge/convert
[91.191s] -- Installing: /home/karroyabreu/ar4/install/ros_gz_bridge/include/ros_gz_bridge/ros_gz_bridge/convert/tf2_msgs.hpp
[91.191s] -- Installing: /home/karroyabreu/ar4/install/ros_gz_bridge/include/ros_gz_bridge/ros_gz_bridge/convert/rosgraph_msgs.hpp
[91.192s] -- Installing: /home/karroyabreu/ar4/install/ros_gz_bridge/include/ros_gz_bridge/ros_gz_bridge/convert/gps_msgs.hpp
[91.192s] -- Installing: /home/karroyabreu/ar4/install/ros_gz_bridge/include/ros_gz_bridge/ros_gz_bridge/convert/actuator_msgs.hpp
[91.192s] -- Installing: /home/karroyabreu/ar4/install/ros_gz_bridge/include/ros_gz_bridge/ros_gz_bridge/convert/std_msgs.hpp
[91.192s] -- Installing: /home/karroyabreu/ar4/install/ros_gz_bridge/include/ros_gz_bridge/ros_gz_bridge/convert/rcl_interfaces.hpp
[91.192s] -- Installing: /home/karroyabreu/ar4/install/ros_gz_bridge/include/ros_gz_bridge/ros_gz_bridge/convert/ros_gz_interfaces.hpp
[91.192s] -- Installing: /home/karroyabreu/ar4/install/ros_gz_bridge/include/ros_gz_bridge/ros_gz_bridge/convert/trajectory_msgs.hpp
[91.192s] -- Installing: /home/karroyabreu/ar4/install/ros_gz_bridge/include/ros_gz_bridge/ros_gz_bridge/convert/builtin_interfaces.hpp
[91.192s] -- Installing: /home/karroyabreu/ar4/install/ros_gz_bridge/include/ros_gz_bridge/ros_gz_bridge/convert/sensor_msgs.hpp
[91.192s] -- Installing: /home/karroyabreu/ar4/install/ros_gz_bridge/include/ros_gz_bridge/ros_gz_bridge/convert/vision_msgs.hpp
[91.192s] -- Installing: /home/karroyabreu/ar4/install/ros_gz_bridge/include/ros_gz_bridge/ros_gz_bridge/convert/geometry_msgs.hpp
[91.192s] -- Installing: /home/karroyabreu/ar4/install/ros_gz_bridge/include/ros_gz_bridge/ros_gz_bridge/convert/nav_msgs.hpp
[91.192s] -- Installing: /home/karroyabreu/ar4/install/ros_gz_bridge/include/ros_gz_bridge/ros_gz_bridge/convert_decl.hpp
[91.192s] -- Installing: /home/karroyabreu/ar4/install/ros_gz_bridge/include/ros_gz_bridge/ros_gz_bridge/ros_gz_bridge.hpp
[91.192s] -- Installing: /home/karroyabreu/ar4/install/ros_gz_bridge/include/ros_gz_bridge/ros_gz_bridge/convert.hpp
[91.192s] -- Installing: /home/karroyabreu/ar4/install/ros_gz_bridge/share/ros_gz_bridge/launch
[91.192s] -- Installing: /home/karroyabreu/ar4/install/ros_gz_bridge/share/ros_gz_bridge/launch/ros_gz_bridge.launch.py
[91.192s] -- Installing: /home/karroyabreu/ar4/install/ros_gz_bridge/share/ros_gz_bridge/launch/ros_gz_bridge.launch
[91.192s] -- Installing: /home/karroyabreu/ar4/install/ros_gz_bridge/share/ros_gz_bridge/launch/clock_bridge.launch
[91.192s] -- Installing: /home/karroyabreu/ar4/install/ros_gz_bridge/lib/ros_gz_bridge/parameter_bridge
[91.192s] -- Set non-toolchain portion of runtime path of "/home/karroyabreu/ar4/install/ros_gz_bridge/lib/ros_gz_bridge/parameter_bridge" to ""
[91.193s] -- Installing: /home/karroyabreu/ar4/install/ros_gz_bridge/lib/ros_gz_bridge/static_bridge
[91.193s] -- Set non-toolchain portion of runtime path of "/home/karroyabreu/ar4/install/ros_gz_bridge/lib/ros_gz_bridge/static_bridge" to ""
[91.193s] -- Installing: /home/karroyabreu/ar4/install/ros_gz_bridge/lib/ros_gz_bridge/bridge_types
[91.193s] -- Set non-toolchain portion of runtime path of "/home/karroyabreu/ar4/install/ros_gz_bridge/lib/ros_gz_bridge/bridge_types" to ""
[91.193s] -- Installing: /home/karroyabreu/ar4/install/ros_gz_bridge/lib/ros_gz_bridge/test_launch_action_subscriber
[91.198s] -- Set non-toolchain portion of runtime path of "/home/karroyabreu/ar4/install/ros_gz_bridge/lib/ros_gz_bridge/test_launch_action_subscriber" to ""
[91.198s] -- Installing: /home/karroyabreu/ar4/install/ros_gz_bridge/lib/ros_gz_bridge/test_ros_publisher
[91.217s] -- Set non-toolchain portion of runtime path of "/home/karroyabreu/ar4/install/ros_gz_bridge/lib/ros_gz_bridge/test_ros_publisher" to ""
[91.217s] -- Installing: /home/karroyabreu/ar4/install/ros_gz_bridge/lib/ros_gz_bridge/test_ros_subscriber
[91.313s] -- Set non-toolchain portion of runtime path of "/home/karroyabreu/ar4/install/ros_gz_bridge/lib/ros_gz_bridge/test_ros_subscriber" to ""
[91.314s] -- Installing: /home/karroyabreu/ar4/install/ros_gz_bridge/lib/ros_gz_bridge/test_gz_publisher
[91.315s] -- Set non-toolchain portion of runtime path of "/home/karroyabreu/ar4/install/ros_gz_bridge/lib/ros_gz_bridge/test_gz_publisher" to ""
[91.315s] -- Installing: /home/karroyabreu/ar4/install/ros_gz_bridge/lib/ros_gz_bridge/test_gz_subscriber
[91.319s] -- Set non-toolchain portion of runtime path of "/home/karroyabreu/ar4/install/ros_gz_bridge/lib/ros_gz_bridge/test_gz_subscriber" to ""
[91.319s] -- Installing: /home/karroyabreu/ar4/install/ros_gz_bridge/lib/ros_gz_bridge/test_gz_server
[91.320s] -- Set non-toolchain portion of runtime path of "/home/karroyabreu/ar4/install/ros_gz_bridge/lib/ros_gz_bridge/test_gz_server" to ""
[91.320s] -- Installing: /home/karroyabreu/ar4/install/ros_gz_bridge/lib/ros_gz_bridge/test_ros_client
[91.321s] -- Set non-toolchain portion of runtime path of "/home/karroyabreu/ar4/install/ros_gz_bridge/lib/ros_gz_bridge/test_ros_client" to ""
[91.321s] -- Installing: /home/karroyabreu/ar4/install/ros_gz_bridge/share/ros_gz_bridge/environment/library_path.sh
[91.322s] -- Installing: /home/karroyabreu/ar4/install/ros_gz_bridge/share/ros_gz_bridge/environment/library_path.dsv
[91.322s] -- Installing: /home/karroyabreu/ar4/install/ros_gz_bridge/share/ament_index/resource_index/package_run_dependencies/ros_gz_bridge
[91.322s] -- Installing: /home/karroyabreu/ar4/install/ros_gz_bridge/share/ament_index/resource_index/parent_prefix_path/ros_gz_bridge
[91.322s] -- Installing: /home/karroyabreu/ar4/install/ros_gz_bridge/share/ros_gz_bridge/environment/ament_prefix_path.sh
[91.322s] -- Installing: /home/karroyabreu/ar4/install/ros_gz_bridge/share/ros_gz_bridge/environment/ament_prefix_path.dsv
[91.323s] -- Installing: /home/karroyabreu/ar4/install/ros_gz_bridge/share/ros_gz_bridge/environment/path.sh
[91.324s] -- Installing: /home/karroyabreu/ar4/install/ros_gz_bridge/share/ros_gz_bridge/environment/path.dsv
[91.324s] -- Installing: /home/karroyabreu/ar4/install/ros_gz_bridge/share/ros_gz_bridge/local_setup.bash
[91.324s] -- Installing: /home/karroyabreu/ar4/install/ros_gz_bridge/share/ros_gz_bridge/local_setup.sh
[91.325s] -- Installing: /home/karroyabreu/ar4/install/ros_gz_bridge/share/ros_gz_bridge/local_setup.zsh
[91.325s] -- Installing: /home/karroyabreu/ar4/install/ros_gz_bridge/share/ros_gz_bridge/local_setup.dsv
[91.325s] -- Installing: /home/karroyabreu/ar4/install/ros_gz_bridge/share/ros_gz_bridge/package.dsv
[91.325s] -- Installing: /home/karroyabreu/ar4/install/ros_gz_bridge/share/ament_index/resource_index/packages/ros_gz_bridge
[91.325s] -- Installing: /home/karroyabreu/ar4/install/ros_gz_bridge/share/ament_index/resource_index/rclcpp_components/ros_gz_bridge
[91.325s] -- Installing: /home/karroyabreu/ar4/install/ros_gz_bridge/share/ros_gz_bridge/cmake/export_ros_gz_bridgeExport.cmake
[91.325s] -- Installing: /home/karroyabreu/ar4/install/ros_gz_bridge/share/ros_gz_bridge/cmake/export_ros_gz_bridgeExport-noconfig.cmake
[91.326s] -- Installing: /home/karroyabreu/ar4/install/ros_gz_bridge/share/ros_gz_bridge/cmake/ament_cmake_export_include_directories-extras.cmake
[91.326s] -- Installing: /home/karroyabreu/ar4/install/ros_gz_bridge/share/ros_gz_bridge/cmake/ament_cmake_export_libraries-extras.cmake
[91.326s] -- Installing: /home/karroyabreu/ar4/install/ros_gz_bridge/share/ros_gz_bridge/cmake/ament_cmake_export_targets-extras.cmake
[91.326s] -- Installing: /home/karroyabreu/ar4/install/ros_gz_bridge/share/ros_gz_bridge/cmake/ament_cmake_export_dependencies-extras.cmake
[91.326s] -- Installing: /home/karroyabreu/ar4/install/ros_gz_bridge/share/ros_gz_bridge/cmake/ros_gz_bridgeConfig.cmake
[91.326s] -- Installing: /home/karroyabreu/ar4/install/ros_gz_bridge/share/ros_gz_bridge/cmake/ros_gz_bridgeConfig-version.cmake
[91.326s] -- Installing: /home/karroyabreu/ar4/install/ros_gz_bridge/share/ros_gz_bridge/package.xml
[91.326s] Invoked command in '/home/karroyabreu/ar4/build/ros_gz_bridge' returned '0': AMENT_PREFIX_PATH=/home/karroyabreu/ar4/install/ros_gz_interfaces:${AMENT_PREFIX_PATH} CMAKE_PREFIX_PATH=/home/karroyabreu/ar4/install/ros_gz_interfaces:/usr/local:/home/karroyabreu/ar4/install/annin_ar4_moveit_config:/home/karroyabreu/ar4/install/annin_ar4_gazebo:/home/karroyabreu/ar4/install/annin_ar4_driver:/home/karroyabreu/ar4/install/annin_ar4_description:/opt/ros/jazzy/opt/gz_sim_vendor:/opt/ros/jazzy/opt/gz_sensors_vendor:/opt/ros/jazzy/opt/gz_physics_vendor:/opt/ros/jazzy/opt/sdformat_vendor:/opt/ros/jazzy/opt/gz_gui_vendor:/opt/ros/jazzy/opt/gz_transport_vendor:/opt/ros/jazzy/opt/gz_rendering_vendor:/opt/ros/jazzy/opt/gz_plugin_vendor:/opt/ros/jazzy/opt/gz_fuel_tools_vendor:/opt/ros/jazzy/opt/gz_msgs_vendor:/opt/ros/jazzy/opt/gz_common_vendor:/opt/ros/jazzy/opt/gz_math_vendor:/opt/ros/jazzy/opt/gz_utils_vendor:/opt/ros/jazzy/opt/gz_tools_vendor:/opt/ros/jazzy/opt/gz_ogre_next_vendor:/opt/ros/jazzy/opt/gz_dartsim_vendor:/opt/ros/jazzy/opt/gz_cmake_vendor:/opt/ros/jazzy DEBUGINFOD_URLS=https://debuginfod.ubuntu.com LD_LIBRARY_PATH=/home/karroyabreu/ar4/install/ros_gz_interfaces/lib:${LD_LIBRARY_PATH} PYTHONPATH=/home/karroyabreu/ar4/install/ros_gz_interfaces/lib/python3.12/site-packages:${PYTHONPATH} /usr/bin/cmake --install /home/karroyabreu/ar4/build/ros_gz_bridge
