running egg_info
creating ../../build/pose_gui/pose_gui.egg-info
writing ../../build/pose_gui/pose_gui.egg-info/PKG-INFO
writing dependency_links to ../../build/pose_gui/pose_gui.egg-info/dependency_links.txt
writing requirements to ../../build/pose_gui/pose_gui.egg-info/requires.txt
writing top-level names to ../../build/pose_gui/pose_gui.egg-info/top_level.txt
writing manifest file '../../build/pose_gui/pose_gui.egg-info/SOURCES.txt'
reading manifest file '../../build/pose_gui/pose_gui.egg-info/SOURCES.txt'
writing manifest file '../../build/pose_gui/pose_gui.egg-info/SOURCES.txt'
running build
running build_py
creating /home/karroyabreu/ar4/build/pose_gui/build
creating /home/karroyabreu/ar4/build/pose_gui/build/lib
creating /home/karroyabreu/ar4/build/pose_gui/build/lib/pose_gui
copying pose_gui/pose_gui.py -> /home/karroyabreu/ar4/build/pose_gui/build/lib/pose_gui
copying pose_gui/__init__.py -> /home/karroyabreu/ar4/build/pose_gui/build/lib/pose_gui
running install
running install_lib
creating /home/karroyabreu/ar4/install/pose_gui/lib/python3.12/site-packages/pose_gui
copying /home/karroyabreu/ar4/build/pose_gui/build/lib/pose_gui/pose_gui.py -> /home/karroyabreu/ar4/install/pose_gui/lib/python3.12/site-packages/pose_gui
copying /home/karroyabreu/ar4/build/pose_gui/build/lib/pose_gui/__init__.py -> /home/karroyabreu/ar4/install/pose_gui/lib/python3.12/site-packages/pose_gui
byte-compiling /home/karroyabreu/ar4/install/pose_gui/lib/python3.12/site-packages/pose_gui/pose_gui.py to pose_gui.cpython-312.pyc
byte-compiling /home/karroyabreu/ar4/install/pose_gui/lib/python3.12/site-packages/pose_gui/__init__.py to __init__.cpython-312.pyc
running install_data
creating /home/karroyabreu/ar4/install/pose_gui/share/ament_index
creating /home/karroyabreu/ar4/install/pose_gui/share/ament_index/resource_index
creating /home/karroyabreu/ar4/install/pose_gui/share/ament_index/resource_index/packages
copying resource/pose_gui -> /home/karroyabreu/ar4/install/pose_gui/share/ament_index/resource_index/packages
copying package.xml -> /home/karroyabreu/ar4/install/pose_gui/share/pose_gui
running install_egg_info
Copying ../../build/pose_gui/pose_gui.egg-info to /home/karroyabreu/ar4/install/pose_gui/lib/python3.12/site-packages/pose_gui-0.0.0-py3.12.egg-info
running install_scripts
writing list of installed files to '/home/karroyabreu/ar4/build/pose_gui/install.log'
