[0.010s] Invoking command in '/home/karroyabreu/ar4/build/mec_mobile_description': CMAKE_PREFIX_PATH=${CMAKE_PREFIX_PATH}:/opt/ros/jazzy DEBUGINFOD_URLS=https://debuginfod.ubuntu.com /usr/bin/cmake /home/karroyabreu/ar4/src/mec_mobile/mec_mobile_description -DCMAKE_INSTALL_PREFIX=/home/karroyabreu/ar4/install/mec_mobile_description
[0.082s] -- The C compiler identification is GNU 13.3.0
[0.136s] -- The CXX compiler identification is GNU 13.3.0
[0.151s] -- Detecting C compiler ABI info
[0.224s] -- Detecting C compiler ABI info - done
[0.230s] -- Check for working C compiler: /usr/bin/cc - skipped
[0.230s] -- Detecting C compile features
[0.230s] -- Detecting C compile features - done
[0.238s] -- Detecting CXX compiler ABI info
[0.310s] -- Detecting CXX compiler ABI info - done
[0.315s] -- Check for working CXX compiler: /usr/bin/c++ - skipped
[0.315s] -- Detecting CXX compile features
[0.316s] -- Detecting CXX compile features - done
[0.318s] -- Found ament_cmake: 2.5.4 (/opt/ros/jazzy/share/ament_cmake/cmake)
[0.432s] -- Found Python3: /usr/bin/python3 (found version "3.12.3") found components: Interpreter 
[0.539s] [31mCMake Error at CMakeLists.txt:10 (find_package):
[0.539s]   By not providing "Findurdf_tutorial.cmake" in CMAKE_MODULE_PATH this
[0.539s]   project has asked CMake to find a package configuration file provided by
[0.539s]   "urdf_tutorial", but CMake did not find one.
[0.539s] 
[0.539s]   Could not find a package configuration file provided by "urdf_tutorial"
[0.540s]   with any of the following names:
[0.540s] 
[0.540s]     urdf_tutorialConfig.cmake
[0.540s]     urdf_tutorial-config.cmake
[0.540s] 
[0.540s]   Add the installation prefix of "urdf_tutorial" to CMAKE_PREFIX_PATH or set
[0.540s]   "urdf_tutorial_DIR" to a directory containing one of the above files.  If
[0.540s]   "urdf_tutorial" provides a separate development package or SDK, be sure it
[0.540s]   has been installed.
[0.540s] 
[0.540s] [0m
[0.540s] -- Configuring incomplete, errors occurred!
[0.543s] Invoked command in '/home/karroyabreu/ar4/build/mec_mobile_description' returned '1': CMAKE_PREFIX_PATH=${CMAKE_PREFIX_PATH}:/opt/ros/jazzy DEBUGINFOD_URLS=https://debuginfod.ubuntu.com /usr/bin/cmake /home/karroyabreu/ar4/src/mec_mobile/mec_mobile_description -DCMAKE_INSTALL_PREFIX=/home/karroyabreu/ar4/install/mec_mobile_description
