[0.115s] DEBUG:colcon:Command line arguments: ['/usr/bin/colcon', 'list', '-p', '--base-paths', '/home/karroyabreu/ar4']
[0.115s] DEBUG:colcon:Parsed command line arguments: Namespace(log_base=None, log_level=None, verb_name='list', build_base='build', ignore_user_meta=False, metas=['./colcon.meta'], base_paths=['/home/karroyabreu/ar4'], packages_ignore=None, packages_ignore_regex=None, paths=None, packages_up_to=None, packages_up_to_regex=None, packages_above=None, packages_above_and_dependencies=None, packages_above_depth=None, packages_select_by_dep=None, packages_skip_by_dep=None, packages_skip_up_to=None, packages_select_build_failed=False, packages_skip_build_finished=False, packages_select_test_failures=False, packages_skip_test_passed=False, packages_select=None, packages_skip=None, packages_select_regex=None, packages_skip_regex=None, packages_start=None, packages_end=None, allow_overriding=[], topological_order=False, names_only=False, paths_only=True, topological_graph=False, topological_graph_dot=False, topological_graph_density=False, topological_graph_legend=False, topological_graph_dot_cluster=False, topological_graph_dot_include_skipped=False, mixin_files=None, mixin=None, verb_parser=<colcon_mixin.mixin.mixin_argument.MixinArgumentDecorator object at 0x7b0ecc29ebd0>, verb_extension=<colcon_package_information.verb.list.ListVerb object at 0x7b0ecc29de80>, main=<bound method ListVerb.main of <colcon_package_information.verb.list.ListVerb object at 0x7b0ecc29de80>>, mixin_verb=('list',))
[0.157s] Level 1:colcon.colcon_core.package_discovery:discover_packages(colcon_meta) check parameters
[0.158s] Level 1:colcon.colcon_core.package_discovery:discover_packages(recursive) check parameters
[0.158s] Level 1:colcon.colcon_core.package_discovery:discover_packages(ignore) check parameters
[0.158s] Level 1:colcon.colcon_core.package_discovery:discover_packages(path) check parameters
[0.158s] Level 1:colcon.colcon_core.package_discovery:discover_packages(recursive) discover
[0.158s] INFO:colcon.colcon_core.package_discovery:Crawling recursively for packages in '/home/karroyabreu/ar4'
[0.158s] Level 1:colcon.colcon_core.package_identification:_identify(/home/karroyabreu/ar4) by extensions ['ignore', 'ignore_ament_install']
[0.158s] Level 1:colcon.colcon_core.package_identification:_identify(/home/karroyabreu/ar4) by extension 'ignore'
[0.158s] Level 1:colcon.colcon_core.package_identification:_identify(/home/karroyabreu/ar4) by extension 'ignore_ament_install'
[0.158s] Level 1:colcon.colcon_core.package_identification:_identify(/home/karroyabreu/ar4) by extensions ['colcon_pkg']
[0.158s] Level 1:colcon.colcon_core.package_identification:_identify(/home/karroyabreu/ar4) by extension 'colcon_pkg'
[0.158s] Level 1:colcon.colcon_core.package_identification:_identify(/home/karroyabreu/ar4) by extensions ['colcon_meta']
[0.158s] Level 1:colcon.colcon_core.package_identification:_identify(/home/karroyabreu/ar4) by extension 'colcon_meta'
[0.158s] Level 1:colcon.colcon_core.package_identification:_identify(/home/karroyabreu/ar4) by extensions ['ros']
[0.158s] Level 1:colcon.colcon_core.package_identification:_identify(/home/karroyabreu/ar4) by extension 'ros'
[0.188s] Level 1:colcon.colcon_core.package_identification:_identify(/home/karroyabreu/ar4) by extensions ['cmake', 'python']
[0.188s] Level 1:colcon.colcon_core.package_identification:_identify(/home/karroyabreu/ar4) by extension 'cmake'
[0.188s] Level 1:colcon.colcon_core.package_identification:_identify(/home/karroyabreu/ar4) by extension 'python'
[0.188s] Level 1:colcon.colcon_core.package_identification:_identify(/home/karroyabreu/ar4) by extensions ['python_setup_py']
[0.188s] Level 1:colcon.colcon_core.package_identification:_identify(/home/karroyabreu/ar4) by extension 'python_setup_py'
[0.188s] Level 1:colcon.colcon_core.package_identification:_identify(/home/karroyabreu/ar4/build) by extensions ['ignore', 'ignore_ament_install']
[0.188s] Level 1:colcon.colcon_core.package_identification:_identify(/home/karroyabreu/ar4/build) by extension 'ignore'
[0.188s] Level 1:colcon.colcon_core.package_identification:_identify(/home/karroyabreu/ar4/build) ignored
[0.189s] Level 1:colcon.colcon_core.package_identification:_identify(/home/karroyabreu/ar4/install) by extensions ['ignore', 'ignore_ament_install']
[0.189s] Level 1:colcon.colcon_core.package_identification:_identify(/home/karroyabreu/ar4/install) by extension 'ignore'
[0.189s] Level 1:colcon.colcon_core.package_identification:_identify(/home/karroyabreu/ar4/install) ignored
[0.189s] Level 1:colcon.colcon_core.package_identification:_identify(/home/karroyabreu/ar4/log) by extensions ['ignore', 'ignore_ament_install']
[0.189s] Level 1:colcon.colcon_core.package_identification:_identify(/home/karroyabreu/ar4/log) by extension 'ignore'
[0.189s] Level 1:colcon.colcon_core.package_identification:_identify(/home/karroyabreu/ar4/log) ignored
[0.189s] Level 1:colcon.colcon_core.package_identification:_identify(/home/karroyabreu/ar4/src) by extensions ['ignore', 'ignore_ament_install']
[0.189s] Level 1:colcon.colcon_core.package_identification:_identify(/home/karroyabreu/ar4/src) by extension 'ignore'
[0.189s] Level 1:colcon.colcon_core.package_identification:_identify(/home/karroyabreu/ar4/src) by extension 'ignore_ament_install'
[0.189s] Level 1:colcon.colcon_core.package_identification:_identify(/home/karroyabreu/ar4/src) by extensions ['colcon_pkg']
[0.189s] Level 1:colcon.colcon_core.package_identification:_identify(/home/karroyabreu/ar4/src) by extension 'colcon_pkg'
[0.189s] Level 1:colcon.colcon_core.package_identification:_identify(/home/karroyabreu/ar4/src) by extensions ['colcon_meta']
[0.189s] Level 1:colcon.colcon_core.package_identification:_identify(/home/karroyabreu/ar4/src) by extension 'colcon_meta'
[0.189s] Level 1:colcon.colcon_core.package_identification:_identify(/home/karroyabreu/ar4/src) by extensions ['ros']
[0.189s] Level 1:colcon.colcon_core.package_identification:_identify(/home/karroyabreu/ar4/src) by extension 'ros'
[0.189s] Level 1:colcon.colcon_core.package_identification:_identify(/home/karroyabreu/ar4/src) by extensions ['cmake', 'python']
[0.189s] Level 1:colcon.colcon_core.package_identification:_identify(/home/karroyabreu/ar4/src) by extension 'cmake'
[0.190s] Level 1:colcon.colcon_core.package_identification:_identify(/home/karroyabreu/ar4/src) by extension 'python'
[0.190s] Level 1:colcon.colcon_core.package_identification:_identify(/home/karroyabreu/ar4/src) by extensions ['python_setup_py']
[0.190s] Level 1:colcon.colcon_core.package_identification:_identify(/home/karroyabreu/ar4/src) by extension 'python_setup_py'
[0.190s] Level 1:colcon.colcon_core.package_identification:_identify(/home/karroyabreu/ar4/src/ar4_ros_driver) by extensions ['ignore', 'ignore_ament_install']
[0.190s] Level 1:colcon.colcon_core.package_identification:_identify(/home/karroyabreu/ar4/src/ar4_ros_driver) by extension 'ignore'
[0.190s] Level 1:colcon.colcon_core.package_identification:_identify(/home/karroyabreu/ar4/src/ar4_ros_driver) by extension 'ignore_ament_install'
[0.190s] Level 1:colcon.colcon_core.package_identification:_identify(/home/karroyabreu/ar4/src/ar4_ros_driver) by extensions ['colcon_pkg']
[0.190s] Level 1:colcon.colcon_core.package_identification:_identify(/home/karroyabreu/ar4/src/ar4_ros_driver) by extension 'colcon_pkg'
[0.190s] Level 1:colcon.colcon_core.package_identification:_identify(/home/karroyabreu/ar4/src/ar4_ros_driver) by extensions ['colcon_meta']
[0.190s] Level 1:colcon.colcon_core.package_identification:_identify(/home/karroyabreu/ar4/src/ar4_ros_driver) by extension 'colcon_meta'
[0.190s] Level 1:colcon.colcon_core.package_identification:_identify(/home/karroyabreu/ar4/src/ar4_ros_driver) by extensions ['ros']
[0.190s] Level 1:colcon.colcon_core.package_identification:_identify(/home/karroyabreu/ar4/src/ar4_ros_driver) by extension 'ros'
[0.190s] Level 1:colcon.colcon_core.package_identification:_identify(/home/karroyabreu/ar4/src/ar4_ros_driver) by extensions ['cmake', 'python']
[0.190s] Level 1:colcon.colcon_core.package_identification:_identify(/home/karroyabreu/ar4/src/ar4_ros_driver) by extension 'cmake'
[0.190s] Level 1:colcon.colcon_core.package_identification:_identify(/home/karroyabreu/ar4/src/ar4_ros_driver) by extension 'python'
[0.190s] Level 1:colcon.colcon_core.package_identification:_identify(/home/karroyabreu/ar4/src/ar4_ros_driver) by extensions ['python_setup_py']
[0.190s] Level 1:colcon.colcon_core.package_identification:_identify(/home/karroyabreu/ar4/src/ar4_ros_driver) by extension 'python_setup_py'
[0.190s] Level 1:colcon.colcon_core.package_identification:_identify(/home/karroyabreu/ar4/src/ar4_ros_driver/annin_ar4_description) by extensions ['ignore', 'ignore_ament_install']
[0.190s] Level 1:colcon.colcon_core.package_identification:_identify(/home/karroyabreu/ar4/src/ar4_ros_driver/annin_ar4_description) by extension 'ignore'
[0.190s] Level 1:colcon.colcon_core.package_identification:_identify(/home/karroyabreu/ar4/src/ar4_ros_driver/annin_ar4_description) by extension 'ignore_ament_install'
[0.191s] Level 1:colcon.colcon_core.package_identification:_identify(/home/karroyabreu/ar4/src/ar4_ros_driver/annin_ar4_description) by extensions ['colcon_pkg']
[0.191s] Level 1:colcon.colcon_core.package_identification:_identify(/home/karroyabreu/ar4/src/ar4_ros_driver/annin_ar4_description) by extension 'colcon_pkg'
[0.191s] Level 1:colcon.colcon_core.package_identification:_identify(/home/karroyabreu/ar4/src/ar4_ros_driver/annin_ar4_description) by extensions ['colcon_meta']
[0.191s] Level 1:colcon.colcon_core.package_identification:_identify(/home/karroyabreu/ar4/src/ar4_ros_driver/annin_ar4_description) by extension 'colcon_meta'
[0.191s] Level 1:colcon.colcon_core.package_identification:_identify(/home/karroyabreu/ar4/src/ar4_ros_driver/annin_ar4_description) by extensions ['ros']
[0.191s] Level 1:colcon.colcon_core.package_identification:_identify(/home/karroyabreu/ar4/src/ar4_ros_driver/annin_ar4_description) by extension 'ros'
[0.193s] DEBUG:colcon.colcon_core.package_identification:Package '/home/karroyabreu/ar4/src/ar4_ros_driver/annin_ar4_description' with type 'ros.ament_cmake' and name 'annin_ar4_description'
[0.194s] Level 1:colcon.colcon_core.package_identification:_identify(/home/karroyabreu/ar4/src/ar4_ros_driver/annin_ar4_driver) by extensions ['ignore', 'ignore_ament_install']
[0.194s] Level 1:colcon.colcon_core.package_identification:_identify(/home/karroyabreu/ar4/src/ar4_ros_driver/annin_ar4_driver) by extension 'ignore'
[0.194s] Level 1:colcon.colcon_core.package_identification:_identify(/home/karroyabreu/ar4/src/ar4_ros_driver/annin_ar4_driver) by extension 'ignore_ament_install'
[0.194s] Level 1:colcon.colcon_core.package_identification:_identify(/home/karroyabreu/ar4/src/ar4_ros_driver/annin_ar4_driver) by extensions ['colcon_pkg']
[0.194s] Level 1:colcon.colcon_core.package_identification:_identify(/home/karroyabreu/ar4/src/ar4_ros_driver/annin_ar4_driver) by extension 'colcon_pkg'
[0.194s] Level 1:colcon.colcon_core.package_identification:_identify(/home/karroyabreu/ar4/src/ar4_ros_driver/annin_ar4_driver) by extensions ['colcon_meta']
[0.194s] Level 1:colcon.colcon_core.package_identification:_identify(/home/karroyabreu/ar4/src/ar4_ros_driver/annin_ar4_driver) by extension 'colcon_meta'
[0.194s] Level 1:colcon.colcon_core.package_identification:_identify(/home/karroyabreu/ar4/src/ar4_ros_driver/annin_ar4_driver) by extensions ['ros']
[0.194s] Level 1:colcon.colcon_core.package_identification:_identify(/home/karroyabreu/ar4/src/ar4_ros_driver/annin_ar4_driver) by extension 'ros'
[0.195s] DEBUG:colcon.colcon_core.package_identification:Package '/home/karroyabreu/ar4/src/ar4_ros_driver/annin_ar4_driver' with type 'ros.ament_cmake' and name 'annin_ar4_driver'
[0.195s] Level 1:colcon.colcon_core.package_identification:_identify(/home/karroyabreu/ar4/src/ar4_ros_driver/annin_ar4_firmware) by extensions ['ignore', 'ignore_ament_install']
[0.195s] Level 1:colcon.colcon_core.package_identification:_identify(/home/karroyabreu/ar4/src/ar4_ros_driver/annin_ar4_firmware) by extension 'ignore'
[0.195s] Level 1:colcon.colcon_core.package_identification:_identify(/home/karroyabreu/ar4/src/ar4_ros_driver/annin_ar4_firmware) by extension 'ignore_ament_install'
[0.196s] Level 1:colcon.colcon_core.package_identification:_identify(/home/karroyabreu/ar4/src/ar4_ros_driver/annin_ar4_firmware) by extensions ['colcon_pkg']
[0.196s] Level 1:colcon.colcon_core.package_identification:_identify(/home/karroyabreu/ar4/src/ar4_ros_driver/annin_ar4_firmware) by extension 'colcon_pkg'
[0.196s] Level 1:colcon.colcon_core.package_identification:_identify(/home/karroyabreu/ar4/src/ar4_ros_driver/annin_ar4_firmware) by extensions ['colcon_meta']
[0.196s] Level 1:colcon.colcon_core.package_identification:_identify(/home/karroyabreu/ar4/src/ar4_ros_driver/annin_ar4_firmware) by extension 'colcon_meta'
[0.196s] Level 1:colcon.colcon_core.package_identification:_identify(/home/karroyabreu/ar4/src/ar4_ros_driver/annin_ar4_firmware) by extensions ['ros']
[0.196s] Level 1:colcon.colcon_core.package_identification:_identify(/home/karroyabreu/ar4/src/ar4_ros_driver/annin_ar4_firmware) by extension 'ros'
[0.196s] Level 1:colcon.colcon_core.package_identification:_identify(/home/karroyabreu/ar4/src/ar4_ros_driver/annin_ar4_firmware) by extensions ['cmake', 'python']
[0.196s] Level 1:colcon.colcon_core.package_identification:_identify(/home/karroyabreu/ar4/src/ar4_ros_driver/annin_ar4_firmware) by extension 'cmake'
[0.196s] Level 1:colcon.colcon_core.package_identification:_identify(/home/karroyabreu/ar4/src/ar4_ros_driver/annin_ar4_firmware) by extension 'python'
[0.196s] Level 1:colcon.colcon_core.package_identification:_identify(/home/karroyabreu/ar4/src/ar4_ros_driver/annin_ar4_firmware) by extensions ['python_setup_py']
[0.196s] Level 1:colcon.colcon_core.package_identification:_identify(/home/karroyabreu/ar4/src/ar4_ros_driver/annin_ar4_firmware) by extension 'python_setup_py'
[0.196s] Level 1:colcon.colcon_core.package_identification:_identify(/home/karroyabreu/ar4/src/ar4_ros_driver/annin_ar4_firmware/AR4_nano) by extensions ['ignore', 'ignore_ament_install']
[0.196s] Level 1:colcon.colcon_core.package_identification:_identify(/home/karroyabreu/ar4/src/ar4_ros_driver/annin_ar4_firmware/AR4_nano) by extension 'ignore'
[0.196s] Level 1:colcon.colcon_core.package_identification:_identify(/home/karroyabreu/ar4/src/ar4_ros_driver/annin_ar4_firmware/AR4_nano) by extension 'ignore_ament_install'
[0.196s] Level 1:colcon.colcon_core.package_identification:_identify(/home/karroyabreu/ar4/src/ar4_ros_driver/annin_ar4_firmware/AR4_nano) by extensions ['colcon_pkg']
[0.196s] Level 1:colcon.colcon_core.package_identification:_identify(/home/karroyabreu/ar4/src/ar4_ros_driver/annin_ar4_firmware/AR4_nano) by extension 'colcon_pkg'
[0.196s] Level 1:colcon.colcon_core.package_identification:_identify(/home/karroyabreu/ar4/src/ar4_ros_driver/annin_ar4_firmware/AR4_nano) by extensions ['colcon_meta']
[0.196s] Level 1:colcon.colcon_core.package_identification:_identify(/home/karroyabreu/ar4/src/ar4_ros_driver/annin_ar4_firmware/AR4_nano) by extension 'colcon_meta'
[0.196s] Level 1:colcon.colcon_core.package_identification:_identify(/home/karroyabreu/ar4/src/ar4_ros_driver/annin_ar4_firmware/AR4_nano) by extensions ['ros']
[0.196s] Level 1:colcon.colcon_core.package_identification:_identify(/home/karroyabreu/ar4/src/ar4_ros_driver/annin_ar4_firmware/AR4_nano) by extension 'ros'
[0.196s] Level 1:colcon.colcon_core.package_identification:_identify(/home/karroyabreu/ar4/src/ar4_ros_driver/annin_ar4_firmware/AR4_nano) by extensions ['cmake', 'python']
[0.196s] Level 1:colcon.colcon_core.package_identification:_identify(/home/karroyabreu/ar4/src/ar4_ros_driver/annin_ar4_firmware/AR4_nano) by extension 'cmake'
[0.197s] Level 1:colcon.colcon_core.package_identification:_identify(/home/karroyabreu/ar4/src/ar4_ros_driver/annin_ar4_firmware/AR4_nano) by extension 'python'
[0.197s] Level 1:colcon.colcon_core.package_identification:_identify(/home/karroyabreu/ar4/src/ar4_ros_driver/annin_ar4_firmware/AR4_nano) by extensions ['python_setup_py']
[0.197s] Level 1:colcon.colcon_core.package_identification:_identify(/home/karroyabreu/ar4/src/ar4_ros_driver/annin_ar4_firmware/AR4_nano) by extension 'python_setup_py'
[0.197s] Level 1:colcon.colcon_core.package_identification:_identify(/home/karroyabreu/ar4/src/ar4_ros_driver/annin_ar4_firmware/AR4_teensy) by extensions ['ignore', 'ignore_ament_install']
[0.197s] Level 1:colcon.colcon_core.package_identification:_identify(/home/karroyabreu/ar4/src/ar4_ros_driver/annin_ar4_firmware/AR4_teensy) by extension 'ignore'
[0.197s] Level 1:colcon.colcon_core.package_identification:_identify(/home/karroyabreu/ar4/src/ar4_ros_driver/annin_ar4_firmware/AR4_teensy) by extension 'ignore_ament_install'
[0.197s] Level 1:colcon.colcon_core.package_identification:_identify(/home/karroyabreu/ar4/src/ar4_ros_driver/annin_ar4_firmware/AR4_teensy) by extensions ['colcon_pkg']
[0.197s] Level 1:colcon.colcon_core.package_identification:_identify(/home/karroyabreu/ar4/src/ar4_ros_driver/annin_ar4_firmware/AR4_teensy) by extension 'colcon_pkg'
[0.197s] Level 1:colcon.colcon_core.package_identification:_identify(/home/karroyabreu/ar4/src/ar4_ros_driver/annin_ar4_firmware/AR4_teensy) by extensions ['colcon_meta']
[0.197s] Level 1:colcon.colcon_core.package_identification:_identify(/home/karroyabreu/ar4/src/ar4_ros_driver/annin_ar4_firmware/AR4_teensy) by extension 'colcon_meta'
[0.197s] Level 1:colcon.colcon_core.package_identification:_identify(/home/karroyabreu/ar4/src/ar4_ros_driver/annin_ar4_firmware/AR4_teensy) by extensions ['ros']
[0.197s] Level 1:colcon.colcon_core.package_identification:_identify(/home/karroyabreu/ar4/src/ar4_ros_driver/annin_ar4_firmware/AR4_teensy) by extension 'ros'
[0.197s] Level 1:colcon.colcon_core.package_identification:_identify(/home/karroyabreu/ar4/src/ar4_ros_driver/annin_ar4_firmware/AR4_teensy) by extensions ['cmake', 'python']
[0.197s] Level 1:colcon.colcon_core.package_identification:_identify(/home/karroyabreu/ar4/src/ar4_ros_driver/annin_ar4_firmware/AR4_teensy) by extension 'cmake'
[0.197s] Level 1:colcon.colcon_core.package_identification:_identify(/home/karroyabreu/ar4/src/ar4_ros_driver/annin_ar4_firmware/AR4_teensy) by extension 'python'
[0.197s] Level 1:colcon.colcon_core.package_identification:_identify(/home/karroyabreu/ar4/src/ar4_ros_driver/annin_ar4_firmware/AR4_teensy) by extensions ['python_setup_py']
[0.197s] Level 1:colcon.colcon_core.package_identification:_identify(/home/karroyabreu/ar4/src/ar4_ros_driver/annin_ar4_firmware/AR4_teensy) by extension 'python_setup_py'
[0.197s] Level 1:colcon.colcon_core.package_identification:_identify(/home/karroyabreu/ar4/src/ar4_ros_driver/annin_ar4_gazebo) by extensions ['ignore', 'ignore_ament_install']
[0.197s] Level 1:colcon.colcon_core.package_identification:_identify(/home/karroyabreu/ar4/src/ar4_ros_driver/annin_ar4_gazebo) by extension 'ignore'
[0.198s] Level 1:colcon.colcon_core.package_identification:_identify(/home/karroyabreu/ar4/src/ar4_ros_driver/annin_ar4_gazebo) by extension 'ignore_ament_install'
[0.198s] Level 1:colcon.colcon_core.package_identification:_identify(/home/karroyabreu/ar4/src/ar4_ros_driver/annin_ar4_gazebo) by extensions ['colcon_pkg']
[0.198s] Level 1:colcon.colcon_core.package_identification:_identify(/home/karroyabreu/ar4/src/ar4_ros_driver/annin_ar4_gazebo) by extension 'colcon_pkg'
[0.198s] Level 1:colcon.colcon_core.package_identification:_identify(/home/karroyabreu/ar4/src/ar4_ros_driver/annin_ar4_gazebo) by extensions ['colcon_meta']
[0.198s] Level 1:colcon.colcon_core.package_identification:_identify(/home/karroyabreu/ar4/src/ar4_ros_driver/annin_ar4_gazebo) by extension 'colcon_meta'
[0.198s] Level 1:colcon.colcon_core.package_identification:_identify(/home/karroyabreu/ar4/src/ar4_ros_driver/annin_ar4_gazebo) by extensions ['ros']
[0.198s] Level 1:colcon.colcon_core.package_identification:_identify(/home/karroyabreu/ar4/src/ar4_ros_driver/annin_ar4_gazebo) by extension 'ros'
[0.198s] DEBUG:colcon.colcon_core.package_identification:Package '/home/karroyabreu/ar4/src/ar4_ros_driver/annin_ar4_gazebo' with type 'ros.ament_cmake' and name 'annin_ar4_gazebo'
[0.198s] Level 1:colcon.colcon_core.package_identification:_identify(/home/karroyabreu/ar4/src/ar4_ros_driver/annin_ar4_moveit_config) by extensions ['ignore', 'ignore_ament_install']
[0.200s] Level 1:colcon.colcon_core.package_identification:_identify(/home/karroyabreu/ar4/src/ar4_ros_driver/annin_ar4_moveit_config) by extension 'ignore'
[0.200s] Level 1:colcon.colcon_core.package_identification:_identify(/home/karroyabreu/ar4/src/ar4_ros_driver/annin_ar4_moveit_config) by extension 'ignore_ament_install'
[0.200s] Level 1:colcon.colcon_core.package_identification:_identify(/home/karroyabreu/ar4/src/ar4_ros_driver/annin_ar4_moveit_config) by extensions ['colcon_pkg']
[0.200s] Level 1:colcon.colcon_core.package_identification:_identify(/home/karroyabreu/ar4/src/ar4_ros_driver/annin_ar4_moveit_config) by extension 'colcon_pkg'
[0.200s] Level 1:colcon.colcon_core.package_identification:_identify(/home/karroyabreu/ar4/src/ar4_ros_driver/annin_ar4_moveit_config) by extensions ['colcon_meta']
[0.200s] Level 1:colcon.colcon_core.package_identification:_identify(/home/karroyabreu/ar4/src/ar4_ros_driver/annin_ar4_moveit_config) by extension 'colcon_meta'
[0.200s] Level 1:colcon.colcon_core.package_identification:_identify(/home/karroyabreu/ar4/src/ar4_ros_driver/annin_ar4_moveit_config) by extensions ['ros']
[0.200s] Level 1:colcon.colcon_core.package_identification:_identify(/home/karroyabreu/ar4/src/ar4_ros_driver/annin_ar4_moveit_config) by extension 'ros'
[0.201s] DEBUG:colcon.colcon_core.package_identification:Package '/home/karroyabreu/ar4/src/ar4_ros_driver/annin_ar4_moveit_config' with type 'ros.ament_cmake' and name 'annin_ar4_moveit_config'
[0.201s] Level 1:colcon.colcon_core.package_identification:_identify(/home/karroyabreu/ar4/src/ar4_ros_driver/docs) by extensions ['ignore', 'ignore_ament_install']
[0.201s] Level 1:colcon.colcon_core.package_identification:_identify(/home/karroyabreu/ar4/src/ar4_ros_driver/docs) by extension 'ignore'
[0.201s] Level 1:colcon.colcon_core.package_identification:_identify(/home/karroyabreu/ar4/src/ar4_ros_driver/docs) by extension 'ignore_ament_install'
[0.201s] Level 1:colcon.colcon_core.package_identification:_identify(/home/karroyabreu/ar4/src/ar4_ros_driver/docs) by extensions ['colcon_pkg']
[0.201s] Level 1:colcon.colcon_core.package_identification:_identify(/home/karroyabreu/ar4/src/ar4_ros_driver/docs) by extension 'colcon_pkg'
[0.201s] Level 1:colcon.colcon_core.package_identification:_identify(/home/karroyabreu/ar4/src/ar4_ros_driver/docs) by extensions ['colcon_meta']
[0.201s] Level 1:colcon.colcon_core.package_identification:_identify(/home/karroyabreu/ar4/src/ar4_ros_driver/docs) by extension 'colcon_meta'
[0.201s] Level 1:colcon.colcon_core.package_identification:_identify(/home/karroyabreu/ar4/src/ar4_ros_driver/docs) by extensions ['ros']
[0.201s] Level 1:colcon.colcon_core.package_identification:_identify(/home/karroyabreu/ar4/src/ar4_ros_driver/docs) by extension 'ros'
[0.201s] Level 1:colcon.colcon_core.package_identification:_identify(/home/karroyabreu/ar4/src/ar4_ros_driver/docs) by extensions ['cmake', 'python']
[0.201s] Level 1:colcon.colcon_core.package_identification:_identify(/home/karroyabreu/ar4/src/ar4_ros_driver/docs) by extension 'cmake'
[0.201s] Level 1:colcon.colcon_core.package_identification:_identify(/home/karroyabreu/ar4/src/ar4_ros_driver/docs) by extension 'python'
[0.201s] Level 1:colcon.colcon_core.package_identification:_identify(/home/karroyabreu/ar4/src/ar4_ros_driver/docs) by extensions ['python_setup_py']
[0.201s] Level 1:colcon.colcon_core.package_identification:_identify(/home/karroyabreu/ar4/src/ar4_ros_driver/docs) by extension 'python_setup_py'
[0.201s] Level 1:colcon.colcon_core.package_discovery:discover_packages(recursive) using defaults
