[0.015s] Invoking command in '/home/karroyabreu/ar4/build/annin_ar4_description': CMAKE_PREFIX_PATH=${CMAKE_PREFIX_PATH}:/home/karroyabreu/ar4/install/opencv_pkg:/opt/ros/jazzy DEBUGINFOD_URLS=https://debuginfod.ubuntu.com /usr/bin/cmake /home/karroyabreu/ar4/src/ar4_ros_driver/annin_ar4_description -DCMAKE_INSTALL_PREFIX=/home/karroyabreu/ar4/install/annin_ar4_description
[0.285s] -- The C compiler identification is GNU 13.3.0
[0.285s] -- The CXX compiler identification is GNU 13.3.0
[0.285s] -- Detecting C compiler ABI info
[0.285s] -- Detecting C compiler ABI info - done
[0.286s] -- Check for working C compiler: /usr/bin/cc - skipped
[0.286s] -- Detecting C compile features
[0.286s] -- Detecting C compile features - done
[0.286s] -- Detecting CXX compiler ABI info
[0.286s] -- Detecting CXX compiler ABI info - done
[0.286s] -- Check for working CXX compiler: /usr/bin/c++ - skipped
[0.286s] -- Detecting CXX compile features
[0.287s] -- Detecting CXX compile features - done
[0.287s] -- Found ament_cmake: 2.5.4 (/opt/ros/jazzy/share/ament_cmake/cmake)
[0.379s] -- Found Python3: /usr/bin/python3 (found version "3.12.3") found components: Interpreter 
[0.526s] -- Configuring done (0.5s)
[0.528s] -- Generating done (0.0s)
[0.530s] -- Build files have been written to: /home/karroyabreu/ar4/build/annin_ar4_description
[0.536s] Invoked command in '/home/karroyabreu/ar4/build/annin_ar4_description' returned '0': CMAKE_PREFIX_PATH=${CMAKE_PREFIX_PATH}:/home/karroyabreu/ar4/install/opencv_pkg:/opt/ros/jazzy DEBUGINFOD_URLS=https://debuginfod.ubuntu.com /usr/bin/cmake /home/karroyabreu/ar4/src/ar4_ros_driver/annin_ar4_description -DCMAKE_INSTALL_PREFIX=/home/karroyabreu/ar4/install/annin_ar4_description
[0.537s] Invoking command in '/home/karroyabreu/ar4/build/annin_ar4_description': CMAKE_PREFIX_PATH=${CMAKE_PREFIX_PATH}:/home/karroyabreu/ar4/install/opencv_pkg:/opt/ros/jazzy DEBUGINFOD_URLS=https://debuginfod.ubuntu.com /usr/bin/cmake --build /home/karroyabreu/ar4/build/annin_ar4_description -- -j22 -l22
[0.576s] Invoked command in '/home/karroyabreu/ar4/build/annin_ar4_description' returned '0': CMAKE_PREFIX_PATH=${CMAKE_PREFIX_PATH}:/home/karroyabreu/ar4/install/opencv_pkg:/opt/ros/jazzy DEBUGINFOD_URLS=https://debuginfod.ubuntu.com /usr/bin/cmake --build /home/karroyabreu/ar4/build/annin_ar4_description -- -j22 -l22
[0.584s] Invoking command in '/home/karroyabreu/ar4/build/annin_ar4_description': CMAKE_PREFIX_PATH=${CMAKE_PREFIX_PATH}:/home/karroyabreu/ar4/install/opencv_pkg:/opt/ros/jazzy DEBUGINFOD_URLS=https://debuginfod.ubuntu.com /usr/bin/cmake --install /home/karroyabreu/ar4/build/annin_ar4_description
[0.592s] -- Install configuration: ""
[0.593s] -- Installing: /home/karroyabreu/ar4/install/annin_ar4_description/share/annin_ar4_description/meshes
[0.593s] -- Installing: /home/karroyabreu/ar4/install/annin_ar4_description/share/annin_ar4_description/meshes/ar4
[0.593s] -- Installing: /home/karroyabreu/ar4/install/annin_ar4_description/share/annin_ar4_description/meshes/ar4/link_4.STL
[0.593s] -- Installing: /home/karroyabreu/ar4/install/annin_ar4_description/share/annin_ar4_description/meshes/ar4/link_2.STL
[0.594s] -- Installing: /home/karroyabreu/ar4/install/annin_ar4_description/share/annin_ar4_description/meshes/ar4/link_5.STL
[0.594s] -- Installing: /home/karroyabreu/ar4/install/annin_ar4_description/share/annin_ar4_description/meshes/ar4/base_link.STL
[0.594s] -- Installing: /home/karroyabreu/ar4/install/annin_ar4_description/share/annin_ar4_description/meshes/ar4/link_6.STL
[0.594s] -- Installing: /home/karroyabreu/ar4/install/annin_ar4_description/share/annin_ar4_description/meshes/ar4/link_3.STL
[0.595s] -- Installing: /home/karroyabreu/ar4/install/annin_ar4_description/share/annin_ar4_description/meshes/ar4/link_1.STL
[0.595s] -- Installing: /home/karroyabreu/ar4/install/annin_ar4_description/share/annin_ar4_description/meshes/ar4_mk3
[0.595s] -- Installing: /home/karroyabreu/ar4/install/annin_ar4_description/share/annin_ar4_description/meshes/ar4_mk3/link_4.STL
[0.596s] -- Installing: /home/karroyabreu/ar4/install/annin_ar4_description/share/annin_ar4_description/meshes/ar4_mk3/link_2.STL
[0.596s] -- Installing: /home/karroyabreu/ar4/install/annin_ar4_description/share/annin_ar4_description/meshes/ar4_mk3/link_5.STL
[0.598s] -- Installing: /home/karroyabreu/ar4/install/annin_ar4_description/share/annin_ar4_description/meshes/ar4_mk3/base_link.STL
[0.598s] -- Installing: /home/karroyabreu/ar4/install/annin_ar4_description/share/annin_ar4_description/meshes/ar4_mk3/link_6.STL
[0.598s] -- Installing: /home/karroyabreu/ar4/install/annin_ar4_description/share/annin_ar4_description/meshes/ar4_mk3/link_3.STL
[0.598s] -- Installing: /home/karroyabreu/ar4/install/annin_ar4_description/share/annin_ar4_description/meshes/ar4_mk3/link_1.STL
[0.598s] -- Installing: /home/karroyabreu/ar4/install/annin_ar4_description/share/annin_ar4_description/meshes/ar4_gripper
[0.598s] -- Installing: /home/karroyabreu/ar4/install/annin_ar4_description/share/annin_ar4_description/meshes/ar4_gripper/gripper_base_link.stl
[0.599s] -- Installing: /home/karroyabreu/ar4/install/annin_ar4_description/share/annin_ar4_description/meshes/ar4_gripper/gripper_jaw1_link.stl
[0.599s] -- Installing: /home/karroyabreu/ar4/install/annin_ar4_description/share/annin_ar4_description/meshes/ar4_gripper/gripper_jaw2_link.stl
[0.599s] -- Installing: /home/karroyabreu/ar4/install/annin_ar4_description/share/annin_ar4_description/urdf
[0.599s] -- Installing: /home/karroyabreu/ar4/install/annin_ar4_description/share/annin_ar4_description/urdf/ar_gripper_macro.xacro
[0.599s] -- Installing: /home/karroyabreu/ar4/install/annin_ar4_description/share/annin_ar4_description/urdf/ar_gripper.ros2_control.xacro
[0.599s] -- Installing: /home/karroyabreu/ar4/install/annin_ar4_description/share/annin_ar4_description/urdf/ar.ros2_control.xacro
[0.599s] -- Installing: /home/karroyabreu/ar4/install/annin_ar4_description/share/annin_ar4_description/urdf/ar_macro.xacro
[0.599s] -- Installing: /home/karroyabreu/ar4/install/annin_ar4_description/share/annin_ar4_description/urdf/camera.xacro
[0.599s] -- Installing: /home/karroyabreu/ar4/install/annin_ar4_description/share/annin_ar4_description/urdf/ar_gazebo.urdf.xacro
[0.600s] -- Installing: /home/karroyabreu/ar4/install/annin_ar4_description/share/annin_ar4_description/urdf/ar.urdf.xacro
[0.600s] -- Installing: /home/karroyabreu/ar4/install/annin_ar4_description/share/annin_ar4_description/config
[0.600s] -- Installing: /home/karroyabreu/ar4/install/annin_ar4_description/share/annin_ar4_description/config/mk1.yaml
[0.600s] -- Installing: /home/karroyabreu/ar4/install/annin_ar4_description/share/annin_ar4_description/config/mk2.yaml
[0.600s] -- Installing: /home/karroyabreu/ar4/install/annin_ar4_description/share/annin_ar4_description/config/mk3.yaml
[0.600s] -- Installing: /home/karroyabreu/ar4/install/annin_ar4_description/share/ament_index/resource_index/package_run_dependencies/annin_ar4_description
[0.600s] -- Installing: /home/karroyabreu/ar4/install/annin_ar4_description/share/ament_index/resource_index/parent_prefix_path/annin_ar4_description
[0.600s] -- Installing: /home/karroyabreu/ar4/install/annin_ar4_description/share/annin_ar4_description/environment/ament_prefix_path.sh
[0.600s] -- Installing: /home/karroyabreu/ar4/install/annin_ar4_description/share/annin_ar4_description/environment/ament_prefix_path.dsv
[0.600s] -- Installing: /home/karroyabreu/ar4/install/annin_ar4_description/share/annin_ar4_description/environment/path.sh
[0.600s] -- Installing: /home/karroyabreu/ar4/install/annin_ar4_description/share/annin_ar4_description/environment/path.dsv
[0.600s] -- Installing: /home/karroyabreu/ar4/install/annin_ar4_description/share/annin_ar4_description/local_setup.bash
[0.600s] -- Installing: /home/karroyabreu/ar4/install/annin_ar4_description/share/annin_ar4_description/local_setup.sh
[0.600s] -- Installing: /home/karroyabreu/ar4/install/annin_ar4_description/share/annin_ar4_description/local_setup.zsh
[0.601s] -- Installing: /home/karroyabreu/ar4/install/annin_ar4_description/share/annin_ar4_description/local_setup.dsv
[0.601s] -- Installing: /home/karroyabreu/ar4/install/annin_ar4_description/share/annin_ar4_description/package.dsv
[0.601s] -- Installing: /home/karroyabreu/ar4/install/annin_ar4_description/share/ament_index/resource_index/packages/annin_ar4_description
[0.601s] -- Installing: /home/karroyabreu/ar4/install/annin_ar4_description/share/annin_ar4_description/cmake/annin_ar4_descriptionConfig.cmake
[0.601s] -- Installing: /home/karroyabreu/ar4/install/annin_ar4_description/share/annin_ar4_description/cmake/annin_ar4_descriptionConfig-version.cmake
[0.601s] -- Installing: /home/karroyabreu/ar4/install/annin_ar4_description/share/annin_ar4_description/package.xml
[0.602s] Invoked command in '/home/karroyabreu/ar4/build/annin_ar4_description' returned '0': CMAKE_PREFIX_PATH=${CMAKE_PREFIX_PATH}:/home/karroyabreu/ar4/install/opencv_pkg:/opt/ros/jazzy DEBUGINFOD_URLS=https://debuginfod.ubuntu.com /usr/bin/cmake --install /home/karroyabreu/ar4/build/annin_ar4_description
