running egg_info
creating ../../build/opencv_pkg/opencv_pkg.egg-info
writing ../../build/opencv_pkg/opencv_pkg.egg-info/PKG-INFO
writing dependency_links to ../../build/opencv_pkg/opencv_pkg.egg-info/dependency_links.txt
writing entry points to ../../build/opencv_pkg/opencv_pkg.egg-info/entry_points.txt
writing requirements to ../../build/opencv_pkg/opencv_pkg.egg-info/requires.txt
writing top-level names to ../../build/opencv_pkg/opencv_pkg.egg-info/top_level.txt
writing manifest file '../../build/opencv_pkg/opencv_pkg.egg-info/SOURCES.txt'
reading manifest file '../../build/opencv_pkg/opencv_pkg.egg-info/SOURCES.txt'
writing manifest file '../../build/opencv_pkg/opencv_pkg.egg-info/SOURCES.txt'
running build
running build_py
creating /home/karroyabreu/ar4/build/opencv_pkg/build
creating /home/karroyabreu/ar4/build/opencv_pkg/build/lib
creating /home/karroyabreu/ar4/build/opencv_pkg/build/lib/opencv_pkg
copying opencv_pkg/write_camera.py -> /home/karroyabreu/ar4/build/opencv_pkg/build/lib/opencv_pkg
copying opencv_pkg/hsv_on_click.py -> /home/karroyabreu/ar4/build/opencv_pkg/build/lib/opencv_pkg
copying opencv_pkg/edge_detection.py -> /home/karroyabreu/ar4/build/opencv_pkg/build/lib/opencv_pkg
copying opencv_pkg/stream_camera.py -> /home/karroyabreu/ar4/build/opencv_pkg/build/lib/opencv_pkg
copying opencv_pkg/load_image.py -> /home/karroyabreu/ar4/build/opencv_pkg/build/lib/opencv_pkg
copying opencv_pkg/load_image_from_camera.py -> /home/karroyabreu/ar4/build/opencv_pkg/build/lib/opencv_pkg
copying opencv_pkg/stream_top_position.py -> /home/karroyabreu/ar4/build/opencv_pkg/build/lib/opencv_pkg
copying opencv_pkg/get_position_server.py -> /home/karroyabreu/ar4/build/opencv_pkg/build/lib/opencv_pkg
copying opencv_pkg/color_filtering.py -> /home/karroyabreu/ar4/build/opencv_pkg/build/lib/opencv_pkg
copying opencv_pkg/__init__.py -> /home/karroyabreu/ar4/build/opencv_pkg/build/lib/opencv_pkg
running install
running install_lib
creating /home/karroyabreu/ar4/install/opencv_pkg/lib/python3.12/site-packages/opencv_pkg
copying /home/karroyabreu/ar4/build/opencv_pkg/build/lib/opencv_pkg/write_camera.py -> /home/karroyabreu/ar4/install/opencv_pkg/lib/python3.12/site-packages/opencv_pkg
copying /home/karroyabreu/ar4/build/opencv_pkg/build/lib/opencv_pkg/hsv_on_click.py -> /home/karroyabreu/ar4/install/opencv_pkg/lib/python3.12/site-packages/opencv_pkg
copying /home/karroyabreu/ar4/build/opencv_pkg/build/lib/opencv_pkg/edge_detection.py -> /home/karroyabreu/ar4/install/opencv_pkg/lib/python3.12/site-packages/opencv_pkg
copying /home/karroyabreu/ar4/build/opencv_pkg/build/lib/opencv_pkg/stream_camera.py -> /home/karroyabreu/ar4/install/opencv_pkg/lib/python3.12/site-packages/opencv_pkg
copying /home/karroyabreu/ar4/build/opencv_pkg/build/lib/opencv_pkg/load_image.py -> /home/karroyabreu/ar4/install/opencv_pkg/lib/python3.12/site-packages/opencv_pkg
copying /home/karroyabreu/ar4/build/opencv_pkg/build/lib/opencv_pkg/load_image_from_camera.py -> /home/karroyabreu/ar4/install/opencv_pkg/lib/python3.12/site-packages/opencv_pkg
copying /home/karroyabreu/ar4/build/opencv_pkg/build/lib/opencv_pkg/stream_top_position.py -> /home/karroyabreu/ar4/install/opencv_pkg/lib/python3.12/site-packages/opencv_pkg
copying /home/karroyabreu/ar4/build/opencv_pkg/build/lib/opencv_pkg/get_position_server.py -> /home/karroyabreu/ar4/install/opencv_pkg/lib/python3.12/site-packages/opencv_pkg
copying /home/karroyabreu/ar4/build/opencv_pkg/build/lib/opencv_pkg/color_filtering.py -> /home/karroyabreu/ar4/install/opencv_pkg/lib/python3.12/site-packages/opencv_pkg
copying /home/karroyabreu/ar4/build/opencv_pkg/build/lib/opencv_pkg/__init__.py -> /home/karroyabreu/ar4/install/opencv_pkg/lib/python3.12/site-packages/opencv_pkg
byte-compiling /home/karroyabreu/ar4/install/opencv_pkg/lib/python3.12/site-packages/opencv_pkg/write_camera.py to write_camera.cpython-312.pyc
byte-compiling /home/karroyabreu/ar4/install/opencv_pkg/lib/python3.12/site-packages/opencv_pkg/hsv_on_click.py to hsv_on_click.cpython-312.pyc
byte-compiling /home/karroyabreu/ar4/install/opencv_pkg/lib/python3.12/site-packages/opencv_pkg/edge_detection.py to edge_detection.cpython-312.pyc
byte-compiling /home/karroyabreu/ar4/install/opencv_pkg/lib/python3.12/site-packages/opencv_pkg/stream_camera.py to stream_camera.cpython-312.pyc
byte-compiling /home/karroyabreu/ar4/install/opencv_pkg/lib/python3.12/site-packages/opencv_pkg/load_image.py to load_image.cpython-312.pyc
byte-compiling /home/karroyabreu/ar4/install/opencv_pkg/lib/python3.12/site-packages/opencv_pkg/load_image_from_camera.py to load_image_from_camera.cpython-312.pyc
byte-compiling /home/karroyabreu/ar4/install/opencv_pkg/lib/python3.12/site-packages/opencv_pkg/stream_top_position.py to stream_top_position.cpython-312.pyc
byte-compiling /home/karroyabreu/ar4/install/opencv_pkg/lib/python3.12/site-packages/opencv_pkg/get_position_server.py to get_position_server.cpython-312.pyc
byte-compiling /home/karroyabreu/ar4/install/opencv_pkg/lib/python3.12/site-packages/opencv_pkg/color_filtering.py to color_filtering.cpython-312.pyc
byte-compiling /home/karroyabreu/ar4/install/opencv_pkg/lib/python3.12/site-packages/opencv_pkg/__init__.py to __init__.cpython-312.pyc
running install_data
creating /home/karroyabreu/ar4/install/opencv_pkg/share/ament_index
creating /home/karroyabreu/ar4/install/opencv_pkg/share/ament_index/resource_index
creating /home/karroyabreu/ar4/install/opencv_pkg/share/ament_index/resource_index/packages
copying resource/opencv_pkg -> /home/karroyabreu/ar4/install/opencv_pkg/share/ament_index/resource_index/packages
copying package.xml -> /home/karroyabreu/ar4/install/opencv_pkg/share/opencv_pkg
creating /home/karroyabreu/ar4/install/opencv_pkg/share/opencv_pkg/launch
copying launch/color_filter.launch.py -> /home/karroyabreu/ar4/install/opencv_pkg/share/opencv_pkg/launch
copying launch/read_image_from_camera.launch.py -> /home/karroyabreu/ar4/install/opencv_pkg/share/opencv_pkg/launch
running install_egg_info
Copying ../../build/opencv_pkg/opencv_pkg.egg-info to /home/karroyabreu/ar4/install/opencv_pkg/lib/python3.12/site-packages/opencv_pkg-0.0.0-py3.12.egg-info
running install_scripts
Installing color_filtering script to /home/karroyabreu/ar4/install/opencv_pkg/lib/opencv_pkg
Installing edge_detection script to /home/karroyabreu/ar4/install/opencv_pkg/lib/opencv_pkg
Installing get_position_server script to /home/karroyabreu/ar4/install/opencv_pkg/lib/opencv_pkg
Installing load_image script to /home/karroyabreu/ar4/install/opencv_pkg/lib/opencv_pkg
Installing load_image_from_camera script to /home/karroyabreu/ar4/install/opencv_pkg/lib/opencv_pkg
Installing stream_camera script to /home/karroyabreu/ar4/install/opencv_pkg/lib/opencv_pkg
Installing stream_top_position script to /home/karroyabreu/ar4/install/opencv_pkg/lib/opencv_pkg
Installing write_camera script to /home/karroyabreu/ar4/install/opencv_pkg/lib/opencv_pkg
writing list of installed files to '/home/karroyabreu/ar4/build/opencv_pkg/install.log'
