[0.119s] DEBUG:colcon:Command line arguments: ['/usr/bin/colcon', 'build']
[0.119s] DEBUG:colcon:Parsed command line arguments: Namespace(log_base=None, log_level=None, verb_name='build', build_base='build', install_base='install', merge_install=False, symlink_install=False, test_result_base=None, continue_on_error=False, executor='parallel', parallel_workers=22, event_handlers=None, ignore_user_meta=False, metas=['./colcon.meta'], base_paths=['.'], packages_ignore=None, packages_ignore_regex=None, paths=None, packages_up_to=None, packages_up_to_regex=None, packages_above=None, packages_above_and_dependencies=None, packages_above_depth=None, packages_select_by_dep=None, packages_skip_by_dep=None, packages_skip_up_to=None, packages_select_build_failed=False, packages_skip_build_finished=False, packages_select_test_failures=False, packages_skip_test_passed=False, packages_select=None, packages_skip=None, packages_select_regex=None, packages_skip_regex=None, packages_start=None, packages_end=None, allow_overriding=[], cmake_args=None, cmake_target=None, cmake_target_skip_unavailable=False, cmake_clean_cache=False, cmake_clean_first=False, cmake_force_configure=False, ament_cmake_args=None, catkin_cmake_args=None, catkin_skip_building_tests=False, mixin_files=None, mixin=None, verb_parser=<colcon_mixin.mixin.mixin_argument.MixinArgumentDecorator object at 0x70c9a0289d90>, verb_extension=<colcon_core.verb.build.BuildVerb object at 0x70c9a0288bc0>, main=<bound method BuildVerb.main of <colcon_core.verb.build.BuildVerb object at 0x70c9a0288bc0>>, mixin_verb=('build',))
[0.161s] Level 1:colcon.colcon_core.package_discovery:discover_packages(colcon_meta) check parameters
[0.161s] Level 1:colcon.colcon_core.package_discovery:discover_packages(recursive) check parameters
[0.161s] Level 1:colcon.colcon_core.package_discovery:discover_packages(ignore) check parameters
[0.161s] Level 1:colcon.colcon_core.package_discovery:discover_packages(path) check parameters
[0.161s] Level 1:colcon.colcon_core.package_discovery:discover_packages(colcon_meta) discover
[0.161s] Level 1:colcon.colcon_core.package_discovery:discover_packages(recursive) discover
[0.161s] INFO:colcon.colcon_core.package_discovery:Crawling recursively for packages in '/home/karroyabreu/ar4'
[0.161s] Level 1:colcon.colcon_core.package_identification:_identify(.) by extensions ['ignore', 'ignore_ament_install']
[0.161s] Level 1:colcon.colcon_core.package_identification:_identify(.) by extension 'ignore'
[0.161s] Level 1:colcon.colcon_core.package_identification:_identify(.) by extension 'ignore_ament_install'
[0.162s] Level 1:colcon.colcon_core.package_identification:_identify(.) by extensions ['colcon_pkg']
[0.162s] Level 1:colcon.colcon_core.package_identification:_identify(.) by extension 'colcon_pkg'
[0.162s] Level 1:colcon.colcon_core.package_identification:_identify(.) by extensions ['colcon_meta']
[0.162s] Level 1:colcon.colcon_core.package_identification:_identify(.) by extension 'colcon_meta'
[0.162s] Level 1:colcon.colcon_core.package_identification:_identify(.) by extensions ['ros']
[0.162s] Level 1:colcon.colcon_core.package_identification:_identify(.) by extension 'ros'
[0.189s] Level 1:colcon.colcon_core.package_identification:_identify(.) by extensions ['cmake', 'python']
[0.189s] Level 1:colcon.colcon_core.package_identification:_identify(.) by extension 'cmake'
[0.189s] Level 1:colcon.colcon_core.package_identification:_identify(.) by extension 'python'
[0.189s] Level 1:colcon.colcon_core.package_identification:_identify(.) by extensions ['python_setup_py']
[0.189s] Level 1:colcon.colcon_core.package_identification:_identify(.) by extension 'python_setup_py'
[0.189s] Level 1:colcon.colcon_core.package_identification:_identify(build) by extensions ['ignore', 'ignore_ament_install']
[0.190s] Level 1:colcon.colcon_core.package_identification:_identify(build) by extension 'ignore'
[0.190s] Level 1:colcon.colcon_core.package_identification:_identify(build) ignored
[0.190s] Level 1:colcon.colcon_core.package_identification:_identify(install) by extensions ['ignore', 'ignore_ament_install']
[0.190s] Level 1:colcon.colcon_core.package_identification:_identify(install) by extension 'ignore'
[0.190s] Level 1:colcon.colcon_core.package_identification:_identify(install) ignored
[0.190s] Level 1:colcon.colcon_core.package_identification:_identify(log) by extensions ['ignore', 'ignore_ament_install']
[0.190s] Level 1:colcon.colcon_core.package_identification:_identify(log) by extension 'ignore'
[0.190s] Level 1:colcon.colcon_core.package_identification:_identify(log) ignored
[0.190s] Level 1:colcon.colcon_core.package_identification:_identify(src) by extensions ['ignore', 'ignore_ament_install']
[0.190s] Level 1:colcon.colcon_core.package_identification:_identify(src) by extension 'ignore'
[0.190s] Level 1:colcon.colcon_core.package_identification:_identify(src) by extension 'ignore_ament_install'
[0.190s] Level 1:colcon.colcon_core.package_identification:_identify(src) by extensions ['colcon_pkg']
[0.190s] Level 1:colcon.colcon_core.package_identification:_identify(src) by extension 'colcon_pkg'
[0.190s] Level 1:colcon.colcon_core.package_identification:_identify(src) by extensions ['colcon_meta']
[0.190s] Level 1:colcon.colcon_core.package_identification:_identify(src) by extension 'colcon_meta'
[0.190s] Level 1:colcon.colcon_core.package_identification:_identify(src) by extensions ['ros']
[0.190s] Level 1:colcon.colcon_core.package_identification:_identify(src) by extension 'ros'
[0.191s] Level 1:colcon.colcon_core.package_identification:_identify(src) by extensions ['cmake', 'python']
[0.191s] Level 1:colcon.colcon_core.package_identification:_identify(src) by extension 'cmake'
[0.191s] Level 1:colcon.colcon_core.package_identification:_identify(src) by extension 'python'
[0.191s] Level 1:colcon.colcon_core.package_identification:_identify(src) by extensions ['python_setup_py']
[0.191s] Level 1:colcon.colcon_core.package_identification:_identify(src) by extension 'python_setup_py'
[0.191s] Level 1:colcon.colcon_core.package_identification:_identify(src/ar4_ros_driver) by extensions ['ignore', 'ignore_ament_install']
[0.191s] Level 1:colcon.colcon_core.package_identification:_identify(src/ar4_ros_driver) by extension 'ignore'
[0.191s] Level 1:colcon.colcon_core.package_identification:_identify(src/ar4_ros_driver) by extension 'ignore_ament_install'
[0.191s] Level 1:colcon.colcon_core.package_identification:_identify(src/ar4_ros_driver) by extensions ['colcon_pkg']
[0.191s] Level 1:colcon.colcon_core.package_identification:_identify(src/ar4_ros_driver) by extension 'colcon_pkg'
[0.191s] Level 1:colcon.colcon_core.package_identification:_identify(src/ar4_ros_driver) by extensions ['colcon_meta']
[0.191s] Level 1:colcon.colcon_core.package_identification:_identify(src/ar4_ros_driver) by extension 'colcon_meta'
[0.191s] Level 1:colcon.colcon_core.package_identification:_identify(src/ar4_ros_driver) by extensions ['ros']
[0.191s] Level 1:colcon.colcon_core.package_identification:_identify(src/ar4_ros_driver) by extension 'ros'
[0.191s] Level 1:colcon.colcon_core.package_identification:_identify(src/ar4_ros_driver) by extensions ['cmake', 'python']
[0.191s] Level 1:colcon.colcon_core.package_identification:_identify(src/ar4_ros_driver) by extension 'cmake'
[0.191s] Level 1:colcon.colcon_core.package_identification:_identify(src/ar4_ros_driver) by extension 'python'
[0.191s] Level 1:colcon.colcon_core.package_identification:_identify(src/ar4_ros_driver) by extensions ['python_setup_py']
[0.191s] Level 1:colcon.colcon_core.package_identification:_identify(src/ar4_ros_driver) by extension 'python_setup_py'
[0.191s] Level 1:colcon.colcon_core.package_identification:_identify(src/ar4_ros_driver/annin_ar4_description) by extensions ['ignore', 'ignore_ament_install']
[0.191s] Level 1:colcon.colcon_core.package_identification:_identify(src/ar4_ros_driver/annin_ar4_description) by extension 'ignore'
[0.192s] Level 1:colcon.colcon_core.package_identification:_identify(src/ar4_ros_driver/annin_ar4_description) by extension 'ignore_ament_install'
[0.192s] Level 1:colcon.colcon_core.package_identification:_identify(src/ar4_ros_driver/annin_ar4_description) by extensions ['colcon_pkg']
[0.192s] Level 1:colcon.colcon_core.package_identification:_identify(src/ar4_ros_driver/annin_ar4_description) by extension 'colcon_pkg'
[0.192s] Level 1:colcon.colcon_core.package_identification:_identify(src/ar4_ros_driver/annin_ar4_description) by extensions ['colcon_meta']
[0.192s] Level 1:colcon.colcon_core.package_identification:_identify(src/ar4_ros_driver/annin_ar4_description) by extension 'colcon_meta'
[0.192s] Level 1:colcon.colcon_core.package_identification:_identify(src/ar4_ros_driver/annin_ar4_description) by extensions ['ros']
[0.192s] Level 1:colcon.colcon_core.package_identification:_identify(src/ar4_ros_driver/annin_ar4_description) by extension 'ros'
[0.194s] DEBUG:colcon.colcon_core.package_identification:Package 'src/ar4_ros_driver/annin_ar4_description' with type 'ros.ament_cmake' and name 'annin_ar4_description'
[0.194s] Level 1:colcon.colcon_core.package_identification:_identify(src/ar4_ros_driver/annin_ar4_driver) by extensions ['ignore', 'ignore_ament_install']
[0.194s] Level 1:colcon.colcon_core.package_identification:_identify(src/ar4_ros_driver/annin_ar4_driver) by extension 'ignore'
[0.194s] Level 1:colcon.colcon_core.package_identification:_identify(src/ar4_ros_driver/annin_ar4_driver) by extension 'ignore_ament_install'
[0.195s] Level 1:colcon.colcon_core.package_identification:_identify(src/ar4_ros_driver/annin_ar4_driver) by extensions ['colcon_pkg']
[0.195s] Level 1:colcon.colcon_core.package_identification:_identify(src/ar4_ros_driver/annin_ar4_driver) by extension 'colcon_pkg'
[0.195s] Level 1:colcon.colcon_core.package_identification:_identify(src/ar4_ros_driver/annin_ar4_driver) by extensions ['colcon_meta']
[0.195s] Level 1:colcon.colcon_core.package_identification:_identify(src/ar4_ros_driver/annin_ar4_driver) by extension 'colcon_meta'
[0.195s] Level 1:colcon.colcon_core.package_identification:_identify(src/ar4_ros_driver/annin_ar4_driver) by extensions ['ros']
[0.195s] Level 1:colcon.colcon_core.package_identification:_identify(src/ar4_ros_driver/annin_ar4_driver) by extension 'ros'
[0.196s] DEBUG:colcon.colcon_core.package_identification:Package 'src/ar4_ros_driver/annin_ar4_driver' with type 'ros.ament_cmake' and name 'annin_ar4_driver'
[0.196s] Level 1:colcon.colcon_core.package_identification:_identify(src/ar4_ros_driver/annin_ar4_firmware) by extensions ['ignore', 'ignore_ament_install']
[0.196s] Level 1:colcon.colcon_core.package_identification:_identify(src/ar4_ros_driver/annin_ar4_firmware) by extension 'ignore'
[0.196s] Level 1:colcon.colcon_core.package_identification:_identify(src/ar4_ros_driver/annin_ar4_firmware) by extension 'ignore_ament_install'
[0.196s] Level 1:colcon.colcon_core.package_identification:_identify(src/ar4_ros_driver/annin_ar4_firmware) by extensions ['colcon_pkg']
[0.196s] Level 1:colcon.colcon_core.package_identification:_identify(src/ar4_ros_driver/annin_ar4_firmware) by extension 'colcon_pkg'
[0.196s] Level 1:colcon.colcon_core.package_identification:_identify(src/ar4_ros_driver/annin_ar4_firmware) by extensions ['colcon_meta']
[0.196s] Level 1:colcon.colcon_core.package_identification:_identify(src/ar4_ros_driver/annin_ar4_firmware) by extension 'colcon_meta'
[0.196s] Level 1:colcon.colcon_core.package_identification:_identify(src/ar4_ros_driver/annin_ar4_firmware) by extensions ['ros']
[0.196s] Level 1:colcon.colcon_core.package_identification:_identify(src/ar4_ros_driver/annin_ar4_firmware) by extension 'ros'
[0.196s] Level 1:colcon.colcon_core.package_identification:_identify(src/ar4_ros_driver/annin_ar4_firmware) by extensions ['cmake', 'python']
[0.196s] Level 1:colcon.colcon_core.package_identification:_identify(src/ar4_ros_driver/annin_ar4_firmware) by extension 'cmake'
[0.196s] Level 1:colcon.colcon_core.package_identification:_identify(src/ar4_ros_driver/annin_ar4_firmware) by extension 'python'
[0.196s] Level 1:colcon.colcon_core.package_identification:_identify(src/ar4_ros_driver/annin_ar4_firmware) by extensions ['python_setup_py']
[0.196s] Level 1:colcon.colcon_core.package_identification:_identify(src/ar4_ros_driver/annin_ar4_firmware) by extension 'python_setup_py'
[0.197s] Level 1:colcon.colcon_core.package_identification:_identify(src/ar4_ros_driver/annin_ar4_firmware/AR4_nano) by extensions ['ignore', 'ignore_ament_install']
[0.197s] Level 1:colcon.colcon_core.package_identification:_identify(src/ar4_ros_driver/annin_ar4_firmware/AR4_nano) by extension 'ignore'
[0.197s] Level 1:colcon.colcon_core.package_identification:_identify(src/ar4_ros_driver/annin_ar4_firmware/AR4_nano) by extension 'ignore_ament_install'
[0.197s] Level 1:colcon.colcon_core.package_identification:_identify(src/ar4_ros_driver/annin_ar4_firmware/AR4_nano) by extensions ['colcon_pkg']
[0.197s] Level 1:colcon.colcon_core.package_identification:_identify(src/ar4_ros_driver/annin_ar4_firmware/AR4_nano) by extension 'colcon_pkg'
[0.197s] Level 1:colcon.colcon_core.package_identification:_identify(src/ar4_ros_driver/annin_ar4_firmware/AR4_nano) by extensions ['colcon_meta']
[0.197s] Level 1:colcon.colcon_core.package_identification:_identify(src/ar4_ros_driver/annin_ar4_firmware/AR4_nano) by extension 'colcon_meta'
[0.197s] Level 1:colcon.colcon_core.package_identification:_identify(src/ar4_ros_driver/annin_ar4_firmware/AR4_nano) by extensions ['ros']
[0.197s] Level 1:colcon.colcon_core.package_identification:_identify(src/ar4_ros_driver/annin_ar4_firmware/AR4_nano) by extension 'ros'
[0.197s] Level 1:colcon.colcon_core.package_identification:_identify(src/ar4_ros_driver/annin_ar4_firmware/AR4_nano) by extensions ['cmake', 'python']
[0.197s] Level 1:colcon.colcon_core.package_identification:_identify(src/ar4_ros_driver/annin_ar4_firmware/AR4_nano) by extension 'cmake'
[0.197s] Level 1:colcon.colcon_core.package_identification:_identify(src/ar4_ros_driver/annin_ar4_firmware/AR4_nano) by extension 'python'
[0.197s] Level 1:colcon.colcon_core.package_identification:_identify(src/ar4_ros_driver/annin_ar4_firmware/AR4_nano) by extensions ['python_setup_py']
[0.197s] Level 1:colcon.colcon_core.package_identification:_identify(src/ar4_ros_driver/annin_ar4_firmware/AR4_nano) by extension 'python_setup_py'
[0.197s] Level 1:colcon.colcon_core.package_identification:_identify(src/ar4_ros_driver/annin_ar4_firmware/AR4_teensy) by extensions ['ignore', 'ignore_ament_install']
[0.197s] Level 1:colcon.colcon_core.package_identification:_identify(src/ar4_ros_driver/annin_ar4_firmware/AR4_teensy) by extension 'ignore'
[0.197s] Level 1:colcon.colcon_core.package_identification:_identify(src/ar4_ros_driver/annin_ar4_firmware/AR4_teensy) by extension 'ignore_ament_install'
[0.197s] Level 1:colcon.colcon_core.package_identification:_identify(src/ar4_ros_driver/annin_ar4_firmware/AR4_teensy) by extensions ['colcon_pkg']
[0.197s] Level 1:colcon.colcon_core.package_identification:_identify(src/ar4_ros_driver/annin_ar4_firmware/AR4_teensy) by extension 'colcon_pkg'
[0.197s] Level 1:colcon.colcon_core.package_identification:_identify(src/ar4_ros_driver/annin_ar4_firmware/AR4_teensy) by extensions ['colcon_meta']
[0.197s] Level 1:colcon.colcon_core.package_identification:_identify(src/ar4_ros_driver/annin_ar4_firmware/AR4_teensy) by extension 'colcon_meta'
[0.198s] Level 1:colcon.colcon_core.package_identification:_identify(src/ar4_ros_driver/annin_ar4_firmware/AR4_teensy) by extensions ['ros']
[0.198s] Level 1:colcon.colcon_core.package_identification:_identify(src/ar4_ros_driver/annin_ar4_firmware/AR4_teensy) by extension 'ros'
[0.198s] Level 1:colcon.colcon_core.package_identification:_identify(src/ar4_ros_driver/annin_ar4_firmware/AR4_teensy) by extensions ['cmake', 'python']
[0.198s] Level 1:colcon.colcon_core.package_identification:_identify(src/ar4_ros_driver/annin_ar4_firmware/AR4_teensy) by extension 'cmake'
[0.198s] Level 1:colcon.colcon_core.package_identification:_identify(src/ar4_ros_driver/annin_ar4_firmware/AR4_teensy) by extension 'python'
[0.198s] Level 1:colcon.colcon_core.package_identification:_identify(src/ar4_ros_driver/annin_ar4_firmware/AR4_teensy) by extensions ['python_setup_py']
[0.198s] Level 1:colcon.colcon_core.package_identification:_identify(src/ar4_ros_driver/annin_ar4_firmware/AR4_teensy) by extension 'python_setup_py'
[0.198s] Level 1:colcon.colcon_core.package_identification:_identify(src/ar4_ros_driver/annin_ar4_gazebo) by extensions ['ignore', 'ignore_ament_install']
[0.198s] Level 1:colcon.colcon_core.package_identification:_identify(src/ar4_ros_driver/annin_ar4_gazebo) by extension 'ignore'
[0.198s] Level 1:colcon.colcon_core.package_identification:_identify(src/ar4_ros_driver/annin_ar4_gazebo) by extension 'ignore_ament_install'
[0.198s] Level 1:colcon.colcon_core.package_identification:_identify(src/ar4_ros_driver/annin_ar4_gazebo) by extensions ['colcon_pkg']
[0.198s] Level 1:colcon.colcon_core.package_identification:_identify(src/ar4_ros_driver/annin_ar4_gazebo) by extension 'colcon_pkg'
[0.198s] Level 1:colcon.colcon_core.package_identification:_identify(src/ar4_ros_driver/annin_ar4_gazebo) by extensions ['colcon_meta']
[0.198s] Level 1:colcon.colcon_core.package_identification:_identify(src/ar4_ros_driver/annin_ar4_gazebo) by extension 'colcon_meta'
[0.198s] Level 1:colcon.colcon_core.package_identification:_identify(src/ar4_ros_driver/annin_ar4_gazebo) by extensions ['ros']
[0.198s] Level 1:colcon.colcon_core.package_identification:_identify(src/ar4_ros_driver/annin_ar4_gazebo) by extension 'ros'
[0.199s] DEBUG:colcon.colcon_core.package_identification:Package 'src/ar4_ros_driver/annin_ar4_gazebo' with type 'ros.ament_cmake' and name 'annin_ar4_gazebo'
[0.199s] Level 1:colcon.colcon_core.package_identification:_identify(src/ar4_ros_driver/annin_ar4_moveit_config) by extensions ['ignore', 'ignore_ament_install']
[0.199s] Level 1:colcon.colcon_core.package_identification:_identify(src/ar4_ros_driver/annin_ar4_moveit_config) by extension 'ignore'
[0.199s] Level 1:colcon.colcon_core.package_identification:_identify(src/ar4_ros_driver/annin_ar4_moveit_config) by extension 'ignore_ament_install'
[0.199s] Level 1:colcon.colcon_core.package_identification:_identify(src/ar4_ros_driver/annin_ar4_moveit_config) by extensions ['colcon_pkg']
[0.199s] Level 1:colcon.colcon_core.package_identification:_identify(src/ar4_ros_driver/annin_ar4_moveit_config) by extension 'colcon_pkg'
[0.199s] Level 1:colcon.colcon_core.package_identification:_identify(src/ar4_ros_driver/annin_ar4_moveit_config) by extensions ['colcon_meta']
[0.199s] Level 1:colcon.colcon_core.package_identification:_identify(src/ar4_ros_driver/annin_ar4_moveit_config) by extension 'colcon_meta'
[0.199s] Level 1:colcon.colcon_core.package_identification:_identify(src/ar4_ros_driver/annin_ar4_moveit_config) by extensions ['ros']
[0.199s] Level 1:colcon.colcon_core.package_identification:_identify(src/ar4_ros_driver/annin_ar4_moveit_config) by extension 'ros'
[0.200s] DEBUG:colcon.colcon_core.package_identification:Package 'src/ar4_ros_driver/annin_ar4_moveit_config' with type 'ros.ament_cmake' and name 'annin_ar4_moveit_config'
[0.200s] Level 1:colcon.colcon_core.package_identification:_identify(src/ar4_ros_driver/docs) by extensions ['ignore', 'ignore_ament_install']
[0.200s] Level 1:colcon.colcon_core.package_identification:_identify(src/ar4_ros_driver/docs) by extension 'ignore'
[0.200s] Level 1:colcon.colcon_core.package_identification:_identify(src/ar4_ros_driver/docs) by extension 'ignore_ament_install'
[0.200s] Level 1:colcon.colcon_core.package_identification:_identify(src/ar4_ros_driver/docs) by extensions ['colcon_pkg']
[0.200s] Level 1:colcon.colcon_core.package_identification:_identify(src/ar4_ros_driver/docs) by extension 'colcon_pkg'
[0.200s] Level 1:colcon.colcon_core.package_identification:_identify(src/ar4_ros_driver/docs) by extensions ['colcon_meta']
[0.200s] Level 1:colcon.colcon_core.package_identification:_identify(src/ar4_ros_driver/docs) by extension 'colcon_meta'
[0.200s] Level 1:colcon.colcon_core.package_identification:_identify(src/ar4_ros_driver/docs) by extensions ['ros']
[0.200s] Level 1:colcon.colcon_core.package_identification:_identify(src/ar4_ros_driver/docs) by extension 'ros'
[0.200s] Level 1:colcon.colcon_core.package_identification:_identify(src/ar4_ros_driver/docs) by extensions ['cmake', 'python']
[0.200s] Level 1:colcon.colcon_core.package_identification:_identify(src/ar4_ros_driver/docs) by extension 'cmake'
[0.200s] Level 1:colcon.colcon_core.package_identification:_identify(src/ar4_ros_driver/docs) by extension 'python'
[0.200s] Level 1:colcon.colcon_core.package_identification:_identify(src/ar4_ros_driver/docs) by extensions ['python_setup_py']
[0.200s] Level 1:colcon.colcon_core.package_identification:_identify(src/ar4_ros_driver/docs) by extension 'python_setup_py'
[0.200s] Level 1:colcon.colcon_core.package_discovery:discover_packages(recursive) using defaults
[0.200s] Level 1:colcon.colcon_core.package_discovery:discover_packages(ignore) discover
[0.200s] Level 1:colcon.colcon_core.package_discovery:discover_packages(ignore) using defaults
[0.200s] Level 1:colcon.colcon_core.package_discovery:discover_packages(path) discover
[0.200s] Level 1:colcon.colcon_core.package_discovery:discover_packages(path) using defaults
[0.220s] Level 1:colcon.colcon_core.package_discovery:discover_packages(prefix_path) check parameters
[0.220s] Level 1:colcon.colcon_core.package_discovery:discover_packages(prefix_path) discover
[0.222s] DEBUG:colcon.colcon_installed_package_information.package_discovery:Found 4 installed packages in /home/karroyabreu/ar4/install
[0.224s] DEBUG:colcon.colcon_installed_package_information.package_discovery:Found 428 installed packages in /opt/ros/jazzy
[0.226s] Level 1:colcon.colcon_core.package_discovery:discover_packages(prefix_path) using defaults
[0.278s] Level 5:colcon.colcon_core.verb:set package 'annin_ar4_description' build argument 'cmake_args' from command line to 'None'
[0.278s] Level 5:colcon.colcon_core.verb:set package 'annin_ar4_description' build argument 'cmake_target' from command line to 'None'
[0.278s] Level 5:colcon.colcon_core.verb:set package 'annin_ar4_description' build argument 'cmake_target_skip_unavailable' from command line to 'False'
[0.278s] Level 5:colcon.colcon_core.verb:set package 'annin_ar4_description' build argument 'cmake_clean_cache' from command line to 'False'
[0.278s] Level 5:colcon.colcon_core.verb:set package 'annin_ar4_description' build argument 'cmake_clean_first' from command line to 'False'
[0.278s] Level 5:colcon.colcon_core.verb:set package 'annin_ar4_description' build argument 'cmake_force_configure' from command line to 'False'
[0.278s] Level 5:colcon.colcon_core.verb:set package 'annin_ar4_description' build argument 'ament_cmake_args' from command line to 'None'
[0.278s] Level 5:colcon.colcon_core.verb:set package 'annin_ar4_description' build argument 'catkin_cmake_args' from command line to 'None'
[0.278s] Level 5:colcon.colcon_core.verb:set package 'annin_ar4_description' build argument 'catkin_skip_building_tests' from command line to 'False'
[0.278s] DEBUG:colcon.colcon_core.verb:Building package 'annin_ar4_description' with the following arguments: {'ament_cmake_args': None, 'build_base': '/home/karroyabreu/ar4/build/annin_ar4_description', 'catkin_cmake_args': None, 'catkin_skip_building_tests': False, 'cmake_args': None, 'cmake_clean_cache': False, 'cmake_clean_first': False, 'cmake_force_configure': False, 'cmake_target': None, 'cmake_target_skip_unavailable': False, 'install_base': '/home/karroyabreu/ar4/install/annin_ar4_description', 'merge_install': False, 'path': '/home/karroyabreu/ar4/src/ar4_ros_driver/annin_ar4_description', 'symlink_install': False, 'test_result_base': None}
[0.278s] Level 5:colcon.colcon_core.verb:set package 'annin_ar4_driver' build argument 'cmake_args' from command line to 'None'
[0.278s] Level 5:colcon.colcon_core.verb:set package 'annin_ar4_driver' build argument 'cmake_target' from command line to 'None'
[0.278s] Level 5:colcon.colcon_core.verb:set package 'annin_ar4_driver' build argument 'cmake_target_skip_unavailable' from command line to 'False'
[0.278s] Level 5:colcon.colcon_core.verb:set package 'annin_ar4_driver' build argument 'cmake_clean_cache' from command line to 'False'
[0.278s] Level 5:colcon.colcon_core.verb:set package 'annin_ar4_driver' build argument 'cmake_clean_first' from command line to 'False'
[0.278s] Level 5:colcon.colcon_core.verb:set package 'annin_ar4_driver' build argument 'cmake_force_configure' from command line to 'False'
[0.278s] Level 5:colcon.colcon_core.verb:set package 'annin_ar4_driver' build argument 'ament_cmake_args' from command line to 'None'
[0.278s] Level 5:colcon.colcon_core.verb:set package 'annin_ar4_driver' build argument 'catkin_cmake_args' from command line to 'None'
[0.278s] Level 5:colcon.colcon_core.verb:set package 'annin_ar4_driver' build argument 'catkin_skip_building_tests' from command line to 'False'
[0.279s] DEBUG:colcon.colcon_core.verb:Building package 'annin_ar4_driver' with the following arguments: {'ament_cmake_args': None, 'build_base': '/home/karroyabreu/ar4/build/annin_ar4_driver', 'catkin_cmake_args': None, 'catkin_skip_building_tests': False, 'cmake_args': None, 'cmake_clean_cache': False, 'cmake_clean_first': False, 'cmake_force_configure': False, 'cmake_target': None, 'cmake_target_skip_unavailable': False, 'install_base': '/home/karroyabreu/ar4/install/annin_ar4_driver', 'merge_install': False, 'path': '/home/karroyabreu/ar4/src/ar4_ros_driver/annin_ar4_driver', 'symlink_install': False, 'test_result_base': None}
[0.279s] Level 5:colcon.colcon_core.verb:set package 'annin_ar4_moveit_config' build argument 'cmake_args' from command line to 'None'
[0.279s] Level 5:colcon.colcon_core.verb:set package 'annin_ar4_moveit_config' build argument 'cmake_target' from command line to 'None'
[0.279s] Level 5:colcon.colcon_core.verb:set package 'annin_ar4_moveit_config' build argument 'cmake_target_skip_unavailable' from command line to 'False'
[0.279s] Level 5:colcon.colcon_core.verb:set package 'annin_ar4_moveit_config' build argument 'cmake_clean_cache' from command line to 'False'
[0.279s] Level 5:colcon.colcon_core.verb:set package 'annin_ar4_moveit_config' build argument 'cmake_clean_first' from command line to 'False'
[0.279s] Level 5:colcon.colcon_core.verb:set package 'annin_ar4_moveit_config' build argument 'cmake_force_configure' from command line to 'False'
[0.279s] Level 5:colcon.colcon_core.verb:set package 'annin_ar4_moveit_config' build argument 'ament_cmake_args' from command line to 'None'
[0.279s] Level 5:colcon.colcon_core.verb:set package 'annin_ar4_moveit_config' build argument 'catkin_cmake_args' from command line to 'None'
[0.279s] Level 5:colcon.colcon_core.verb:set package 'annin_ar4_moveit_config' build argument 'catkin_skip_building_tests' from command line to 'False'
[0.279s] DEBUG:colcon.colcon_core.verb:Building package 'annin_ar4_moveit_config' with the following arguments: {'ament_cmake_args': None, 'build_base': '/home/karroyabreu/ar4/build/annin_ar4_moveit_config', 'catkin_cmake_args': None, 'catkin_skip_building_tests': False, 'cmake_args': None, 'cmake_clean_cache': False, 'cmake_clean_first': False, 'cmake_force_configure': False, 'cmake_target': None, 'cmake_target_skip_unavailable': False, 'install_base': '/home/karroyabreu/ar4/install/annin_ar4_moveit_config', 'merge_install': False, 'path': '/home/karroyabreu/ar4/src/ar4_ros_driver/annin_ar4_moveit_config', 'symlink_install': False, 'test_result_base': None}
[0.279s] Level 5:colcon.colcon_core.verb:set package 'annin_ar4_gazebo' build argument 'cmake_args' from command line to 'None'
[0.279s] Level 5:colcon.colcon_core.verb:set package 'annin_ar4_gazebo' build argument 'cmake_target' from command line to 'None'
[0.279s] Level 5:colcon.colcon_core.verb:set package 'annin_ar4_gazebo' build argument 'cmake_target_skip_unavailable' from command line to 'False'
[0.279s] Level 5:colcon.colcon_core.verb:set package 'annin_ar4_gazebo' build argument 'cmake_clean_cache' from command line to 'False'
[0.279s] Level 5:colcon.colcon_core.verb:set package 'annin_ar4_gazebo' build argument 'cmake_clean_first' from command line to 'False'
[0.279s] Level 5:colcon.colcon_core.verb:set package 'annin_ar4_gazebo' build argument 'cmake_force_configure' from command line to 'False'
[0.279s] Level 5:colcon.colcon_core.verb:set package 'annin_ar4_gazebo' build argument 'ament_cmake_args' from command line to 'None'
[0.279s] Level 5:colcon.colcon_core.verb:set package 'annin_ar4_gazebo' build argument 'catkin_cmake_args' from command line to 'None'
[0.279s] Level 5:colcon.colcon_core.verb:set package 'annin_ar4_gazebo' build argument 'catkin_skip_building_tests' from command line to 'False'
[0.279s] DEBUG:colcon.colcon_core.verb:Building package 'annin_ar4_gazebo' with the following arguments: {'ament_cmake_args': None, 'build_base': '/home/karroyabreu/ar4/build/annin_ar4_gazebo', 'catkin_cmake_args': None, 'catkin_skip_building_tests': False, 'cmake_args': None, 'cmake_clean_cache': False, 'cmake_clean_first': False, 'cmake_force_configure': False, 'cmake_target': None, 'cmake_target_skip_unavailable': False, 'install_base': '/home/karroyabreu/ar4/install/annin_ar4_gazebo', 'merge_install': False, 'path': '/home/karroyabreu/ar4/src/ar4_ros_driver/annin_ar4_gazebo', 'symlink_install': False, 'test_result_base': None}
[0.279s] INFO:colcon.colcon_core.executor:Executing jobs using 'parallel' executor
[0.281s] DEBUG:colcon.colcon_parallel_executor.executor.parallel:run_until_complete
[0.281s] INFO:colcon.colcon_ros.task.ament_cmake.build:Building ROS package in '/home/karroyabreu/ar4/src/ar4_ros_driver/annin_ar4_description' with build type 'ament_cmake'
[0.281s] INFO:colcon.colcon_cmake.task.cmake.build:Building CMake package in '/home/karroyabreu/ar4/src/ar4_ros_driver/annin_ar4_description'
[0.283s] INFO:colcon.colcon_core.plugin_system:Skipping extension 'colcon_core.shell.bat': Not used on non-Windows systems
[0.283s] INFO:colcon.colcon_core.shell:Skip shell extension 'powershell' for command environment: Not usable outside of PowerShell
[0.283s] DEBUG:colcon.colcon_core.shell:Skip shell extension 'dsv' for command environment
[0.296s] DEBUG:colcon.colcon_core.event_handler.log_command:Invoking command in '/home/karroyabreu/ar4/build/annin_ar4_description': CMAKE_PREFIX_PATH=${CMAKE_PREFIX_PATH}:/opt/ros/jazzy DEBUGINFOD_URLS=https://debuginfod.ubuntu.com /usr/bin/cmake --build /home/karroyabreu/ar4/build/annin_ar4_description -- -j22 -l22
[0.353s] DEBUG:colcon.colcon_core.event_handler.log_command:Invoked command in '/home/karroyabreu/ar4/build/annin_ar4_description' returned '0': CMAKE_PREFIX_PATH=${CMAKE_PREFIX_PATH}:/opt/ros/jazzy DEBUGINFOD_URLS=https://debuginfod.ubuntu.com /usr/bin/cmake --build /home/karroyabreu/ar4/build/annin_ar4_description -- -j22 -l22
[0.369s] DEBUG:colcon.colcon_core.event_handler.log_command:Invoking command in '/home/karroyabreu/ar4/build/annin_ar4_description': CMAKE_PREFIX_PATH=${CMAKE_PREFIX_PATH}:/opt/ros/jazzy DEBUGINFOD_URLS=https://debuginfod.ubuntu.com /usr/bin/cmake --install /home/karroyabreu/ar4/build/annin_ar4_description
[0.387s] Level 1:colcon.colcon_core.environment:create_environment_scripts_only(annin_ar4_description)
[0.387s] DEBUG:colcon.colcon_core.event_handler.log_command:Invoked command in '/home/karroyabreu/ar4/build/annin_ar4_description' returned '0': CMAKE_PREFIX_PATH=${CMAKE_PREFIX_PATH}:/opt/ros/jazzy DEBUGINFOD_URLS=https://debuginfod.ubuntu.com /usr/bin/cmake --install /home/karroyabreu/ar4/build/annin_ar4_description
[0.390s] Level 1:colcon.colcon_core.environment:checking '/home/karroyabreu/ar4/install/annin_ar4_description' for CMake module files
[0.391s] Level 1:colcon.colcon_core.environment:checking '/home/karroyabreu/ar4/install/annin_ar4_description' for CMake config files
[0.391s] Level 1:colcon.colcon_core.shell:create_environment_hook('annin_ar4_description', 'cmake_prefix_path')
[0.391s] INFO:colcon.colcon_core.shell:Creating environment hook '/home/karroyabreu/ar4/install/annin_ar4_description/share/annin_ar4_description/hook/cmake_prefix_path.ps1'
[0.392s] INFO:colcon.colcon_core.shell:Creating environment descriptor '/home/karroyabreu/ar4/install/annin_ar4_description/share/annin_ar4_description/hook/cmake_prefix_path.dsv'
[0.393s] INFO:colcon.colcon_core.shell:Creating environment hook '/home/karroyabreu/ar4/install/annin_ar4_description/share/annin_ar4_description/hook/cmake_prefix_path.sh'
[0.394s] Level 1:colcon.colcon_core.environment:checking '/home/karroyabreu/ar4/install/annin_ar4_description/bin'
[0.394s] Level 1:colcon.colcon_core.environment:checking '/home/karroyabreu/ar4/install/annin_ar4_description/lib/pkgconfig/annin_ar4_description.pc'
[0.394s] Level 1:colcon.colcon_core.environment:checking '/home/karroyabreu/ar4/install/annin_ar4_description/lib/python3.12/site-packages'
[0.394s] Level 1:colcon.colcon_core.environment:checking '/home/karroyabreu/ar4/install/annin_ar4_description/bin'
[0.395s] INFO:colcon.colcon_core.shell:Creating package script '/home/karroyabreu/ar4/install/annin_ar4_description/share/annin_ar4_description/package.ps1'
[0.395s] INFO:colcon.colcon_core.shell:Creating package descriptor '/home/karroyabreu/ar4/install/annin_ar4_description/share/annin_ar4_description/package.dsv'
[0.396s] INFO:colcon.colcon_core.shell:Creating package script '/home/karroyabreu/ar4/install/annin_ar4_description/share/annin_ar4_description/package.sh'
[0.397s] INFO:colcon.colcon_core.shell:Creating package script '/home/karroyabreu/ar4/install/annin_ar4_description/share/annin_ar4_description/package.bash'
[0.397s] INFO:colcon.colcon_core.shell:Creating package script '/home/karroyabreu/ar4/install/annin_ar4_description/share/annin_ar4_description/package.zsh'
[0.398s] Level 1:colcon.colcon_core.environment:create_file_with_runtime_dependencies(/home/karroyabreu/ar4/install/annin_ar4_description/share/colcon-core/packages/annin_ar4_description)
[0.398s] Level 1:colcon.colcon_core.environment:create_environment_scripts_only(annin_ar4_description)
[0.399s] Level 1:colcon.colcon_core.environment:checking '/home/karroyabreu/ar4/install/annin_ar4_description' for CMake module files
[0.399s] Level 1:colcon.colcon_core.environment:checking '/home/karroyabreu/ar4/install/annin_ar4_description' for CMake config files
[0.400s] Level 1:colcon.colcon_core.shell:create_environment_hook('annin_ar4_description', 'cmake_prefix_path')
[0.400s] INFO:colcon.colcon_core.shell:Creating environment hook '/home/karroyabreu/ar4/install/annin_ar4_description/share/annin_ar4_description/hook/cmake_prefix_path.ps1'
[0.400s] INFO:colcon.colcon_core.shell:Creating environment descriptor '/home/karroyabreu/ar4/install/annin_ar4_description/share/annin_ar4_description/hook/cmake_prefix_path.dsv'
[0.401s] INFO:colcon.colcon_core.shell:Creating environment hook '/home/karroyabreu/ar4/install/annin_ar4_description/share/annin_ar4_description/hook/cmake_prefix_path.sh'
[0.401s] Level 1:colcon.colcon_core.environment:checking '/home/karroyabreu/ar4/install/annin_ar4_description/bin'
[0.401s] Level 1:colcon.colcon_core.environment:checking '/home/karroyabreu/ar4/install/annin_ar4_description/lib/pkgconfig/annin_ar4_description.pc'
[0.402s] Level 1:colcon.colcon_core.environment:checking '/home/karroyabreu/ar4/install/annin_ar4_description/lib/python3.12/site-packages'
[0.402s] Level 1:colcon.colcon_core.environment:checking '/home/karroyabreu/ar4/install/annin_ar4_description/bin'
[0.402s] INFO:colcon.colcon_core.shell:Creating package script '/home/karroyabreu/ar4/install/annin_ar4_description/share/annin_ar4_description/package.ps1'
[0.403s] INFO:colcon.colcon_core.shell:Creating package descriptor '/home/karroyabreu/ar4/install/annin_ar4_description/share/annin_ar4_description/package.dsv'
[0.403s] INFO:colcon.colcon_core.shell:Creating package script '/home/karroyabreu/ar4/install/annin_ar4_description/share/annin_ar4_description/package.sh'
[0.404s] INFO:colcon.colcon_core.shell:Creating package script '/home/karroyabreu/ar4/install/annin_ar4_description/share/annin_ar4_description/package.bash'
[0.404s] INFO:colcon.colcon_core.shell:Creating package script '/home/karroyabreu/ar4/install/annin_ar4_description/share/annin_ar4_description/package.zsh'
[0.404s] Level 1:colcon.colcon_core.environment:create_file_with_runtime_dependencies(/home/karroyabreu/ar4/install/annin_ar4_description/share/colcon-core/packages/annin_ar4_description)
[0.405s] INFO:colcon.colcon_ros.task.ament_cmake.build:Building ROS package in '/home/karroyabreu/ar4/src/ar4_ros_driver/annin_ar4_driver' with build type 'ament_cmake'
[0.405s] INFO:colcon.colcon_cmake.task.cmake.build:Building CMake package in '/home/karroyabreu/ar4/src/ar4_ros_driver/annin_ar4_driver'
[0.405s] INFO:colcon.colcon_core.shell:Skip shell extension 'powershell' for command environment: Not usable outside of PowerShell
[0.405s] DEBUG:colcon.colcon_core.shell:Skip shell extension 'dsv' for command environment
[0.411s] INFO:colcon.colcon_ros.task.ament_cmake.build:Building ROS package in '/home/karroyabreu/ar4/src/ar4_ros_driver/annin_ar4_moveit_config' with build type 'ament_cmake'
[0.411s] INFO:colcon.colcon_cmake.task.cmake.build:Building CMake package in '/home/karroyabreu/ar4/src/ar4_ros_driver/annin_ar4_moveit_config'
[0.411s] INFO:colcon.colcon_core.shell:Skip shell extension 'powershell' for command environment: Not usable outside of PowerShell
[0.411s] DEBUG:colcon.colcon_core.shell:Skip shell extension 'dsv' for command environment
[0.419s] DEBUG:colcon.colcon_core.event_handler.log_command:Invoking command in '/home/karroyabreu/ar4/build/annin_ar4_driver': CMAKE_PREFIX_PATH=/home/karroyabreu/ar4/install/annin_ar4_description:/usr/local:/home/karroyabreu/ar4/install/annin_ar4_moveit_config:/home/karroyabreu/ar4/install/annin_ar4_gazebo:/home/karroyabreu/ar4/install/annin_ar4_driver:/opt/ros/jazzy/opt/gz_sim_vendor:/opt/ros/jazzy/opt/gz_sensors_vendor:/opt/ros/jazzy/opt/gz_physics_vendor:/opt/ros/jazzy/opt/sdformat_vendor:/opt/ros/jazzy/opt/gz_gui_vendor:/opt/ros/jazzy/opt/gz_transport_vendor:/opt/ros/jazzy/opt/gz_rendering_vendor:/opt/ros/jazzy/opt/gz_plugin_vendor:/opt/ros/jazzy/opt/gz_fuel_tools_vendor:/opt/ros/jazzy/opt/gz_msgs_vendor:/opt/ros/jazzy/opt/gz_common_vendor:/opt/ros/jazzy/opt/gz_math_vendor:/opt/ros/jazzy/opt/gz_utils_vendor:/opt/ros/jazzy/opt/gz_tools_vendor:/opt/ros/jazzy/opt/gz_ogre_next_vendor:/opt/ros/jazzy/opt/gz_dartsim_vendor:/opt/ros/jazzy/opt/gz_cmake_vendor:/opt/ros/jazzy DEBUGINFOD_URLS=https://debuginfod.ubuntu.com /usr/bin/cmake --build /home/karroyabreu/ar4/build/annin_ar4_driver -- -j22 -l22
[0.423s] DEBUG:colcon.colcon_core.event_handler.log_command:Invoking command in '/home/karroyabreu/ar4/build/annin_ar4_moveit_config': CMAKE_PREFIX_PATH=/home/karroyabreu/ar4/install/annin_ar4_description:/usr/local:/home/karroyabreu/ar4/install/annin_ar4_moveit_config:/home/karroyabreu/ar4/install/annin_ar4_gazebo:/home/karroyabreu/ar4/install/annin_ar4_driver:/opt/ros/jazzy/opt/gz_sim_vendor:/opt/ros/jazzy/opt/gz_sensors_vendor:/opt/ros/jazzy/opt/gz_physics_vendor:/opt/ros/jazzy/opt/sdformat_vendor:/opt/ros/jazzy/opt/gz_gui_vendor:/opt/ros/jazzy/opt/gz_transport_vendor:/opt/ros/jazzy/opt/gz_rendering_vendor:/opt/ros/jazzy/opt/gz_plugin_vendor:/opt/ros/jazzy/opt/gz_fuel_tools_vendor:/opt/ros/jazzy/opt/gz_msgs_vendor:/opt/ros/jazzy/opt/gz_common_vendor:/opt/ros/jazzy/opt/gz_math_vendor:/opt/ros/jazzy/opt/gz_utils_vendor:/opt/ros/jazzy/opt/gz_tools_vendor:/opt/ros/jazzy/opt/gz_ogre_next_vendor:/opt/ros/jazzy/opt/gz_dartsim_vendor:/opt/ros/jazzy/opt/gz_cmake_vendor:/opt/ros/jazzy DEBUGINFOD_URLS=https://debuginfod.ubuntu.com /usr/bin/cmake --build /home/karroyabreu/ar4/build/annin_ar4_moveit_config -- -j22 -l22
[0.471s] DEBUG:colcon.colcon_core.event_handler.log_command:Invoked command in '/home/karroyabreu/ar4/build/annin_ar4_moveit_config' returned '0': CMAKE_PREFIX_PATH=/home/karroyabreu/ar4/install/annin_ar4_description:/usr/local:/home/karroyabreu/ar4/install/annin_ar4_moveit_config:/home/karroyabreu/ar4/install/annin_ar4_gazebo:/home/karroyabreu/ar4/install/annin_ar4_driver:/opt/ros/jazzy/opt/gz_sim_vendor:/opt/ros/jazzy/opt/gz_sensors_vendor:/opt/ros/jazzy/opt/gz_physics_vendor:/opt/ros/jazzy/opt/sdformat_vendor:/opt/ros/jazzy/opt/gz_gui_vendor:/opt/ros/jazzy/opt/gz_transport_vendor:/opt/ros/jazzy/opt/gz_rendering_vendor:/opt/ros/jazzy/opt/gz_plugin_vendor:/opt/ros/jazzy/opt/gz_fuel_tools_vendor:/opt/ros/jazzy/opt/gz_msgs_vendor:/opt/ros/jazzy/opt/gz_common_vendor:/opt/ros/jazzy/opt/gz_math_vendor:/opt/ros/jazzy/opt/gz_utils_vendor:/opt/ros/jazzy/opt/gz_tools_vendor:/opt/ros/jazzy/opt/gz_ogre_next_vendor:/opt/ros/jazzy/opt/gz_dartsim_vendor:/opt/ros/jazzy/opt/gz_cmake_vendor:/opt/ros/jazzy DEBUGINFOD_URLS=https://debuginfod.ubuntu.com /usr/bin/cmake --build /home/karroyabreu/ar4/build/annin_ar4_moveit_config -- -j22 -l22
[0.473s] DEBUG:colcon.colcon_core.event_handler.log_command:Invoking command in '/home/karroyabreu/ar4/build/annin_ar4_moveit_config': CMAKE_PREFIX_PATH=/home/karroyabreu/ar4/install/annin_ar4_description:/usr/local:/home/karroyabreu/ar4/install/annin_ar4_moveit_config:/home/karroyabreu/ar4/install/annin_ar4_gazebo:/home/karroyabreu/ar4/install/annin_ar4_driver:/opt/ros/jazzy/opt/gz_sim_vendor:/opt/ros/jazzy/opt/gz_sensors_vendor:/opt/ros/jazzy/opt/gz_physics_vendor:/opt/ros/jazzy/opt/sdformat_vendor:/opt/ros/jazzy/opt/gz_gui_vendor:/opt/ros/jazzy/opt/gz_transport_vendor:/opt/ros/jazzy/opt/gz_rendering_vendor:/opt/ros/jazzy/opt/gz_plugin_vendor:/opt/ros/jazzy/opt/gz_fuel_tools_vendor:/opt/ros/jazzy/opt/gz_msgs_vendor:/opt/ros/jazzy/opt/gz_common_vendor:/opt/ros/jazzy/opt/gz_math_vendor:/opt/ros/jazzy/opt/gz_utils_vendor:/opt/ros/jazzy/opt/gz_tools_vendor:/opt/ros/jazzy/opt/gz_ogre_next_vendor:/opt/ros/jazzy/opt/gz_dartsim_vendor:/opt/ros/jazzy/opt/gz_cmake_vendor:/opt/ros/jazzy DEBUGINFOD_URLS=https://debuginfod.ubuntu.com /usr/bin/cmake --install /home/karroyabreu/ar4/build/annin_ar4_moveit_config
[0.487s] Level 1:colcon.colcon_core.environment:create_environment_scripts_only(annin_ar4_moveit_config)
[0.487s] Level 1:colcon.colcon_core.environment:checking '/home/karroyabreu/ar4/install/annin_ar4_moveit_config' for CMake module files
[0.488s] DEBUG:colcon.colcon_core.event_handler.log_command:Invoked command in '/home/karroyabreu/ar4/build/annin_ar4_moveit_config' returned '0': CMAKE_PREFIX_PATH=/home/karroyabreu/ar4/install/annin_ar4_description:/usr/local:/home/karroyabreu/ar4/install/annin_ar4_moveit_config:/home/karroyabreu/ar4/install/annin_ar4_gazebo:/home/karroyabreu/ar4/install/annin_ar4_driver:/opt/ros/jazzy/opt/gz_sim_vendor:/opt/ros/jazzy/opt/gz_sensors_vendor:/opt/ros/jazzy/opt/gz_physics_vendor:/opt/ros/jazzy/opt/sdformat_vendor:/opt/ros/jazzy/opt/gz_gui_vendor:/opt/ros/jazzy/opt/gz_transport_vendor:/opt/ros/jazzy/opt/gz_rendering_vendor:/opt/ros/jazzy/opt/gz_plugin_vendor:/opt/ros/jazzy/opt/gz_fuel_tools_vendor:/opt/ros/jazzy/opt/gz_msgs_vendor:/opt/ros/jazzy/opt/gz_common_vendor:/opt/ros/jazzy/opt/gz_math_vendor:/opt/ros/jazzy/opt/gz_utils_vendor:/opt/ros/jazzy/opt/gz_tools_vendor:/opt/ros/jazzy/opt/gz_ogre_next_vendor:/opt/ros/jazzy/opt/gz_dartsim_vendor:/opt/ros/jazzy/opt/gz_cmake_vendor:/opt/ros/jazzy DEBUGINFOD_URLS=https://debuginfod.ubuntu.com /usr/bin/cmake --install /home/karroyabreu/ar4/build/annin_ar4_moveit_config
[0.488s] Level 1:colcon.colcon_core.environment:checking '/home/karroyabreu/ar4/install/annin_ar4_moveit_config' for CMake config files
[0.489s] Level 1:colcon.colcon_core.shell:create_environment_hook('annin_ar4_moveit_config', 'cmake_prefix_path')
[0.489s] INFO:colcon.colcon_core.shell:Creating environment hook '/home/karroyabreu/ar4/install/annin_ar4_moveit_config/share/annin_ar4_moveit_config/hook/cmake_prefix_path.ps1'
[0.490s] INFO:colcon.colcon_core.shell:Creating environment descriptor '/home/karroyabreu/ar4/install/annin_ar4_moveit_config/share/annin_ar4_moveit_config/hook/cmake_prefix_path.dsv'
[0.490s] INFO:colcon.colcon_core.shell:Creating environment hook '/home/karroyabreu/ar4/install/annin_ar4_moveit_config/share/annin_ar4_moveit_config/hook/cmake_prefix_path.sh'
[0.491s] Level 1:colcon.colcon_core.environment:checking '/home/karroyabreu/ar4/install/annin_ar4_moveit_config/bin'
[0.491s] Level 1:colcon.colcon_core.environment:checking '/home/karroyabreu/ar4/install/annin_ar4_moveit_config/lib/pkgconfig/annin_ar4_moveit_config.pc'
[0.491s] Level 1:colcon.colcon_core.environment:checking '/home/karroyabreu/ar4/install/annin_ar4_moveit_config/lib/python3.12/site-packages'
[0.491s] Level 1:colcon.colcon_core.environment:checking '/home/karroyabreu/ar4/install/annin_ar4_moveit_config/bin'
[0.492s] INFO:colcon.colcon_core.shell:Creating package script '/home/karroyabreu/ar4/install/annin_ar4_moveit_config/share/annin_ar4_moveit_config/package.ps1'
[0.492s] INFO:colcon.colcon_core.shell:Creating package descriptor '/home/karroyabreu/ar4/install/annin_ar4_moveit_config/share/annin_ar4_moveit_config/package.dsv'
[0.492s] INFO:colcon.colcon_core.shell:Creating package script '/home/karroyabreu/ar4/install/annin_ar4_moveit_config/share/annin_ar4_moveit_config/package.sh'
[0.493s] INFO:colcon.colcon_core.shell:Creating package script '/home/karroyabreu/ar4/install/annin_ar4_moveit_config/share/annin_ar4_moveit_config/package.bash'
[0.493s] INFO:colcon.colcon_core.shell:Creating package script '/home/karroyabreu/ar4/install/annin_ar4_moveit_config/share/annin_ar4_moveit_config/package.zsh'
[0.494s] Level 1:colcon.colcon_core.environment:create_file_with_runtime_dependencies(/home/karroyabreu/ar4/install/annin_ar4_moveit_config/share/colcon-core/packages/annin_ar4_moveit_config)
[0.494s] Level 1:colcon.colcon_core.environment:create_environment_scripts_only(annin_ar4_moveit_config)
[0.494s] Level 1:colcon.colcon_core.environment:checking '/home/karroyabreu/ar4/install/annin_ar4_moveit_config' for CMake module files
[0.495s] Level 1:colcon.colcon_core.environment:checking '/home/karroyabreu/ar4/install/annin_ar4_moveit_config' for CMake config files
[0.495s] Level 1:colcon.colcon_core.shell:create_environment_hook('annin_ar4_moveit_config', 'cmake_prefix_path')
[0.495s] INFO:colcon.colcon_core.shell:Creating environment hook '/home/karroyabreu/ar4/install/annin_ar4_moveit_config/share/annin_ar4_moveit_config/hook/cmake_prefix_path.ps1'
[0.495s] INFO:colcon.colcon_core.shell:Creating environment descriptor '/home/karroyabreu/ar4/install/annin_ar4_moveit_config/share/annin_ar4_moveit_config/hook/cmake_prefix_path.dsv'
[0.496s] INFO:colcon.colcon_core.shell:Creating environment hook '/home/karroyabreu/ar4/install/annin_ar4_moveit_config/share/annin_ar4_moveit_config/hook/cmake_prefix_path.sh'
[0.496s] Level 1:colcon.colcon_core.environment:checking '/home/karroyabreu/ar4/install/annin_ar4_moveit_config/bin'
[0.496s] Level 1:colcon.colcon_core.environment:checking '/home/karroyabreu/ar4/install/annin_ar4_moveit_config/lib/pkgconfig/annin_ar4_moveit_config.pc'
[0.496s] Level 1:colcon.colcon_core.environment:checking '/home/karroyabreu/ar4/install/annin_ar4_moveit_config/lib/python3.12/site-packages'
[0.497s] Level 1:colcon.colcon_core.environment:checking '/home/karroyabreu/ar4/install/annin_ar4_moveit_config/bin'
[0.497s] INFO:colcon.colcon_core.shell:Creating package script '/home/karroyabreu/ar4/install/annin_ar4_moveit_config/share/annin_ar4_moveit_config/package.ps1'
[0.497s] INFO:colcon.colcon_core.shell:Creating package descriptor '/home/karroyabreu/ar4/install/annin_ar4_moveit_config/share/annin_ar4_moveit_config/package.dsv'
[0.498s] INFO:colcon.colcon_core.shell:Creating package script '/home/karroyabreu/ar4/install/annin_ar4_moveit_config/share/annin_ar4_moveit_config/package.sh'
[0.498s] INFO:colcon.colcon_core.shell:Creating package script '/home/karroyabreu/ar4/install/annin_ar4_moveit_config/share/annin_ar4_moveit_config/package.bash'
[0.498s] INFO:colcon.colcon_core.shell:Creating package script '/home/karroyabreu/ar4/install/annin_ar4_moveit_config/share/annin_ar4_moveit_config/package.zsh'
[0.499s] Level 1:colcon.colcon_core.environment:create_file_with_runtime_dependencies(/home/karroyabreu/ar4/install/annin_ar4_moveit_config/share/colcon-core/packages/annin_ar4_moveit_config)
[0.597s] DEBUG:colcon.colcon_core.event_handler.log_command:Invoked command in '/home/karroyabreu/ar4/build/annin_ar4_driver' returned '0': CMAKE_PREFIX_PATH=/home/karroyabreu/ar4/install/annin_ar4_description:/usr/local:/home/karroyabreu/ar4/install/annin_ar4_moveit_config:/home/karroyabreu/ar4/install/annin_ar4_gazebo:/home/karroyabreu/ar4/install/annin_ar4_driver:/opt/ros/jazzy/opt/gz_sim_vendor:/opt/ros/jazzy/opt/gz_sensors_vendor:/opt/ros/jazzy/opt/gz_physics_vendor:/opt/ros/jazzy/opt/sdformat_vendor:/opt/ros/jazzy/opt/gz_gui_vendor:/opt/ros/jazzy/opt/gz_transport_vendor:/opt/ros/jazzy/opt/gz_rendering_vendor:/opt/ros/jazzy/opt/gz_plugin_vendor:/opt/ros/jazzy/opt/gz_fuel_tools_vendor:/opt/ros/jazzy/opt/gz_msgs_vendor:/opt/ros/jazzy/opt/gz_common_vendor:/opt/ros/jazzy/opt/gz_math_vendor:/opt/ros/jazzy/opt/gz_utils_vendor:/opt/ros/jazzy/opt/gz_tools_vendor:/opt/ros/jazzy/opt/gz_ogre_next_vendor:/opt/ros/jazzy/opt/gz_dartsim_vendor:/opt/ros/jazzy/opt/gz_cmake_vendor:/opt/ros/jazzy DEBUGINFOD_URLS=https://debuginfod.ubuntu.com /usr/bin/cmake --build /home/karroyabreu/ar4/build/annin_ar4_driver -- -j22 -l22
[0.598s] DEBUG:colcon.colcon_core.event_handler.log_command:Invoking command in '/home/karroyabreu/ar4/build/annin_ar4_driver': CMAKE_PREFIX_PATH=/home/karroyabreu/ar4/install/annin_ar4_description:/usr/local:/home/karroyabreu/ar4/install/annin_ar4_moveit_config:/home/karroyabreu/ar4/install/annin_ar4_gazebo:/home/karroyabreu/ar4/install/annin_ar4_driver:/opt/ros/jazzy/opt/gz_sim_vendor:/opt/ros/jazzy/opt/gz_sensors_vendor:/opt/ros/jazzy/opt/gz_physics_vendor:/opt/ros/jazzy/opt/sdformat_vendor:/opt/ros/jazzy/opt/gz_gui_vendor:/opt/ros/jazzy/opt/gz_transport_vendor:/opt/ros/jazzy/opt/gz_rendering_vendor:/opt/ros/jazzy/opt/gz_plugin_vendor:/opt/ros/jazzy/opt/gz_fuel_tools_vendor:/opt/ros/jazzy/opt/gz_msgs_vendor:/opt/ros/jazzy/opt/gz_common_vendor:/opt/ros/jazzy/opt/gz_math_vendor:/opt/ros/jazzy/opt/gz_utils_vendor:/opt/ros/jazzy/opt/gz_tools_vendor:/opt/ros/jazzy/opt/gz_ogre_next_vendor:/opt/ros/jazzy/opt/gz_dartsim_vendor:/opt/ros/jazzy/opt/gz_cmake_vendor:/opt/ros/jazzy DEBUGINFOD_URLS=https://debuginfod.ubuntu.com /usr/bin/cmake --install /home/karroyabreu/ar4/build/annin_ar4_driver
[0.617s] Level 1:colcon.colcon_core.environment:create_environment_scripts_only(annin_ar4_driver)
[0.617s] Level 1:colcon.colcon_core.environment:checking '/home/karroyabreu/ar4/install/annin_ar4_driver' for CMake module files
[0.618s] DEBUG:colcon.colcon_core.event_handler.log_command:Invoked command in '/home/karroyabreu/ar4/build/annin_ar4_driver' returned '0': CMAKE_PREFIX_PATH=/home/karroyabreu/ar4/install/annin_ar4_description:/usr/local:/home/karroyabreu/ar4/install/annin_ar4_moveit_config:/home/karroyabreu/ar4/install/annin_ar4_gazebo:/home/karroyabreu/ar4/install/annin_ar4_driver:/opt/ros/jazzy/opt/gz_sim_vendor:/opt/ros/jazzy/opt/gz_sensors_vendor:/opt/ros/jazzy/opt/gz_physics_vendor:/opt/ros/jazzy/opt/sdformat_vendor:/opt/ros/jazzy/opt/gz_gui_vendor:/opt/ros/jazzy/opt/gz_transport_vendor:/opt/ros/jazzy/opt/gz_rendering_vendor:/opt/ros/jazzy/opt/gz_plugin_vendor:/opt/ros/jazzy/opt/gz_fuel_tools_vendor:/opt/ros/jazzy/opt/gz_msgs_vendor:/opt/ros/jazzy/opt/gz_common_vendor:/opt/ros/jazzy/opt/gz_math_vendor:/opt/ros/jazzy/opt/gz_utils_vendor:/opt/ros/jazzy/opt/gz_tools_vendor:/opt/ros/jazzy/opt/gz_ogre_next_vendor:/opt/ros/jazzy/opt/gz_dartsim_vendor:/opt/ros/jazzy/opt/gz_cmake_vendor:/opt/ros/jazzy DEBUGINFOD_URLS=https://debuginfod.ubuntu.com /usr/bin/cmake --install /home/karroyabreu/ar4/build/annin_ar4_driver
[0.618s] Level 1:colcon.colcon_core.environment:checking '/home/karroyabreu/ar4/install/annin_ar4_driver' for CMake config files
[0.618s] Level 1:colcon.colcon_core.shell:create_environment_hook('annin_ar4_driver', 'cmake_prefix_path')
[0.619s] INFO:colcon.colcon_core.shell:Creating environment hook '/home/karroyabreu/ar4/install/annin_ar4_driver/share/annin_ar4_driver/hook/cmake_prefix_path.ps1'
[0.619s] INFO:colcon.colcon_core.shell:Creating environment descriptor '/home/karroyabreu/ar4/install/annin_ar4_driver/share/annin_ar4_driver/hook/cmake_prefix_path.dsv'
[0.620s] INFO:colcon.colcon_core.shell:Creating environment hook '/home/karroyabreu/ar4/install/annin_ar4_driver/share/annin_ar4_driver/hook/cmake_prefix_path.sh'
[0.620s] Level 1:colcon.colcon_core.environment:checking '/home/karroyabreu/ar4/install/annin_ar4_driver/lib'
[0.621s] Level 1:colcon.colcon_core.shell:create_environment_hook('annin_ar4_driver', 'ld_library_path_lib')
[0.621s] INFO:colcon.colcon_core.shell:Creating environment hook '/home/karroyabreu/ar4/install/annin_ar4_driver/share/annin_ar4_driver/hook/ld_library_path_lib.ps1'
[0.621s] INFO:colcon.colcon_core.shell:Creating environment descriptor '/home/karroyabreu/ar4/install/annin_ar4_driver/share/annin_ar4_driver/hook/ld_library_path_lib.dsv'
[0.622s] INFO:colcon.colcon_core.shell:Creating environment hook '/home/karroyabreu/ar4/install/annin_ar4_driver/share/annin_ar4_driver/hook/ld_library_path_lib.sh'
[0.622s] Level 1:colcon.colcon_core.environment:checking '/home/karroyabreu/ar4/install/annin_ar4_driver/bin'
[0.622s] Level 1:colcon.colcon_core.environment:checking '/home/karroyabreu/ar4/install/annin_ar4_driver/lib/pkgconfig/annin_ar4_driver.pc'
[0.623s] Level 1:colcon.colcon_core.environment:checking '/home/karroyabreu/ar4/install/annin_ar4_driver/lib/python3.12/site-packages'
[0.623s] Level 1:colcon.colcon_core.environment:checking '/home/karroyabreu/ar4/install/annin_ar4_driver/bin'
[0.623s] INFO:colcon.colcon_core.shell:Creating package script '/home/karroyabreu/ar4/install/annin_ar4_driver/share/annin_ar4_driver/package.ps1'
[0.624s] INFO:colcon.colcon_core.shell:Creating package descriptor '/home/karroyabreu/ar4/install/annin_ar4_driver/share/annin_ar4_driver/package.dsv'
[0.624s] INFO:colcon.colcon_core.shell:Creating package script '/home/karroyabreu/ar4/install/annin_ar4_driver/share/annin_ar4_driver/package.sh'
[0.625s] INFO:colcon.colcon_core.shell:Creating package script '/home/karroyabreu/ar4/install/annin_ar4_driver/share/annin_ar4_driver/package.bash'
[0.625s] INFO:colcon.colcon_core.shell:Creating package script '/home/karroyabreu/ar4/install/annin_ar4_driver/share/annin_ar4_driver/package.zsh'
[0.625s] Level 1:colcon.colcon_core.environment:create_file_with_runtime_dependencies(/home/karroyabreu/ar4/install/annin_ar4_driver/share/colcon-core/packages/annin_ar4_driver)
[0.626s] Level 1:colcon.colcon_core.environment:create_environment_scripts_only(annin_ar4_driver)
[0.626s] Level 1:colcon.colcon_core.environment:checking '/home/karroyabreu/ar4/install/annin_ar4_driver' for CMake module files
[0.627s] Level 1:colcon.colcon_core.environment:checking '/home/karroyabreu/ar4/install/annin_ar4_driver' for CMake config files
[0.627s] Level 1:colcon.colcon_core.shell:create_environment_hook('annin_ar4_driver', 'cmake_prefix_path')
[0.627s] INFO:colcon.colcon_core.shell:Creating environment hook '/home/karroyabreu/ar4/install/annin_ar4_driver/share/annin_ar4_driver/hook/cmake_prefix_path.ps1'
[0.628s] INFO:colcon.colcon_core.shell:Creating environment descriptor '/home/karroyabreu/ar4/install/annin_ar4_driver/share/annin_ar4_driver/hook/cmake_prefix_path.dsv'
[0.628s] INFO:colcon.colcon_core.shell:Creating environment hook '/home/karroyabreu/ar4/install/annin_ar4_driver/share/annin_ar4_driver/hook/cmake_prefix_path.sh'
[0.629s] Level 1:colcon.colcon_core.environment:checking '/home/karroyabreu/ar4/install/annin_ar4_driver/lib'
[0.629s] Level 1:colcon.colcon_core.shell:create_environment_hook('annin_ar4_driver', 'ld_library_path_lib')
[0.629s] INFO:colcon.colcon_core.shell:Creating environment hook '/home/karroyabreu/ar4/install/annin_ar4_driver/share/annin_ar4_driver/hook/ld_library_path_lib.ps1'
[0.629s] INFO:colcon.colcon_core.shell:Creating environment descriptor '/home/karroyabreu/ar4/install/annin_ar4_driver/share/annin_ar4_driver/hook/ld_library_path_lib.dsv'
[0.630s] INFO:colcon.colcon_core.shell:Creating environment hook '/home/karroyabreu/ar4/install/annin_ar4_driver/share/annin_ar4_driver/hook/ld_library_path_lib.sh'
[0.630s] Level 1:colcon.colcon_core.environment:checking '/home/karroyabreu/ar4/install/annin_ar4_driver/bin'
[0.630s] Level 1:colcon.colcon_core.environment:checking '/home/karroyabreu/ar4/install/annin_ar4_driver/lib/pkgconfig/annin_ar4_driver.pc'
[0.630s] Level 1:colcon.colcon_core.environment:checking '/home/karroyabreu/ar4/install/annin_ar4_driver/lib/python3.12/site-packages'
[0.631s] Level 1:colcon.colcon_core.environment:checking '/home/karroyabreu/ar4/install/annin_ar4_driver/bin'
[0.631s] INFO:colcon.colcon_core.shell:Creating package script '/home/karroyabreu/ar4/install/annin_ar4_driver/share/annin_ar4_driver/package.ps1'
[0.631s] INFO:colcon.colcon_core.shell:Creating package descriptor '/home/karroyabreu/ar4/install/annin_ar4_driver/share/annin_ar4_driver/package.dsv'
[0.632s] INFO:colcon.colcon_core.shell:Creating package script '/home/karroyabreu/ar4/install/annin_ar4_driver/share/annin_ar4_driver/package.sh'
[0.632s] INFO:colcon.colcon_core.shell:Creating package script '/home/karroyabreu/ar4/install/annin_ar4_driver/share/annin_ar4_driver/package.bash'
[0.633s] INFO:colcon.colcon_core.shell:Creating package script '/home/karroyabreu/ar4/install/annin_ar4_driver/share/annin_ar4_driver/package.zsh'
[0.633s] Level 1:colcon.colcon_core.environment:create_file_with_runtime_dependencies(/home/karroyabreu/ar4/install/annin_ar4_driver/share/colcon-core/packages/annin_ar4_driver)
[0.634s] INFO:colcon.colcon_ros.task.ament_cmake.build:Building ROS package in '/home/karroyabreu/ar4/src/ar4_ros_driver/annin_ar4_gazebo' with build type 'ament_cmake'
[0.634s] INFO:colcon.colcon_cmake.task.cmake.build:Building CMake package in '/home/karroyabreu/ar4/src/ar4_ros_driver/annin_ar4_gazebo'
[0.634s] INFO:colcon.colcon_core.shell:Skip shell extension 'powershell' for command environment: Not usable outside of PowerShell
[0.634s] DEBUG:colcon.colcon_core.shell:Skip shell extension 'dsv' for command environment
[0.650s] DEBUG:colcon.colcon_core.event_handler.log_command:Invoking command in '/home/karroyabreu/ar4/build/annin_ar4_gazebo': CMAKE_PREFIX_PATH=/home/karroyabreu/ar4/install/annin_ar4_driver:/home/karroyabreu/ar4/install/annin_ar4_description:/usr/local:/home/karroyabreu/ar4/install/annin_ar4_moveit_config:/home/karroyabreu/ar4/install/annin_ar4_gazebo:/opt/ros/jazzy/opt/gz_sim_vendor:/opt/ros/jazzy/opt/gz_sensors_vendor:/opt/ros/jazzy/opt/gz_physics_vendor:/opt/ros/jazzy/opt/sdformat_vendor:/opt/ros/jazzy/opt/gz_gui_vendor:/opt/ros/jazzy/opt/gz_transport_vendor:/opt/ros/jazzy/opt/gz_rendering_vendor:/opt/ros/jazzy/opt/gz_plugin_vendor:/opt/ros/jazzy/opt/gz_fuel_tools_vendor:/opt/ros/jazzy/opt/gz_msgs_vendor:/opt/ros/jazzy/opt/gz_common_vendor:/opt/ros/jazzy/opt/gz_math_vendor:/opt/ros/jazzy/opt/gz_utils_vendor:/opt/ros/jazzy/opt/gz_tools_vendor:/opt/ros/jazzy/opt/gz_ogre_next_vendor:/opt/ros/jazzy/opt/gz_dartsim_vendor:/opt/ros/jazzy/opt/gz_cmake_vendor:/opt/ros/jazzy DEBUGINFOD_URLS=https://debuginfod.ubuntu.com LD_LIBRARY_PATH=/home/karroyabreu/ar4/install/annin_ar4_driver/lib:/usr/local/lib:/opt/ros/jazzy/opt/gz_sim_vendor/lib:/opt/ros/jazzy/opt/gz_sensors_vendor/lib:/opt/ros/jazzy/opt/gz_physics_vendor/lib:/opt/ros/jazzy/opt/sdformat_vendor/lib:/opt/ros/jazzy/opt/rviz_ogre_vendor/lib:/opt/ros/jazzy/lib/x86_64-linux-gnu:/opt/ros/jazzy/opt/gz_gui_vendor/lib:/opt/ros/jazzy/opt/gz_transport_vendor/lib:/opt/ros/jazzy/opt/gz_rendering_vendor/lib:/opt/ros/jazzy/opt/gz_plugin_vendor/lib:/opt/ros/jazzy/opt/gz_fuel_tools_vendor/lib:/opt/ros/jazzy/opt/gz_msgs_vendor/lib:/opt/ros/jazzy/opt/gz_common_vendor/lib:/opt/ros/jazzy/opt/gz_math_vendor/lib:/opt/ros/jazzy/opt/gz_utils_vendor/lib:/opt/ros/jazzy/opt/gz_tools_vendor/lib:/opt/ros/jazzy/opt/gz_ogre_next_vendor/lib:/opt/ros/jazzy/opt/gz_dartsim_vendor/lib:/opt/ros/jazzy/opt/gz_cmake_vendor/lib:/opt/ros/jazzy/lib /usr/bin/cmake --build /home/karroyabreu/ar4/build/annin_ar4_gazebo -- -j22 -l22
[0.710s] DEBUG:colcon.colcon_core.event_handler.log_command:Invoked command in '/home/karroyabreu/ar4/build/annin_ar4_gazebo' returned '0': CMAKE_PREFIX_PATH=/home/karroyabreu/ar4/install/annin_ar4_driver:/home/karroyabreu/ar4/install/annin_ar4_description:/usr/local:/home/karroyabreu/ar4/install/annin_ar4_moveit_config:/home/karroyabreu/ar4/install/annin_ar4_gazebo:/opt/ros/jazzy/opt/gz_sim_vendor:/opt/ros/jazzy/opt/gz_sensors_vendor:/opt/ros/jazzy/opt/gz_physics_vendor:/opt/ros/jazzy/opt/sdformat_vendor:/opt/ros/jazzy/opt/gz_gui_vendor:/opt/ros/jazzy/opt/gz_transport_vendor:/opt/ros/jazzy/opt/gz_rendering_vendor:/opt/ros/jazzy/opt/gz_plugin_vendor:/opt/ros/jazzy/opt/gz_fuel_tools_vendor:/opt/ros/jazzy/opt/gz_msgs_vendor:/opt/ros/jazzy/opt/gz_common_vendor:/opt/ros/jazzy/opt/gz_math_vendor:/opt/ros/jazzy/opt/gz_utils_vendor:/opt/ros/jazzy/opt/gz_tools_vendor:/opt/ros/jazzy/opt/gz_ogre_next_vendor:/opt/ros/jazzy/opt/gz_dartsim_vendor:/opt/ros/jazzy/opt/gz_cmake_vendor:/opt/ros/jazzy DEBUGINFOD_URLS=https://debuginfod.ubuntu.com LD_LIBRARY_PATH=/home/karroyabreu/ar4/install/annin_ar4_driver/lib:/usr/local/lib:/opt/ros/jazzy/opt/gz_sim_vendor/lib:/opt/ros/jazzy/opt/gz_sensors_vendor/lib:/opt/ros/jazzy/opt/gz_physics_vendor/lib:/opt/ros/jazzy/opt/sdformat_vendor/lib:/opt/ros/jazzy/opt/rviz_ogre_vendor/lib:/opt/ros/jazzy/lib/x86_64-linux-gnu:/opt/ros/jazzy/opt/gz_gui_vendor/lib:/opt/ros/jazzy/opt/gz_transport_vendor/lib:/opt/ros/jazzy/opt/gz_rendering_vendor/lib:/opt/ros/jazzy/opt/gz_plugin_vendor/lib:/opt/ros/jazzy/opt/gz_fuel_tools_vendor/lib:/opt/ros/jazzy/opt/gz_msgs_vendor/lib:/opt/ros/jazzy/opt/gz_common_vendor/lib:/opt/ros/jazzy/opt/gz_math_vendor/lib:/opt/ros/jazzy/opt/gz_utils_vendor/lib:/opt/ros/jazzy/opt/gz_tools_vendor/lib:/opt/ros/jazzy/opt/gz_ogre_next_vendor/lib:/opt/ros/jazzy/opt/gz_dartsim_vendor/lib:/opt/ros/jazzy/opt/gz_cmake_vendor/lib:/opt/ros/jazzy/lib /usr/bin/cmake --build /home/karroyabreu/ar4/build/annin_ar4_gazebo -- -j22 -l22
[0.712s] DEBUG:colcon.colcon_core.event_handler.log_command:Invoking command in '/home/karroyabreu/ar4/build/annin_ar4_gazebo': CMAKE_PREFIX_PATH=/home/karroyabreu/ar4/install/annin_ar4_driver:/home/karroyabreu/ar4/install/annin_ar4_description:/usr/local:/home/karroyabreu/ar4/install/annin_ar4_moveit_config:/home/karroyabreu/ar4/install/annin_ar4_gazebo:/opt/ros/jazzy/opt/gz_sim_vendor:/opt/ros/jazzy/opt/gz_sensors_vendor:/opt/ros/jazzy/opt/gz_physics_vendor:/opt/ros/jazzy/opt/sdformat_vendor:/opt/ros/jazzy/opt/gz_gui_vendor:/opt/ros/jazzy/opt/gz_transport_vendor:/opt/ros/jazzy/opt/gz_rendering_vendor:/opt/ros/jazzy/opt/gz_plugin_vendor:/opt/ros/jazzy/opt/gz_fuel_tools_vendor:/opt/ros/jazzy/opt/gz_msgs_vendor:/opt/ros/jazzy/opt/gz_common_vendor:/opt/ros/jazzy/opt/gz_math_vendor:/opt/ros/jazzy/opt/gz_utils_vendor:/opt/ros/jazzy/opt/gz_tools_vendor:/opt/ros/jazzy/opt/gz_ogre_next_vendor:/opt/ros/jazzy/opt/gz_dartsim_vendor:/opt/ros/jazzy/opt/gz_cmake_vendor:/opt/ros/jazzy DEBUGINFOD_URLS=https://debuginfod.ubuntu.com LD_LIBRARY_PATH=/home/karroyabreu/ar4/install/annin_ar4_driver/lib:/usr/local/lib:/opt/ros/jazzy/opt/gz_sim_vendor/lib:/opt/ros/jazzy/opt/gz_sensors_vendor/lib:/opt/ros/jazzy/opt/gz_physics_vendor/lib:/opt/ros/jazzy/opt/sdformat_vendor/lib:/opt/ros/jazzy/opt/rviz_ogre_vendor/lib:/opt/ros/jazzy/lib/x86_64-linux-gnu:/opt/ros/jazzy/opt/gz_gui_vendor/lib:/opt/ros/jazzy/opt/gz_transport_vendor/lib:/opt/ros/jazzy/opt/gz_rendering_vendor/lib:/opt/ros/jazzy/opt/gz_plugin_vendor/lib:/opt/ros/jazzy/opt/gz_fuel_tools_vendor/lib:/opt/ros/jazzy/opt/gz_msgs_vendor/lib:/opt/ros/jazzy/opt/gz_common_vendor/lib:/opt/ros/jazzy/opt/gz_math_vendor/lib:/opt/ros/jazzy/opt/gz_utils_vendor/lib:/opt/ros/jazzy/opt/gz_tools_vendor/lib:/opt/ros/jazzy/opt/gz_ogre_next_vendor/lib:/opt/ros/jazzy/opt/gz_dartsim_vendor/lib:/opt/ros/jazzy/opt/gz_cmake_vendor/lib:/opt/ros/jazzy/lib /usr/bin/cmake --install /home/karroyabreu/ar4/build/annin_ar4_gazebo
[0.726s] Level 1:colcon.colcon_core.environment:create_environment_scripts_only(annin_ar4_gazebo)
[0.727s] DEBUG:colcon.colcon_core.event_handler.log_command:Invoked command in '/home/karroyabreu/ar4/build/annin_ar4_gazebo' returned '0': CMAKE_PREFIX_PATH=/home/karroyabreu/ar4/install/annin_ar4_driver:/home/karroyabreu/ar4/install/annin_ar4_description:/usr/local:/home/karroyabreu/ar4/install/annin_ar4_moveit_config:/home/karroyabreu/ar4/install/annin_ar4_gazebo:/opt/ros/jazzy/opt/gz_sim_vendor:/opt/ros/jazzy/opt/gz_sensors_vendor:/opt/ros/jazzy/opt/gz_physics_vendor:/opt/ros/jazzy/opt/sdformat_vendor:/opt/ros/jazzy/opt/gz_gui_vendor:/opt/ros/jazzy/opt/gz_transport_vendor:/opt/ros/jazzy/opt/gz_rendering_vendor:/opt/ros/jazzy/opt/gz_plugin_vendor:/opt/ros/jazzy/opt/gz_fuel_tools_vendor:/opt/ros/jazzy/opt/gz_msgs_vendor:/opt/ros/jazzy/opt/gz_common_vendor:/opt/ros/jazzy/opt/gz_math_vendor:/opt/ros/jazzy/opt/gz_utils_vendor:/opt/ros/jazzy/opt/gz_tools_vendor:/opt/ros/jazzy/opt/gz_ogre_next_vendor:/opt/ros/jazzy/opt/gz_dartsim_vendor:/opt/ros/jazzy/opt/gz_cmake_vendor:/opt/ros/jazzy DEBUGINFOD_URLS=https://debuginfod.ubuntu.com LD_LIBRARY_PATH=/home/karroyabreu/ar4/install/annin_ar4_driver/lib:/usr/local/lib:/opt/ros/jazzy/opt/gz_sim_vendor/lib:/opt/ros/jazzy/opt/gz_sensors_vendor/lib:/opt/ros/jazzy/opt/gz_physics_vendor/lib:/opt/ros/jazzy/opt/sdformat_vendor/lib:/opt/ros/jazzy/opt/rviz_ogre_vendor/lib:/opt/ros/jazzy/lib/x86_64-linux-gnu:/opt/ros/jazzy/opt/gz_gui_vendor/lib:/opt/ros/jazzy/opt/gz_transport_vendor/lib:/opt/ros/jazzy/opt/gz_rendering_vendor/lib:/opt/ros/jazzy/opt/gz_plugin_vendor/lib:/opt/ros/jazzy/opt/gz_fuel_tools_vendor/lib:/opt/ros/jazzy/opt/gz_msgs_vendor/lib:/opt/ros/jazzy/opt/gz_common_vendor/lib:/opt/ros/jazzy/opt/gz_math_vendor/lib:/opt/ros/jazzy/opt/gz_utils_vendor/lib:/opt/ros/jazzy/opt/gz_tools_vendor/lib:/opt/ros/jazzy/opt/gz_ogre_next_vendor/lib:/opt/ros/jazzy/opt/gz_dartsim_vendor/lib:/opt/ros/jazzy/opt/gz_cmake_vendor/lib:/opt/ros/jazzy/lib /usr/bin/cmake --install /home/karroyabreu/ar4/build/annin_ar4_gazebo
[0.727s] Level 1:colcon.colcon_core.environment:checking '/home/karroyabreu/ar4/install/annin_ar4_gazebo' for CMake module files
[0.728s] Level 1:colcon.colcon_core.environment:checking '/home/karroyabreu/ar4/install/annin_ar4_gazebo' for CMake config files
[0.728s] Level 1:colcon.colcon_core.shell:create_environment_hook('annin_ar4_gazebo', 'cmake_prefix_path')
[0.729s] INFO:colcon.colcon_core.shell:Creating environment hook '/home/karroyabreu/ar4/install/annin_ar4_gazebo/share/annin_ar4_gazebo/hook/cmake_prefix_path.ps1'
[0.729s] INFO:colcon.colcon_core.shell:Creating environment descriptor '/home/karroyabreu/ar4/install/annin_ar4_gazebo/share/annin_ar4_gazebo/hook/cmake_prefix_path.dsv'
[0.729s] INFO:colcon.colcon_core.shell:Creating environment hook '/home/karroyabreu/ar4/install/annin_ar4_gazebo/share/annin_ar4_gazebo/hook/cmake_prefix_path.sh'
[0.730s] Level 1:colcon.colcon_core.environment:checking '/home/karroyabreu/ar4/install/annin_ar4_gazebo/bin'
[0.730s] Level 1:colcon.colcon_core.environment:checking '/home/karroyabreu/ar4/install/annin_ar4_gazebo/lib/pkgconfig/annin_ar4_gazebo.pc'
[0.730s] Level 1:colcon.colcon_core.environment:checking '/home/karroyabreu/ar4/install/annin_ar4_gazebo/lib/python3.12/site-packages'
[0.730s] Level 1:colcon.colcon_core.environment:checking '/home/karroyabreu/ar4/install/annin_ar4_gazebo/bin'
[0.731s] INFO:colcon.colcon_core.shell:Creating package script '/home/karroyabreu/ar4/install/annin_ar4_gazebo/share/annin_ar4_gazebo/package.ps1'
[0.731s] INFO:colcon.colcon_core.shell:Creating package descriptor '/home/karroyabreu/ar4/install/annin_ar4_gazebo/share/annin_ar4_gazebo/package.dsv'
[0.731s] INFO:colcon.colcon_core.shell:Creating package script '/home/karroyabreu/ar4/install/annin_ar4_gazebo/share/annin_ar4_gazebo/package.sh'
[0.732s] INFO:colcon.colcon_core.shell:Creating package script '/home/karroyabreu/ar4/install/annin_ar4_gazebo/share/annin_ar4_gazebo/package.bash'
[0.732s] INFO:colcon.colcon_core.shell:Creating package script '/home/karroyabreu/ar4/install/annin_ar4_gazebo/share/annin_ar4_gazebo/package.zsh'
[0.732s] Level 1:colcon.colcon_core.environment:create_file_with_runtime_dependencies(/home/karroyabreu/ar4/install/annin_ar4_gazebo/share/colcon-core/packages/annin_ar4_gazebo)
[0.733s] Level 1:colcon.colcon_core.environment:create_environment_scripts_only(annin_ar4_gazebo)
[0.733s] Level 1:colcon.colcon_core.environment:checking '/home/karroyabreu/ar4/install/annin_ar4_gazebo' for CMake module files
[0.733s] Level 1:colcon.colcon_core.environment:checking '/home/karroyabreu/ar4/install/annin_ar4_gazebo' for CMake config files
[0.734s] Level 1:colcon.colcon_core.shell:create_environment_hook('annin_ar4_gazebo', 'cmake_prefix_path')
[0.734s] INFO:colcon.colcon_core.shell:Creating environment hook '/home/karroyabreu/ar4/install/annin_ar4_gazebo/share/annin_ar4_gazebo/hook/cmake_prefix_path.ps1'
[0.734s] INFO:colcon.colcon_core.shell:Creating environment descriptor '/home/karroyabreu/ar4/install/annin_ar4_gazebo/share/annin_ar4_gazebo/hook/cmake_prefix_path.dsv'
[0.734s] INFO:colcon.colcon_core.shell:Creating environment hook '/home/karroyabreu/ar4/install/annin_ar4_gazebo/share/annin_ar4_gazebo/hook/cmake_prefix_path.sh'
[0.735s] Level 1:colcon.colcon_core.environment:checking '/home/karroyabreu/ar4/install/annin_ar4_gazebo/bin'
[0.735s] Level 1:colcon.colcon_core.environment:checking '/home/karroyabreu/ar4/install/annin_ar4_gazebo/lib/pkgconfig/annin_ar4_gazebo.pc'
[0.735s] Level 1:colcon.colcon_core.environment:checking '/home/karroyabreu/ar4/install/annin_ar4_gazebo/lib/python3.12/site-packages'
[0.735s] Level 1:colcon.colcon_core.environment:checking '/home/karroyabreu/ar4/install/annin_ar4_gazebo/bin'
[0.735s] INFO:colcon.colcon_core.shell:Creating package script '/home/karroyabreu/ar4/install/annin_ar4_gazebo/share/annin_ar4_gazebo/package.ps1'
[0.736s] INFO:colcon.colcon_core.shell:Creating package descriptor '/home/karroyabreu/ar4/install/annin_ar4_gazebo/share/annin_ar4_gazebo/package.dsv'
[0.736s] INFO:colcon.colcon_core.shell:Creating package script '/home/karroyabreu/ar4/install/annin_ar4_gazebo/share/annin_ar4_gazebo/package.sh'
[0.737s] INFO:colcon.colcon_core.shell:Creating package script '/home/karroyabreu/ar4/install/annin_ar4_gazebo/share/annin_ar4_gazebo/package.bash'
[0.737s] INFO:colcon.colcon_core.shell:Creating package script '/home/karroyabreu/ar4/install/annin_ar4_gazebo/share/annin_ar4_gazebo/package.zsh'
[0.737s] Level 1:colcon.colcon_core.environment:create_file_with_runtime_dependencies(/home/karroyabreu/ar4/install/annin_ar4_gazebo/share/colcon-core/packages/annin_ar4_gazebo)
[0.738s] DEBUG:colcon.colcon_parallel_executor.executor.parallel:closing loop
[0.738s] DEBUG:colcon.colcon_parallel_executor.executor.parallel:loop closed
[0.738s] DEBUG:colcon.colcon_parallel_executor.executor.parallel:run_until_complete finished with '0'
[0.738s] DEBUG:colcon.colcon_core.event_reactor:joining thread
[0.745s] INFO:colcon.colcon_core.plugin_system:Skipping extension 'colcon_notification.desktop_notification.terminal_notifier': Not used on non-Darwin systems
[0.746s] INFO:colcon.colcon_core.plugin_system:Skipping extension 'colcon_notification.desktop_notification.win32': Not used on non-Windows systems
[0.746s] INFO:colcon.colcon_notification.desktop_notification:Sending desktop notification using 'notify2'
[0.767s] DEBUG:colcon.colcon_core.event_reactor:joined thread
[0.768s] INFO:colcon.colcon_core.shell:Creating prefix script '/home/karroyabreu/ar4/install/local_setup.ps1'
[0.769s] INFO:colcon.colcon_core.shell:Creating prefix util module '/home/karroyabreu/ar4/install/_local_setup_util_ps1.py'
[0.771s] INFO:colcon.colcon_core.shell:Creating prefix chain script '/home/karroyabreu/ar4/install/setup.ps1'
[0.772s] INFO:colcon.colcon_core.shell:Creating prefix script '/home/karroyabreu/ar4/install/local_setup.sh'
[0.773s] INFO:colcon.colcon_core.shell:Creating prefix util module '/home/karroyabreu/ar4/install/_local_setup_util_sh.py'
[0.774s] INFO:colcon.colcon_core.shell:Creating prefix chain script '/home/karroyabreu/ar4/install/setup.sh'
[0.775s] INFO:colcon.colcon_core.shell:Creating prefix script '/home/karroyabreu/ar4/install/local_setup.bash'
[0.776s] INFO:colcon.colcon_core.shell:Creating prefix chain script '/home/karroyabreu/ar4/install/setup.bash'
[0.777s] INFO:colcon.colcon_core.shell:Creating prefix script '/home/karroyabreu/ar4/install/local_setup.zsh'
[0.777s] INFO:colcon.colcon_core.shell:Creating prefix chain script '/home/karroyabreu/ar4/install/setup.zsh'
