[0.009s] Invoking command in '/home/karroyabreu/ar4/build/position_tracker': CMAKE_PREFIX_PATH=${CMAKE_PREFIX_PATH}:/home/karroyabreu/ar4/install/opencv_pkg:/home/karroyabreu/ar4/install/position_tracker:/home/karroyabreu/ar4/install/pose_gui:/opt/ros/jazzy DEBUGINFOD_URLS=https://debuginfod.ubuntu.com /usr/bin/cmake /home/karroyabreu/ar4/src/position_tracker -DCMAKE_INSTALL_PREFIX=/home/karroyabreu/ar4/install/position_tracker
[0.060s] -- The C compiler identification is GNU 13.3.0
[0.105s] -- The CXX compiler identification is GNU 13.3.0
[0.118s] -- Detecting C compiler ABI info
[0.188s] -- Detecting C compiler ABI info - done
[0.194s] -- Check for working C compiler: /usr/bin/cc - skipped
[0.194s] -- Detecting C compile features
[0.194s] -- Detecting C compile features - done
[0.203s] -- Detecting CXX compiler ABI info
[0.279s] -- Detecting CXX compiler ABI info - done
[0.284s] -- Check for working CXX compiler: /usr/bin/c++ - skipped
[0.284s] -- Detecting CXX compile features
[0.284s] -- Detecting CXX compile features - done
[0.287s] -- Found ament_cmake: 2.5.4 (/opt/ros/jazzy/share/ament_cmake/cmake)
[0.401s] -- Found Python3: /usr/bin/python3 (found version "3.12.3") found components: Interpreter 
[0.491s] -- Found rosidl_default_generators: 1.6.0 (/opt/ros/jazzy/share/rosidl_default_generators/cmake)
[0.497s] -- Using all available rosidl_typesupport_c: rosidl_typesupport_fastrtps_c;rosidl_typesupport_introspection_c
[0.538s] -- Using all available rosidl_typesupport_cpp: rosidl_typesupport_fastrtps_cpp;rosidl_typesupport_introspection_cpp
[0.572s] -- Found rosidl_adapter: 4.6.5 (/opt/ros/jazzy/share/rosidl_adapter/cmake)
[1.004s] -- Found ament_cmake_ros: 0.12.0 (/opt/ros/jazzy/share/ament_cmake_ros/cmake)
[1.321s] -- Using all available rosidl_typesupport_c: rosidl_typesupport_fastrtps_c;rosidl_typesupport_introspection_c
[1.722s] -- Using all available rosidl_typesupport_cpp: rosidl_typesupport_fastrtps_cpp;rosidl_typesupport_introspection_cpp
[1.725s] -- Found python_cmake_module: 0.11.1 (/opt/ros/jazzy/share/python_cmake_module/cmake)
[1.818s] -- Found PythonExtra: /usr/bin/python3  
[2.127s] -- Found Python3: /usr/bin/python3 (found version "3.12.3") found components: Interpreter Development NumPy Development.Module Development.Embed 
[2.172s] -- Configuring done (2.2s)
[2.191s] -- Generating done (0.0s)
[2.198s] -- Build files have been written to: /home/karroyabreu/ar4/build/position_tracker
[2.204s] Invoked command in '/home/karroyabreu/ar4/build/position_tracker' returned '0': CMAKE_PREFIX_PATH=${CMAKE_PREFIX_PATH}:/home/karroyabreu/ar4/install/opencv_pkg:/home/karroyabreu/ar4/install/position_tracker:/home/karroyabreu/ar4/install/pose_gui:/opt/ros/jazzy DEBUGINFOD_URLS=https://debuginfod.ubuntu.com /usr/bin/cmake /home/karroyabreu/ar4/src/position_tracker -DCMAKE_INSTALL_PREFIX=/home/karroyabreu/ar4/install/position_tracker
[2.206s] Invoking command in '/home/karroyabreu/ar4/build/position_tracker': CMAKE_PREFIX_PATH=${CMAKE_PREFIX_PATH}:/home/karroyabreu/ar4/install/opencv_pkg:/home/karroyabreu/ar4/install/position_tracker:/home/karroyabreu/ar4/install/pose_gui:/opt/ros/jazzy DEBUGINFOD_URLS=https://debuginfod.ubuntu.com /usr/bin/cmake --build /home/karroyabreu/ar4/build/position_tracker -- -j22 -l22
[2.259s] [  2%] [34m[1mGenerating type hashes for ROS interfaces[0m
[2.266s] [  2%] Built target ament_cmake_python_copy_position_tracker
[2.384s] [  2%] Built target position_tracker__rosidl_generator_type_description
[2.394s] [  5%] [34m[1mGenerating C code for ROS interfaces[0m
[2.398s] [  8%] [34m[1mGenerating C++ code for ROS interfaces[0m
[2.409s] running egg_info
[2.409s] creating position_tracker.egg-info
[2.422s] writing position_tracker.egg-info/PKG-INFO
[2.422s] writing dependency_links to position_tracker.egg-info/dependency_links.txt
[2.422s] writing top-level names to position_tracker.egg-info/top_level.txt
[2.422s] writing manifest file 'position_tracker.egg-info/SOURCES.txt'
[2.461s] reading manifest file 'position_tracker.egg-info/SOURCES.txt'
[2.461s] writing manifest file 'position_tracker.egg-info/SOURCES.txt'
[2.484s] [  8%] Built target ament_cmake_python_build_position_tracker_egg
[2.579s] [ 11%] [32mBuilding C object CMakeFiles/position_tracker__rosidl_generator_c.dir/rosidl_generator_c/position_tracker/srv/detail/get_position__type_support.c.o[0m
[2.579s] [ 14%] [32mBuilding C object CMakeFiles/position_tracker__rosidl_generator_c.dir/rosidl_generator_c/position_tracker/srv/detail/get_position__functions.c.o[0m
[2.580s] [ 17%] [32mBuilding C object CMakeFiles/position_tracker__rosidl_generator_c.dir/rosidl_generator_c/position_tracker/srv/detail/get_position__description.c.o[0m
[2.604s] [ 17%] Built target position_tracker__cpp
[2.626s] [ 20%] [32m[1mLinking C shared library libposition_tracker__rosidl_generator_c.so[0m
[2.653s] [ 20%] Built target position_tracker__rosidl_generator_c
[2.660s] [ 26%] [34m[1mGenerating C type support for eProsima Fast-RTPS[0m
[2.660s] [ 26%] [34m[1mGenerating C++ type support dispatch for ROS interfaces[0m
[2.662s] [ 29%] [34m[1mGenerating C++ type support for eProsima Fast-RTPS[0m
[2.662s] [ 32%] [34m[1mGenerating C introspection for ROS interfaces[0m
[2.662s] [ 35%] [34m[1mGenerating C type support dispatch for ROS interfaces[0m
[2.662s] [ 38%] [34m[1mGenerating C++ introspection for ROS interfaces[0m
[2.806s] [ 41%] [32mBuilding CXX object CMakeFiles/position_tracker__rosidl_typesupport_cpp.dir/rosidl_typesupport_cpp/position_tracker/srv/get_position__type_support.cpp.o[0m
[2.814s] [ 44%] [32mBuilding CXX object CMakeFiles/position_tracker__rosidl_typesupport_c.dir/rosidl_typesupport_c/position_tracker/srv/get_position__type_support.cpp.o[0m
[2.828s] [ 47%] [32mBuilding CXX object CMakeFiles/position_tracker__rosidl_typesupport_introspection_cpp.dir/rosidl_typesupport_introspection_cpp/position_tracker/srv/detail/get_position__type_support.cpp.o[0m
[2.829s] [ 50%] [32mBuilding CXX object CMakeFiles/position_tracker__rosidl_typesupport_fastrtps_cpp.dir/rosidl_typesupport_fastrtps_cpp/position_tracker/srv/detail/dds_fastrtps/get_position__type_support.cpp.o[0m
[2.845s] [ 52%] [32m[1mLinking CXX shared library libposition_tracker__rosidl_typesupport_c.so[0m
[2.845s] [ 55%] [32mBuilding C object CMakeFiles/position_tracker__rosidl_typesupport_introspection_c.dir/rosidl_typesupport_introspection_c/position_tracker/srv/detail/get_position__type_support.c.o[0m
[2.862s] [ 58%] [32mBuilding CXX object CMakeFiles/position_tracker__rosidl_typesupport_fastrtps_c.dir/rosidl_typesupport_fastrtps_c/position_tracker/srv/detail/get_position__type_support_c.cpp.o[0m
[2.877s] [ 58%] Built target position_tracker__rosidl_typesupport_c
[2.879s] [ 61%] [32m[1mLinking C shared library libposition_tracker__rosidl_typesupport_introspection_c.so[0m
[2.903s] [ 61%] Built target position_tracker__rosidl_typesupport_introspection_c
[3.056s] [ 64%] [32m[1mLinking CXX shared library libposition_tracker__rosidl_typesupport_introspection_cpp.so[0m
[3.061s] [ 67%] [32m[1mLinking CXX shared library libposition_tracker__rosidl_typesupport_cpp.so[0m
[3.109s] [ 67%] Built target position_tracker__rosidl_typesupport_cpp
[3.113s] [ 67%] Built target position_tracker__rosidl_typesupport_introspection_cpp
[3.144s] [ 70%] [32m[1mLinking CXX shared library libposition_tracker__rosidl_typesupport_fastrtps_c.so[0m
[3.167s] [ 73%] [32m[1mLinking CXX shared library libposition_tracker__rosidl_typesupport_fastrtps_cpp.so[0m
[3.177s] [ 73%] Built target position_tracker__rosidl_typesupport_fastrtps_c
[3.216s] [ 73%] Built target position_tracker__rosidl_typesupport_fastrtps_cpp
[3.231s] [ 73%] Built target position_tracker
[3.250s] [ 76%] [34m[1mGenerating Python code for ROS interfaces[0m
[3.442s] [ 76%] Built target position_tracker__py
[3.459s] [ 79%] [32mBuilding C object CMakeFiles/position_tracker__rosidl_generator_py.dir/rosidl_generator_py/position_tracker/srv/_get_position_s.c.o[0m
[3.554s] [ 82%] [32m[1mLinking C shared library libposition_tracker__rosidl_generator_py.so[0m
[3.579s] [ 82%] Built target position_tracker__rosidl_generator_py
[3.596s] [ 85%] [32mBuilding C object CMakeFiles/position_tracker_s__rosidl_typesupport_introspection_c.dir/rosidl_generator_py/position_tracker/_position_tracker_s.ep.rosidl_typesupport_introspection_c.c.o[0m
[3.596s] [ 88%] [32mBuilding C object CMakeFiles/position_tracker_s__rosidl_typesupport_fastrtps_c.dir/rosidl_generator_py/position_tracker/_position_tracker_s.ep.rosidl_typesupport_fastrtps_c.c.o[0m
[3.598s] [ 91%] [32mBuilding C object CMakeFiles/position_tracker_s__rosidl_typesupport_c.dir/rosidl_generator_py/position_tracker/_position_tracker_s.ep.rosidl_typesupport_c.c.o[0m
[3.659s] [ 94%] [32m[1mLinking C shared module rosidl_generator_py/position_tracker/position_tracker_s__rosidl_typesupport_c.so[0m
[3.667s] [100%] [32m[1mLinking C shared module rosidl_generator_py/position_tracker/position_tracker_s__rosidl_typesupport_fastrtps_c.so[0m
[3.667s] [100%] [32m[1mLinking C shared module rosidl_generator_py/position_tracker/position_tracker_s__rosidl_typesupport_introspection_c.so[0m
[3.688s] [100%] Built target position_tracker_s__rosidl_typesupport_c
[3.690s] [100%] Built target position_tracker_s__rosidl_typesupport_introspection_c
[3.691s] [100%] Built target position_tracker_s__rosidl_typesupport_fastrtps_c
[3.700s] Invoked command in '/home/karroyabreu/ar4/build/position_tracker' returned '0': CMAKE_PREFIX_PATH=${CMAKE_PREFIX_PATH}:/home/karroyabreu/ar4/install/opencv_pkg:/home/karroyabreu/ar4/install/position_tracker:/home/karroyabreu/ar4/install/pose_gui:/opt/ros/jazzy DEBUGINFOD_URLS=https://debuginfod.ubuntu.com /usr/bin/cmake --build /home/karroyabreu/ar4/build/position_tracker -- -j22 -l22
[3.708s] Invoking command in '/home/karroyabreu/ar4/build/position_tracker': CMAKE_PREFIX_PATH=${CMAKE_PREFIX_PATH}:/home/karroyabreu/ar4/install/opencv_pkg:/home/karroyabreu/ar4/install/position_tracker:/home/karroyabreu/ar4/install/pose_gui:/opt/ros/jazzy DEBUGINFOD_URLS=https://debuginfod.ubuntu.com /usr/bin/cmake --install /home/karroyabreu/ar4/build/position_tracker
[3.714s] -- Install configuration: ""
[3.714s] -- Installing: /home/karroyabreu/ar4/install/position_tracker/share/ament_index/resource_index/rosidl_interfaces/position_tracker
[3.714s] -- Installing: /home/karroyabreu/ar4/install/position_tracker/share/position_tracker/srv/GetPosition.json
[3.715s] -- Installing: /home/karroyabreu/ar4/install/position_tracker/include/position_tracker/position_tracker
[3.715s] -- Installing: /home/karroyabreu/ar4/install/position_tracker/include/position_tracker/position_tracker/srv
[3.715s] -- Installing: /home/karroyabreu/ar4/install/position_tracker/include/position_tracker/position_tracker/srv/detail
[3.715s] -- Installing: /home/karroyabreu/ar4/install/position_tracker/include/position_tracker/position_tracker/srv/detail/get_position__struct.h
[3.715s] -- Installing: /home/karroyabreu/ar4/install/position_tracker/include/position_tracker/position_tracker/srv/detail/get_position__functions.h
[3.715s] -- Installing: /home/karroyabreu/ar4/install/position_tracker/include/position_tracker/position_tracker/srv/detail/get_position__type_support.c
[3.715s] -- Installing: /home/karroyabreu/ar4/install/position_tracker/include/position_tracker/position_tracker/srv/detail/get_position__functions.c
[3.715s] -- Installing: /home/karroyabreu/ar4/install/position_tracker/include/position_tracker/position_tracker/srv/detail/get_position__description.c
[3.715s] -- Installing: /home/karroyabreu/ar4/install/position_tracker/include/position_tracker/position_tracker/srv/detail/get_position__type_support.h
[3.715s] -- Installing: /home/karroyabreu/ar4/install/position_tracker/include/position_tracker/position_tracker/srv/get_position.h
[3.715s] -- Installing: /home/karroyabreu/ar4/install/position_tracker/include/position_tracker/position_tracker/msg
[3.715s] -- Installing: /home/karroyabreu/ar4/install/position_tracker/include/position_tracker/position_tracker/msg/rosidl_generator_c__visibility_control.h
[3.716s] -- Installing: /home/karroyabreu/ar4/install/position_tracker/share/position_tracker/environment/library_path.sh
[3.716s] -- Installing: /home/karroyabreu/ar4/install/position_tracker/share/position_tracker/environment/library_path.dsv
[3.716s] -- Installing: /home/karroyabreu/ar4/install/position_tracker/lib/libposition_tracker__rosidl_generator_c.so
[3.716s] -- Set non-toolchain portion of runtime path of "/home/karroyabreu/ar4/install/position_tracker/lib/libposition_tracker__rosidl_generator_c.so" to ""
[3.716s] -- Up-to-date: /home/karroyabreu/ar4/install/position_tracker/include/position_tracker/position_tracker
[3.716s] -- Up-to-date: /home/karroyabreu/ar4/install/position_tracker/include/position_tracker/position_tracker/srv
[3.716s] -- Up-to-date: /home/karroyabreu/ar4/install/position_tracker/include/position_tracker/position_tracker/srv/detail
[3.716s] -- Installing: /home/karroyabreu/ar4/install/position_tracker/include/position_tracker/position_tracker/srv/detail/get_position__rosidl_typesupport_fastrtps_c.h
[3.716s] -- Up-to-date: /home/karroyabreu/ar4/install/position_tracker/include/position_tracker/position_tracker/msg
[3.716s] -- Installing: /home/karroyabreu/ar4/install/position_tracker/include/position_tracker/position_tracker/msg/rosidl_typesupport_fastrtps_c__visibility_control.h
[3.717s] -- Installing: /home/karroyabreu/ar4/install/position_tracker/lib/libposition_tracker__rosidl_typesupport_fastrtps_c.so
[3.717s] -- Set non-toolchain portion of runtime path of "/home/karroyabreu/ar4/install/position_tracker/lib/libposition_tracker__rosidl_typesupport_fastrtps_c.so" to ""
[3.717s] -- Up-to-date: /home/karroyabreu/ar4/install/position_tracker/include/position_tracker/position_tracker
[3.717s] -- Up-to-date: /home/karroyabreu/ar4/install/position_tracker/include/position_tracker/position_tracker/srv
[3.717s] -- Up-to-date: /home/karroyabreu/ar4/install/position_tracker/include/position_tracker/position_tracker/srv/detail
[3.717s] -- Installing: /home/karroyabreu/ar4/install/position_tracker/include/position_tracker/position_tracker/srv/detail/get_position__rosidl_typesupport_introspection_c.h
[3.717s] -- Installing: /home/karroyabreu/ar4/install/position_tracker/include/position_tracker/position_tracker/srv/detail/get_position__type_support.c
[3.717s] -- Up-to-date: /home/karroyabreu/ar4/install/position_tracker/include/position_tracker/position_tracker/msg
[3.717s] -- Installing: /home/karroyabreu/ar4/install/position_tracker/include/position_tracker/position_tracker/msg/rosidl_typesupport_introspection_c__visibility_control.h
[3.717s] -- Installing: /home/karroyabreu/ar4/install/position_tracker/lib/libposition_tracker__rosidl_typesupport_introspection_c.so
[3.718s] -- Set non-toolchain portion of runtime path of "/home/karroyabreu/ar4/install/position_tracker/lib/libposition_tracker__rosidl_typesupport_introspection_c.so" to ""
[3.718s] -- Installing: /home/karroyabreu/ar4/install/position_tracker/lib/libposition_tracker__rosidl_typesupport_c.so
[3.718s] -- Set non-toolchain portion of runtime path of "/home/karroyabreu/ar4/install/position_tracker/lib/libposition_tracker__rosidl_typesupport_c.so" to ""
[3.718s] -- Up-to-date: /home/karroyabreu/ar4/install/position_tracker/include/position_tracker/position_tracker
[3.718s] -- Up-to-date: /home/karroyabreu/ar4/install/position_tracker/include/position_tracker/position_tracker/srv
[3.718s] -- Installing: /home/karroyabreu/ar4/install/position_tracker/include/position_tracker/position_tracker/srv/get_position.hpp
[3.718s] -- Up-to-date: /home/karroyabreu/ar4/install/position_tracker/include/position_tracker/position_tracker/srv/detail
[3.718s] -- Installing: /home/karroyabreu/ar4/install/position_tracker/include/position_tracker/position_tracker/srv/detail/get_position__builder.hpp
[3.718s] -- Installing: /home/karroyabreu/ar4/install/position_tracker/include/position_tracker/position_tracker/srv/detail/get_position__type_support.hpp
[3.718s] -- Installing: /home/karroyabreu/ar4/install/position_tracker/include/position_tracker/position_tracker/srv/detail/get_position__struct.hpp
[3.718s] -- Installing: /home/karroyabreu/ar4/install/position_tracker/include/position_tracker/position_tracker/srv/detail/get_position__traits.hpp
[3.718s] -- Up-to-date: /home/karroyabreu/ar4/install/position_tracker/include/position_tracker/position_tracker/msg
[3.719s] -- Installing: /home/karroyabreu/ar4/install/position_tracker/include/position_tracker/position_tracker/msg/rosidl_generator_cpp__visibility_control.hpp
[3.719s] -- Up-to-date: /home/karroyabreu/ar4/install/position_tracker/include/position_tracker/position_tracker
[3.719s] -- Up-to-date: /home/karroyabreu/ar4/install/position_tracker/include/position_tracker/position_tracker/srv
[3.719s] -- Up-to-date: /home/karroyabreu/ar4/install/position_tracker/include/position_tracker/position_tracker/srv/detail
[3.719s] -- Installing: /home/karroyabreu/ar4/install/position_tracker/include/position_tracker/position_tracker/srv/detail/dds_fastrtps
[3.719s] -- Installing: /home/karroyabreu/ar4/install/position_tracker/include/position_tracker/position_tracker/srv/detail/get_position__rosidl_typesupport_fastrtps_cpp.hpp
[3.719s] -- Up-to-date: /home/karroyabreu/ar4/install/position_tracker/include/position_tracker/position_tracker/msg
[3.719s] -- Installing: /home/karroyabreu/ar4/install/position_tracker/include/position_tracker/position_tracker/msg/rosidl_typesupport_fastrtps_cpp__visibility_control.h
[3.719s] -- Installing: /home/karroyabreu/ar4/install/position_tracker/lib/libposition_tracker__rosidl_typesupport_fastrtps_cpp.so
[3.719s] -- Set non-toolchain portion of runtime path of "/home/karroyabreu/ar4/install/position_tracker/lib/libposition_tracker__rosidl_typesupport_fastrtps_cpp.so" to ""
[3.719s] -- Up-to-date: /home/karroyabreu/ar4/install/position_tracker/include/position_tracker/position_tracker
[3.719s] -- Up-to-date: /home/karroyabreu/ar4/install/position_tracker/include/position_tracker/position_tracker/srv
[3.719s] -- Up-to-date: /home/karroyabreu/ar4/install/position_tracker/include/position_tracker/position_tracker/srv/detail
[3.719s] -- Installing: /home/karroyabreu/ar4/install/position_tracker/include/position_tracker/position_tracker/srv/detail/get_position__rosidl_typesupport_introspection_cpp.hpp
[3.719s] -- Installing: /home/karroyabreu/ar4/install/position_tracker/include/position_tracker/position_tracker/srv/detail/get_position__type_support.cpp
[3.719s] -- Installing: /home/karroyabreu/ar4/install/position_tracker/lib/libposition_tracker__rosidl_typesupport_introspection_cpp.so
[3.720s] -- Set non-toolchain portion of runtime path of "/home/karroyabreu/ar4/install/position_tracker/lib/libposition_tracker__rosidl_typesupport_introspection_cpp.so" to ""
[3.720s] -- Installing: /home/karroyabreu/ar4/install/position_tracker/lib/libposition_tracker__rosidl_typesupport_cpp.so
[3.720s] -- Set non-toolchain portion of runtime path of "/home/karroyabreu/ar4/install/position_tracker/lib/libposition_tracker__rosidl_typesupport_cpp.so" to ""
[3.720s] -- Installing: /home/karroyabreu/ar4/install/position_tracker/share/position_tracker/environment/pythonpath.sh
[3.720s] -- Installing: /home/karroyabreu/ar4/install/position_tracker/share/position_tracker/environment/pythonpath.dsv
[3.720s] -- Installing: /home/karroyabreu/ar4/install/position_tracker/lib/python3.12/site-packages/position_tracker-0.0.0-py3.12.egg-info
[3.720s] -- Installing: /home/karroyabreu/ar4/install/position_tracker/lib/python3.12/site-packages/position_tracker-0.0.0-py3.12.egg-info/top_level.txt
[3.720s] -- Installing: /home/karroyabreu/ar4/install/position_tracker/lib/python3.12/site-packages/position_tracker-0.0.0-py3.12.egg-info/SOURCES.txt
[3.720s] -- Installing: /home/karroyabreu/ar4/install/position_tracker/lib/python3.12/site-packages/position_tracker-0.0.0-py3.12.egg-info/dependency_links.txt
[3.720s] -- Installing: /home/karroyabreu/ar4/install/position_tracker/lib/python3.12/site-packages/position_tracker-0.0.0-py3.12.egg-info/PKG-INFO
[3.720s] -- Installing: /home/karroyabreu/ar4/install/position_tracker/lib/python3.12/site-packages/position_tracker
[3.720s] -- Installing: /home/karroyabreu/ar4/install/position_tracker/lib/python3.12/site-packages/position_tracker/_position_tracker_s.ep.rosidl_typesupport_c.c
[3.720s] -- Installing: /home/karroyabreu/ar4/install/position_tracker/lib/python3.12/site-packages/position_tracker/srv
[3.720s] -- Installing: /home/karroyabreu/ar4/install/position_tracker/lib/python3.12/site-packages/position_tracker/srv/_get_position_s.c
[3.720s] -- Installing: /home/karroyabreu/ar4/install/position_tracker/lib/python3.12/site-packages/position_tracker/srv/__init__.py
[3.720s] -- Installing: /home/karroyabreu/ar4/install/position_tracker/lib/python3.12/site-packages/position_tracker/srv/_get_position.py
[3.720s] -- Installing: /home/karroyabreu/ar4/install/position_tracker/lib/python3.12/site-packages/position_tracker/position_tracker_s__rosidl_typesupport_c.so
[3.720s] -- Installing: /home/karroyabreu/ar4/install/position_tracker/lib/python3.12/site-packages/position_tracker/position_tracker_s__rosidl_typesupport_introspection_c.so
[3.720s] -- Installing: /home/karroyabreu/ar4/install/position_tracker/lib/python3.12/site-packages/position_tracker/_position_tracker_s.ep.rosidl_typesupport_introspection_c.c
[3.720s] -- Installing: /home/karroyabreu/ar4/install/position_tracker/lib/python3.12/site-packages/position_tracker/_position_tracker_s.ep.rosidl_typesupport_fastrtps_c.c
[3.720s] -- Installing: /home/karroyabreu/ar4/install/position_tracker/lib/python3.12/site-packages/position_tracker/position_tracker_s__rosidl_typesupport_fastrtps_c.so
[3.721s] -- Installing: /home/karroyabreu/ar4/install/position_tracker/lib/python3.12/site-packages/position_tracker/__init__.py
[3.747s] Listing '/home/karroyabreu/ar4/install/position_tracker/lib/python3.12/site-packages/position_tracker'...
[3.747s] Compiling '/home/karroyabreu/ar4/install/position_tracker/lib/python3.12/site-packages/position_tracker/__init__.py'...
[3.747s] Listing '/home/karroyabreu/ar4/install/position_tracker/lib/python3.12/site-packages/position_tracker/srv'...
[3.747s] Compiling '/home/karroyabreu/ar4/install/position_tracker/lib/python3.12/site-packages/position_tracker/srv/__init__.py'...
[3.747s] Compiling '/home/karroyabreu/ar4/install/position_tracker/lib/python3.12/site-packages/position_tracker/srv/_get_position.py'...
[3.751s] -- Installing: /home/karroyabreu/ar4/install/position_tracker/lib/python3.12/site-packages/position_tracker/position_tracker_s__rosidl_typesupport_fastrtps_c.so
[3.751s] -- Set non-toolchain portion of runtime path of "/home/karroyabreu/ar4/install/position_tracker/lib/python3.12/site-packages/position_tracker/position_tracker_s__rosidl_typesupport_fastrtps_c.so" to ""
[3.751s] -- Installing: /home/karroyabreu/ar4/install/position_tracker/lib/python3.12/site-packages/position_tracker/position_tracker_s__rosidl_typesupport_introspection_c.so
[3.751s] -- Set non-toolchain portion of runtime path of "/home/karroyabreu/ar4/install/position_tracker/lib/python3.12/site-packages/position_tracker/position_tracker_s__rosidl_typesupport_introspection_c.so" to ""
[3.751s] -- Installing: /home/karroyabreu/ar4/install/position_tracker/lib/python3.12/site-packages/position_tracker/position_tracker_s__rosidl_typesupport_c.so
[3.752s] -- Set non-toolchain portion of runtime path of "/home/karroyabreu/ar4/install/position_tracker/lib/python3.12/site-packages/position_tracker/position_tracker_s__rosidl_typesupport_c.so" to ""
[3.752s] -- Installing: /home/karroyabreu/ar4/install/position_tracker/lib/libposition_tracker__rosidl_generator_py.so
[3.752s] -- Set non-toolchain portion of runtime path of "/home/karroyabreu/ar4/install/position_tracker/lib/libposition_tracker__rosidl_generator_py.so" to ""
[3.752s] -- Installing: /home/karroyabreu/ar4/install/position_tracker/share/position_tracker/srv/GetPosition.idl
[3.752s] -- Installing: /home/karroyabreu/ar4/install/position_tracker/share/position_tracker/srv/GetPosition.srv
[3.752s] -- Installing: /home/karroyabreu/ar4/install/position_tracker/share/ament_index/resource_index/package_run_dependencies/position_tracker
[3.752s] -- Installing: /home/karroyabreu/ar4/install/position_tracker/share/ament_index/resource_index/parent_prefix_path/position_tracker
[3.753s] -- Installing: /home/karroyabreu/ar4/install/position_tracker/share/position_tracker/environment/ament_prefix_path.sh
[3.753s] -- Installing: /home/karroyabreu/ar4/install/position_tracker/share/position_tracker/environment/ament_prefix_path.dsv
[3.753s] -- Installing: /home/karroyabreu/ar4/install/position_tracker/share/position_tracker/environment/path.sh
[3.753s] -- Installing: /home/karroyabreu/ar4/install/position_tracker/share/position_tracker/environment/path.dsv
[3.753s] -- Installing: /home/karroyabreu/ar4/install/position_tracker/share/position_tracker/local_setup.bash
[3.753s] -- Installing: /home/karroyabreu/ar4/install/position_tracker/share/position_tracker/local_setup.sh
[3.753s] -- Installing: /home/karroyabreu/ar4/install/position_tracker/share/position_tracker/local_setup.zsh
[3.753s] -- Installing: /home/karroyabreu/ar4/install/position_tracker/share/position_tracker/local_setup.dsv
[3.753s] -- Installing: /home/karroyabreu/ar4/install/position_tracker/share/position_tracker/package.dsv
[3.753s] -- Installing: /home/karroyabreu/ar4/install/position_tracker/share/ament_index/resource_index/packages/position_tracker
[3.753s] -- Installing: /home/karroyabreu/ar4/install/position_tracker/share/position_tracker/cmake/export_position_tracker__rosidl_generator_cExport.cmake
[3.753s] -- Installing: /home/karroyabreu/ar4/install/position_tracker/share/position_tracker/cmake/export_position_tracker__rosidl_generator_cExport-noconfig.cmake
[3.753s] -- Installing: /home/karroyabreu/ar4/install/position_tracker/share/position_tracker/cmake/export_position_tracker__rosidl_typesupport_fastrtps_cExport.cmake
[3.753s] -- Installing: /home/karroyabreu/ar4/install/position_tracker/share/position_tracker/cmake/export_position_tracker__rosidl_typesupport_fastrtps_cExport-noconfig.cmake
[3.753s] -- Installing: /home/karroyabreu/ar4/install/position_tracker/share/position_tracker/cmake/position_tracker__rosidl_typesupport_introspection_cExport.cmake
[3.754s] -- Installing: /home/karroyabreu/ar4/install/position_tracker/share/position_tracker/cmake/position_tracker__rosidl_typesupport_introspection_cExport-noconfig.cmake
[3.754s] -- Installing: /home/karroyabreu/ar4/install/position_tracker/share/position_tracker/cmake/position_tracker__rosidl_typesupport_cExport.cmake
[3.754s] -- Installing: /home/karroyabreu/ar4/install/position_tracker/share/position_tracker/cmake/position_tracker__rosidl_typesupport_cExport-noconfig.cmake
[3.754s] -- Installing: /home/karroyabreu/ar4/install/position_tracker/share/position_tracker/cmake/export_position_tracker__rosidl_generator_cppExport.cmake
[3.754s] -- Installing: /home/karroyabreu/ar4/install/position_tracker/share/position_tracker/cmake/export_position_tracker__rosidl_typesupport_fastrtps_cppExport.cmake
[3.754s] -- Installing: /home/karroyabreu/ar4/install/position_tracker/share/position_tracker/cmake/export_position_tracker__rosidl_typesupport_fastrtps_cppExport-noconfig.cmake
[3.754s] -- Installing: /home/karroyabreu/ar4/install/position_tracker/share/position_tracker/cmake/position_tracker__rosidl_typesupport_introspection_cppExport.cmake
[3.754s] -- Installing: /home/karroyabreu/ar4/install/position_tracker/share/position_tracker/cmake/position_tracker__rosidl_typesupport_introspection_cppExport-noconfig.cmake
[3.754s] -- Installing: /home/karroyabreu/ar4/install/position_tracker/share/position_tracker/cmake/position_tracker__rosidl_typesupport_cppExport.cmake
[3.754s] -- Installing: /home/karroyabreu/ar4/install/position_tracker/share/position_tracker/cmake/position_tracker__rosidl_typesupport_cppExport-noconfig.cmake
[3.754s] -- Installing: /home/karroyabreu/ar4/install/position_tracker/share/position_tracker/cmake/export_position_tracker__rosidl_generator_pyExport.cmake
[3.754s] -- Installing: /home/karroyabreu/ar4/install/position_tracker/share/position_tracker/cmake/export_position_tracker__rosidl_generator_pyExport-noconfig.cmake
[3.754s] -- Installing: /home/karroyabreu/ar4/install/position_tracker/share/position_tracker/cmake/rosidl_cmake-extras.cmake
[3.754s] -- Installing: /home/karroyabreu/ar4/install/position_tracker/share/position_tracker/cmake/ament_cmake_export_dependencies-extras.cmake
[3.754s] -- Installing: /home/karroyabreu/ar4/install/position_tracker/share/position_tracker/cmake/ament_cmake_export_include_directories-extras.cmake
[3.755s] -- Installing: /home/karroyabreu/ar4/install/position_tracker/share/position_tracker/cmake/ament_cmake_export_libraries-extras.cmake
[3.755s] -- Installing: /home/karroyabreu/ar4/install/position_tracker/share/position_tracker/cmake/ament_cmake_export_targets-extras.cmake
[3.755s] -- Installing: /home/karroyabreu/ar4/install/position_tracker/share/position_tracker/cmake/rosidl_cmake_export_typesupport_targets-extras.cmake
[3.755s] -- Installing: /home/karroyabreu/ar4/install/position_tracker/share/position_tracker/cmake/rosidl_cmake_export_typesupport_libraries-extras.cmake
[3.755s] -- Installing: /home/karroyabreu/ar4/install/position_tracker/share/position_tracker/cmake/position_trackerConfig.cmake
[3.755s] -- Installing: /home/karroyabreu/ar4/install/position_tracker/share/position_tracker/cmake/position_trackerConfig-version.cmake
[3.755s] -- Installing: /home/karroyabreu/ar4/install/position_tracker/share/position_tracker/package.xml
[3.757s] Invoked command in '/home/karroyabreu/ar4/build/position_tracker' returned '0': CMAKE_PREFIX_PATH=${CMAKE_PREFIX_PATH}:/home/karroyabreu/ar4/install/opencv_pkg:/home/karroyabreu/ar4/install/position_tracker:/home/karroyabreu/ar4/install/pose_gui:/opt/ros/jazzy DEBUGINFOD_URLS=https://debuginfod.ubuntu.com /usr/bin/cmake --install /home/karroyabreu/ar4/build/position_tracker
