-- The C compiler identification is GNU 13.3.0
-- The CXX compiler identification is GNU 13.3.0
-- Detecting C compiler ABI info
-- Detecting C compiler ABI info - done
-- Check for working C compiler: /usr/bin/cc - skipped
-- Detecting C compile features
-- Detecting C compile features - done
-- Detecting CXX compiler ABI info
-- Detecting CXX compiler ABI info - done
-- Check for working CXX compiler: /usr/bin/c++ - skipped
-- Detecting CXX compile features
-- Detecting CXX compile features - done
-- Found ament_cmake: 2.5.4 (/opt/ros/jazzy/share/ament_cmake/cmake)
-- Found Python3: /usr/bin/python3 (found version "3.12.3") found components: Interpreter 
-- Found builtin_interfaces: 2.0.2 (/opt/ros/jazzy/share/builtin_interfaces/cmake)
-- Found rosidl_generator_c: 4.6.5 (/opt/ros/jazzy/share/rosidl_generator_c/cmake)
-- Found rosidl_generator_cpp: 4.6.5 (/opt/ros/jazzy/share/rosidl_generator_cpp/cmake)
-- Using all available rosidl_typesupport_c: rosidl_typesupport_fastrtps_c;rosidl_typesupport_introspection_c
-- Using all available rosidl_typesupport_cpp: rosidl_typesupport_fastrtps_cpp;rosidl_typesupport_introspection_cpp
-- Found geometry_msgs: 5.3.6 (/opt/ros/jazzy/share/geometry_msgs/cmake)
-- Found gz_math_vendor: 0.0.8 (/opt/ros/jazzy/share/gz_math_vendor/cmake)
-- Looking for gz-math7 -- found version 7.5.2
-- Searching for dependencies of gz-math7
-- Looking for gz-utils2 -- found version 2.2.1
-- Searching for dependencies of gz-utils2
-- Found gz_msgs_vendor: 0.0.6 (/opt/ros/jazzy/share/gz_msgs_vendor/cmake)
-- Looking for gz-msgs10 -- found version 10.3.2
-- Searching for dependencies of gz-msgs10
-- Found Protobuf: /usr/lib/x86_64-linux-gnu/libprotobuf.so (found version "3.21.12") 
-- Looking for gz-utils2 -- found version 2.2.1
-- Looking for gz-math7 -- found version 7.5.2
-- Checking for module 'tinyxml2'
--   Found tinyxml2, version 10.0.0
-- Found gz_sim_vendor: 0.0.8 (/opt/ros/jazzy/share/gz_sim_vendor/cmake)
-- Looking for gz-sim8 -- found version 8.9.0
-- Searching for dependencies of gz-sim8
-- Looking for sdformat14 -- found version 14.7.0
-- Searching for dependencies of sdformat14
-- Looking for gz-math7 -- found version 7.5.2
-- Looking for gz-utils2 -- found version 2.2.1
-- Searching for dependencies of gz-utils2
-- Searching for <gz-utils2> component [cli]
-- Looking for gz-utils2-cli -- found version 2.2.1
-- Searching for dependencies of gz-utils2-cli
-- Looking for gz-plugin2 -- found version 2.0.4
-- Searching for dependencies of gz-plugin2
-- Looking for gz-utils2 -- found version 2.2.1
-- Searching for <gz-plugin2> component [loader]
-- Looking for gz-plugin2-loader -- found version 2.0.4
-- Searching for dependencies of gz-plugin2-loader
-- Searching for <gz-plugin2> component [register]
-- Looking for gz-plugin2-register -- found version 2.0.4
-- Searching for dependencies of gz-plugin2-register
-- Looking for gz-transport13 -- found version 13.4.1
-- Searching for dependencies of gz-transport13
-- Config-file not installed for ZeroMQ -- checking for pkg-config
-- Checking for module 'libzmq >= 4'
--   Found libzmq, version 4.3.5
-- Found ZeroMQ: TRUE (Required is at least version "4") 
-- Checking for module 'uuid'
--   Found uuid, version 2.39.3
-- Found UUID: TRUE  
-- Looking for gz-utils2 -- found version 2.2.1
-- Looking for gz-msgs10 -- found version 10.3.2
-- Searching for <gz-transport13> component [log]
-- Looking for gz-transport13-log -- found version 13.4.1
-- Searching for dependencies of gz-transport13-log
-- Searching for <gz-transport13> component [parameters]
-- Looking for gz-transport13-parameters -- found version 13.4.1
-- Searching for dependencies of gz-transport13-parameters
-- Looking for gz-msgs10 -- found version 10.3.2
-- Looking for gz-common5 -- found version 5.7.1
-- Searching for dependencies of gz-common5
-- Looking for gz-utils2 -- found version 2.2.1
-- Looking for dlfcn.h - found
-- Looking for libdl - found
-- Found DL: TRUE  
-- Searching for <gz-common5> component [av]
-- Looking for gz-common5-av -- found version 5.7.1
-- Searching for dependencies of gz-common5-av
-- Checking for module 'libswscale'
--   Found libswscale, version 7.5.100
-- Found SWSCALE: TRUE  
-- Checking for module 'libavdevice >= 56.4.100'
--   Found libavdevice, version 60.3.100
-- Found AVDEVICE: TRUE (Required is at least version "56.4.100") 
-- Checking for module 'libavformat'
--   Found libavformat, version 60.16.100
-- Found AVFORMAT: TRUE  
-- Checking for module 'libavcodec'
--   Found libavcodec, version 60.31.102
-- Found AVCODEC: TRUE  
-- Checking for module 'libavutil'
--   Found libavutil, version 58.29.100
-- Found AVUTIL: TRUE  
-- Searching for <gz-common5> component [events]
-- Looking for gz-common5-events -- found version 5.7.1
-- Searching for dependencies of gz-common5-events
-- Looking for gz-math7 -- found version 7.5.2
-- Searching for <gz-common5> component [graphics]
-- Looking for gz-common5-graphics -- found version 5.7.1
-- Searching for dependencies of gz-common5-graphics
-- Looking for gz-math7 -- found version 7.5.2
-- Found GzAssimp: TRUE (found version "5.3.0") 
-- Searching for <gz-common5> component [io]
-- Looking for gz-common5-io -- found version 5.7.1
-- Searching for dependencies of gz-common5-io
-- Searching for <gz-common5> component [profiler]
-- Looking for gz-common5-profiler -- found version 5.7.1
-- Searching for dependencies of gz-common5-profiler
-- Looking for gz-fuel_tools9 -- found version 9.1.1
-- Searching for dependencies of gz-fuel_tools9
-- Found CURL: /usr/lib/x86_64-linux-gnu/libcurl.so (found version "8.5.0")  
-- Checking for module 'jsoncpp'
--   Found jsoncpp, version 1.9.5
-- Found JSONCPP: TRUE  
-- Checking for module 'yaml-0.1'
--   Found yaml-0.1, version 0.2.5
-- Found YAML: TRUE  
-- Checking for module 'libzip'
--   Found libzip, version 1.7.3
-- Found ZIP: TRUE  
-- Looking for gz-utils2 -- found version 2.2.1
-- Looking for gz-common5 -- found version 5.7.1
-- Searching for dependencies of gz-common5
-- Looking for gz-utils2 -- found version 2.2.1
-- Looking for dlfcn.h - found
-- Looking for libdl - found
-- Searching for <gz-common5> component [testing]
-- Looking for gz-common5-testing -- found version 5.7.1
-- Searching for dependencies of gz-common5-testing
-- Looking for gz-math7 -- found version 7.5.2
-- Looking for gz-msgs10 -- found version 10.3.2
-- Looking for gz-gui8 -- found version 8.4.0
-- Searching for dependencies of gz-gui8
-- Looking for gz-utils2 -- found version 2.2.1
-- Looking for gz-math7 -- found version 7.5.2
-- Looking for gz-common5 -- found version 5.7.1
-- Looking for gz-plugin2 -- found version 2.0.4
-- Looking for gz-transport13 -- found version 13.4.1
-- Looking for gz-rendering8 -- found version 8.2.2
-- Searching for dependencies of gz-rendering8
-- Looking for gz-math7 -- found version 7.5.2
-- Searching for dependencies of gz-math7
-- Looking for gz-utils2 -- found version 2.2.1
-- Searching for <gz-math7> component [eigen3]
-- Looking for gz-math7-eigen3 -- found version 7.5.2
-- Searching for dependencies of gz-math7-eigen3
-- Looking for gz-common5 -- found version 5.7.1
-- Searching for dependencies of gz-common5
-- Looking for gz-utils2 -- found version 2.2.1
-- Looking for dlfcn.h - found
-- Looking for libdl - found
-- Searching for <gz-common5> component [graphics]
-- Searching for <gz-common5> component [events]
-- Searching for <gz-common5> component [geospatial]
-- Looking for gz-common5-geospatial -- found version 5.7.1
-- Searching for dependencies of gz-common5-geospatial
-- Looking for gz-math7 -- found version 7.5.2
-- Looking for gz-common5 -- found version 5.7.1
-- Looking for gz-plugin2 -- found version 2.0.4
-- Searching for dependencies of gz-plugin2
-- Looking for gz-utils2 -- found version 2.2.1
-- Searching for <gz-plugin2> component [all]
-- Looking for all libraries of gz-plugin2 -- found version 2.0.4
-- Looking for gz-plugin2 -- found version 2.0.4
-- Looking for gz-utils2 -- found version 2.2.1
-- Found OpenGL: /usr/lib/x86_64-linux-gnu/libOpenGL.so  found components: OpenGL 
-- Looking for gz-msgs10 -- found version 10.3.2
-- Looking for gz-physics7 -- found version 7.5.0
-- Searching for dependencies of gz-physics7
-- Looking for gz-common5 -- found version 5.7.1
-- Looking for gz-math7 -- found version 7.5.2
-- Looking for gz-plugin2 -- found version 2.0.4
-- Looking for gz-utils2 -- found version 2.2.1
-- Searching for <gz-physics7> component [heightmap]
-- Looking for gz-physics7-heightmap -- found version 7.5.0
-- Searching for dependencies of gz-physics7-heightmap
-- Looking for gz-common5 -- found version 5.7.1
-- Searching for <gz-physics7> component [mesh]
-- Looking for gz-physics7-mesh -- found version 7.5.0
-- Searching for dependencies of gz-physics7-mesh
-- Looking for gz-common5 -- found version 5.7.1
-- Searching for <gz-physics7> component [sdf]
-- Looking for gz-physics7-sdf -- found version 7.5.0
-- Searching for dependencies of gz-physics7-sdf
-- Looking for sdformat14 -- found version 14.7.0
-- Looking for gz-sensors8 -- found version 8.2.2
-- Searching for dependencies of gz-sensors8
-- Looking for gz-math7 -- found version 7.5.2
-- Looking for gz-common5 -- found version 5.7.1
-- Looking for gz-transport13 -- found version 13.4.1
-- Looking for gz-rendering8 -- found version 8.2.2
-- Looking for gz-msgs10 -- found version 10.3.2
-- Looking for sdformat14 -- found version 14.7.0
-- Searching for <gz-sensors8> component [air_pressure]
-- Looking for gz-sensors8-air_pressure -- found version 8.2.2
-- Searching for dependencies of gz-sensors8-air_pressure
-- Searching for <gz-sensors8> component [air_speed]
-- Looking for gz-sensors8-air_speed -- found version 8.2.2
-- Searching for dependencies of gz-sensors8-air_speed
-- Searching for <gz-sensors8> component [altimeter]
-- Looking for gz-sensors8-altimeter -- found version 8.2.2
-- Searching for dependencies of gz-sensors8-altimeter
-- Searching for <gz-sensors8> component [imu]
-- Looking for gz-sensors8-imu -- found version 8.2.2
-- Searching for dependencies of gz-sensors8-imu
-- Searching for <gz-sensors8> component [force_torque]
-- Looking for gz-sensors8-force_torque -- found version 8.2.2
-- Searching for dependencies of gz-sensors8-force_torque
-- Searching for <gz-sensors8> component [logical_camera]
-- Looking for gz-sensors8-logical_camera -- found version 8.2.2
-- Searching for dependencies of gz-sensors8-logical_camera
-- Searching for <gz-sensors8> component [magnetometer]
-- Looking for gz-sensors8-magnetometer -- found version 8.2.2
-- Searching for dependencies of gz-sensors8-magnetometer
-- Searching for <gz-sensors8> component [navsat]
-- Looking for gz-sensors8-navsat -- found version 8.2.2
-- Searching for dependencies of gz-sensors8-navsat
-- Searching for <gz-sensors8> component [dvl]
-- Looking for gz-sensors8-dvl -- found version 8.2.2
-- Searching for dependencies of gz-sensors8-dvl
-- Looking for gz-sensors8 -- found version 8.2.2
-- Searching for dependencies of gz-sensors8
-- Looking for gz-math7 -- found version 7.5.2
-- Looking for gz-common5 -- found version 5.7.1
-- Looking for gz-transport13 -- found version 13.4.1
-- Looking for gz-rendering8 -- found version 8.2.2
-- Looking for gz-msgs10 -- found version 10.3.2
-- Looking for sdformat14 -- found version 14.7.0
-- Searching for <gz-sensors8> component [rendering]
-- Looking for gz-sensors8-rendering -- found version 8.2.2
-- Searching for dependencies of gz-sensors8-rendering
-- Searching for <gz-sensors8> component [rendering]
-- Searching for <gz-sensors8> component [lidar]
-- Looking for gz-sensors8-lidar -- found version 8.2.2
-- Searching for dependencies of gz-sensors8-lidar
-- Looking for gz-sensors8 -- found version 8.2.2
-- Searching for <gz-sensors8> component [gpu_lidar]
-- Looking for gz-sensors8-gpu_lidar -- found version 8.2.2
-- Searching for dependencies of gz-sensors8-gpu_lidar
-- Looking for gz-sensors8 -- found version 8.2.2
-- Searching for <gz-sensors8> component [camera]
-- Looking for gz-sensors8-camera -- found version 8.2.2
-- Searching for dependencies of gz-sensors8-camera
-- Looking for gz-sensors8 -- found version 8.2.2
-- Searching for <gz-sensors8> component [boundingbox_camera]
-- Looking for gz-sensors8-boundingbox_camera -- found version 8.2.2
-- Searching for dependencies of gz-sensors8-boundingbox_camera
-- Searching for <gz-sensors8> component [segmentation_camera]
-- Looking for gz-sensors8-segmentation_camera -- found version 8.2.2
-- Searching for dependencies of gz-sensors8-segmentation_camera
-- Searching for <gz-sensors8> component [depth_camera]
-- Looking for gz-sensors8-depth_camera -- found version 8.2.2
-- Searching for dependencies of gz-sensors8-depth_camera
-- Looking for gz-sensors8 -- found version 8.2.2
-- Searching for <gz-sensors8> component [rgbd_camera]
-- Looking for gz-sensors8-rgbd_camera -- found version 8.2.2
-- Searching for dependencies of gz-sensors8-rgbd_camera
-- Looking for gz-sensors8 -- found version 8.2.2
-- Searching for <gz-sensors8> component [thermal_camera]
-- Looking for gz-sensors8-thermal_camera -- found version 8.2.2
-- Searching for dependencies of gz-sensors8-thermal_camera
-- Looking for gz-sensors8 -- found version 8.2.2
-- Searching for <gz-sensors8> component [wide_angle_camera]
-- Looking for gz-sensors8-wide_angle_camera -- found version 8.2.2
-- Searching for dependencies of gz-sensors8-wide_angle_camera
-- Looking for gz-rendering8 -- found version 8.2.2
-- Looking for gz-math7 -- found version 7.5.2
-- Looking for gz-utils2 -- found version 2.2.1
-- Looking for gz-transport13 -- found version 13.4.1
-- Found rclcpp: 28.1.9 (/opt/ros/jazzy/share/rclcpp/cmake)
-- Found rmw_implementation_cmake: 7.3.2 (/opt/ros/jazzy/share/rmw_implementation_cmake/cmake)
-- Found rmw_fastrtps_cpp: 8.4.2 (/opt/ros/jazzy/share/rmw_fastrtps_cpp/cmake)
-- Found OpenSSL: /usr/lib/x86_64-linux-gnu/libcrypto.so (found version "3.0.13")  
-- Found FastRTPS: /opt/ros/jazzy/include (Required is at least version "2.13") 
-- Using RMW implementation 'rmw_fastrtps_cpp' as default
-- Found rclcpp_components: 28.1.9 (/opt/ros/jazzy/share/rclcpp_components/cmake)
-- Found ros_gz_interfaces: 1.0.16 (/home/karroyabreu/ar4/install/ros_gz_interfaces/share/ros_gz_interfaces/cmake)
-- Found tf2: 0.36.11 (/opt/ros/jazzy/share/tf2/cmake)
-- Found tf2_ros: 0.36.11 (/opt/ros/jazzy/share/tf2_ros/cmake)
-- Looking for gflags - found

-- Found ament_lint_auto: 0.17.2 (/opt/ros/jazzy/share/ament_lint_auto/cmake)
-- Found python_cmake_module: 0.11.1 (/opt/ros/jazzy/share/python_cmake_module/cmake)
-- Found PythonExtra: /usr/bin/python3  
-- Found ament_cmake_gtest: 2.5.4 (/opt/ros/jazzy/share/ament_cmake_gtest/cmake)
-- Found gtest sources under '/opt/ros/jazzy/src/gtest_vendor': C++ tests using 'Google Test' will be built
-- Found Threads: TRUE  
-- Added test 'copyright' to check source files copyright and LICENSE
-- Added test 'cppcheck' to perform static code analysis on C / C++ code
-- Configured cppcheck include dirs: $<BUILD_INTERFACE:/home/karroyabreu/ar4/src/ros_gz/ros_gz_sim/include>
-- Configured cppcheck exclude dirs and/or files: 
-- Added test 'cpplint' to check C / C++ code against the Google style
-- Configured cpplint exclude dirs and/or files: 
-- Added test 'flake8' to check Python code syntax and style conventions
-- Configured 'flake8' exclude dirs and/or files: 
-- Added test 'lint_cmake' to check CMake code style
-- Added test 'pep257' to check Python code against some of the docstring style conventions in PEP 257
-- Added test 'uncrustify' to check C / C++ code style
-- Configured uncrustify additional arguments: 
-- Added test 'xmllint' to check XML markup files
-- Configuring done (2.6s)
-- Generating done (0.2s)
-- Build files have been written to: /home/karroyabreu/ar4/build/ros_gz_sim
[  2%] [32mBuilding CXX object CMakeFiles/create.dir/src/create.cpp.o[0m
[  2%] Built target ament_cmake_python_copy_ros_gz_sim_setup
[  5%] [32mBuilding CXX object CMakeFiles/ros_gz_sim_set_entity_pose.dir/src/set_entity_pose.cpp.o[0m
[  7%] [32mBuilding CXX object CMakeFiles/gzserver.dir/rclcpp_components/node_main_gzserver.cpp.o[0m
[ 10%] [32mBuilding CXX object CMakeFiles/ros_gz_sim.dir/src/Stopwatch.cpp.o[0m
[ 13%] [32mBuilding CXX object CMakeFiles/ros_gz_sim_delete_entity.dir/src/delete_entity.cpp.o[0m
[ 18%] [32mBuilding CXX object CMakeFiles/remove.dir/src/remove.cpp.o[0m
[ 21%] [32mBuilding CXX object gtest/CMakeFiles/gtest_main.dir/src/gtest_main.cc.o[0m
[ 15%] [32mBuilding CXX object CMakeFiles/gzserver_component.dir/src/gzserver.cpp.o[0m
[ 21%] Built target ament_cmake_python_copy_ros_gz_sim
[ 23%] [32mBuilding CXX object gtest/CMakeFiles/gtest.dir/src/gtest-all.cc.o[0m
[ 26%] [32mBuilding CXX object CMakeFiles/ros_gz_sim_spawn_entity.dir/src/spawn_entity.cpp.o[0m
running egg_info
creating ros_gz_sim.egg-info
writing ros_gz_sim.egg-info/PKG-INFO
writing dependency_links to ros_gz_sim.egg-info/dependency_links.txt
writing entry points to ros_gz_sim.egg-info/entry_points.txt
writing top-level names to ros_gz_sim.egg-info/top_level.txt
writing manifest file 'ros_gz_sim.egg-info/SOURCES.txt'
reading manifest file 'ros_gz_sim.egg-info/SOURCES.txt'
writing manifest file 'ros_gz_sim.egg-info/SOURCES.txt'
[ 26%] Built target ament_cmake_python_build_ros_gz_sim_egg
[ 28%] [32m[1mLinking CXX shared library libros_gz_sim.so[0m
[ 28%] Built target ros_gz_sim
[ 31%] [32m[1mLinking CXX static library libgtest_main.a[0m
[ 31%] Built target gtest_main
[ 34%] [32m[1mLinking CXX executable gzserver[0m
[ 34%] Built target gzserver
[ 36%] [32m[1mLinking CXX shared library libgzserver_component.so[0m
[ 39%] [32m[1mLinking CXX executable remove[0m
[ 39%] Built target gzserver_component
[ 39%] Built target remove
[ 42%] [32m[1mLinking CXX static library libgtest.a[0m
[ 42%] Built target gtest
[ 44%] [32mBuilding CXX object CMakeFiles/test_create.dir/test/test_create.cpp.o[0m
[ 50%] [32mBuilding CXX object CMakeFiles/test_stopwatch.dir/test/test_stopwatch.cpp.o[0m
[ 50%] [32mBuilding CXX object CMakeFiles/test_remove.dir/test/test_remove.cpp.o[0m
[ 52%] [32m[1mLinking CXX executable test_create[0m
[ 55%] [32m[1mLinking CXX shared library libros_gz_sim_delete_entity.so[0m
[ 55%] Built target test_create
[ 57%] [32m[1mLinking CXX executable test_remove[0m
[ 60%] [32m[1mLinking CXX shared library libros_gz_sim_set_entity_pose.so[0m
[ 60%] Built target ros_gz_sim_delete_entity
[ 63%] [32mBuilding CXX object CMakeFiles/test_delete_entity.dir/test/test_delete_entity.cpp.o[0m
[ 65%] [32mBuilding CXX object CMakeFiles/delete_entity.dir/src/delete_entity.cpp.o[0m
[ 65%] Built target test_remove
[ 65%] Built target ros_gz_sim_set_entity_pose
[ 68%] [32mBuilding CXX object CMakeFiles/set_entity_pose.dir/src/set_entity_pose.cpp.o[0m
[ 71%] [32mBuilding CXX object CMakeFiles/test_set_entity_pose.dir/test/test_set_entity_pose.cpp.o[0m
[ 73%] [32m[1mLinking CXX shared library libros_gz_sim_spawn_entity.so[0m
[ 73%] Built target ros_gz_sim_spawn_entity
[ 78%] [32mBuilding CXX object CMakeFiles/test_spawn_entity.dir/test/test_spawn_entity.cpp.o[0m
[ 78%] [32mBuilding CXX object CMakeFiles/spawn_entity.dir/src/spawn_entity.cpp.o[0m
[ 81%] [32m[1mLinking CXX executable test_stopwatch[0m
[ 84%] [32m[1mLinking CXX executable create[0m
[ 84%] Built target test_stopwatch
[ 84%] Built target create
[ 86%] [32m[1mLinking CXX executable test_delete_entity[0m
[ 86%] Built target test_delete_entity
[ 89%] [32m[1mLinking CXX executable test_set_entity_pose[0m
[ 89%] Built target test_set_entity_pose
[ 92%] [32m[1mLinking CXX executable test_spawn_entity[0m
[ 92%] Built target test_spawn_entity
[ 94%] [32m[1mLinking CXX executable delete_entity[0m
[ 94%] Built target delete_entity
[ 97%] [32m[1mLinking CXX executable set_entity_pose[0m
[ 97%] Built target set_entity_pose
[100%] [32m[1mLinking CXX executable spawn_entity[0m
[100%] Built target spawn_entity
-- Install configuration: ""
-- Installing: /home/karroyabreu/ar4/install/ros_gz_sim/share/ros_gz_sim/environment/pythonpath.sh
-- Installing: /home/karroyabreu/ar4/install/ros_gz_sim/share/ros_gz_sim/environment/pythonpath.dsv
-- Installing: /home/karroyabreu/ar4/install/ros_gz_sim/lib/python3.12/site-packages/ros_gz_sim-1.0.16-py3.12.egg-info
-- Installing: /home/karroyabreu/ar4/install/ros_gz_sim/lib/python3.12/site-packages/ros_gz_sim-1.0.16-py3.12.egg-info/top_level.txt
-- Installing: /home/karroyabreu/ar4/install/ros_gz_sim/lib/python3.12/site-packages/ros_gz_sim-1.0.16-py3.12.egg-info/entry_points.txt
-- Installing: /home/karroyabreu/ar4/install/ros_gz_sim/lib/python3.12/site-packages/ros_gz_sim-1.0.16-py3.12.egg-info/SOURCES.txt
-- Installing: /home/karroyabreu/ar4/install/ros_gz_sim/lib/python3.12/site-packages/ros_gz_sim-1.0.16-py3.12.egg-info/dependency_links.txt
-- Installing: /home/karroyabreu/ar4/install/ros_gz_sim/lib/python3.12/site-packages/ros_gz_sim-1.0.16-py3.12.egg-info/PKG-INFO
-- Installing: /home/karroyabreu/ar4/install/ros_gz_sim/lib/python3.12/site-packages/ros_gz_sim
-- Installing: /home/karroyabreu/ar4/install/ros_gz_sim/lib/python3.12/site-packages/ros_gz_sim/actions
-- Installing: /home/karroyabreu/ar4/install/ros_gz_sim/lib/python3.12/site-packages/ros_gz_sim/actions/gzserver.py
-- Installing: /home/karroyabreu/ar4/install/ros_gz_sim/lib/python3.12/site-packages/ros_gz_sim/actions/gz_spawn_model.py
-- Installing: /home/karroyabreu/ar4/install/ros_gz_sim/lib/python3.12/site-packages/ros_gz_sim/actions/__init__.py
-- Installing: /home/karroyabreu/ar4/install/ros_gz_sim/lib/python3.12/site-packages/ros_gz_sim/__init__.py
Listing '/home/karroyabreu/ar4/install/ros_gz_sim/lib/python3.12/site-packages/ros_gz_sim'...
Compiling '/home/karroyabreu/ar4/install/ros_gz_sim/lib/python3.12/site-packages/ros_gz_sim/__init__.py'...
Listing '/home/karroyabreu/ar4/install/ros_gz_sim/lib/python3.12/site-packages/ros_gz_sim/actions'...
Compiling '/home/karroyabreu/ar4/install/ros_gz_sim/lib/python3.12/site-packages/ros_gz_sim/actions/__init__.py'...
Compiling '/home/karroyabreu/ar4/install/ros_gz_sim/lib/python3.12/site-packages/ros_gz_sim/actions/gz_spawn_model.py'...
Compiling '/home/karroyabreu/ar4/install/ros_gz_sim/lib/python3.12/site-packages/ros_gz_sim/actions/gzserver.py'...
-- Installing: /home/karroyabreu/ar4/install/ros_gz_sim/lib/ros_gz_sim/gzserver
-- Set non-toolchain portion of runtime path of "/home/karroyabreu/ar4/install/ros_gz_sim/lib/ros_gz_sim/gzserver" to ""
-- Installing: /home/karroyabreu/ar4/install/ros_gz_sim/include/ros_gz_sim
-- Installing: /home/karroyabreu/ar4/install/ros_gz_sim/include/ros_gz_sim/spawn_entity.hpp
-- Installing: /home/karroyabreu/ar4/install/ros_gz_sim/include/ros_gz_sim/set_entity_pose.hpp
-- Installing: /home/karroyabreu/ar4/install/ros_gz_sim/include/ros_gz_sim/Stopwatch.hpp
-- Installing: /home/karroyabreu/ar4/install/ros_gz_sim/include/ros_gz_sim/delete_entity.hpp
-- Installing: /home/karroyabreu/ar4/install/ros_gz_sim/share/ros_gz_sim/launch/gz_sim.launch.py
-- Installing: /home/karroyabreu/ar4/install/ros_gz_sim/share/ros_gz_sim/launch/gz_remove_model.launch.py
-- Installing: /home/karroyabreu/ar4/install/ros_gz_sim/share/ros_gz_sim/launch/gz_server.launch
-- Installing: /home/karroyabreu/ar4/install/ros_gz_sim/share/ros_gz_sim/launch/gz_server.launch.py
-- Installing: /home/karroyabreu/ar4/install/ros_gz_sim/share/ros_gz_sim/launch/gz_spawn_model.launch
-- Installing: /home/karroyabreu/ar4/install/ros_gz_sim/share/ros_gz_sim/launch/gz_spawn_model.launch.py
-- Installing: /home/karroyabreu/ar4/install/ros_gz_sim/share/ros_gz_sim/launch/ros_gz_sim.launch
-- Installing: /home/karroyabreu/ar4/install/ros_gz_sim/share/ros_gz_sim/launch/ros_gz_sim.launch.py
-- Installing: /home/karroyabreu/ar4/install/ros_gz_sim/share/ros_gz_sim/launch/ros_gz_spawn_model.launch.py
-- Installing: /home/karroyabreu/ar4/install/ros_gz_sim/lib/ros_gz_sim/create
-- Set non-toolchain portion of runtime path of "/home/karroyabreu/ar4/install/ros_gz_sim/lib/ros_gz_sim/create" to ""
-- Installing: /home/karroyabreu/ar4/install/ros_gz_sim/lib/ros_gz_sim/delete_entity
-- Set non-toolchain portion of runtime path of "/home/karroyabreu/ar4/install/ros_gz_sim/lib/ros_gz_sim/delete_entity" to ""
-- Installing: /home/karroyabreu/ar4/install/ros_gz_sim/lib/ros_gz_sim/remove
-- Set non-toolchain portion of runtime path of "/home/karroyabreu/ar4/install/ros_gz_sim/lib/ros_gz_sim/remove" to ""
-- Installing: /home/karroyabreu/ar4/install/ros_gz_sim/lib/ros_gz_sim/set_entity_pose
-- Set non-toolchain portion of runtime path of "/home/karroyabreu/ar4/install/ros_gz_sim/lib/ros_gz_sim/set_entity_pose" to ""
-- Installing: /home/karroyabreu/ar4/install/ros_gz_sim/lib/ros_gz_sim/spawn_entity
-- Set non-toolchain portion of runtime path of "/home/karroyabreu/ar4/install/ros_gz_sim/lib/ros_gz_sim/spawn_entity" to ""
-- Up-to-date: /home/karroyabreu/ar4/install/ros_gz_sim/lib/ros_gz_sim/gzserver
-- Installing: /home/karroyabreu/ar4/install/ros_gz_sim/lib/libgzserver_component.so
-- Set non-toolchain portion of runtime path of "/home/karroyabreu/ar4/install/ros_gz_sim/lib/libgzserver_component.so" to ""
-- Installing: /home/karroyabreu/ar4/install/ros_gz_sim/lib/libros_gz_sim.so
-- Set non-toolchain portion of runtime path of "/home/karroyabreu/ar4/install/ros_gz_sim/lib/libros_gz_sim.so" to ""
-- Installing: /home/karroyabreu/ar4/install/ros_gz_sim/lib/libros_gz_sim_spawn_entity.so
-- Set non-toolchain portion of runtime path of "/home/karroyabreu/ar4/install/ros_gz_sim/lib/libros_gz_sim_spawn_entity.so" to ""
-- Installing: /home/karroyabreu/ar4/install/ros_gz_sim/lib/libros_gz_sim_set_entity_pose.so
-- Set non-toolchain portion of runtime path of "/home/karroyabreu/ar4/install/ros_gz_sim/lib/libros_gz_sim_set_entity_pose.so" to ""
-- Installing: /home/karroyabreu/ar4/install/ros_gz_sim/lib/libros_gz_sim_delete_entity.so
-- Set non-toolchain portion of runtime path of "/home/karroyabreu/ar4/install/ros_gz_sim/lib/libros_gz_sim_delete_entity.so" to ""
-- Installing: /home/karroyabreu/ar4/install/ros_gz_sim/lib/ros_gz_sim/test_create
-- Set non-toolchain portion of runtime path of "/home/karroyabreu/ar4/install/ros_gz_sim/lib/ros_gz_sim/test_create" to ""
-- Installing: /home/karroyabreu/ar4/install/ros_gz_sim/lib/ros_gz_sim/test_remove
-- Set non-toolchain portion of runtime path of "/home/karroyabreu/ar4/install/ros_gz_sim/lib/ros_gz_sim/test_remove" to ""
-- Installing: /home/karroyabreu/ar4/install/ros_gz_sim/lib/ros_gz_sim/test_spawn_entity
-- Set non-toolchain portion of runtime path of "/home/karroyabreu/ar4/install/ros_gz_sim/lib/ros_gz_sim/test_spawn_entity" to ""
-- Installing: /home/karroyabreu/ar4/install/ros_gz_sim/lib/ros_gz_sim/test_set_entity_pose
-- Set non-toolchain portion of runtime path of "/home/karroyabreu/ar4/install/ros_gz_sim/lib/ros_gz_sim/test_set_entity_pose" to ""
-- Installing: /home/karroyabreu/ar4/install/ros_gz_sim/lib/ros_gz_sim/test_delete_entity
-- Set non-toolchain portion of runtime path of "/home/karroyabreu/ar4/install/ros_gz_sim/lib/ros_gz_sim/test_delete_entity" to ""
-- Installing: /home/karroyabreu/ar4/install/ros_gz_sim/lib/ros_gz_sim/test_stopwatch
-- Set non-toolchain portion of runtime path of "/home/karroyabreu/ar4/install/ros_gz_sim/lib/ros_gz_sim/test_stopwatch" to ""
-- Installing: /home/karroyabreu/ar4/install/ros_gz_sim/share/ament_index/resource_index/package_run_dependencies/ros_gz_sim
-- Installing: /home/karroyabreu/ar4/install/ros_gz_sim/share/ament_index/resource_index/parent_prefix_path/ros_gz_sim
-- Installing: /home/karroyabreu/ar4/install/ros_gz_sim/share/ros_gz_sim/environment/ament_prefix_path.sh
-- Installing: /home/karroyabreu/ar4/install/ros_gz_sim/share/ros_gz_sim/environment/ament_prefix_path.dsv
-- Installing: /home/karroyabreu/ar4/install/ros_gz_sim/share/ros_gz_sim/environment/path.sh
-- Installing: /home/karroyabreu/ar4/install/ros_gz_sim/share/ros_gz_sim/environment/path.dsv
-- Installing: /home/karroyabreu/ar4/install/ros_gz_sim/share/ros_gz_sim/local_setup.bash
-- Installing: /home/karroyabreu/ar4/install/ros_gz_sim/share/ros_gz_sim/local_setup.sh
-- Installing: /home/karroyabreu/ar4/install/ros_gz_sim/share/ros_gz_sim/local_setup.zsh
-- Installing: /home/karroyabreu/ar4/install/ros_gz_sim/share/ros_gz_sim/local_setup.dsv
-- Installing: /home/karroyabreu/ar4/install/ros_gz_sim/share/ros_gz_sim/package.dsv
-- Installing: /home/karroyabreu/ar4/install/ros_gz_sim/share/ament_index/resource_index/packages/ros_gz_sim
-- Installing: /home/karroyabreu/ar4/install/ros_gz_sim/share/ament_index/resource_index/rclcpp_components/ros_gz_sim
-- Installing: /home/karroyabreu/ar4/install/ros_gz_sim/share/ros_gz_sim/cmake/export_gzserver_componentExport.cmake
-- Installing: /home/karroyabreu/ar4/install/ros_gz_sim/share/ros_gz_sim/cmake/export_gzserver_componentExport-noconfig.cmake
-- Installing: /home/karroyabreu/ar4/install/ros_gz_sim/share/ros_gz_sim/cmake/ros_gz_simExport.cmake
-- Installing: /home/karroyabreu/ar4/install/ros_gz_sim/share/ros_gz_sim/cmake/ros_gz_simExport-noconfig.cmake
-- Installing: /home/karroyabreu/ar4/install/ros_gz_sim/share/ros_gz_sim/cmake/ament_cmake_export_targets-extras.cmake
-- Installing: /home/karroyabreu/ar4/install/ros_gz_sim/share/ros_gz_sim/cmake/ament_cmake_export_dependencies-extras.cmake
-- Installing: /home/karroyabreu/ar4/install/ros_gz_sim/share/ros_gz_sim/cmake/ros_gz_simConfig.cmake
-- Installing: /home/karroyabreu/ar4/install/ros_gz_sim/share/ros_gz_sim/cmake/ros_gz_simConfig-version.cmake
-- Installing: /home/karroyabreu/ar4/install/ros_gz_sim/share/ros_gz_sim/package.xml
