[0.008s] Invoking command in '/home/karroyabreu/ar4/build/ros_gz_sim': AMENT_PREFIX_PATH=/home/karroyabreu/ar4/install/ros_gz_interfaces:${AMENT_PREFIX_PATH} CMAKE_PREFIX_PATH=/home/karroyabreu/ar4/install/ros_gz_interfaces:/usr/local:/home/karroyabreu/ar4/install/annin_ar4_moveit_config:/home/karroyabreu/ar4/install/annin_ar4_gazebo:/home/karroyabreu/ar4/install/annin_ar4_driver:/home/karroyabreu/ar4/install/annin_ar4_description:/opt/ros/jazzy/opt/gz_sim_vendor:/opt/ros/jazzy/opt/gz_sensors_vendor:/opt/ros/jazzy/opt/gz_physics_vendor:/opt/ros/jazzy/opt/sdformat_vendor:/opt/ros/jazzy/opt/gz_gui_vendor:/opt/ros/jazzy/opt/gz_transport_vendor:/opt/ros/jazzy/opt/gz_rendering_vendor:/opt/ros/jazzy/opt/gz_plugin_vendor:/opt/ros/jazzy/opt/gz_fuel_tools_vendor:/opt/ros/jazzy/opt/gz_msgs_vendor:/opt/ros/jazzy/opt/gz_common_vendor:/opt/ros/jazzy/opt/gz_math_vendor:/opt/ros/jazzy/opt/gz_utils_vendor:/opt/ros/jazzy/opt/gz_tools_vendor:/opt/ros/jazzy/opt/gz_ogre_next_vendor:/opt/ros/jazzy/opt/gz_dartsim_vendor:/opt/ros/jazzy/opt/gz_cmake_vendor:/opt/ros/jazzy DEBUGINFOD_URLS=https://debuginfod.ubuntu.com LD_LIBRARY_PATH=/home/karroyabreu/ar4/install/ros_gz_interfaces/lib:${LD_LIBRARY_PATH} PYTHONPATH=/home/karroyabreu/ar4/install/ros_gz_interfaces/lib/python3.12/site-packages:${PYTHONPATH} /usr/bin/cmake /home/karroyabreu/ar4/src/ros_gz/ros_gz_sim -DCMAKE_INSTALL_PREFIX=/home/karroyabreu/ar4/install/ros_gz_sim
[0.056s] -- The C compiler identification is GNU 13.3.0
[0.094s] -- The CXX compiler identification is GNU 13.3.0
[0.105s] -- Detecting C compiler ABI info
[0.175s] -- Detecting C compiler ABI info - done
[0.181s] -- Check for working C compiler: /usr/bin/cc - skipped
[0.181s] -- Detecting C compile features
[0.181s] -- Detecting C compile features - done
[0.189s] -- Detecting CXX compiler ABI info
[0.259s] -- Detecting CXX compiler ABI info - done
[0.265s] -- Check for working CXX compiler: /usr/bin/c++ - skipped
[0.265s] -- Detecting CXX compile features
[0.266s] -- Detecting CXX compile features - done
[0.271s] -- Found ament_cmake: 2.5.4 (/opt/ros/jazzy/share/ament_cmake/cmake)
[0.377s] -- Found Python3: /usr/bin/python3 (found version "3.12.3") found components: Interpreter 
[0.459s] -- Found builtin_interfaces: 2.0.2 (/opt/ros/jazzy/share/builtin_interfaces/cmake)
[0.491s] -- Found rosidl_generator_c: 4.6.5 (/opt/ros/jazzy/share/rosidl_generator_c/cmake)
[0.503s] -- Found rosidl_generator_cpp: 4.6.5 (/opt/ros/jazzy/share/rosidl_generator_cpp/cmake)
[0.515s] -- Using all available rosidl_typesupport_c: rosidl_typesupport_fastrtps_c;rosidl_typesupport_introspection_c
[0.527s] -- Using all available rosidl_typesupport_cpp: rosidl_typesupport_fastrtps_cpp;rosidl_typesupport_introspection_cpp
[0.546s] -- Found geometry_msgs: 5.3.6 (/opt/ros/jazzy/share/geometry_msgs/cmake)
[0.570s] -- Found gz_math_vendor: 0.0.8 (/opt/ros/jazzy/share/gz_math_vendor/cmake)
[0.577s] -- Looking for gz-math7 -- found version 7.5.2
[0.585s] -- Searching for dependencies of gz-math7
[0.587s] -- Looking for gz-utils2 -- found version 2.2.1
[0.587s] -- Searching for dependencies of gz-utils2
[0.590s] -- Found gz_msgs_vendor: 0.0.6 (/opt/ros/jazzy/share/gz_msgs_vendor/cmake)
[0.595s] -- Looking for gz-msgs10 -- found version 10.3.2
[0.595s] -- Searching for dependencies of gz-msgs10
[0.697s] -- Found Protobuf: /usr/lib/x86_64-linux-gnu/libprotobuf.so (found version "3.21.12") 
[0.697s] -- Looking for gz-utils2 -- found version 2.2.1
[0.698s] -- Looking for gz-math7 -- found version 7.5.2
[0.702s] -- Checking for module 'tinyxml2'
[0.715s] --   Found tinyxml2, version 10.0.0
[0.746s] -- Found gz_sim_vendor: 0.0.8 (/opt/ros/jazzy/share/gz_sim_vendor/cmake)
[0.784s] -- Looking for gz-sim8 -- found version 8.9.0
[0.785s] -- Searching for dependencies of gz-sim8
[0.786s] -- Looking for sdformat14 -- found version 14.7.0
[0.786s] -- Searching for dependencies of sdformat14
[0.791s] -- Looking for gz-math7 -- found version 7.5.2
[0.791s] -- Looking for gz-utils2 -- found version 2.2.1
[0.791s] -- Searching for dependencies of gz-utils2
[0.791s] -- Searching for <gz-utils2> component [cli]
[0.794s] -- Looking for gz-utils2-cli -- found version 2.2.1
[0.794s] -- Searching for dependencies of gz-utils2-cli
[0.798s] -- Looking for gz-plugin2 -- found version 2.0.4
[0.798s] -- Searching for dependencies of gz-plugin2
[0.799s] -- Looking for gz-utils2 -- found version 2.2.1
[0.800s] -- Searching for <gz-plugin2> component [loader]
[0.802s] -- Looking for gz-plugin2-loader -- found version 2.0.4
[0.803s] -- Searching for dependencies of gz-plugin2-loader
[0.803s] -- Searching for <gz-plugin2> component [register]
[0.805s] -- Looking for gz-plugin2-register -- found version 2.0.4
[0.805s] -- Searching for dependencies of gz-plugin2-register
[0.808s] -- Looking for gz-transport13 -- found version 13.4.1
[0.808s] -- Searching for dependencies of gz-transport13
[0.828s] -- Config-file not installed for ZeroMQ -- checking for pkg-config
[0.831s] -- Checking for module 'libzmq >= 4'
[0.844s] --   Found libzmq, version 4.3.5
[0.882s] -- Found ZeroMQ: TRUE (Required is at least version "4") 
[0.886s] -- Checking for module 'uuid'
[0.898s] --   Found uuid, version 2.39.3
[0.925s] -- Found UUID: TRUE  
[0.925s] -- Looking for gz-utils2 -- found version 2.2.1
[0.926s] -- Looking for gz-msgs10 -- found version 10.3.2
[0.927s] -- Searching for <gz-transport13> component [log]
[0.929s] -- Looking for gz-transport13-log -- found version 13.4.1
[0.929s] -- Searching for dependencies of gz-transport13-log
[0.930s] -- Searching for <gz-transport13> component [parameters]
[0.931s] -- Looking for gz-transport13-parameters -- found version 13.4.1
[0.931s] -- Searching for dependencies of gz-transport13-parameters
[0.932s] -- Looking for gz-msgs10 -- found version 10.3.2
[0.933s] -- Looking for gz-common5 -- found version 5.7.1
[0.933s] -- Searching for dependencies of gz-common5
[0.934s] -- Looking for gz-utils2 -- found version 2.2.1
[0.934s] -- Looking for dlfcn.h - found
[0.935s] -- Looking for libdl - found
[0.936s] -- Found DL: TRUE  
[0.942s] -- Searching for <gz-common5> component [av]
[0.944s] -- Looking for gz-common5-av -- found version 5.7.1
[0.945s] -- Searching for dependencies of gz-common5-av
[0.950s] -- Checking for module 'libswscale'
[0.963s] --   Found libswscale, version 7.5.100
[0.990s] -- Found SWSCALE: TRUE  
[0.995s] -- Checking for module 'libavdevice >= 56.4.100'
[1.008s] --   Found libavdevice, version 60.3.100
[1.049s] -- Found AVDEVICE: TRUE (Required is at least version "56.4.100") 
[1.053s] -- Checking for module 'libavformat'
[1.067s] --   Found libavformat, version 60.16.100
[1.098s] -- Found AVFORMAT: TRUE  
[1.103s] -- Checking for module 'libavcodec'
[1.117s] --   Found libavcodec, version 60.31.102
[1.150s] -- Found AVCODEC: TRUE  
[1.154s] -- Checking for module 'libavutil'
[1.169s] --   Found libavutil, version 58.29.100
[1.198s] -- Found AVUTIL: TRUE  
[1.198s] -- Searching for <gz-common5> component [events]
[1.201s] -- Looking for gz-common5-events -- found version 5.7.1
[1.201s] -- Searching for dependencies of gz-common5-events
[1.202s] -- Looking for gz-math7 -- found version 7.5.2
[1.202s] -- Searching for <gz-common5> component [graphics]
[1.206s] -- Looking for gz-common5-graphics -- found version 5.7.1
[1.206s] -- Searching for dependencies of gz-common5-graphics
[1.206s] -- Looking for gz-math7 -- found version 7.5.2
[1.211s] -- Found GzAssimp: TRUE (found version "5.3.0") 
[1.211s] -- Searching for <gz-common5> component [io]
[1.213s] -- Looking for gz-common5-io -- found version 5.7.1
[1.213s] -- Searching for dependencies of gz-common5-io
[1.213s] -- Searching for <gz-common5> component [profiler]
[1.215s] -- Looking for gz-common5-profiler -- found version 5.7.1
[1.215s] -- Searching for dependencies of gz-common5-profiler
[1.217s] -- Looking for gz-fuel_tools9 -- found version 9.1.1
[1.217s] -- Searching for dependencies of gz-fuel_tools9
[1.291s] -- Found CURL: /usr/lib/x86_64-linux-gnu/libcurl.so (found version "8.5.0")  
[1.298s] -- Checking for module 'jsoncpp'
[1.314s] --   Found jsoncpp, version 1.9.5
[1.344s] -- Found JSONCPP: TRUE  
[1.357s] -- Checking for module 'yaml-0.1'
[1.370s] --   Found yaml-0.1, version 0.2.5
[1.399s] -- Found YAML: TRUE  
[1.404s] -- Checking for module 'libzip'
[1.416s] --   Found libzip, version 1.7.3
[1.446s] -- Found ZIP: TRUE  
[1.447s] -- Looking for gz-utils2 -- found version 2.2.1
[1.447s] -- Looking for gz-common5 -- found version 5.7.1
[1.447s] -- Searching for dependencies of gz-common5
[1.448s] -- Looking for gz-utils2 -- found version 2.2.1
[1.448s] -- Looking for dlfcn.h - found
[1.448s] -- Looking for libdl - found
[1.455s] -- Searching for <gz-common5> component [testing]
[1.458s] -- Looking for gz-common5-testing -- found version 5.7.1
[1.458s] -- Searching for dependencies of gz-common5-testing
[1.459s] -- Looking for gz-math7 -- found version 7.5.2
[1.459s] -- Looking for gz-msgs10 -- found version 10.3.2
[1.461s] -- Looking for gz-gui8 -- found version 8.4.0
[1.461s] -- Searching for dependencies of gz-gui8
[1.480s] -- Looking for gz-utils2 -- found version 2.2.1
[1.481s] -- Looking for gz-math7 -- found version 7.5.2
[1.481s] -- Looking for gz-common5 -- found version 5.7.1
[1.481s] -- Looking for gz-plugin2 -- found version 2.0.4
[1.481s] -- Looking for gz-transport13 -- found version 13.4.1
[1.483s] -- Looking for gz-rendering8 -- found version 8.2.2
[1.483s] -- Searching for dependencies of gz-rendering8
[1.483s] -- Looking for gz-math7 -- found version 7.5.2
[1.484s] -- Searching for dependencies of gz-math7
[1.484s] -- Looking for gz-utils2 -- found version 2.2.1
[1.484s] -- Searching for <gz-math7> component [eigen3]
[1.486s] -- Looking for gz-math7-eigen3 -- found version 7.5.2
[1.486s] -- Searching for dependencies of gz-math7-eigen3
[1.492s] -- Looking for gz-common5 -- found version 5.7.1
[1.492s] -- Searching for dependencies of gz-common5
[1.492s] -- Looking for gz-utils2 -- found version 2.2.1
[1.492s] -- Looking for dlfcn.h - found
[1.492s] -- Looking for libdl - found
[1.498s] -- Searching for <gz-common5> component [graphics]
[1.499s] -- Searching for <gz-common5> component [events]
[1.499s] -- Searching for <gz-common5> component [geospatial]
[1.501s] -- Looking for gz-common5-geospatial -- found version 5.7.1
[1.502s] -- Searching for dependencies of gz-common5-geospatial
[1.502s] -- Looking for gz-math7 -- found version 7.5.2
[1.502s] -- Looking for gz-common5 -- found version 5.7.1
[1.503s] -- Looking for gz-plugin2 -- found version 2.0.4
[1.504s] -- Searching for dependencies of gz-plugin2
[1.504s] -- Looking for gz-utils2 -- found version 2.2.1
[1.504s] -- Searching for <gz-plugin2> component [all]
[1.507s] -- Looking for all libraries of gz-plugin2 -- found version 2.0.4
[1.507s] -- Looking for gz-plugin2 -- found version 2.0.4
[1.508s] -- Looking for gz-utils2 -- found version 2.2.1
[1.519s] -- Found OpenGL: /usr/lib/x86_64-linux-gnu/libOpenGL.so  found components: OpenGL 
[1.520s] -- Looking for gz-msgs10 -- found version 10.3.2
[1.546s] -- Looking for gz-physics7 -- found version 7.5.0
[1.547s] -- Searching for dependencies of gz-physics7
[1.547s] -- Looking for gz-common5 -- found version 5.7.1
[1.547s] -- Looking for gz-math7 -- found version 7.5.2
[1.547s] -- Looking for gz-plugin2 -- found version 2.0.4
[1.548s] -- Looking for gz-utils2 -- found version 2.2.1
[1.548s] -- Searching for <gz-physics7> component [heightmap]
[1.550s] -- Looking for gz-physics7-heightmap -- found version 7.5.0
[1.550s] -- Searching for dependencies of gz-physics7-heightmap
[1.550s] -- Looking for gz-common5 -- found version 5.7.1
[1.550s] -- Searching for <gz-physics7> component [mesh]
[1.552s] -- Looking for gz-physics7-mesh -- found version 7.5.0
[1.552s] -- Searching for dependencies of gz-physics7-mesh
[1.552s] -- Looking for gz-common5 -- found version 5.7.1
[1.552s] -- Searching for <gz-physics7> component [sdf]
[1.553s] -- Looking for gz-physics7-sdf -- found version 7.5.0
[1.554s] -- Searching for dependencies of gz-physics7-sdf
[1.554s] -- Looking for sdformat14 -- found version 14.7.0
[1.556s] -- Looking for gz-sensors8 -- found version 8.2.2
[1.556s] -- Searching for dependencies of gz-sensors8
[1.570s] -- Looking for gz-math7 -- found version 7.5.2
[1.570s] -- Looking for gz-common5 -- found version 5.7.1
[1.570s] -- Looking for gz-transport13 -- found version 13.4.1
[1.570s] -- Looking for gz-rendering8 -- found version 8.2.2
[1.570s] -- Looking for gz-msgs10 -- found version 10.3.2
[1.571s] -- Looking for sdformat14 -- found version 14.7.0
[1.572s] -- Searching for <gz-sensors8> component [air_pressure]
[1.574s] -- Looking for gz-sensors8-air_pressure -- found version 8.2.2
[1.574s] -- Searching for dependencies of gz-sensors8-air_pressure
[1.575s] -- Searching for <gz-sensors8> component [air_speed]
[1.576s] -- Looking for gz-sensors8-air_speed -- found version 8.2.2
[1.576s] -- Searching for dependencies of gz-sensors8-air_speed
[1.577s] -- Searching for <gz-sensors8> component [altimeter]
[1.578s] -- Looking for gz-sensors8-altimeter -- found version 8.2.2
[1.578s] -- Searching for dependencies of gz-sensors8-altimeter
[1.578s] -- Searching for <gz-sensors8> component [imu]
[1.580s] -- Looking for gz-sensors8-imu -- found version 8.2.2
[1.580s] -- Searching for dependencies of gz-sensors8-imu
[1.580s] -- Searching for <gz-sensors8> component [force_torque]
[1.582s] -- Looking for gz-sensors8-force_torque -- found version 8.2.2
[1.582s] -- Searching for dependencies of gz-sensors8-force_torque
[1.582s] -- Searching for <gz-sensors8> component [logical_camera]
[1.584s] -- Looking for gz-sensors8-logical_camera -- found version 8.2.2
[1.584s] -- Searching for dependencies of gz-sensors8-logical_camera
[1.584s] -- Searching for <gz-sensors8> component [magnetometer]
[1.585s] -- Looking for gz-sensors8-magnetometer -- found version 8.2.2
[1.585s] -- Searching for dependencies of gz-sensors8-magnetometer
[1.586s] -- Searching for <gz-sensors8> component [navsat]
[1.587s] -- Looking for gz-sensors8-navsat -- found version 8.2.2
[1.587s] -- Searching for dependencies of gz-sensors8-navsat
[1.587s] -- Searching for <gz-sensors8> component [dvl]
[1.589s] -- Looking for gz-sensors8-dvl -- found version 8.2.2
[1.589s] -- Searching for dependencies of gz-sensors8-dvl
[1.589s] -- Looking for gz-sensors8 -- found version 8.2.2
[1.589s] -- Searching for dependencies of gz-sensors8
[1.603s] -- Looking for gz-math7 -- found version 7.5.2
[1.603s] -- Looking for gz-common5 -- found version 5.7.1
[1.604s] -- Looking for gz-transport13 -- found version 13.4.1
[1.604s] -- Looking for gz-rendering8 -- found version 8.2.2
[1.604s] -- Looking for gz-msgs10 -- found version 10.3.2
[1.605s] -- Looking for sdformat14 -- found version 14.7.0
[1.605s] -- Searching for <gz-sensors8> component [rendering]
[1.607s] -- Looking for gz-sensors8-rendering -- found version 8.2.2
[1.607s] -- Searching for dependencies of gz-sensors8-rendering
[1.609s] -- Searching for <gz-sensors8> component [rendering]
[1.609s] -- Searching for <gz-sensors8> component [lidar]
[1.612s] -- Looking for gz-sensors8-lidar -- found version 8.2.2
[1.612s] -- Searching for dependencies of gz-sensors8-lidar
[1.612s] -- Looking for gz-sensors8 -- found version 8.2.2
[1.613s] -- Searching for <gz-sensors8> component [gpu_lidar]
[1.615s] -- Looking for gz-sensors8-gpu_lidar -- found version 8.2.2
[1.615s] -- Searching for dependencies of gz-sensors8-gpu_lidar
[1.615s] -- Looking for gz-sensors8 -- found version 8.2.2
[1.615s] -- Searching for <gz-sensors8> component [camera]
[1.617s] -- Looking for gz-sensors8-camera -- found version 8.2.2
[1.617s] -- Searching for dependencies of gz-sensors8-camera
[1.617s] -- Looking for gz-sensors8 -- found version 8.2.2
[1.618s] -- Searching for <gz-sensors8> component [boundingbox_camera]
[1.619s] -- Looking for gz-sensors8-boundingbox_camera -- found version 8.2.2
[1.619s] -- Searching for dependencies of gz-sensors8-boundingbox_camera
[1.619s] -- Searching for <gz-sensors8> component [segmentation_camera]
[1.621s] -- Looking for gz-sensors8-segmentation_camera -- found version 8.2.2
[1.621s] -- Searching for dependencies of gz-sensors8-segmentation_camera
[1.621s] -- Searching for <gz-sensors8> component [depth_camera]
[1.623s] -- Looking for gz-sensors8-depth_camera -- found version 8.2.2
[1.623s] -- Searching for dependencies of gz-sensors8-depth_camera
[1.623s] -- Looking for gz-sensors8 -- found version 8.2.2
[1.624s] -- Searching for <gz-sensors8> component [rgbd_camera]
[1.625s] -- Looking for gz-sensors8-rgbd_camera -- found version 8.2.2
[1.625s] -- Searching for dependencies of gz-sensors8-rgbd_camera
[1.625s] -- Looking for gz-sensors8 -- found version 8.2.2
[1.626s] -- Searching for <gz-sensors8> component [thermal_camera]
[1.627s] -- Looking for gz-sensors8-thermal_camera -- found version 8.2.2
[1.627s] -- Searching for dependencies of gz-sensors8-thermal_camera
[1.627s] -- Looking for gz-sensors8 -- found version 8.2.2
[1.628s] -- Searching for <gz-sensors8> component [wide_angle_camera]
[1.629s] -- Looking for gz-sensors8-wide_angle_camera -- found version 8.2.2
[1.629s] -- Searching for dependencies of gz-sensors8-wide_angle_camera
[1.630s] -- Looking for gz-rendering8 -- found version 8.2.2
[1.630s] -- Looking for gz-math7 -- found version 7.5.2
[1.630s] -- Looking for gz-utils2 -- found version 2.2.1
[1.648s] -- Looking for gz-transport13 -- found version 13.4.1
[1.651s] -- Found rclcpp: 28.1.9 (/opt/ros/jazzy/share/rclcpp/cmake)
[1.700s] -- Found rmw_implementation_cmake: 7.3.2 (/opt/ros/jazzy/share/rmw_implementation_cmake/cmake)
[1.702s] -- Found rmw_fastrtps_cpp: 8.4.2 (/opt/ros/jazzy/share/rmw_fastrtps_cpp/cmake)
[1.791s] -- Found OpenSSL: /usr/lib/x86_64-linux-gnu/libcrypto.so (found version "3.0.13")  
[1.806s] -- Found FastRTPS: /opt/ros/jazzy/include (Required is at least version "2.13") 
[1.827s] -- Using RMW implementation 'rmw_fastrtps_cpp' as default
[1.878s] -- Found rclcpp_components: 28.1.9 (/opt/ros/jazzy/share/rclcpp_components/cmake)
[1.903s] -- Found ros_gz_interfaces: 1.0.16 (/home/karroyabreu/ar4/install/ros_gz_interfaces/share/ros_gz_interfaces/cmake)
[1.926s] -- Found tf2: 0.36.11 (/opt/ros/jazzy/share/tf2/cmake)
[1.933s] -- Found tf2_ros: 0.36.11 (/opt/ros/jazzy/share/tf2_ros/cmake)
[2.008s] -- Looking for gflags - found
[2.008s] 
[2.094s] -- Found ament_lint_auto: 0.17.2 (/opt/ros/jazzy/share/ament_lint_auto/cmake)
[2.277s] -- Found python_cmake_module: 0.11.1 (/opt/ros/jazzy/share/python_cmake_module/cmake)
[2.550s] -- Found PythonExtra: /usr/bin/python3  
[2.556s] -- Found ament_cmake_gtest: 2.5.4 (/opt/ros/jazzy/share/ament_cmake_gtest/cmake)
[2.564s] -- Found gtest sources under '/opt/ros/jazzy/src/gtest_vendor': C++ tests using 'Google Test' will be built
[2.575s] -- Found Threads: TRUE  
[2.597s] -- Added test 'copyright' to check source files copyright and LICENSE
[2.601s] -- Added test 'cppcheck' to perform static code analysis on C / C++ code
[2.602s] -- Configured cppcheck include dirs: $<BUILD_INTERFACE:/home/karroyabreu/ar4/src/ros_gz/ros_gz_sim/include>
[2.602s] -- Configured cppcheck exclude dirs and/or files: 
[2.604s] -- Added test 'cpplint' to check C / C++ code against the Google style
[2.604s] -- Configured cpplint exclude dirs and/or files: 
[2.608s] -- Added test 'flake8' to check Python code syntax and style conventions
[2.608s] -- Configured 'flake8' exclude dirs and/or files: 
[2.609s] -- Added test 'lint_cmake' to check CMake code style
[2.614s] -- Added test 'pep257' to check Python code against some of the docstring style conventions in PEP 257
[2.615s] -- Added test 'uncrustify' to check C / C++ code style
[2.615s] -- Configured uncrustify additional arguments: 
[2.617s] -- Added test 'xmllint' to check XML markup files
[2.621s] -- Configuring done (2.6s)
[2.864s] -- Generating done (0.2s)
[2.931s] -- Build files have been written to: /home/karroyabreu/ar4/build/ros_gz_sim
[2.972s] Invoked command in '/home/karroyabreu/ar4/build/ros_gz_sim' returned '0': AMENT_PREFIX_PATH=/home/karroyabreu/ar4/install/ros_gz_interfaces:${AMENT_PREFIX_PATH} CMAKE_PREFIX_PATH=/home/karroyabreu/ar4/install/ros_gz_interfaces:/usr/local:/home/karroyabreu/ar4/install/annin_ar4_moveit_config:/home/karroyabreu/ar4/install/annin_ar4_gazebo:/home/karroyabreu/ar4/install/annin_ar4_driver:/home/karroyabreu/ar4/install/annin_ar4_description:/opt/ros/jazzy/opt/gz_sim_vendor:/opt/ros/jazzy/opt/gz_sensors_vendor:/opt/ros/jazzy/opt/gz_physics_vendor:/opt/ros/jazzy/opt/sdformat_vendor:/opt/ros/jazzy/opt/gz_gui_vendor:/opt/ros/jazzy/opt/gz_transport_vendor:/opt/ros/jazzy/opt/gz_rendering_vendor:/opt/ros/jazzy/opt/gz_plugin_vendor:/opt/ros/jazzy/opt/gz_fuel_tools_vendor:/opt/ros/jazzy/opt/gz_msgs_vendor:/opt/ros/jazzy/opt/gz_common_vendor:/opt/ros/jazzy/opt/gz_math_vendor:/opt/ros/jazzy/opt/gz_utils_vendor:/opt/ros/jazzy/opt/gz_tools_vendor:/opt/ros/jazzy/opt/gz_ogre_next_vendor:/opt/ros/jazzy/opt/gz_dartsim_vendor:/opt/ros/jazzy/opt/gz_cmake_vendor:/opt/ros/jazzy DEBUGINFOD_URLS=https://debuginfod.ubuntu.com LD_LIBRARY_PATH=/home/karroyabreu/ar4/install/ros_gz_interfaces/lib:${LD_LIBRARY_PATH} PYTHONPATH=/home/karroyabreu/ar4/install/ros_gz_interfaces/lib/python3.12/site-packages:${PYTHONPATH} /usr/bin/cmake /home/karroyabreu/ar4/src/ros_gz/ros_gz_sim -DCMAKE_INSTALL_PREFIX=/home/karroyabreu/ar4/install/ros_gz_sim
[2.973s] Invoking command in '/home/karroyabreu/ar4/build/ros_gz_sim': AMENT_PREFIX_PATH=/home/karroyabreu/ar4/install/ros_gz_interfaces:${AMENT_PREFIX_PATH} CMAKE_PREFIX_PATH=/home/karroyabreu/ar4/install/ros_gz_interfaces:/usr/local:/home/karroyabreu/ar4/install/annin_ar4_moveit_config:/home/karroyabreu/ar4/install/annin_ar4_gazebo:/home/karroyabreu/ar4/install/annin_ar4_driver:/home/karroyabreu/ar4/install/annin_ar4_description:/opt/ros/jazzy/opt/gz_sim_vendor:/opt/ros/jazzy/opt/gz_sensors_vendor:/opt/ros/jazzy/opt/gz_physics_vendor:/opt/ros/jazzy/opt/sdformat_vendor:/opt/ros/jazzy/opt/gz_gui_vendor:/opt/ros/jazzy/opt/gz_transport_vendor:/opt/ros/jazzy/opt/gz_rendering_vendor:/opt/ros/jazzy/opt/gz_plugin_vendor:/opt/ros/jazzy/opt/gz_fuel_tools_vendor:/opt/ros/jazzy/opt/gz_msgs_vendor:/opt/ros/jazzy/opt/gz_common_vendor:/opt/ros/jazzy/opt/gz_math_vendor:/opt/ros/jazzy/opt/gz_utils_vendor:/opt/ros/jazzy/opt/gz_tools_vendor:/opt/ros/jazzy/opt/gz_ogre_next_vendor:/opt/ros/jazzy/opt/gz_dartsim_vendor:/opt/ros/jazzy/opt/gz_cmake_vendor:/opt/ros/jazzy DEBUGINFOD_URLS=https://debuginfod.ubuntu.com LD_LIBRARY_PATH=/home/karroyabreu/ar4/install/ros_gz_interfaces/lib:${LD_LIBRARY_PATH} PYTHONPATH=/home/karroyabreu/ar4/install/ros_gz_interfaces/lib/python3.12/site-packages:${PYTHONPATH} /usr/bin/cmake --build /home/karroyabreu/ar4/build/ros_gz_sim -- -j22 -l22
[3.173s] [  2%] [32mBuilding CXX object CMakeFiles/create.dir/src/create.cpp.o[0m
[3.184s] [  2%] Built target ament_cmake_python_copy_ros_gz_sim_setup
[3.184s] [  5%] [32mBuilding CXX object CMakeFiles/ros_gz_sim_set_entity_pose.dir/src/set_entity_pose.cpp.o[0m
[3.185s] [  7%] [32mBuilding CXX object CMakeFiles/gzserver.dir/rclcpp_components/node_main_gzserver.cpp.o[0m
[3.189s] [ 10%] [32mBuilding CXX object CMakeFiles/ros_gz_sim.dir/src/Stopwatch.cpp.o[0m
[3.198s] [ 13%] [32mBuilding CXX object CMakeFiles/ros_gz_sim_delete_entity.dir/src/delete_entity.cpp.o[0m
[3.201s] [ 18%] [32mBuilding CXX object CMakeFiles/remove.dir/src/remove.cpp.o[0m
[3.204s] [ 21%] [32mBuilding CXX object gtest/CMakeFiles/gtest_main.dir/src/gtest_main.cc.o[0m
[3.204s] [ 15%] [32mBuilding CXX object CMakeFiles/gzserver_component.dir/src/gzserver.cpp.o[0m
[3.226s] [ 21%] Built target ament_cmake_python_copy_ros_gz_sim
[3.239s] [ 23%] [32mBuilding CXX object gtest/CMakeFiles/gtest.dir/src/gtest-all.cc.o[0m
[3.244s] [ 26%] [32mBuilding CXX object CMakeFiles/ros_gz_sim_spawn_entity.dir/src/spawn_entity.cpp.o[0m
[3.484s] running egg_info
[3.484s] creating ros_gz_sim.egg-info
[3.503s] writing ros_gz_sim.egg-info/PKG-INFO
[3.503s] writing dependency_links to ros_gz_sim.egg-info/dependency_links.txt
[3.503s] writing entry points to ros_gz_sim.egg-info/entry_points.txt
[3.503s] writing top-level names to ros_gz_sim.egg-info/top_level.txt
[3.503s] writing manifest file 'ros_gz_sim.egg-info/SOURCES.txt'
[3.559s] reading manifest file 'ros_gz_sim.egg-info/SOURCES.txt'
[3.560s] writing manifest file 'ros_gz_sim.egg-info/SOURCES.txt'
[3.616s] [ 26%] Built target ament_cmake_python_build_ros_gz_sim_egg
[4.352s] [ 28%] [32m[1mLinking CXX shared library libros_gz_sim.so[0m
[4.644s] [ 28%] Built target ros_gz_sim
[4.702s] [ 31%] [32m[1mLinking CXX static library libgtest_main.a[0m
[4.796s] [ 31%] Built target gtest_main
[7.788s] [ 34%] [32m[1mLinking CXX executable gzserver[0m
[8.098s] [ 34%] Built target gzserver
[10.039s] [ 36%] [32m[1mLinking CXX shared library libgzserver_component.so[0m
[10.524s] [ 39%] [32m[1mLinking CXX executable remove[0m
[10.543s] [ 39%] Built target gzserver_component
[11.325s] [ 39%] Built target remove
[11.425s] [ 42%] [32m[1mLinking CXX static library libgtest.a[0m
[11.566s] [ 42%] Built target gtest
[11.627s] [ 44%] [32mBuilding CXX object CMakeFiles/test_create.dir/test/test_create.cpp.o[0m
[11.644s] [ 50%] [32mBuilding CXX object CMakeFiles/test_stopwatch.dir/test/test_stopwatch.cpp.o[0m
[11.647s] [ 50%] [32mBuilding CXX object CMakeFiles/test_remove.dir/test/test_remove.cpp.o[0m
[14.363s] [ 52%] [32m[1mLinking CXX executable test_create[0m
[14.692s] [ 55%] [32m[1mLinking CXX shared library libros_gz_sim_delete_entity.so[0m
[14.730s] [ 55%] Built target test_create
[14.862s] [ 57%] [32m[1mLinking CXX executable test_remove[0m
[14.964s] [ 60%] [32m[1mLinking CXX shared library libros_gz_sim_set_entity_pose.so[0m
[14.966s] [ 60%] Built target ros_gz_sim_delete_entity
[14.993s] [ 63%] [32mBuilding CXX object CMakeFiles/test_delete_entity.dir/test/test_delete_entity.cpp.o[0m
[15.029s] [ 65%] [32mBuilding CXX object CMakeFiles/delete_entity.dir/src/delete_entity.cpp.o[0m
[15.041s] [ 65%] Built target test_remove
[15.391s] [ 65%] Built target ros_gz_sim_set_entity_pose
[15.418s] [ 68%] [32mBuilding CXX object CMakeFiles/set_entity_pose.dir/src/set_entity_pose.cpp.o[0m
[15.418s] [ 71%] [32mBuilding CXX object CMakeFiles/test_set_entity_pose.dir/test/test_set_entity_pose.cpp.o[0m
[17.178s] [ 73%] [32m[1mLinking CXX shared library libros_gz_sim_spawn_entity.so[0m
[17.427s] [ 73%] Built target ros_gz_sim_spawn_entity
[17.449s] [ 78%] [32mBuilding CXX object CMakeFiles/test_spawn_entity.dir/test/test_spawn_entity.cpp.o[0m
[17.449s] [ 78%] [32mBuilding CXX object CMakeFiles/spawn_entity.dir/src/spawn_entity.cpp.o[0m
[18.143s] [ 81%] [32m[1mLinking CXX executable test_stopwatch[0m
[18.428s] [ 84%] [32m[1mLinking CXX executable create[0m
[18.477s] [ 84%] Built target test_stopwatch
[19.359s] [ 84%] Built target create
[19.411s] [ 86%] [32m[1mLinking CXX executable test_delete_entity[0m
[19.587s] [ 86%] Built target test_delete_entity
[20.024s] [ 89%] [32m[1mLinking CXX executable test_set_entity_pose[0m
[20.511s] [ 89%] Built target test_set_entity_pose
[20.910s] [ 92%] [32m[1mLinking CXX executable test_spawn_entity[0m
[21.548s] [ 92%] Built target test_spawn_entity
[23.089s] [ 94%] [32m[1mLinking CXX executable delete_entity[0m
[23.589s] [ 94%] Built target delete_entity
[23.741s] [ 97%] [32m[1mLinking CXX executable set_entity_pose[0m
[24.777s] [ 97%] Built target set_entity_pose
[26.501s] [100%] [32m[1mLinking CXX executable spawn_entity[0m
[27.350s] [100%] Built target spawn_entity
[27.397s] Invoked command in '/home/karroyabreu/ar4/build/ros_gz_sim' returned '0': AMENT_PREFIX_PATH=/home/karroyabreu/ar4/install/ros_gz_interfaces:${AMENT_PREFIX_PATH} CMAKE_PREFIX_PATH=/home/karroyabreu/ar4/install/ros_gz_interfaces:/usr/local:/home/karroyabreu/ar4/install/annin_ar4_moveit_config:/home/karroyabreu/ar4/install/annin_ar4_gazebo:/home/karroyabreu/ar4/install/annin_ar4_driver:/home/karroyabreu/ar4/install/annin_ar4_description:/opt/ros/jazzy/opt/gz_sim_vendor:/opt/ros/jazzy/opt/gz_sensors_vendor:/opt/ros/jazzy/opt/gz_physics_vendor:/opt/ros/jazzy/opt/sdformat_vendor:/opt/ros/jazzy/opt/gz_gui_vendor:/opt/ros/jazzy/opt/gz_transport_vendor:/opt/ros/jazzy/opt/gz_rendering_vendor:/opt/ros/jazzy/opt/gz_plugin_vendor:/opt/ros/jazzy/opt/gz_fuel_tools_vendor:/opt/ros/jazzy/opt/gz_msgs_vendor:/opt/ros/jazzy/opt/gz_common_vendor:/opt/ros/jazzy/opt/gz_math_vendor:/opt/ros/jazzy/opt/gz_utils_vendor:/opt/ros/jazzy/opt/gz_tools_vendor:/opt/ros/jazzy/opt/gz_ogre_next_vendor:/opt/ros/jazzy/opt/gz_dartsim_vendor:/opt/ros/jazzy/opt/gz_cmake_vendor:/opt/ros/jazzy DEBUGINFOD_URLS=https://debuginfod.ubuntu.com LD_LIBRARY_PATH=/home/karroyabreu/ar4/install/ros_gz_interfaces/lib:${LD_LIBRARY_PATH} PYTHONPATH=/home/karroyabreu/ar4/install/ros_gz_interfaces/lib/python3.12/site-packages:${PYTHONPATH} /usr/bin/cmake --build /home/karroyabreu/ar4/build/ros_gz_sim -- -j22 -l22
[27.398s] Invoking command in '/home/karroyabreu/ar4/build/ros_gz_sim': AMENT_PREFIX_PATH=/home/karroyabreu/ar4/install/ros_gz_interfaces:${AMENT_PREFIX_PATH} CMAKE_PREFIX_PATH=/home/karroyabreu/ar4/install/ros_gz_interfaces:/usr/local:/home/karroyabreu/ar4/install/annin_ar4_moveit_config:/home/karroyabreu/ar4/install/annin_ar4_gazebo:/home/karroyabreu/ar4/install/annin_ar4_driver:/home/karroyabreu/ar4/install/annin_ar4_description:/opt/ros/jazzy/opt/gz_sim_vendor:/opt/ros/jazzy/opt/gz_sensors_vendor:/opt/ros/jazzy/opt/gz_physics_vendor:/opt/ros/jazzy/opt/sdformat_vendor:/opt/ros/jazzy/opt/gz_gui_vendor:/opt/ros/jazzy/opt/gz_transport_vendor:/opt/ros/jazzy/opt/gz_rendering_vendor:/opt/ros/jazzy/opt/gz_plugin_vendor:/opt/ros/jazzy/opt/gz_fuel_tools_vendor:/opt/ros/jazzy/opt/gz_msgs_vendor:/opt/ros/jazzy/opt/gz_common_vendor:/opt/ros/jazzy/opt/gz_math_vendor:/opt/ros/jazzy/opt/gz_utils_vendor:/opt/ros/jazzy/opt/gz_tools_vendor:/opt/ros/jazzy/opt/gz_ogre_next_vendor:/opt/ros/jazzy/opt/gz_dartsim_vendor:/opt/ros/jazzy/opt/gz_cmake_vendor:/opt/ros/jazzy DEBUGINFOD_URLS=https://debuginfod.ubuntu.com LD_LIBRARY_PATH=/home/karroyabreu/ar4/install/ros_gz_interfaces/lib:${LD_LIBRARY_PATH} PYTHONPATH=/home/karroyabreu/ar4/install/ros_gz_interfaces/lib/python3.12/site-packages:${PYTHONPATH} /usr/bin/cmake --install /home/karroyabreu/ar4/build/ros_gz_sim
[27.433s] -- Install configuration: ""
[27.435s] -- Installing: /home/karroyabreu/ar4/install/ros_gz_sim/share/ros_gz_sim/environment/pythonpath.sh
[27.435s] -- Installing: /home/karroyabreu/ar4/install/ros_gz_sim/share/ros_gz_sim/environment/pythonpath.dsv
[27.435s] -- Installing: /home/karroyabreu/ar4/install/ros_gz_sim/lib/python3.12/site-packages/ros_gz_sim-1.0.16-py3.12.egg-info
[27.435s] -- Installing: /home/karroyabreu/ar4/install/ros_gz_sim/lib/python3.12/site-packages/ros_gz_sim-1.0.16-py3.12.egg-info/top_level.txt
[27.435s] -- Installing: /home/karroyabreu/ar4/install/ros_gz_sim/lib/python3.12/site-packages/ros_gz_sim-1.0.16-py3.12.egg-info/entry_points.txt
[27.435s] -- Installing: /home/karroyabreu/ar4/install/ros_gz_sim/lib/python3.12/site-packages/ros_gz_sim-1.0.16-py3.12.egg-info/SOURCES.txt
[27.436s] -- Installing: /home/karroyabreu/ar4/install/ros_gz_sim/lib/python3.12/site-packages/ros_gz_sim-1.0.16-py3.12.egg-info/dependency_links.txt
[27.436s] -- Installing: /home/karroyabreu/ar4/install/ros_gz_sim/lib/python3.12/site-packages/ros_gz_sim-1.0.16-py3.12.egg-info/PKG-INFO
[27.436s] -- Installing: /home/karroyabreu/ar4/install/ros_gz_sim/lib/python3.12/site-packages/ros_gz_sim
[27.436s] -- Installing: /home/karroyabreu/ar4/install/ros_gz_sim/lib/python3.12/site-packages/ros_gz_sim/actions
[27.436s] -- Installing: /home/karroyabreu/ar4/install/ros_gz_sim/lib/python3.12/site-packages/ros_gz_sim/actions/gzserver.py
[27.436s] -- Installing: /home/karroyabreu/ar4/install/ros_gz_sim/lib/python3.12/site-packages/ros_gz_sim/actions/gz_spawn_model.py
[27.436s] -- Installing: /home/karroyabreu/ar4/install/ros_gz_sim/lib/python3.12/site-packages/ros_gz_sim/actions/__init__.py
[27.436s] -- Installing: /home/karroyabreu/ar4/install/ros_gz_sim/lib/python3.12/site-packages/ros_gz_sim/__init__.py
[27.612s] Listing '/home/karroyabreu/ar4/install/ros_gz_sim/lib/python3.12/site-packages/ros_gz_sim'...
[27.612s] Compiling '/home/karroyabreu/ar4/install/ros_gz_sim/lib/python3.12/site-packages/ros_gz_sim/__init__.py'...
[27.612s] Listing '/home/karroyabreu/ar4/install/ros_gz_sim/lib/python3.12/site-packages/ros_gz_sim/actions'...
[27.612s] Compiling '/home/karroyabreu/ar4/install/ros_gz_sim/lib/python3.12/site-packages/ros_gz_sim/actions/__init__.py'...
[27.612s] Compiling '/home/karroyabreu/ar4/install/ros_gz_sim/lib/python3.12/site-packages/ros_gz_sim/actions/gz_spawn_model.py'...
[27.612s] Compiling '/home/karroyabreu/ar4/install/ros_gz_sim/lib/python3.12/site-packages/ros_gz_sim/actions/gzserver.py'...
[27.655s] -- Installing: /home/karroyabreu/ar4/install/ros_gz_sim/lib/ros_gz_sim/gzserver
[27.659s] -- Set non-toolchain portion of runtime path of "/home/karroyabreu/ar4/install/ros_gz_sim/lib/ros_gz_sim/gzserver" to ""
[27.659s] -- Installing: /home/karroyabreu/ar4/install/ros_gz_sim/include/ros_gz_sim
[27.659s] -- Installing: /home/karroyabreu/ar4/install/ros_gz_sim/include/ros_gz_sim/spawn_entity.hpp
[27.659s] -- Installing: /home/karroyabreu/ar4/install/ros_gz_sim/include/ros_gz_sim/set_entity_pose.hpp
[27.659s] -- Installing: /home/karroyabreu/ar4/install/ros_gz_sim/include/ros_gz_sim/Stopwatch.hpp
[27.659s] -- Installing: /home/karroyabreu/ar4/install/ros_gz_sim/include/ros_gz_sim/delete_entity.hpp
[27.659s] -- Installing: /home/karroyabreu/ar4/install/ros_gz_sim/share/ros_gz_sim/launch/gz_sim.launch.py
[27.659s] -- Installing: /home/karroyabreu/ar4/install/ros_gz_sim/share/ros_gz_sim/launch/gz_remove_model.launch.py
[27.659s] -- Installing: /home/karroyabreu/ar4/install/ros_gz_sim/share/ros_gz_sim/launch/gz_server.launch
[27.660s] -- Installing: /home/karroyabreu/ar4/install/ros_gz_sim/share/ros_gz_sim/launch/gz_server.launch.py
[27.660s] -- Installing: /home/karroyabreu/ar4/install/ros_gz_sim/share/ros_gz_sim/launch/gz_spawn_model.launch
[27.660s] -- Installing: /home/karroyabreu/ar4/install/ros_gz_sim/share/ros_gz_sim/launch/gz_spawn_model.launch.py
[27.660s] -- Installing: /home/karroyabreu/ar4/install/ros_gz_sim/share/ros_gz_sim/launch/ros_gz_sim.launch
[27.660s] -- Installing: /home/karroyabreu/ar4/install/ros_gz_sim/share/ros_gz_sim/launch/ros_gz_sim.launch.py
[27.661s] -- Installing: /home/karroyabreu/ar4/install/ros_gz_sim/share/ros_gz_sim/launch/ros_gz_spawn_model.launch.py
[27.661s] -- Installing: /home/karroyabreu/ar4/install/ros_gz_sim/lib/ros_gz_sim/create
[27.675s] -- Set non-toolchain portion of runtime path of "/home/karroyabreu/ar4/install/ros_gz_sim/lib/ros_gz_sim/create" to ""
[27.676s] -- Installing: /home/karroyabreu/ar4/install/ros_gz_sim/lib/ros_gz_sim/delete_entity
[27.684s] -- Set non-toolchain portion of runtime path of "/home/karroyabreu/ar4/install/ros_gz_sim/lib/ros_gz_sim/delete_entity" to ""
[27.684s] -- Installing: /home/karroyabreu/ar4/install/ros_gz_sim/lib/ros_gz_sim/remove
[27.685s] -- Set non-toolchain portion of runtime path of "/home/karroyabreu/ar4/install/ros_gz_sim/lib/ros_gz_sim/remove" to ""
[27.685s] -- Installing: /home/karroyabreu/ar4/install/ros_gz_sim/lib/ros_gz_sim/set_entity_pose
[27.695s] -- Set non-toolchain portion of runtime path of "/home/karroyabreu/ar4/install/ros_gz_sim/lib/ros_gz_sim/set_entity_pose" to ""
[27.695s] -- Installing: /home/karroyabreu/ar4/install/ros_gz_sim/lib/ros_gz_sim/spawn_entity
[27.701s] -- Set non-toolchain portion of runtime path of "/home/karroyabreu/ar4/install/ros_gz_sim/lib/ros_gz_sim/spawn_entity" to ""
[27.701s] -- Up-to-date: /home/karroyabreu/ar4/install/ros_gz_sim/lib/ros_gz_sim/gzserver
[27.701s] -- Installing: /home/karroyabreu/ar4/install/ros_gz_sim/lib/libgzserver_component.so
[27.702s] -- Set non-toolchain portion of runtime path of "/home/karroyabreu/ar4/install/ros_gz_sim/lib/libgzserver_component.so" to ""
[27.703s] -- Installing: /home/karroyabreu/ar4/install/ros_gz_sim/lib/libros_gz_sim.so
[27.711s] -- Set non-toolchain portion of runtime path of "/home/karroyabreu/ar4/install/ros_gz_sim/lib/libros_gz_sim.so" to ""
[27.711s] -- Installing: /home/karroyabreu/ar4/install/ros_gz_sim/lib/libros_gz_sim_spawn_entity.so
[27.715s] -- Set non-toolchain portion of runtime path of "/home/karroyabreu/ar4/install/ros_gz_sim/lib/libros_gz_sim_spawn_entity.so" to ""
[27.715s] -- Installing: /home/karroyabreu/ar4/install/ros_gz_sim/lib/libros_gz_sim_set_entity_pose.so
[27.723s] -- Set non-toolchain portion of runtime path of "/home/karroyabreu/ar4/install/ros_gz_sim/lib/libros_gz_sim_set_entity_pose.so" to ""
[27.723s] -- Installing: /home/karroyabreu/ar4/install/ros_gz_sim/lib/libros_gz_sim_delete_entity.so
[27.731s] -- Set non-toolchain portion of runtime path of "/home/karroyabreu/ar4/install/ros_gz_sim/lib/libros_gz_sim_delete_entity.so" to ""
[27.731s] -- Installing: /home/karroyabreu/ar4/install/ros_gz_sim/lib/ros_gz_sim/test_create
[27.732s] -- Set non-toolchain portion of runtime path of "/home/karroyabreu/ar4/install/ros_gz_sim/lib/ros_gz_sim/test_create" to ""
[27.732s] -- Installing: /home/karroyabreu/ar4/install/ros_gz_sim/lib/ros_gz_sim/test_remove
[27.733s] -- Set non-toolchain portion of runtime path of "/home/karroyabreu/ar4/install/ros_gz_sim/lib/ros_gz_sim/test_remove" to ""
[27.733s] -- Installing: /home/karroyabreu/ar4/install/ros_gz_sim/lib/ros_gz_sim/test_spawn_entity
[27.741s] -- Set non-toolchain portion of runtime path of "/home/karroyabreu/ar4/install/ros_gz_sim/lib/ros_gz_sim/test_spawn_entity" to ""
[27.741s] -- Installing: /home/karroyabreu/ar4/install/ros_gz_sim/lib/ros_gz_sim/test_set_entity_pose
[27.748s] -- Set non-toolchain portion of runtime path of "/home/karroyabreu/ar4/install/ros_gz_sim/lib/ros_gz_sim/test_set_entity_pose" to ""
[27.748s] -- Installing: /home/karroyabreu/ar4/install/ros_gz_sim/lib/ros_gz_sim/test_delete_entity
[27.760s] -- Set non-toolchain portion of runtime path of "/home/karroyabreu/ar4/install/ros_gz_sim/lib/ros_gz_sim/test_delete_entity" to ""
[27.760s] -- Installing: /home/karroyabreu/ar4/install/ros_gz_sim/lib/ros_gz_sim/test_stopwatch
[27.768s] -- Set non-toolchain portion of runtime path of "/home/karroyabreu/ar4/install/ros_gz_sim/lib/ros_gz_sim/test_stopwatch" to ""
[27.768s] -- Installing: /home/karroyabreu/ar4/install/ros_gz_sim/share/ament_index/resource_index/package_run_dependencies/ros_gz_sim
[27.769s] -- Installing: /home/karroyabreu/ar4/install/ros_gz_sim/share/ament_index/resource_index/parent_prefix_path/ros_gz_sim
[27.769s] -- Installing: /home/karroyabreu/ar4/install/ros_gz_sim/share/ros_gz_sim/environment/ament_prefix_path.sh
[27.769s] -- Installing: /home/karroyabreu/ar4/install/ros_gz_sim/share/ros_gz_sim/environment/ament_prefix_path.dsv
[27.769s] -- Installing: /home/karroyabreu/ar4/install/ros_gz_sim/share/ros_gz_sim/environment/path.sh
[27.769s] -- Installing: /home/karroyabreu/ar4/install/ros_gz_sim/share/ros_gz_sim/environment/path.dsv
[27.770s] -- Installing: /home/karroyabreu/ar4/install/ros_gz_sim/share/ros_gz_sim/local_setup.bash
[27.770s] -- Installing: /home/karroyabreu/ar4/install/ros_gz_sim/share/ros_gz_sim/local_setup.sh
[27.772s] -- Installing: /home/karroyabreu/ar4/install/ros_gz_sim/share/ros_gz_sim/local_setup.zsh
[27.772s] -- Installing: /home/karroyabreu/ar4/install/ros_gz_sim/share/ros_gz_sim/local_setup.dsv
[27.773s] -- Installing: /home/karroyabreu/ar4/install/ros_gz_sim/share/ros_gz_sim/package.dsv
[27.776s] -- Installing: /home/karroyabreu/ar4/install/ros_gz_sim/share/ament_index/resource_index/packages/ros_gz_sim
[27.776s] -- Installing: /home/karroyabreu/ar4/install/ros_gz_sim/share/ament_index/resource_index/rclcpp_components/ros_gz_sim
[27.776s] -- Installing: /home/karroyabreu/ar4/install/ros_gz_sim/share/ros_gz_sim/cmake/export_gzserver_componentExport.cmake
[27.776s] -- Installing: /home/karroyabreu/ar4/install/ros_gz_sim/share/ros_gz_sim/cmake/export_gzserver_componentExport-noconfig.cmake
[27.776s] -- Installing: /home/karroyabreu/ar4/install/ros_gz_sim/share/ros_gz_sim/cmake/ros_gz_simExport.cmake
[27.776s] -- Installing: /home/karroyabreu/ar4/install/ros_gz_sim/share/ros_gz_sim/cmake/ros_gz_simExport-noconfig.cmake
[27.776s] -- Installing: /home/karroyabreu/ar4/install/ros_gz_sim/share/ros_gz_sim/cmake/ament_cmake_export_targets-extras.cmake
[27.776s] -- Installing: /home/karroyabreu/ar4/install/ros_gz_sim/share/ros_gz_sim/cmake/ament_cmake_export_dependencies-extras.cmake
[27.777s] -- Installing: /home/karroyabreu/ar4/install/ros_gz_sim/share/ros_gz_sim/cmake/ros_gz_simConfig.cmake
[27.777s] -- Installing: /home/karroyabreu/ar4/install/ros_gz_sim/share/ros_gz_sim/cmake/ros_gz_simConfig-version.cmake
[27.777s] -- Installing: /home/karroyabreu/ar4/install/ros_gz_sim/share/ros_gz_sim/package.xml
[27.785s] Invoked command in '/home/karroyabreu/ar4/build/ros_gz_sim' returned '0': AMENT_PREFIX_PATH=/home/karroyabreu/ar4/install/ros_gz_interfaces:${AMENT_PREFIX_PATH} CMAKE_PREFIX_PATH=/home/karroyabreu/ar4/install/ros_gz_interfaces:/usr/local:/home/karroyabreu/ar4/install/annin_ar4_moveit_config:/home/karroyabreu/ar4/install/annin_ar4_gazebo:/home/karroyabreu/ar4/install/annin_ar4_driver:/home/karroyabreu/ar4/install/annin_ar4_description:/opt/ros/jazzy/opt/gz_sim_vendor:/opt/ros/jazzy/opt/gz_sensors_vendor:/opt/ros/jazzy/opt/gz_physics_vendor:/opt/ros/jazzy/opt/sdformat_vendor:/opt/ros/jazzy/opt/gz_gui_vendor:/opt/ros/jazzy/opt/gz_transport_vendor:/opt/ros/jazzy/opt/gz_rendering_vendor:/opt/ros/jazzy/opt/gz_plugin_vendor:/opt/ros/jazzy/opt/gz_fuel_tools_vendor:/opt/ros/jazzy/opt/gz_msgs_vendor:/opt/ros/jazzy/opt/gz_common_vendor:/opt/ros/jazzy/opt/gz_math_vendor:/opt/ros/jazzy/opt/gz_utils_vendor:/opt/ros/jazzy/opt/gz_tools_vendor:/opt/ros/jazzy/opt/gz_ogre_next_vendor:/opt/ros/jazzy/opt/gz_dartsim_vendor:/opt/ros/jazzy/opt/gz_cmake_vendor:/opt/ros/jazzy DEBUGINFOD_URLS=https://debuginfod.ubuntu.com LD_LIBRARY_PATH=/home/karroyabreu/ar4/install/ros_gz_interfaces/lib:${LD_LIBRARY_PATH} PYTHONPATH=/home/karroyabreu/ar4/install/ros_gz_interfaces/lib/python3.12/site-packages:${PYTHONPATH} /usr/bin/cmake --install /home/karroyabreu/ar4/build/ros_gz_sim
