In file included from [01m[K/usr/include/c++/13/memory:78[m[K,
                 from [01m[K/opt/ros/jazzy/include/rclcpp/rclcpp/rclcpp.hpp:169[m[K,
                 from [01m[K/home/karroyabreu/ar4/src/programs_cpp/src/program1.cpp:1[m[K:
/usr/include/c++/13/bits/unique_ptr.h: In instantiation of ‘[01m[Kstd::__detail::__unique_ptr_t<_Tp> std::[01;32m[Kmake_unique[m[K(_Args&& ...) [35m[K[with _Tp = moveit::planning_interface::MoveGroupInterface; _Args = {shared_ptr<rclcpp::node_interfaces::NodeBaseInterface>, const char (&)[15]}; __detail::__unique_ptr_t<_Tp> = __detail::__unique_ptr_t<moveit::planning_interface::MoveGroupInterface>][m[K[m[K’:
[01m[K/home/karroyabreu/ar4/src/programs_cpp/src/program1.cpp:11:83:[m[K   required from here
[01m[K/usr/include/c++/13/bits/unique_ptr.h:1070:30:[m[K [01;31m[Kerror: [m[Kno matching function for call to ‘[01m[Kmoveit::planning_interface::MoveGroupInterface::MoveGroupInterface(std::shared_ptr<rclcpp::node_interfaces::NodeBaseInterface>, const char [15])[m[K’
 1070 | rn unique_ptr<_Tp>([01;31m[Knew _Tp(std::forward<_Args>(__args)...)[m[K); }
      |                    [01;31m[K^~~~~~~~~~~~~~~~~~~~~~~~~~~~~~~~~~~~~~~[m[K

In file included from [01m[K/home/karroyabreu/ar4/src/programs_cpp/src/program1.cpp:3[m[K:
[01m[K/opt/ros/jazzy/include/moveit_ros_planning_interface/moveit/move_group_interface/move_group_interface.hpp:154:3:[m[K [01;36m[Knote: [m[Kcandidate: ‘[01m[Kmoveit::planning_interface::MoveGroupInterface::[01;32m[KMoveGroupInterface[m[K(moveit::planning_interface::MoveGroupInterface&&)[m[K’
  154 |   [01;36m[KMoveGroupInterface[m[K(MoveGroupInterface&& other) noexcept;
      |   [01;36m[K^~~~~~~~~~~~~~~~~~[m[K
[01m[K/opt/ros/jazzy/include/moveit_ros_planning_interface/moveit/move_group_interface/move_group_interface.hpp:154:3:[m[K [01;36m[Knote: [m[K  candidate expects 1 argument, 2 provided
[01m[K/opt/ros/jazzy/include/moveit_ros_planning_interface/moveit/move_group_interface/move_group_interface.hpp:140:3:[m[K [01;36m[Knote: [m[Kcandidate: ‘[01m[Kmoveit::planning_interface::MoveGroupInterface::[01;32m[KMoveGroupInterface[m[K(const rclcpp::Node::SharedPtr&, const std::string&, const std::shared_ptr<tf2_ros::Buffer>&, const rclcpp::Duration&)[m[K’
  140 |   [01;36m[KMoveGroupInterface[m[K(const rclcpp::Node::SharedPtr& node, const std::string& group,
      |   [01;36m[K^~~~~~~~~~~~~~~~~~[m[K
[01m[K/opt/ros/jazzy/include/moveit_ros_planning_interface/moveit/move_group_interface/move_group_interface.hpp:140:53:[m[K [01;36m[Knote: [m[K  no known conversion for argument 1 from ‘[01m[Kstd::shared_ptr<rclcpp::node_interfaces::NodeBaseInterface>[m[K’ to ‘[01m[Kconst rclcpp::Node::SharedPtr&[m[K’ {aka ‘[01m[Kconst std::shared_ptr<rclcpp::Node>&[m[K’}
  140 | [01;36m[K::Node::SharedPtr& node[m[K, const std::string& group,
      | [01;36m[K~~~~~~~~~~~~~~~~~~~^~~~[m[K

[01m[K/opt/ros/jazzy/include/moveit_ros_planning_interface/moveit/move_group_interface/move_group_interface.hpp:129:3:[m[K [01;36m[Knote: [m[Kcandidate: ‘[01m[Kmoveit::planning_interface::MoveGroupInterface::[01;32m[KMoveGroupInterface[m[K(const rclcpp::Node::SharedPtr&, const Options&, const std::shared_ptr<tf2_ros::Buffer>&, const rclcpp::Duration&)[m[K’
  129 |   [01;36m[KMoveGroupInterface[m[K(const rclcpp::Node::SharedPtr& node, const Options& opt,
      |   [01;36m[K^~~~~~~~~~~~~~~~~~[m[K
[01m[K/opt/ros/jazzy/include/moveit_ros_planning_interface/moveit/move_group_interface/move_group_interface.hpp:129:53:[m[K [01;36m[Knote: [m[K  no known conversion for argument 1 from ‘[01m[Kstd::shared_ptr<rclcpp::node_interfaces::NodeBaseInterface>[m[K’ to ‘[01m[Kconst rclcpp::Node::SharedPtr&[m[K’ {aka ‘[01m[Kconst std::shared_ptr<rclcpp::Node>&[m[K’}
  129 | [01;36m[K::Node::SharedPtr& node[m[K, const Options& opt,
      | [01;36m[K~~~~~~~~~~~~~~~~~~~^~~~[m[K

gmake[2]: *** [CMakeFiles/prog1.dir/build.make:76: CMakeFiles/prog1.dir/src/program1.cpp.o] Error 1
gmake[1]: *** [CMakeFiles/Makefile2:137: CMakeFiles/prog1.dir/all] Error 2
gmake: *** [Makefile:146: all] Error 2
