[0.007s] Invoking command in '/home/karroyabreu/ar4/build/annin_ar4_driver': CMAKE_PREFIX_PATH=/home/karroyabreu/ar4/install/annin_ar4_description:/usr/local:/home/karroyabreu/ar4/install/programs_cpp:/home/karroyabreu/ar4/install/position_tracker:/home/karroyabreu/ar4/install/annin_ar4_moveit_config:/home/karroyabreu/ar4/install/annin_ar4_gazebo:/home/karroyabreu/ar4/install/annin_ar4_driver:/home/karroyabreu/workspace/install:/opt/ros/jazzy/opt/gz_sim_vendor:/opt/ros/jazzy/opt/gz_sensors_vendor:/opt/ros/jazzy/opt/gz_physics_vendor:/opt/ros/jazzy/opt/sdformat_vendor:/opt/ros/jazzy/opt/gz_gui_vendor:/opt/ros/jazzy/opt/gz_transport_vendor:/opt/ros/jazzy/opt/gz_rendering_vendor:/opt/ros/jazzy/opt/gz_plugin_vendor:/opt/ros/jazzy/opt/gz_fuel_tools_vendor:/opt/ros/jazzy/opt/gz_msgs_vendor:/opt/ros/jazzy/opt/gz_common_vendor:/opt/ros/jazzy/opt/gz_math_vendor:/opt/ros/jazzy/opt/gz_utils_vendor:/opt/ros/jazzy/opt/gz_tools_vendor:/opt/ros/jazzy/opt/gz_ogre_next_vendor:/opt/ros/jazzy/opt/gz_dartsim_vendor:/opt/ros/jazzy/opt/gz_cmake_vendor:/home/karroyabreu/ar4/install/opencv_pkg:/home/karroyabreu/ar4/install/pose_gui:/opt/ros/jazzy DEBUGINFOD_URLS=https://debuginfod.ubuntu.com /usr/bin/cmake --build /home/karroyabreu/ar4/build/annin_ar4_driver -- -j22 -l22
[0.065s] [ 75%] Built target annin_ar4_driver
[0.092s] [100%] Built target run_arduino_nano
[0.103s] Invoked command in '/home/karroyabreu/ar4/build/annin_ar4_driver' returned '0': CMAKE_PREFIX_PATH=/home/karroyabreu/ar4/install/annin_ar4_description:/usr/local:/home/karroyabreu/ar4/install/programs_cpp:/home/karroyabreu/ar4/install/position_tracker:/home/karroyabreu/ar4/install/annin_ar4_moveit_config:/home/karroyabreu/ar4/install/annin_ar4_gazebo:/home/karroyabreu/ar4/install/annin_ar4_driver:/home/karroyabreu/workspace/install:/opt/ros/jazzy/opt/gz_sim_vendor:/opt/ros/jazzy/opt/gz_sensors_vendor:/opt/ros/jazzy/opt/gz_physics_vendor:/opt/ros/jazzy/opt/sdformat_vendor:/opt/ros/jazzy/opt/gz_gui_vendor:/opt/ros/jazzy/opt/gz_transport_vendor:/opt/ros/jazzy/opt/gz_rendering_vendor:/opt/ros/jazzy/opt/gz_plugin_vendor:/opt/ros/jazzy/opt/gz_fuel_tools_vendor:/opt/ros/jazzy/opt/gz_msgs_vendor:/opt/ros/jazzy/opt/gz_common_vendor:/opt/ros/jazzy/opt/gz_math_vendor:/opt/ros/jazzy/opt/gz_utils_vendor:/opt/ros/jazzy/opt/gz_tools_vendor:/opt/ros/jazzy/opt/gz_ogre_next_vendor:/opt/ros/jazzy/opt/gz_dartsim_vendor:/opt/ros/jazzy/opt/gz_cmake_vendor:/home/karroyabreu/ar4/install/opencv_pkg:/home/karroyabreu/ar4/install/pose_gui:/opt/ros/jazzy DEBUGINFOD_URLS=https://debuginfod.ubuntu.com /usr/bin/cmake --build /home/karroyabreu/ar4/build/annin_ar4_driver -- -j22 -l22
[0.104s] Invoking command in '/home/karroyabreu/ar4/build/annin_ar4_driver': CMAKE_PREFIX_PATH=/home/karroyabreu/ar4/install/annin_ar4_description:/usr/local:/home/karroyabreu/ar4/install/programs_cpp:/home/karroyabreu/ar4/install/position_tracker:/home/karroyabreu/ar4/install/annin_ar4_moveit_config:/home/karroyabreu/ar4/install/annin_ar4_gazebo:/home/karroyabreu/ar4/install/annin_ar4_driver:/home/karroyabreu/workspace/install:/opt/ros/jazzy/opt/gz_sim_vendor:/opt/ros/jazzy/opt/gz_sensors_vendor:/opt/ros/jazzy/opt/gz_physics_vendor:/opt/ros/jazzy/opt/sdformat_vendor:/opt/ros/jazzy/opt/gz_gui_vendor:/opt/ros/jazzy/opt/gz_transport_vendor:/opt/ros/jazzy/opt/gz_rendering_vendor:/opt/ros/jazzy/opt/gz_plugin_vendor:/opt/ros/jazzy/opt/gz_fuel_tools_vendor:/opt/ros/jazzy/opt/gz_msgs_vendor:/opt/ros/jazzy/opt/gz_common_vendor:/opt/ros/jazzy/opt/gz_math_vendor:/opt/ros/jazzy/opt/gz_utils_vendor:/opt/ros/jazzy/opt/gz_tools_vendor:/opt/ros/jazzy/opt/gz_ogre_next_vendor:/opt/ros/jazzy/opt/gz_dartsim_vendor:/opt/ros/jazzy/opt/gz_cmake_vendor:/home/karroyabreu/ar4/install/opencv_pkg:/home/karroyabreu/ar4/install/pose_gui:/opt/ros/jazzy DEBUGINFOD_URLS=https://debuginfod.ubuntu.com /usr/bin/cmake --install /home/karroyabreu/ar4/build/annin_ar4_driver
[0.109s] -- Install configuration: ""
[0.109s] -- Up-to-date: /home/karroyabreu/ar4/install/annin_ar4_driver/lib/annin_ar4_driver/run_arduino_nano
[0.109s] -- Up-to-date: /home/karroyabreu/ar4/install/annin_ar4_driver/share/annin_ar4_driver/hardware_interface_plugin.xml
[0.109s] -- Up-to-date: /home/karroyabreu/ar4/install/annin_ar4_driver/lib/libannin_ar4_driver.so
[0.109s] -- Up-to-date: /home/karroyabreu/ar4/install/annin_ar4_driver/include/annin_ar4_driver
[0.109s] -- Up-to-date: /home/karroyabreu/ar4/install/annin_ar4_driver/include/annin_ar4_driver/annin_ar4_driver
[0.109s] -- Up-to-date: /home/karroyabreu/ar4/install/annin_ar4_driver/include/annin_ar4_driver/annin_ar4_driver/teensy_driver.hpp
[0.109s] -- Up-to-date: /home/karroyabreu/ar4/install/annin_ar4_driver/include/annin_ar4_driver/annin_ar4_driver/arduino_nano_driver.hpp
[0.110s] -- Up-to-date: /home/karroyabreu/ar4/install/annin_ar4_driver/include/annin_ar4_driver/annin_ar4_driver/gripper_overcurrent_protection.hpp
[0.110s] -- Up-to-date: /home/karroyabreu/ar4/install/annin_ar4_driver/include/annin_ar4_driver/annin_ar4_driver/ar_servo_gripper_hw_interface.hpp
[0.110s] -- Up-to-date: /home/karroyabreu/ar4/install/annin_ar4_driver/include/annin_ar4_driver/annin_ar4_driver/ar_hardware_interface.hpp
[0.110s] -- Up-to-date: /home/karroyabreu/ar4/install/annin_ar4_driver/share/annin_ar4_driver/config
[0.110s] -- Up-to-date: /home/karroyabreu/ar4/install/annin_ar4_driver/share/annin_ar4_driver/config/controllers.yaml
[0.110s] -- Up-to-date: /home/karroyabreu/ar4/install/annin_ar4_driver/share/annin_ar4_driver/config/driver.yaml
[0.110s] -- Up-to-date: /home/karroyabreu/ar4/install/annin_ar4_driver/share/annin_ar4_driver/config/joint_offsets
[0.110s] -- Up-to-date: /home/karroyabreu/ar4/install/annin_ar4_driver/share/annin_ar4_driver/config/joint_offsets/mk1.yaml
[0.110s] -- Up-to-date: /home/karroyabreu/ar4/install/annin_ar4_driver/share/annin_ar4_driver/config/joint_offsets/mk2.yaml
[0.110s] -- Up-to-date: /home/karroyabreu/ar4/install/annin_ar4_driver/share/annin_ar4_driver/config/joint_offsets/mk3.yaml
[0.110s] -- Up-to-date: /home/karroyabreu/ar4/install/annin_ar4_driver/share/annin_ar4_driver/config/gripper_driver.yaml
[0.110s] -- Up-to-date: /home/karroyabreu/ar4/install/annin_ar4_driver/share/annin_ar4_driver/launch
[0.110s] -- Up-to-date: /home/karroyabreu/ar4/install/annin_ar4_driver/share/annin_ar4_driver/launch/driver.launch.py
[0.110s] -- Up-to-date: /home/karroyabreu/ar4/install/annin_ar4_driver/share/annin_ar4_driver/urdf
[0.110s] -- Up-to-date: /home/karroyabreu/ar4/install/annin_ar4_driver/share/annin_ar4_driver/urdf/ar.urdf.xacro
[0.111s] -- Up-to-date: /home/karroyabreu/ar4/install/annin_ar4_driver/lib/annin_ar4_driver/reset_estop.sh
[0.111s] -- Up-to-date: /home/karroyabreu/ar4/install/annin_ar4_driver/share/annin_ar4_driver/environment/library_path.sh
[0.111s] -- Up-to-date: /home/karroyabreu/ar4/install/annin_ar4_driver/share/annin_ar4_driver/environment/library_path.dsv
[0.111s] -- Up-to-date: /home/karroyabreu/ar4/install/annin_ar4_driver/share/ament_index/resource_index/package_run_dependencies/annin_ar4_driver
[0.111s] -- Up-to-date: /home/karroyabreu/ar4/install/annin_ar4_driver/share/ament_index/resource_index/parent_prefix_path/annin_ar4_driver
[0.111s] -- Up-to-date: /home/karroyabreu/ar4/install/annin_ar4_driver/share/annin_ar4_driver/environment/ament_prefix_path.sh
[0.111s] -- Up-to-date: /home/karroyabreu/ar4/install/annin_ar4_driver/share/annin_ar4_driver/environment/ament_prefix_path.dsv
[0.111s] -- Up-to-date: /home/karroyabreu/ar4/install/annin_ar4_driver/share/annin_ar4_driver/environment/path.sh
[0.111s] -- Up-to-date: /home/karroyabreu/ar4/install/annin_ar4_driver/share/annin_ar4_driver/environment/path.dsv
[0.111s] -- Up-to-date: /home/karroyabreu/ar4/install/annin_ar4_driver/share/annin_ar4_driver/local_setup.bash
[0.111s] -- Up-to-date: /home/karroyabreu/ar4/install/annin_ar4_driver/share/annin_ar4_driver/local_setup.sh
[0.112s] -- Up-to-date: /home/karroyabreu/ar4/install/annin_ar4_driver/share/annin_ar4_driver/local_setup.zsh
[0.112s] -- Up-to-date: /home/karroyabreu/ar4/install/annin_ar4_driver/share/annin_ar4_driver/local_setup.dsv
[0.112s] -- Installing: /home/karroyabreu/ar4/install/annin_ar4_driver/share/annin_ar4_driver/package.dsv
[0.113s] -- Up-to-date: /home/karroyabreu/ar4/install/annin_ar4_driver/share/ament_index/resource_index/packages/annin_ar4_driver
[0.113s] -- Up-to-date: /home/karroyabreu/ar4/install/annin_ar4_driver/share/ament_index/resource_index/hardware_interface__pluginlib__plugin/annin_ar4_driver
[0.113s] -- Up-to-date: /home/karroyabreu/ar4/install/annin_ar4_driver/share/annin_ar4_driver/cmake/export_annin_ar4_driverExport.cmake
[0.114s] -- Up-to-date: /home/karroyabreu/ar4/install/annin_ar4_driver/share/annin_ar4_driver/cmake/export_annin_ar4_driverExport-noconfig.cmake
[0.114s] -- Up-to-date: /home/karroyabreu/ar4/install/annin_ar4_driver/share/annin_ar4_driver/cmake/ament_cmake_export_targets-extras.cmake
[0.114s] -- Up-to-date: /home/karroyabreu/ar4/install/annin_ar4_driver/share/annin_ar4_driver/cmake/ament_cmake_export_dependencies-extras.cmake
[0.114s] -- Up-to-date: /home/karroyabreu/ar4/install/annin_ar4_driver/share/annin_ar4_driver/cmake/annin_ar4_driverConfig.cmake
[0.114s] -- Up-to-date: /home/karroyabreu/ar4/install/annin_ar4_driver/share/annin_ar4_driver/cmake/annin_ar4_driverConfig-version.cmake
[0.114s] -- Up-to-date: /home/karroyabreu/ar4/install/annin_ar4_driver/share/annin_ar4_driver/package.xml
[0.119s] Invoked command in '/home/karroyabreu/ar4/build/annin_ar4_driver' returned '0': CMAKE_PREFIX_PATH=/home/karroyabreu/ar4/install/annin_ar4_description:/usr/local:/home/karroyabreu/ar4/install/programs_cpp:/home/karroyabreu/ar4/install/position_tracker:/home/karroyabreu/ar4/install/annin_ar4_moveit_config:/home/karroyabreu/ar4/install/annin_ar4_gazebo:/home/karroyabreu/ar4/install/annin_ar4_driver:/home/karroyabreu/workspace/install:/opt/ros/jazzy/opt/gz_sim_vendor:/opt/ros/jazzy/opt/gz_sensors_vendor:/opt/ros/jazzy/opt/gz_physics_vendor:/opt/ros/jazzy/opt/sdformat_vendor:/opt/ros/jazzy/opt/gz_gui_vendor:/opt/ros/jazzy/opt/gz_transport_vendor:/opt/ros/jazzy/opt/gz_rendering_vendor:/opt/ros/jazzy/opt/gz_plugin_vendor:/opt/ros/jazzy/opt/gz_fuel_tools_vendor:/opt/ros/jazzy/opt/gz_msgs_vendor:/opt/ros/jazzy/opt/gz_common_vendor:/opt/ros/jazzy/opt/gz_math_vendor:/opt/ros/jazzy/opt/gz_utils_vendor:/opt/ros/jazzy/opt/gz_tools_vendor:/opt/ros/jazzy/opt/gz_ogre_next_vendor:/opt/ros/jazzy/opt/gz_dartsim_vendor:/opt/ros/jazzy/opt/gz_cmake_vendor:/home/karroyabreu/ar4/install/opencv_pkg:/home/karroyabreu/ar4/install/pose_gui:/opt/ros/jazzy DEBUGINFOD_URLS=https://debuginfod.ubuntu.com /usr/bin/cmake --install /home/karroyabreu/ar4/build/annin_ar4_driver
