-- Install configuration: ""
-- Installing: /home/karroyabreu/ar4/install/annin_ar4_description/share/annin_ar4_description/meshes
-- Installing: /home/karroyabreu/ar4/install/annin_ar4_description/share/annin_ar4_description/meshes/ar4
-- Installing: /home/karroyabreu/ar4/install/annin_ar4_description/share/annin_ar4_description/meshes/ar4/link_4.STL
-- Installing: /home/karroyabreu/ar4/install/annin_ar4_description/share/annin_ar4_description/meshes/ar4/link_2.STL
-- Installing: /home/karroyabreu/ar4/install/annin_ar4_description/share/annin_ar4_description/meshes/ar4/link_5.STL
-- Installing: /home/karroyabreu/ar4/install/annin_ar4_description/share/annin_ar4_description/meshes/ar4/base_link.STL
-- Installing: /home/karroyabreu/ar4/install/annin_ar4_description/share/annin_ar4_description/meshes/ar4/link_6.STL
-- Installing: /home/karroyabreu/ar4/install/annin_ar4_description/share/annin_ar4_description/meshes/ar4/link_3.STL
-- Installing: /home/karroyabreu/ar4/install/annin_ar4_description/share/annin_ar4_description/meshes/ar4/link_1.STL
-- Installing: /home/karroyabreu/ar4/install/annin_ar4_description/share/annin_ar4_description/meshes/ar4_mk3
-- Installing: /home/karroyabreu/ar4/install/annin_ar4_description/share/annin_ar4_description/meshes/ar4_mk3/link_4.STL
-- Installing: /home/karroyabreu/ar4/install/annin_ar4_description/share/annin_ar4_description/meshes/ar4_mk3/link_2.STL
-- Installing: /home/karroyabreu/ar4/install/annin_ar4_description/share/annin_ar4_description/meshes/ar4_mk3/link_5.STL
-- Installing: /home/karroyabreu/ar4/install/annin_ar4_description/share/annin_ar4_description/meshes/ar4_mk3/base_link.STL
-- Installing: /home/karroyabreu/ar4/install/annin_ar4_description/share/annin_ar4_description/meshes/ar4_mk3/link_6.STL
-- Installing: /home/karroyabreu/ar4/install/annin_ar4_description/share/annin_ar4_description/meshes/ar4_mk3/link_3.STL
-- Installing: /home/karroyabreu/ar4/install/annin_ar4_description/share/annin_ar4_description/meshes/ar4_mk3/link_1.STL
-- Installing: /home/karroyabreu/ar4/install/annin_ar4_description/share/annin_ar4_description/meshes/ar4_gripper
-- Installing: /home/karroyabreu/ar4/install/annin_ar4_description/share/annin_ar4_description/meshes/ar4_gripper/gripper_base_link.stl
-- Installing: /home/karroyabreu/ar4/install/annin_ar4_description/share/annin_ar4_description/meshes/ar4_gripper/gripper_jaw1_link.stl
-- Installing: /home/karroyabreu/ar4/install/annin_ar4_description/share/annin_ar4_description/meshes/ar4_gripper/gripper_jaw2_link.stl
-- Installing: /home/karroyabreu/ar4/install/annin_ar4_description/share/annin_ar4_description/urdf
-- Installing: /home/karroyabreu/ar4/install/annin_ar4_description/share/annin_ar4_description/urdf/ar_gripper_macro.xacro
-- Installing: /home/karroyabreu/ar4/install/annin_ar4_description/share/annin_ar4_description/urdf/ar_gripper.ros2_control.xacro
-- Installing: /home/karroyabreu/ar4/install/annin_ar4_description/share/annin_ar4_description/urdf/ar.ros2_control.xacro
-- Installing: /home/karroyabreu/ar4/install/annin_ar4_description/share/annin_ar4_description/urdf/ar_macro.xacro
-- Installing: /home/karroyabreu/ar4/install/annin_ar4_description/share/annin_ar4_description/urdf/camera.xacro
-- Installing: /home/karroyabreu/ar4/install/annin_ar4_description/share/annin_ar4_description/urdf/ar_gazebo.urdf.xacro
-- Installing: /home/karroyabreu/ar4/install/annin_ar4_description/share/annin_ar4_description/urdf/ar.urdf.xacro
-- Installing: /home/karroyabreu/ar4/install/annin_ar4_description/share/annin_ar4_description/config
-- Installing: /home/karroyabreu/ar4/install/annin_ar4_description/share/annin_ar4_description/config/mk1.yaml
-- Installing: /home/karroyabreu/ar4/install/annin_ar4_description/share/annin_ar4_description/config/mk2.yaml
-- Installing: /home/karroyabreu/ar4/install/annin_ar4_description/share/annin_ar4_description/config/mk3.yaml
-- Installing: /home/karroyabreu/ar4/install/annin_ar4_description/share/ament_index/resource_index/package_run_dependencies/annin_ar4_description
-- Installing: /home/karroyabreu/ar4/install/annin_ar4_description/share/ament_index/resource_index/parent_prefix_path/annin_ar4_description
-- Installing: /home/karroyabreu/ar4/install/annin_ar4_description/share/annin_ar4_description/environment/ament_prefix_path.sh
-- Installing: /home/karroyabreu/ar4/install/annin_ar4_description/share/annin_ar4_description/environment/ament_prefix_path.dsv
-- Installing: /home/karroyabreu/ar4/install/annin_ar4_description/share/annin_ar4_description/environment/path.sh
-- Installing: /home/karroyabreu/ar4/install/annin_ar4_description/share/annin_ar4_description/environment/path.dsv
-- Installing: /home/karroyabreu/ar4/install/annin_ar4_description/share/annin_ar4_description/local_setup.bash
-- Installing: /home/karroyabreu/ar4/install/annin_ar4_description/share/annin_ar4_description/local_setup.sh
-- Installing: /home/karroyabreu/ar4/install/annin_ar4_description/share/annin_ar4_description/local_setup.zsh
-- Installing: /home/karroyabreu/ar4/install/annin_ar4_description/share/annin_ar4_description/local_setup.dsv
-- Installing: /home/karroyabreu/ar4/install/annin_ar4_description/share/annin_ar4_description/package.dsv
-- Installing: /home/karroyabreu/ar4/install/annin_ar4_description/share/ament_index/resource_index/packages/annin_ar4_description
-- Installing: /home/karroyabreu/ar4/install/annin_ar4_description/share/annin_ar4_description/cmake/annin_ar4_descriptionConfig.cmake
-- Installing: /home/karroyabreu/ar4/install/annin_ar4_description/share/annin_ar4_description/cmake/annin_ar4_descriptionConfig-version.cmake
-- Installing: /home/karroyabreu/ar4/install/annin_ar4_description/share/annin_ar4_description/package.xml
